[1.672s] Invoking command in '/home/kiro04/Documents/robot_ws/ros2_ws/src/my_first_package': PYTHONPATH=/home/kiro04/Documents/robot_ws/ros2_ws/build/my_first_package/prefix_override:/home/kiro04/Documents/robot_ws/ros2_ws/install/my_first_package/lib/python3.10/site-packages:${PYTHONPATH} /usr/bin/python3 setup.py egg_info --egg-base ../../build/my_first_package build --build-base /home/kiro04/Documents/robot_ws/ros2_ws/build/my_first_package/build install --record /home/kiro04/Documents/robot_ws/ros2_ws/build/my_first_package/install.log --single-version-externally-managed
[2.183s] running egg_info
[2.185s] writing ../../build/my_first_package/my_first_package.egg-info/PKG-INFO
[2.185s] writing dependency_links to ../../build/my_first_package/my_first_package.egg-info/dependency_links.txt
[2.185s] writing entry points to ../../build/my_first_package/my_first_package.egg-info/entry_points.txt
[2.185s] writing requirements to ../../build/my_first_package/my_first_package.egg-info/requires.txt
[2.186s] writing top-level names to ../../build/my_first_package/my_first_package.egg-info/top_level.txt
[2.190s] reading manifest file '../../build/my_first_package/my_first_package.egg-info/SOURCES.txt'
[2.192s] writing manifest file '../../build/my_first_package/my_first_package.egg-info/SOURCES.txt'
[2.193s] running build
[2.193s] running build_py
[2.193s] copying my_first_package/dist_turtle_action_server.py -> /home/kiro04/Documents/robot_ws/ros2_ws/build/my_first_package/build/lib/my_first_package
[2.194s] running install
[2.194s] /usr/lib/python3/dist-packages/setuptools/command/install.py:34: SetuptoolsDeprecationWarning: setup.py install is deprecated. Use build and pip and other standards-based tools.
[2.194s]   warnings.warn(
[2.195s] running install_lib
[2.196s] copying /home/kiro04/Documents/robot_ws/ros2_ws/build/my_first_package/build/lib/my_first_package/dist_turtle_action_server.py -> /home/kiro04/Documents/robot_ws/ros2_ws/install/my_first_package/lib/python3.10/site-packages/my_first_package
[2.197s] byte-compiling /home/kiro04/Documents/robot_ws/ros2_ws/install/my_first_package/lib/python3.10/site-packages/my_first_package/dist_turtle_action_server.py to dist_turtle_action_server.cpython-310.pyc
[2.199s] running install_data
[2.199s] running install_egg_info
[2.202s] removing '/home/kiro04/Documents/robot_ws/ros2_ws/install/my_first_package/lib/python3.10/site-packages/my_first_package-0.0.0-py3.10.egg-info' (and everything under it)
[2.202s] Copying ../../build/my_first_package/my_first_package.egg-info to /home/kiro04/Documents/robot_ws/ros2_ws/install/my_first_package/lib/python3.10/site-packages/my_first_package-0.0.0-py3.10.egg-info
[2.203s] running install_scripts
[2.237s] Installing dist_turtle_action_server script to /home/kiro04/Documents/robot_ws/ros2_ws/install/my_first_package/lib/my_first_package
[2.237s] Installing my_first_node script to /home/kiro04/Documents/robot_ws/ros2_ws/install/my_first_package/lib/my_first_package
[2.238s] Installing my_multi_thread script to /home/kiro04/Documents/robot_ws/ros2_ws/install/my_first_package/lib/my_first_package
[2.238s] Installing my_publisher script to /home/kiro04/Documents/robot_ws/ros2_ws/install/my_first_package/lib/my_first_package
[2.238s] Installing my_service_server script to /home/kiro04/Documents/robot_ws/ros2_ws/install/my_first_package/lib/my_first_package
[2.238s] Installing my_subscriber script to /home/kiro04/Documents/robot_ws/ros2_ws/install/my_first_package/lib/my_first_package
[2.238s] Installing turtle_cmd_and_pose script to /home/kiro04/Documents/robot_ws/ros2_ws/install/my_first_package/lib/my_first_package
[2.239s] writing list of installed files to '/home/kiro04/Documents/robot_ws/ros2_ws/build/my_first_package/install.log'
[2.282s] Invoked command in '/home/kiro04/Documents/robot_ws/ros2_ws/src/my_first_package' returned '0': PYTHONPATH=/home/kiro04/Documents/robot_ws/ros2_ws/build/my_first_package/prefix_override:/home/kiro04/Documents/robot_ws/ros2_ws/install/my_first_package/lib/python3.10/site-packages:${PYTHONPATH} /usr/bin/python3 setup.py egg_info --egg-base ../../build/my_first_package build --build-base /home/kiro04/Documents/robot_ws/ros2_ws/build/my_first_package/build install --record /home/kiro04/Documents/robot_ws/ros2_ws/build/my_first_package/install.log --single-version-externally-managed
