[1.087s] Invoking command in '/home/kiro04/robot_ws/ros2_ws/build/my_first_package_msgs': CMAKE_PREFIX_PATH=/opt/ros/humble /home/kiro04/.local/bin/cmake /home/kiro04/robot_ws/ros2_ws/src/my_first_package_msgs -DCMAKE_INSTALL_PREFIX=/home/kiro04/robot_ws/ros2_ws/install/my_first_package_msgs
[1.216s] -- Found ament_cmake: 1.3.4 (/opt/ros/humble/share/ament_cmake/cmake)
[1.574s] -- Override CMake install command with custom implementation using symlinks instead of copying resources
[1.589s] -- Found rosidl_default_generators: 1.2.0 (/opt/ros/humble/share/rosidl_default_generators/cmake)
[1.592s] -- Using all available rosidl_typesupport_c: rosidl_typesupport_fastrtps_c;rosidl_typesupport_introspection_c
[1.599s] -- Found rosidl_adapter: 3.1.4 (/opt/ros/humble/share/rosidl_adapter/cmake)
[1.668s] -- Using all available rosidl_typesupport_cpp: rosidl_typesupport_fastrtps_cpp;rosidl_typesupport_introspection_cpp
[2.521s] -- Found ament_cmake_ros: 0.10.0 (/opt/ros/humble/share/ament_cmake_ros/cmake)
[3.047s] -- Using all available rosidl_typesupport_c: rosidl_typesupport_fastrtps_c;rosidl_typesupport_introspection_c
[3.650s] -- Using all available rosidl_typesupport_cpp: rosidl_typesupport_fastrtps_cpp;rosidl_typesupport_introspection_cpp
[3.652s] [33mCMake Warning (dev) at /opt/ros/humble/share/rosidl_generator_py/cmake/rosidl_generator_py_generate_interfaces.cmake:20 (find_package):
[3.652s]   Policy CMP0148 is not set: The FindPythonInterp and FindPythonLibs modules
[3.652s]   are removed.  Run "cmake --help-policy CMP0148" for policy details.  Use
[3.652s]   the cmake_policy command to set the policy and suppress this warning.
[3.652s] 
[3.653s] Call Stack (most recent call first):
[3.653s]   /opt/ros/humble/share/ament_cmake_core/cmake/core/ament_execute_extensions.cmake:48 (include)
[3.653s]   /opt/ros/humble/share/rosidl_cmake/cmake/rosidl_generate_interfaces.cmake:286 (ament_execute_extensions)
[3.653s]   CMakeLists.txt:16 (rosidl_generate_interfaces)
[3.653s] This warning is for project developers.  Use -Wno-dev to suppress it.
[3.653s] [0m
[3.672s] -- Found python_cmake_module: 0.10.0 (/opt/ros/humble/share/python_cmake_module/cmake)
[3.672s] [33mCMake Warning (dev) at /opt/ros/humble/share/python_cmake_module/cmake/Modules/FindPythonExtra.cmake:52 (find_package):
[3.672s]   Policy CMP0148 is not set: The FindPythonInterp and FindPythonLibs modules
[3.672s]   are removed.  Run "cmake --help-policy CMP0148" for policy details.  Use
[3.672s]   the cmake_policy command to set the policy and suppress this warning.
[3.673s] 
[3.673s] Call Stack (most recent call first):
[3.673s]   /opt/ros/humble/share/rosidl_generator_py/cmake/rosidl_generator_py_generate_interfaces.cmake:23 (find_package)
[3.673s]   /opt/ros/humble/share/ament_cmake_core/cmake/core/ament_execute_extensions.cmake:48 (include)
[3.673s]   /opt/ros/humble/share/rosidl_cmake/cmake/rosidl_generate_interfaces.cmake:286 (ament_execute_extensions)
[3.673s]   CMakeLists.txt:16 (rosidl_generate_interfaces)
[3.673s] This warning is for project developers.  Use -Wno-dev to suppress it.
[3.673s] [0m
[3.693s] [33mCMake Warning (dev) at /opt/ros/humble/share/python_cmake_module/cmake/Modules/FindPythonExtra.cmake:140 (find_package):
[3.693s]   Policy CMP0148 is not set: The FindPythonInterp and FindPythonLibs modules
[3.693s]   are removed.  Run "cmake --help-policy CMP0148" for policy details.  Use
[3.693s]   the cmake_policy command to set the policy and suppress this warning.
[3.693s] 
[3.693s] Call Stack (most recent call first):
[3.693s]   /opt/ros/humble/share/rosidl_generator_py/cmake/rosidl_generator_py_generate_interfaces.cmake:23 (find_package)
[3.694s]   /opt/ros/humble/share/ament_cmake_core/cmake/core/ament_execute_extensions.cmake:48 (include)
[3.694s]   /opt/ros/humble/share/rosidl_cmake/cmake/rosidl_generate_interfaces.cmake:286 (ament_execute_extensions)
[3.694s]   CMakeLists.txt:16 (rosidl_generate_interfaces)
[3.694s] This warning is for project developers.  Use -Wno-dev to suppress it.
[3.694s] [0m
[3.696s] -- Using PYTHON_EXECUTABLE: /usr/bin/python3
[3.696s] -- Using PYTHON_INCLUDE_DIRS: /usr/include/python3.10
[3.696s] -- Using PYTHON_LIBRARIES: /usr/lib/x86_64-linux-gnu/libpython3.10.so
[3.722s] -- Found ament_lint_auto: 0.12.6 (/opt/ros/humble/share/ament_lint_auto/cmake)
[3.736s] -- Added test 'flake8' to check Python code syntax and style conventions
[3.737s] -- Added test 'lint_cmake' to check CMake code style
[3.738s] -- Added test 'pep257' to check Python code against some of the docstring style conventions in PEP 257
[3.739s] -- Added test 'xmllint' to check XML markup files
[3.744s] -- Configuring done (2.5s)
[3.798s] -- Generating done (0.0s)
[3.803s] -- Build files have been written to: /home/kiro04/robot_ws/ros2_ws/build/my_first_package_msgs
