[0.067s] Invoking command in '/home/kiro04/robot_ws/ros2_ws/build/bboxes_ex_msgs': CMAKE_PREFIX_PATH=${CMAKE_PREFIX_PATH}:/home/kiro04/robot_ws/ros2_ws/install/my_first_package:/home/kiro04/robot_ws/ros2_ws/install/arduino_tutorial:/opt/ros/humble /home/kiro04/.local/bin/cmake --build /home/kiro04/robot_ws/ros2_ws/build/bboxes_ex_msgs -- -j8 -l8
[1.719s] [  2%] [34m[1mGenerating C code for ROS interfaces[0m
[1.720s] [  5%] [34m[1mGenerating C++ code for ROS interfaces[0m
[1.720s] [  5%] Built target ament_cmake_python_copy_bboxes_ex_msgs
[1.720s] [ 10%] [32mBuilding C object CMakeFiles/bboxes_ex_msgs__rosidl_generator_c.dir/rosidl_generator_c/bboxes_ex_msgs/msg/detail/bounding_box__functions.c.o[0m
[1.720s] [ 10%] [32mBuilding C object CMakeFiles/bboxes_ex_msgs__rosidl_generator_c.dir/rosidl_generator_c/bboxes_ex_msgs/msg/detail/bounding_boxes__functions.c.o[0m
[1.720s] [ 12%] [32m[1mLinking C shared library libbboxes_ex_msgs__rosidl_generator_c.so[0m
[1.720s] [ 12%] Built target bboxes_ex_msgs__cpp
[1.721s] [ 17%] [34m[1mGenerating C++ type support for eProsima Fast-RTPS[0m
[1.721s] [ 17%] [34m[1mGenerating C++ type support dispatch for ROS interfaces[0m
[1.721s] [ 20%] [34m[1mGenerating C++ introspection for ROS interfaces[0m
[1.721s] running egg_info
[1.721s] creating bboxes_ex_msgs.egg-info
[1.722s] writing bboxes_ex_msgs.egg-info/PKG-INFO
[1.722s] writing dependency_links to bboxes_ex_msgs.egg-info/dependency_links.txt
[1.722s] writing top-level names to bboxes_ex_msgs.egg-info/top_level.txt
[1.722s] writing manifest file 'bboxes_ex_msgs.egg-info/SOURCES.txt'
[1.722s] reading manifest file 'bboxes_ex_msgs.egg-info/SOURCES.txt'
[1.723s] writing manifest file 'bboxes_ex_msgs.egg-info/SOURCES.txt'
[1.723s] [ 20%] Built target bboxes_ex_msgs__rosidl_generator_c
[1.723s] [ 23%] [34m[1mGenerating C type support dispatch for ROS interfaces[0m
[1.723s] [ 25%] [34m[1mGenerating C type support for eProsima Fast-RTPS[0m
[1.723s] [ 28%] [34m[1mGenerating C introspection for ROS interfaces[0m
[1.723s] [ 28%] Built target ament_cmake_python_build_bboxes_ex_msgs_egg
[1.724s] [ 30%] [32mBuilding CXX object CMakeFiles/bboxes_ex_msgs__rosidl_typesupport_cpp.dir/rosidl_typesupport_cpp/bboxes_ex_msgs/msg/bounding_box__type_support.cpp.o[0m
[1.724s] [ 33%] [32mBuilding CXX object CMakeFiles/bboxes_ex_msgs__rosidl_typesupport_cpp.dir/rosidl_typesupport_cpp/bboxes_ex_msgs/msg/bounding_boxes__type_support.cpp.o[0m
[1.830s] [ 35%] [32mBuilding CXX object CMakeFiles/bboxes_ex_msgs__rosidl_typesupport_c.dir/rosidl_typesupport_c/bboxes_ex_msgs/msg/bounding_boxes__type_support.cpp.o[0m
[1.841s] [ 38%] [32mBuilding CXX object CMakeFiles/bboxes_ex_msgs__rosidl_typesupport_c.dir/rosidl_typesupport_c/bboxes_ex_msgs/msg/bounding_box__type_support.cpp.o[0m
[1.857s] [ 41%] [32mBuilding CXX object CMakeFiles/bboxes_ex_msgs__rosidl_typesupport_introspection_cpp.dir/rosidl_typesupport_introspection_cpp/bboxes_ex_msgs/msg/detail/bounding_box__type_support.cpp.o[0m
[1.903s] [ 43%] [32mBuilding CXX object CMakeFiles/bboxes_ex_msgs__rosidl_typesupport_introspection_cpp.dir/rosidl_typesupport_introspection_cpp/bboxes_ex_msgs/msg/detail/bounding_boxes__type_support.cpp.o[0m
[1.907s] [ 46%] [32mBuilding C object CMakeFiles/bboxes_ex_msgs__rosidl_typesupport_introspection_c.dir/rosidl_typesupport_introspection_c/bboxes_ex_msgs/msg/detail/bounding_box__type_support.c.o[0m
[1.911s] [ 48%] [32mBuilding CXX object CMakeFiles/bboxes_ex_msgs__rosidl_typesupport_fastrtps_cpp.dir/rosidl_typesupport_fastrtps_cpp/bboxes_ex_msgs/msg/detail/dds_fastrtps/bounding_box__type_support.cpp.o[0m
[1.963s] [ 51%] [32m[1mLinking CXX shared library libbboxes_ex_msgs__rosidl_typesupport_c.so[0m
[2.071s] [ 53%] [32mBuilding C object CMakeFiles/bboxes_ex_msgs__rosidl_typesupport_introspection_c.dir/rosidl_typesupport_introspection_c/bboxes_ex_msgs/msg/detail/bounding_boxes__type_support.c.o[0m
[2.140s] [ 56%] [32mBuilding CXX object CMakeFiles/bboxes_ex_msgs__rosidl_typesupport_fastrtps_c.dir/rosidl_typesupport_fastrtps_c/bboxes_ex_msgs/msg/detail/bounding_box__type_support_c.cpp.o[0m
[2.173s] [ 56%] Built target bboxes_ex_msgs__rosidl_typesupport_c
[2.209s] [ 58%] [32mBuilding CXX object CMakeFiles/bboxes_ex_msgs__rosidl_typesupport_fastrtps_c.dir/rosidl_typesupport_fastrtps_c/bboxes_ex_msgs/msg/detail/bounding_boxes__type_support_c.cpp.o[0m
[2.231s] [ 61%] [32m[1mLinking C shared library libbboxes_ex_msgs__rosidl_typesupport_introspection_c.so[0m
[2.423s] [ 61%] Built target bboxes_ex_msgs__rosidl_typesupport_introspection_c
[2.463s] [ 64%] [32mBuilding CXX object CMakeFiles/bboxes_ex_msgs__rosidl_typesupport_fastrtps_cpp.dir/rosidl_typesupport_fastrtps_cpp/bboxes_ex_msgs/msg/detail/dds_fastrtps/bounding_boxes__type_support.cpp.o[0m
[2.837s] [ 66%] [32m[1mLinking CXX shared library libbboxes_ex_msgs__rosidl_typesupport_cpp.so[0m
[2.961s] [ 66%] Built target bboxes_ex_msgs__rosidl_typesupport_cpp
[3.209s] [ 69%] [32m[1mLinking CXX shared library libbboxes_ex_msgs__rosidl_typesupport_introspection_cpp.so[0m
[3.309s] [ 71%] [32m[1mLinking CXX shared library libbboxes_ex_msgs__rosidl_typesupport_fastrtps_c.so[0m
[3.355s] [ 71%] Built target bboxes_ex_msgs__rosidl_typesupport_introspection_cpp
[3.443s] [ 71%] Built target bboxes_ex_msgs__rosidl_typesupport_fastrtps_c
[3.494s] [ 74%] [32m[1mLinking CXX shared library libbboxes_ex_msgs__rosidl_typesupport_fastrtps_cpp.so[0m
[3.563s] [ 74%] Built target bboxes_ex_msgs__rosidl_typesupport_fastrtps_cpp
[3.572s] [ 74%] Built target bboxes_ex_msgs
[3.580s] [ 76%] [34m[1mGenerating Python code for ROS interfaces[0m
[3.961s] [ 76%] Built target bboxes_ex_msgs__py
[3.969s] [ 79%] [32mBuilding C object CMakeFiles/bboxes_ex_msgs__rosidl_generator_py.dir/rosidl_generator_py/bboxes_ex_msgs/msg/_bounding_box_s.c.o[0m
[3.969s] [ 82%] [32mBuilding C object CMakeFiles/bboxes_ex_msgs__rosidl_generator_py.dir/rosidl_generator_py/bboxes_ex_msgs/msg/_bounding_boxes_s.c.o[0m
[4.091s] [ 84%] [32m[1mLinking C shared library rosidl_generator_py/bboxes_ex_msgs/libbboxes_ex_msgs__rosidl_generator_py.so[0m
[4.116s] [ 84%] Built target bboxes_ex_msgs__rosidl_generator_py
[4.128s] [ 92%] [32mBuilding C object CMakeFiles/bboxes_ex_msgs__rosidl_typesupport_introspection_c__pyext.dir/rosidl_generator_py/bboxes_ex_msgs/_bboxes_ex_msgs_s.ep.rosidl_typesupport_introspection_c.c.o[0m
[4.128s] [ 92%] [32mBuilding C object CMakeFiles/bboxes_ex_msgs__rosidl_typesupport_fastrtps_c__pyext.dir/rosidl_generator_py/bboxes_ex_msgs/_bboxes_ex_msgs_s.ep.rosidl_typesupport_fastrtps_c.c.o[0m
[4.128s] [ 92%] [32mBuilding C object CMakeFiles/bboxes_ex_msgs__rosidl_typesupport_c__pyext.dir/rosidl_generator_py/bboxes_ex_msgs/_bboxes_ex_msgs_s.ep.rosidl_typesupport_c.c.o[0m
[4.268s] [ 94%] [32m[1mLinking C shared library rosidl_generator_py/bboxes_ex_msgs/bboxes_ex_msgs_s__rosidl_typesupport_fastrtps_c.cpython-310-x86_64-linux-gnu.so[0m
[4.268s] [ 97%] [32m[1mLinking C shared library rosidl_generator_py/bboxes_ex_msgs/bboxes_ex_msgs_s__rosidl_typesupport_introspection_c.cpython-310-x86_64-linux-gnu.so[0m
[4.269s] [100%] [32m[1mLinking C shared library rosidl_generator_py/bboxes_ex_msgs/bboxes_ex_msgs_s__rosidl_typesupport_c.cpython-310-x86_64-linux-gnu.so[0m
[4.305s] [100%] Built target bboxes_ex_msgs__rosidl_typesupport_introspection_c__pyext
[4.305s] [100%] Built target bboxes_ex_msgs__rosidl_typesupport_c__pyext
[4.306s] [100%] Built target bboxes_ex_msgs__rosidl_typesupport_fastrtps_c__pyext
