running egg_info
creating ../../build/my_first_package/my_first_package.egg-info
writing ../../build/my_first_package/my_first_package.egg-info/PKG-INFO
writing dependency_links to ../../build/my_first_package/my_first_package.egg-info/dependency_links.txt
writing entry points to ../../build/my_first_package/my_first_package.egg-info/entry_points.txt
writing requirements to ../../build/my_first_package/my_first_package.egg-info/requires.txt
writing top-level names to ../../build/my_first_package/my_first_package.egg-info/top_level.txt
writing manifest file '../../build/my_first_package/my_first_package.egg-info/SOURCES.txt'
reading manifest file '../../build/my_first_package/my_first_package.egg-info/SOURCES.txt'
writing manifest file '../../build/my_first_package/my_first_package.egg-info/SOURCES.txt'
running build
running build_py
creating /home/kiro04/robot_ws/ros2_ws/build/my_first_package/build
creating /home/kiro04/robot_ws/ros2_ws/build/my_first_package/build/lib
creating /home/kiro04/robot_ws/ros2_ws/build/my_first_package/build/lib/my_first_package
copying my_first_package/__init__.py -> /home/kiro04/robot_ws/ros2_ws/build/my_first_package/build/lib/my_first_package
copying my_first_package/my_first_node.py -> /home/kiro04/robot_ws/ros2_ws/build/my_first_package/build/lib/my_first_package
copying my_first_package/dist_turtle_action_server.py -> /home/kiro04/robot_ws/ros2_ws/build/my_first_package/build/lib/my_first_package
copying my_first_package/turtle_cmd_and_pose.py -> /home/kiro04/robot_ws/ros2_ws/build/my_first_package/build/lib/my_first_package
copying my_first_package/my_multi_thread.py -> /home/kiro04/robot_ws/ros2_ws/build/my_first_package/build/lib/my_first_package
copying my_first_package/my_service_server.py -> /home/kiro04/robot_ws/ros2_ws/build/my_first_package/build/lib/my_first_package
copying my_first_package/my_publisher.py -> /home/kiro04/robot_ws/ros2_ws/build/my_first_package/build/lib/my_first_package
copying my_first_package/my_subscriber.py -> /home/kiro04/robot_ws/ros2_ws/build/my_first_package/build/lib/my_first_package
running install
running install_lib
creating /home/kiro04/robot_ws/ros2_ws/install/my_first_package/lib/python3.10/site-packages/my_first_package
copying /home/kiro04/robot_ws/ros2_ws/build/my_first_package/build/lib/my_first_package/__init__.py -> /home/kiro04/robot_ws/ros2_ws/install/my_first_package/lib/python3.10/site-packages/my_first_package
copying /home/kiro04/robot_ws/ros2_ws/build/my_first_package/build/lib/my_first_package/my_first_node.py -> /home/kiro04/robot_ws/ros2_ws/install/my_first_package/lib/python3.10/site-packages/my_first_package
copying /home/kiro04/robot_ws/ros2_ws/build/my_first_package/build/lib/my_first_package/dist_turtle_action_server.py -> /home/kiro04/robot_ws/ros2_ws/install/my_first_package/lib/python3.10/site-packages/my_first_package
copying /home/kiro04/robot_ws/ros2_ws/build/my_first_package/build/lib/my_first_package/turtle_cmd_and_pose.py -> /home/kiro04/robot_ws/ros2_ws/install/my_first_package/lib/python3.10/site-packages/my_first_package
copying /home/kiro04/robot_ws/ros2_ws/build/my_first_package/build/lib/my_first_package/my_multi_thread.py -> /home/kiro04/robot_ws/ros2_ws/install/my_first_package/lib/python3.10/site-packages/my_first_package
copying /home/kiro04/robot_ws/ros2_ws/build/my_first_package/build/lib/my_first_package/my_service_server.py -> /home/kiro04/robot_ws/ros2_ws/install/my_first_package/lib/python3.10/site-packages/my_first_package
copying /home/kiro04/robot_ws/ros2_ws/build/my_first_package/build/lib/my_first_package/my_publisher.py -> /home/kiro04/robot_ws/ros2_ws/install/my_first_package/lib/python3.10/site-packages/my_first_package
copying /home/kiro04/robot_ws/ros2_ws/build/my_first_package/build/lib/my_first_package/my_subscriber.py -> /home/kiro04/robot_ws/ros2_ws/install/my_first_package/lib/python3.10/site-packages/my_first_package
byte-compiling /home/kiro04/robot_ws/ros2_ws/install/my_first_package/lib/python3.10/site-packages/my_first_package/__init__.py to __init__.cpython-310.pyc
byte-compiling /home/kiro04/robot_ws/ros2_ws/install/my_first_package/lib/python3.10/site-packages/my_first_package/my_first_node.py to my_first_node.cpython-310.pyc
byte-compiling /home/kiro04/robot_ws/ros2_ws/install/my_first_package/lib/python3.10/site-packages/my_first_package/dist_turtle_action_server.py to dist_turtle_action_server.cpython-310.pyc
byte-compiling /home/kiro04/robot_ws/ros2_ws/install/my_first_package/lib/python3.10/site-packages/my_first_package/turtle_cmd_and_pose.py to turtle_cmd_and_pose.cpython-310.pyc
byte-compiling /home/kiro04/robot_ws/ros2_ws/install/my_first_package/lib/python3.10/site-packages/my_first_package/my_multi_thread.py to my_multi_thread.cpython-310.pyc
byte-compiling /home/kiro04/robot_ws/ros2_ws/install/my_first_package/lib/python3.10/site-packages/my_first_package/my_service_server.py to my_service_server.cpython-310.pyc
byte-compiling /home/kiro04/robot_ws/ros2_ws/install/my_first_package/lib/python3.10/site-packages/my_first_package/my_publisher.py to my_publisher.cpython-310.pyc
byte-compiling /home/kiro04/robot_ws/ros2_ws/install/my_first_package/lib/python3.10/site-packages/my_first_package/my_subscriber.py to my_subscriber.cpython-310.pyc
running install_data
creating /home/kiro04/robot_ws/ros2_ws/install/my_first_package/share/ament_index
creating /home/kiro04/robot_ws/ros2_ws/install/my_first_package/share/ament_index/resource_index
creating /home/kiro04/robot_ws/ros2_ws/install/my_first_package/share/ament_index/resource_index/packages
copying resource/my_first_package -> /home/kiro04/robot_ws/ros2_ws/install/my_first_package/share/ament_index/resource_index/packages
copying package.xml -> /home/kiro04/robot_ws/ros2_ws/install/my_first_package/share/my_first_package
creating /home/kiro04/robot_ws/ros2_ws/install/my_first_package/share/my_first_package/launch
copying launch/turtlesim_and_teleop.launch.py -> /home/kiro04/robot_ws/ros2_ws/install/my_first_package/share/my_first_package/launch
running install_egg_info
Copying ../../build/my_first_package/my_first_package.egg-info to /home/kiro04/robot_ws/ros2_ws/install/my_first_package/lib/python3.10/site-packages/my_first_package-0.0.0-py3.10.egg-info
running install_scripts
Installing dist_turtle_action_server script to /home/kiro04/robot_ws/ros2_ws/install/my_first_package/lib/my_first_package
Installing my_first_node script to /home/kiro04/robot_ws/ros2_ws/install/my_first_package/lib/my_first_package
Installing my_multi_thread script to /home/kiro04/robot_ws/ros2_ws/install/my_first_package/lib/my_first_package
Installing my_publisher script to /home/kiro04/robot_ws/ros2_ws/install/my_first_package/lib/my_first_package
Installing my_service_server script to /home/kiro04/robot_ws/ros2_ws/install/my_first_package/lib/my_first_package
Installing my_subscriber script to /home/kiro04/robot_ws/ros2_ws/install/my_first_package/lib/my_first_package
Installing turtle_cmd_and_pose script to /home/kiro04/robot_ws/ros2_ws/install/my_first_package/lib/my_first_package
writing list of installed files to '/home/kiro04/robot_ws/ros2_ws/build/my_first_package/install.log'
