[0.368s] DEBUG:colcon:Command line arguments: ['/usr/bin/colcon', 'build']
[0.368s] DEBUG:colcon:Parsed command line arguments: Namespace(log_base=None, log_level=None, verb_name='build', build_base='build', install_base='install', merge_install=False, symlink_install=False, test_result_base=None, continue_on_error=False, executor='parallel', parallel_workers=8, event_handlers=None, ignore_user_meta=False, metas=['./colcon.meta'], base_paths=['.'], packages_ignore=None, packages_ignore_regex=None, paths=None, packages_up_to=None, packages_up_to_regex=None, packages_above=None, packages_above_and_dependencies=None, packages_above_depth=None, packages_select_by_dep=None, packages_skip_by_dep=None, packages_skip_up_to=None, packages_select_build_failed=False, packages_skip_build_finished=False, packages_select_test_failures=False, packages_skip_test_passed=False, packages_select=None, packages_skip=None, packages_select_regex=None, packages_skip_regex=None, packages_start=None, packages_end=None, allow_overriding=[], cmake_args=None, cmake_target=None, cmake_target_skip_unavailable=False, cmake_clean_cache=False, cmake_clean_first=False, cmake_force_configure=False, ament_cmake_args=None, catkin_cmake_args=None, catkin_skip_building_tests=False, verb_parser=<colcon_defaults.argument_parser.defaults.DefaultArgumentsDecorator object at 0x7ff5367f1000>, verb_extension=<colcon_core.verb.build.BuildVerb object at 0x7ff536955030>, main=<bound method BuildVerb.main of <colcon_core.verb.build.BuildVerb object at 0x7ff536955030>>)
[0.400s] Level 1:colcon.colcon_core.package_discovery:discover_packages(colcon_meta) check parameters
[0.400s] Level 1:colcon.colcon_core.package_discovery:discover_packages(recursive) check parameters
[0.401s] Level 1:colcon.colcon_core.package_discovery:discover_packages(ignore) check parameters
[0.401s] Level 1:colcon.colcon_core.package_discovery:discover_packages(path) check parameters
[0.401s] Level 1:colcon.colcon_core.package_discovery:discover_packages(colcon_meta) discover
[0.401s] Level 1:colcon.colcon_core.package_discovery:discover_packages(recursive) discover
[0.401s] INFO:colcon.colcon_core.package_discovery:Crawling recursively for packages in '/home/kiro04/Documents/robot_ws/ros2_ws'
[0.401s] Level 1:colcon.colcon_core.package_identification:_identify(.) by extensions ['ignore', 'ignore_ament_install']
[0.401s] Level 1:colcon.colcon_core.package_identification:_identify(.) by extension 'ignore'
[0.401s] Level 1:colcon.colcon_core.package_identification:_identify(.) by extension 'ignore_ament_install'
[0.401s] Level 1:colcon.colcon_core.package_identification:_identify(.) by extensions ['colcon_pkg']
[0.402s] Level 1:colcon.colcon_core.package_identification:_identify(.) by extension 'colcon_pkg'
[0.402s] Level 1:colcon.colcon_core.package_identification:_identify(.) by extensions ['colcon_meta']
[0.402s] Level 1:colcon.colcon_core.package_identification:_identify(.) by extension 'colcon_meta'
[0.402s] Level 1:colcon.colcon_core.package_identification:_identify(.) by extensions ['ros']
[0.402s] Level 1:colcon.colcon_core.package_identification:_identify(.) by extension 'ros'
[0.420s] Level 1:colcon.colcon_core.package_identification:_identify(.) by extensions ['cmake', 'python']
[0.420s] Level 1:colcon.colcon_core.package_identification:_identify(.) by extension 'cmake'
[0.420s] Level 1:colcon.colcon_core.package_identification:_identify(.) by extension 'python'
[0.421s] Level 1:colcon.colcon_core.package_identification:_identify(.) by extensions ['python_setup_py']
[0.421s] Level 1:colcon.colcon_core.package_identification:_identify(.) by extension 'python_setup_py'
[0.421s] Level 1:colcon.colcon_core.package_identification:_identify(build) by extensions ['ignore', 'ignore_ament_install']
[0.421s] Level 1:colcon.colcon_core.package_identification:_identify(build) by extension 'ignore'
[0.421s] Level 1:colcon.colcon_core.package_identification:_identify(build) ignored
[0.421s] Level 1:colcon.colcon_core.package_identification:_identify(install) by extensions ['ignore', 'ignore_ament_install']
[0.421s] Level 1:colcon.colcon_core.package_identification:_identify(install) by extension 'ignore'
[0.421s] Level 1:colcon.colcon_core.package_identification:_identify(install) ignored
[0.421s] Level 1:colcon.colcon_core.package_identification:_identify(log) by extensions ['ignore', 'ignore_ament_install']
[0.422s] Level 1:colcon.colcon_core.package_identification:_identify(log) by extension 'ignore'
[0.422s] Level 1:colcon.colcon_core.package_identification:_identify(log) ignored
[0.422s] Level 1:colcon.colcon_core.package_identification:_identify(src) by extensions ['ignore', 'ignore_ament_install']
[0.422s] Level 1:colcon.colcon_core.package_identification:_identify(src) by extension 'ignore'
[0.422s] Level 1:colcon.colcon_core.package_identification:_identify(src) by extension 'ignore_ament_install'
[0.422s] Level 1:colcon.colcon_core.package_identification:_identify(src) by extensions ['colcon_pkg']
[0.422s] Level 1:colcon.colcon_core.package_identification:_identify(src) by extension 'colcon_pkg'
[0.422s] Level 1:colcon.colcon_core.package_identification:_identify(src) by extensions ['colcon_meta']
[0.422s] Level 1:colcon.colcon_core.package_identification:_identify(src) by extension 'colcon_meta'
[0.422s] Level 1:colcon.colcon_core.package_identification:_identify(src) by extensions ['ros']
[0.422s] Level 1:colcon.colcon_core.package_identification:_identify(src) by extension 'ros'
[0.422s] Level 1:colcon.colcon_core.package_identification:_identify(src) by extensions ['cmake', 'python']
[0.422s] Level 1:colcon.colcon_core.package_identification:_identify(src) by extension 'cmake'
[0.422s] Level 1:colcon.colcon_core.package_identification:_identify(src) by extension 'python'
[0.422s] Level 1:colcon.colcon_core.package_identification:_identify(src) by extensions ['python_setup_py']
[0.422s] Level 1:colcon.colcon_core.package_identification:_identify(src) by extension 'python_setup_py'
[0.423s] Level 1:colcon.colcon_core.package_identification:_identify(src/arduino_tutorial) by extensions ['ignore', 'ignore_ament_install']
[0.423s] Level 1:colcon.colcon_core.package_identification:_identify(src/arduino_tutorial) by extension 'ignore'
[0.423s] Level 1:colcon.colcon_core.package_identification:_identify(src/arduino_tutorial) by extension 'ignore_ament_install'
[0.423s] Level 1:colcon.colcon_core.package_identification:_identify(src/arduino_tutorial) by extensions ['colcon_pkg']
[0.423s] Level 1:colcon.colcon_core.package_identification:_identify(src/arduino_tutorial) by extension 'colcon_pkg'
[0.423s] Level 1:colcon.colcon_core.package_identification:_identify(src/arduino_tutorial) by extensions ['colcon_meta']
[0.423s] Level 1:colcon.colcon_core.package_identification:_identify(src/arduino_tutorial) by extension 'colcon_meta'
[0.423s] Level 1:colcon.colcon_core.package_identification:_identify(src/arduino_tutorial) by extensions ['ros']
[0.423s] Level 1:colcon.colcon_core.package_identification:_identify(src/arduino_tutorial) by extension 'ros'
[0.426s] DEBUG:colcon.colcon_core.package_identification:Package 'src/arduino_tutorial' with type 'ros.ament_python' and name 'arduino_tutorial'
[0.426s] Level 1:colcon.colcon_core.package_identification:_identify(src/my_first_package) by extensions ['ignore', 'ignore_ament_install']
[0.426s] Level 1:colcon.colcon_core.package_identification:_identify(src/my_first_package) by extension 'ignore'
[0.426s] Level 1:colcon.colcon_core.package_identification:_identify(src/my_first_package) by extension 'ignore_ament_install'
[0.426s] Level 1:colcon.colcon_core.package_identification:_identify(src/my_first_package) by extensions ['colcon_pkg']
[0.426s] Level 1:colcon.colcon_core.package_identification:_identify(src/my_first_package) by extension 'colcon_pkg'
[0.426s] Level 1:colcon.colcon_core.package_identification:_identify(src/my_first_package) by extensions ['colcon_meta']
[0.426s] Level 1:colcon.colcon_core.package_identification:_identify(src/my_first_package) by extension 'colcon_meta'
[0.426s] Level 1:colcon.colcon_core.package_identification:_identify(src/my_first_package) by extensions ['ros']
[0.426s] Level 1:colcon.colcon_core.package_identification:_identify(src/my_first_package) by extension 'ros'
[0.427s] DEBUG:colcon.colcon_core.package_identification:Package 'src/my_first_package' with type 'ros.ament_python' and name 'my_first_package'
[0.427s] Level 1:colcon.colcon_core.package_identification:_identify(src/my_first_package_msgs) by extensions ['ignore', 'ignore_ament_install']
[0.427s] Level 1:colcon.colcon_core.package_identification:_identify(src/my_first_package_msgs) by extension 'ignore'
[0.427s] Level 1:colcon.colcon_core.package_identification:_identify(src/my_first_package_msgs) by extension 'ignore_ament_install'
[0.427s] Level 1:colcon.colcon_core.package_identification:_identify(src/my_first_package_msgs) by extensions ['colcon_pkg']
[0.427s] Level 1:colcon.colcon_core.package_identification:_identify(src/my_first_package_msgs) by extension 'colcon_pkg'
[0.427s] Level 1:colcon.colcon_core.package_identification:_identify(src/my_first_package_msgs) by extensions ['colcon_meta']
[0.428s] Level 1:colcon.colcon_core.package_identification:_identify(src/my_first_package_msgs) by extension 'colcon_meta'
[0.428s] Level 1:colcon.colcon_core.package_identification:_identify(src/my_first_package_msgs) by extensions ['ros']
[0.428s] Level 1:colcon.colcon_core.package_identification:_identify(src/my_first_package_msgs) by extension 'ros'
[0.428s] DEBUG:colcon.colcon_core.package_identification:Package 'src/my_first_package_msgs' with type 'ros.ament_cmake' and name 'my_first_package_msgs'
[0.428s] Level 1:colcon.colcon_core.package_discovery:discover_packages(recursive) using defaults
[0.428s] Level 1:colcon.colcon_core.package_discovery:discover_packages(ignore) discover
[0.428s] Level 1:colcon.colcon_core.package_discovery:discover_packages(ignore) using defaults
[0.428s] Level 1:colcon.colcon_core.package_discovery:discover_packages(path) discover
[0.429s] Level 1:colcon.colcon_core.package_discovery:discover_packages(path) using defaults
[0.460s] Level 1:colcon.colcon_core.package_discovery:discover_packages(prefix_path) check parameters
[0.460s] Level 1:colcon.colcon_core.package_discovery:discover_packages(prefix_path) discover
[0.463s] DEBUG:colcon.colcon_installed_package_information.package_discovery:Found 4 installed packages in /home/kiro04/Documents/robot_ws/ros2_ws/install
[0.465s] DEBUG:colcon.colcon_installed_package_information.package_discovery:Found 270 installed packages in /opt/ros/humble
[0.467s] Level 1:colcon.colcon_core.package_discovery:discover_packages(prefix_path) using defaults
[0.527s] Level 5:colcon.colcon_core.verb:set package 'arduino_tutorial' build argument 'cmake_args' from command line to 'None'
[0.527s] Level 5:colcon.colcon_core.verb:set package 'arduino_tutorial' build argument 'cmake_target' from command line to 'None'
[0.527s] Level 5:colcon.colcon_core.verb:set package 'arduino_tutorial' build argument 'cmake_target_skip_unavailable' from command line to 'False'
[0.527s] Level 5:colcon.colcon_core.verb:set package 'arduino_tutorial' build argument 'cmake_clean_cache' from command line to 'False'
[0.527s] Level 5:colcon.colcon_core.verb:set package 'arduino_tutorial' build argument 'cmake_clean_first' from command line to 'False'
[0.527s] Level 5:colcon.colcon_core.verb:set package 'arduino_tutorial' build argument 'cmake_force_configure' from command line to 'False'
[0.527s] Level 5:colcon.colcon_core.verb:set package 'arduino_tutorial' build argument 'ament_cmake_args' from command line to 'None'
[0.527s] Level 5:colcon.colcon_core.verb:set package 'arduino_tutorial' build argument 'catkin_cmake_args' from command line to 'None'
[0.527s] Level 5:colcon.colcon_core.verb:set package 'arduino_tutorial' build argument 'catkin_skip_building_tests' from command line to 'False'
[0.527s] DEBUG:colcon.colcon_core.verb:Building package 'arduino_tutorial' with the following arguments: {'ament_cmake_args': None, 'build_base': '/home/kiro04/Documents/robot_ws/ros2_ws/build/arduino_tutorial', 'catkin_cmake_args': None, 'catkin_skip_building_tests': False, 'cmake_args': None, 'cmake_clean_cache': False, 'cmake_clean_first': False, 'cmake_force_configure': False, 'cmake_target': None, 'cmake_target_skip_unavailable': False, 'install_base': '/home/kiro04/Documents/robot_ws/ros2_ws/install/arduino_tutorial', 'merge_install': False, 'path': '/home/kiro04/Documents/robot_ws/ros2_ws/src/arduino_tutorial', 'symlink_install': False, 'test_result_base': None}
[0.528s] Level 5:colcon.colcon_core.verb:set package 'my_first_package' build argument 'cmake_args' from command line to 'None'
[0.528s] Level 5:colcon.colcon_core.verb:set package 'my_first_package' build argument 'cmake_target' from command line to 'None'
[0.528s] Level 5:colcon.colcon_core.verb:set package 'my_first_package' build argument 'cmake_target_skip_unavailable' from command line to 'False'
[0.528s] Level 5:colcon.colcon_core.verb:set package 'my_first_package' build argument 'cmake_clean_cache' from command line to 'False'
[0.528s] Level 5:colcon.colcon_core.verb:set package 'my_first_package' build argument 'cmake_clean_first' from command line to 'False'
[0.528s] Level 5:colcon.colcon_core.verb:set package 'my_first_package' build argument 'cmake_force_configure' from command line to 'False'
[0.528s] Level 5:colcon.colcon_core.verb:set package 'my_first_package' build argument 'ament_cmake_args' from command line to 'None'
[0.528s] Level 5:colcon.colcon_core.verb:set package 'my_first_package' build argument 'catkin_cmake_args' from command line to 'None'
[0.528s] Level 5:colcon.colcon_core.verb:set package 'my_first_package' build argument 'catkin_skip_building_tests' from command line to 'False'
[0.528s] DEBUG:colcon.colcon_core.verb:Building package 'my_first_package' with the following arguments: {'ament_cmake_args': None, 'build_base': '/home/kiro04/Documents/robot_ws/ros2_ws/build/my_first_package', 'catkin_cmake_args': None, 'catkin_skip_building_tests': False, 'cmake_args': None, 'cmake_clean_cache': False, 'cmake_clean_first': False, 'cmake_force_configure': False, 'cmake_target': None, 'cmake_target_skip_unavailable': False, 'install_base': '/home/kiro04/Documents/robot_ws/ros2_ws/install/my_first_package', 'merge_install': False, 'path': '/home/kiro04/Documents/robot_ws/ros2_ws/src/my_first_package', 'symlink_install': False, 'test_result_base': None}
[0.529s] Level 5:colcon.colcon_core.verb:set package 'my_first_package_msgs' build argument 'cmake_args' from command line to 'None'
[0.530s] Level 5:colcon.colcon_core.verb:set package 'my_first_package_msgs' build argument 'cmake_target' from command line to 'None'
[0.530s] Level 5:colcon.colcon_core.verb:set package 'my_first_package_msgs' build argument 'cmake_target_skip_unavailable' from command line to 'False'
[0.530s] Level 5:colcon.colcon_core.verb:set package 'my_first_package_msgs' build argument 'cmake_clean_cache' from command line to 'False'
[0.530s] Level 5:colcon.colcon_core.verb:set package 'my_first_package_msgs' build argument 'cmake_clean_first' from command line to 'False'
[0.530s] Level 5:colcon.colcon_core.verb:set package 'my_first_package_msgs' build argument 'cmake_force_configure' from command line to 'False'
[0.530s] Level 5:colcon.colcon_core.verb:set package 'my_first_package_msgs' build argument 'ament_cmake_args' from command line to 'None'
[0.530s] Level 5:colcon.colcon_core.verb:set package 'my_first_package_msgs' build argument 'catkin_cmake_args' from command line to 'None'
[0.530s] Level 5:colcon.colcon_core.verb:set package 'my_first_package_msgs' build argument 'catkin_skip_building_tests' from command line to 'False'
[0.530s] DEBUG:colcon.colcon_core.verb:Building package 'my_first_package_msgs' with the following arguments: {'ament_cmake_args': None, 'build_base': '/home/kiro04/Documents/robot_ws/ros2_ws/build/my_first_package_msgs', 'catkin_cmake_args': None, 'catkin_skip_building_tests': False, 'cmake_args': None, 'cmake_clean_cache': False, 'cmake_clean_first': False, 'cmake_force_configure': False, 'cmake_target': None, 'cmake_target_skip_unavailable': False, 'install_base': '/home/kiro04/Documents/robot_ws/ros2_ws/install/my_first_package_msgs', 'merge_install': False, 'path': '/home/kiro04/Documents/robot_ws/ros2_ws/src/my_first_package_msgs', 'symlink_install': False, 'test_result_base': None}
[0.531s] INFO:colcon.colcon_core.executor:Executing jobs using 'parallel' executor
[0.534s] DEBUG:colcon.colcon_parallel_executor.executor.parallel:run_until_complete
[0.534s] INFO:colcon.colcon_ros.task.ament_python.build:Building ROS package in '/home/kiro04/Documents/robot_ws/ros2_ws/src/arduino_tutorial' with build type 'ament_python'
[0.534s] Level 1:colcon.colcon_core.shell:create_environment_hook('arduino_tutorial', 'ament_prefix_path')
[0.540s] INFO:colcon.colcon_core.plugin_system:Skipping extension 'colcon_core.shell.bat': Not used on non-Windows systems
[0.541s] INFO:colcon.colcon_core.shell:Creating environment hook '/home/kiro04/Documents/robot_ws/ros2_ws/install/arduino_tutorial/share/arduino_tutorial/hook/ament_prefix_path.ps1'
[0.541s] INFO:colcon.colcon_core.shell:Creating environment descriptor '/home/kiro04/Documents/robot_ws/ros2_ws/install/arduino_tutorial/share/arduino_tutorial/hook/ament_prefix_path.dsv'
[0.542s] INFO:colcon.colcon_core.shell:Creating environment hook '/home/kiro04/Documents/robot_ws/ros2_ws/install/arduino_tutorial/share/arduino_tutorial/hook/ament_prefix_path.sh'
[0.544s] INFO:colcon.colcon_core.shell:Skip shell extension 'powershell' for command environment: Not usable outside of PowerShell
[0.544s] DEBUG:colcon.colcon_core.shell:Skip shell extension 'dsv' for command environment
[0.549s] INFO:colcon.colcon_ros.task.ament_python.build:Building ROS package in '/home/kiro04/Documents/robot_ws/ros2_ws/src/my_first_package' with build type 'ament_python'
[0.550s] Level 1:colcon.colcon_core.shell:create_environment_hook('my_first_package', 'ament_prefix_path')
[0.551s] INFO:colcon.colcon_core.shell:Creating environment hook '/home/kiro04/Documents/robot_ws/ros2_ws/install/my_first_package/share/my_first_package/hook/ament_prefix_path.ps1'
[0.552s] INFO:colcon.colcon_core.shell:Creating environment descriptor '/home/kiro04/Documents/robot_ws/ros2_ws/install/my_first_package/share/my_first_package/hook/ament_prefix_path.dsv'
[0.552s] INFO:colcon.colcon_core.shell:Creating environment hook '/home/kiro04/Documents/robot_ws/ros2_ws/install/my_first_package/share/my_first_package/hook/ament_prefix_path.sh'
[0.554s] INFO:colcon.colcon_core.shell:Skip shell extension 'powershell' for command environment: Not usable outside of PowerShell
[0.554s] DEBUG:colcon.colcon_core.shell:Skip shell extension 'dsv' for command environment
[0.560s] INFO:colcon.colcon_ros.task.ament_cmake.build:Building ROS package in '/home/kiro04/Documents/robot_ws/ros2_ws/src/my_first_package_msgs' with build type 'ament_cmake'
[0.560s] INFO:colcon.colcon_cmake.task.cmake.build:Building CMake package in '/home/kiro04/Documents/robot_ws/ros2_ws/src/my_first_package_msgs'
[0.562s] INFO:colcon.colcon_core.shell:Skip shell extension 'powershell' for command environment: Not usable outside of PowerShell
[0.562s] DEBUG:colcon.colcon_core.shell:Skip shell extension 'dsv' for command environment
[0.905s] INFO:colcon.colcon_core.task.python.build:Building Python package in '/home/kiro04/Documents/robot_ws/ros2_ws/src/arduino_tutorial'
[0.907s] INFO:colcon.colcon_core.shell:Skip shell extension 'powershell' for command environment: Not usable outside of PowerShell
[0.907s] DEBUG:colcon.colcon_core.shell:Skip shell extension 'dsv' for command environment
[1.289s] INFO:colcon.colcon_core.task.python.build:Building Python package in '/home/kiro04/Documents/robot_ws/ros2_ws/src/my_first_package'
[1.290s] INFO:colcon.colcon_core.shell:Skip shell extension 'powershell' for command environment: Not usable outside of PowerShell
[1.290s] DEBUG:colcon.colcon_core.shell:Skip shell extension 'dsv' for command environment
[1.303s] DEBUG:colcon.colcon_core.event_handler.log_command:Invoking command in '/home/kiro04/Documents/robot_ws/ros2_ws/build/my_first_package_msgs': CMAKE_PREFIX_PATH=${CMAKE_PREFIX_PATH}:/home/kiro04/Documents/robot_ws/ros2_ws/install/my_first_package:/home/kiro04/Documents/robot_ws/ros2_ws/install/arduino_tutorial:/opt/ros/humble /usr/bin/cmake --build /home/kiro04/Documents/robot_ws/ros2_ws/build/my_first_package_msgs -- -j8 -l8
[1.949s] DEBUG:colcon.colcon_core.event_handler.log_command:Invoking command in '/home/kiro04/Documents/robot_ws/ros2_ws/src/my_first_package': PYTHONPATH=/home/kiro04/Documents/robot_ws/ros2_ws/build/my_first_package/prefix_override:/home/kiro04/Documents/robot_ws/ros2_ws/install/my_first_package/lib/python3.10/site-packages:${PYTHONPATH} /usr/bin/python3 setup.py egg_info --egg-base ../../build/my_first_package build --build-base /home/kiro04/Documents/robot_ws/ros2_ws/build/my_first_package/build install --record /home/kiro04/Documents/robot_ws/ros2_ws/build/my_first_package/install.log --single-version-externally-managed
[2.097s] DEBUG:colcon.colcon_core.event_handler.log_command:Invoked command in '/home/kiro04/Documents/robot_ws/ros2_ws/build/my_first_package_msgs' returned '0': CMAKE_PREFIX_PATH=${CMAKE_PREFIX_PATH}:/home/kiro04/Documents/robot_ws/ros2_ws/install/my_first_package:/home/kiro04/Documents/robot_ws/ros2_ws/install/arduino_tutorial:/opt/ros/humble /usr/bin/cmake --build /home/kiro04/Documents/robot_ws/ros2_ws/build/my_first_package_msgs -- -j8 -l8
[2.103s] DEBUG:colcon.colcon_core.event_handler.log_command:Invoking command in '/home/kiro04/Documents/robot_ws/ros2_ws/src/arduino_tutorial': PYTHONPATH=/home/kiro04/Documents/robot_ws/ros2_ws/build/arduino_tutorial/prefix_override:/home/kiro04/Documents/robot_ws/ros2_ws/install/arduino_tutorial/lib/python3.10/site-packages:${PYTHONPATH} /usr/bin/python3 setup.py egg_info --egg-base ../../build/arduino_tutorial build --build-base /home/kiro04/Documents/robot_ws/ros2_ws/build/arduino_tutorial/build install --record /home/kiro04/Documents/robot_ws/ros2_ws/build/arduino_tutorial/install.log --single-version-externally-managed
[2.197s] DEBUG:colcon.colcon_core.event_handler.log_command:Invoking command in '/home/kiro04/Documents/robot_ws/ros2_ws/build/my_first_package_msgs': CMAKE_PREFIX_PATH=${CMAKE_PREFIX_PATH}:/home/kiro04/Documents/robot_ws/ros2_ws/install/my_first_package:/home/kiro04/Documents/robot_ws/ros2_ws/install/arduino_tutorial:/opt/ros/humble /usr/bin/cmake --install /home/kiro04/Documents/robot_ws/ros2_ws/build/my_first_package_msgs
[2.318s] Level 1:colcon.colcon_core.environment:create_environment_scripts_only(my_first_package_msgs)
[2.321s] DEBUG:colcon.colcon_core.event_handler.log_command:Invoked command in '/home/kiro04/Documents/robot_ws/ros2_ws/build/my_first_package_msgs' returned '0': CMAKE_PREFIX_PATH=${CMAKE_PREFIX_PATH}:/home/kiro04/Documents/robot_ws/ros2_ws/install/my_first_package:/home/kiro04/Documents/robot_ws/ros2_ws/install/arduino_tutorial:/opt/ros/humble /usr/bin/cmake --install /home/kiro04/Documents/robot_ws/ros2_ws/build/my_first_package_msgs
[2.329s] Level 1:colcon.colcon_core.environment:checking '/home/kiro04/Documents/robot_ws/ros2_ws/install/my_first_package_msgs' for CMake module files
[2.331s] Level 1:colcon.colcon_core.environment:checking '/home/kiro04/Documents/robot_ws/ros2_ws/install/my_first_package_msgs' for CMake config files
[2.333s] Level 1:colcon.colcon_core.shell:create_environment_hook('my_first_package_msgs', 'cmake_prefix_path')
[2.336s] INFO:colcon.colcon_core.shell:Creating environment hook '/home/kiro04/Documents/robot_ws/ros2_ws/install/my_first_package_msgs/share/my_first_package_msgs/hook/cmake_prefix_path.ps1'
[2.337s] INFO:colcon.colcon_core.shell:Creating environment descriptor '/home/kiro04/Documents/robot_ws/ros2_ws/install/my_first_package_msgs/share/my_first_package_msgs/hook/cmake_prefix_path.dsv'
[2.337s] INFO:colcon.colcon_core.shell:Creating environment hook '/home/kiro04/Documents/robot_ws/ros2_ws/install/my_first_package_msgs/share/my_first_package_msgs/hook/cmake_prefix_path.sh'
[2.338s] Level 1:colcon.colcon_core.environment:checking '/home/kiro04/Documents/robot_ws/ros2_ws/install/my_first_package_msgs/lib'
[2.339s] Level 1:colcon.colcon_core.shell:create_environment_hook('my_first_package_msgs', 'ld_library_path_lib')
[2.342s] INFO:colcon.colcon_core.shell:Creating environment hook '/home/kiro04/Documents/robot_ws/ros2_ws/install/my_first_package_msgs/share/my_first_package_msgs/hook/ld_library_path_lib.ps1'
[2.344s] INFO:colcon.colcon_core.shell:Creating environment descriptor '/home/kiro04/Documents/robot_ws/ros2_ws/install/my_first_package_msgs/share/my_first_package_msgs/hook/ld_library_path_lib.dsv'
[2.345s] INFO:colcon.colcon_core.shell:Creating environment hook '/home/kiro04/Documents/robot_ws/ros2_ws/install/my_first_package_msgs/share/my_first_package_msgs/hook/ld_library_path_lib.sh'
[2.345s] Level 1:colcon.colcon_core.environment:checking '/home/kiro04/Documents/robot_ws/ros2_ws/install/my_first_package_msgs/bin'
[2.346s] Level 1:colcon.colcon_core.environment:checking '/home/kiro04/Documents/robot_ws/ros2_ws/install/my_first_package_msgs/lib/pkgconfig/my_first_package_msgs.pc'
[2.346s] Level 1:colcon.colcon_core.environment:checking '/home/kiro04/Documents/robot_ws/ros2_ws/install/my_first_package_msgs/lib/python3.10/site-packages'
[2.346s] Level 1:colcon.colcon_core.environment:checking '/home/kiro04/Documents/robot_ws/ros2_ws/install/my_first_package_msgs/bin'
[2.350s] INFO:colcon.colcon_core.shell:Creating package script '/home/kiro04/Documents/robot_ws/ros2_ws/install/my_first_package_msgs/share/my_first_package_msgs/package.ps1'
[2.352s] INFO:colcon.colcon_core.shell:Creating package descriptor '/home/kiro04/Documents/robot_ws/ros2_ws/install/my_first_package_msgs/share/my_first_package_msgs/package.dsv'
[2.353s] INFO:colcon.colcon_core.shell:Creating package script '/home/kiro04/Documents/robot_ws/ros2_ws/install/my_first_package_msgs/share/my_first_package_msgs/package.sh'
[2.355s] INFO:colcon.colcon_core.shell:Creating package script '/home/kiro04/Documents/robot_ws/ros2_ws/install/my_first_package_msgs/share/my_first_package_msgs/package.bash'
[2.356s] INFO:colcon.colcon_core.shell:Creating package script '/home/kiro04/Documents/robot_ws/ros2_ws/install/my_first_package_msgs/share/my_first_package_msgs/package.zsh'
[2.357s] Level 1:colcon.colcon_core.environment:create_file_with_runtime_dependencies(/home/kiro04/Documents/robot_ws/ros2_ws/install/my_first_package_msgs/share/colcon-core/packages/my_first_package_msgs)
[2.503s] Level 1:colcon.colcon_core.environment:checking '/home/kiro04/Documents/robot_ws/ros2_ws/install/my_first_package' for CMake module files
[2.504s] DEBUG:colcon.colcon_core.event_handler.log_command:Invoked command in '/home/kiro04/Documents/robot_ws/ros2_ws/src/my_first_package' returned '0': PYTHONPATH=/home/kiro04/Documents/robot_ws/ros2_ws/build/my_first_package/prefix_override:/home/kiro04/Documents/robot_ws/ros2_ws/install/my_first_package/lib/python3.10/site-packages:${PYTHONPATH} /usr/bin/python3 setup.py egg_info --egg-base ../../build/my_first_package build --build-base /home/kiro04/Documents/robot_ws/ros2_ws/build/my_first_package/build install --record /home/kiro04/Documents/robot_ws/ros2_ws/build/my_first_package/install.log --single-version-externally-managed
[2.505s] Level 1:colcon.colcon_core.environment:checking '/home/kiro04/Documents/robot_ws/ros2_ws/install/my_first_package' for CMake config files
[2.506s] Level 1:colcon.colcon_core.environment:checking '/home/kiro04/Documents/robot_ws/ros2_ws/install/my_first_package/lib'
[2.506s] Level 1:colcon.colcon_core.environment:checking '/home/kiro04/Documents/robot_ws/ros2_ws/install/my_first_package/bin'
[2.506s] Level 1:colcon.colcon_core.environment:checking '/home/kiro04/Documents/robot_ws/ros2_ws/install/my_first_package/lib/pkgconfig/my_first_package.pc'
[2.507s] Level 1:colcon.colcon_core.environment:checking '/home/kiro04/Documents/robot_ws/ros2_ws/install/my_first_package/lib/python3.10/site-packages'
[2.507s] Level 1:colcon.colcon_core.shell:create_environment_hook('my_first_package', 'pythonpath')
[2.510s] INFO:colcon.colcon_core.shell:Creating environment hook '/home/kiro04/Documents/robot_ws/ros2_ws/install/my_first_package/share/my_first_package/hook/pythonpath.ps1'
[2.511s] INFO:colcon.colcon_core.shell:Creating environment descriptor '/home/kiro04/Documents/robot_ws/ros2_ws/install/my_first_package/share/my_first_package/hook/pythonpath.dsv'
[2.511s] INFO:colcon.colcon_core.shell:Creating environment hook '/home/kiro04/Documents/robot_ws/ros2_ws/install/my_first_package/share/my_first_package/hook/pythonpath.sh'
[2.513s] Level 1:colcon.colcon_core.environment:checking '/home/kiro04/Documents/robot_ws/ros2_ws/install/my_first_package/bin'
[2.513s] Level 1:colcon.colcon_core.environment:create_environment_scripts_only(my_first_package)
[2.516s] INFO:colcon.colcon_core.shell:Creating package script '/home/kiro04/Documents/robot_ws/ros2_ws/install/my_first_package/share/my_first_package/package.ps1'
[2.517s] INFO:colcon.colcon_core.shell:Creating package descriptor '/home/kiro04/Documents/robot_ws/ros2_ws/install/my_first_package/share/my_first_package/package.dsv'
[2.518s] INFO:colcon.colcon_core.shell:Creating package script '/home/kiro04/Documents/robot_ws/ros2_ws/install/my_first_package/share/my_first_package/package.sh'
[2.519s] INFO:colcon.colcon_core.shell:Creating package script '/home/kiro04/Documents/robot_ws/ros2_ws/install/my_first_package/share/my_first_package/package.bash'
[2.519s] INFO:colcon.colcon_core.shell:Creating package script '/home/kiro04/Documents/robot_ws/ros2_ws/install/my_first_package/share/my_first_package/package.zsh'
[2.520s] Level 1:colcon.colcon_core.environment:create_file_with_runtime_dependencies(/home/kiro04/Documents/robot_ws/ros2_ws/install/my_first_package/share/colcon-core/packages/my_first_package)
[2.523s] Level 1:colcon.colcon_core.environment:create_environment_scripts_only(my_first_package_msgs)
[2.526s] Level 1:colcon.colcon_core.environment:checking '/home/kiro04/Documents/robot_ws/ros2_ws/install/my_first_package_msgs' for CMake module files
[2.528s] Level 1:colcon.colcon_core.environment:checking '/home/kiro04/Documents/robot_ws/ros2_ws/install/my_first_package_msgs' for CMake config files
[2.530s] Level 1:colcon.colcon_core.shell:create_environment_hook('my_first_package_msgs', 'cmake_prefix_path')
[2.532s] INFO:colcon.colcon_core.shell:Creating environment hook '/home/kiro04/Documents/robot_ws/ros2_ws/install/my_first_package_msgs/share/my_first_package_msgs/hook/cmake_prefix_path.ps1'
[2.533s] INFO:colcon.colcon_core.shell:Creating environment descriptor '/home/kiro04/Documents/robot_ws/ros2_ws/install/my_first_package_msgs/share/my_first_package_msgs/hook/cmake_prefix_path.dsv'
[2.534s] INFO:colcon.colcon_core.shell:Creating environment hook '/home/kiro04/Documents/robot_ws/ros2_ws/install/my_first_package_msgs/share/my_first_package_msgs/hook/cmake_prefix_path.sh'
[2.535s] Level 1:colcon.colcon_core.environment:checking '/home/kiro04/Documents/robot_ws/ros2_ws/install/my_first_package_msgs/lib'
[2.535s] Level 1:colcon.colcon_core.shell:create_environment_hook('my_first_package_msgs', 'ld_library_path_lib')
[2.538s] INFO:colcon.colcon_core.shell:Creating environment hook '/home/kiro04/Documents/robot_ws/ros2_ws/install/my_first_package_msgs/share/my_first_package_msgs/hook/ld_library_path_lib.ps1'
[2.539s] INFO:colcon.colcon_core.shell:Creating environment descriptor '/home/kiro04/Documents/robot_ws/ros2_ws/install/my_first_package_msgs/share/my_first_package_msgs/hook/ld_library_path_lib.dsv'
[2.539s] INFO:colcon.colcon_core.shell:Creating environment hook '/home/kiro04/Documents/robot_ws/ros2_ws/install/my_first_package_msgs/share/my_first_package_msgs/hook/ld_library_path_lib.sh'
[2.540s] Level 1:colcon.colcon_core.environment:checking '/home/kiro04/Documents/robot_ws/ros2_ws/install/my_first_package_msgs/bin'
[2.540s] Level 1:colcon.colcon_core.environment:checking '/home/kiro04/Documents/robot_ws/ros2_ws/install/my_first_package_msgs/lib/pkgconfig/my_first_package_msgs.pc'
[2.540s] Level 1:colcon.colcon_core.environment:checking '/home/kiro04/Documents/robot_ws/ros2_ws/install/my_first_package_msgs/lib/python3.10/site-packages'
[2.540s] Level 1:colcon.colcon_core.environment:checking '/home/kiro04/Documents/robot_ws/ros2_ws/install/my_first_package_msgs/bin'
[2.542s] INFO:colcon.colcon_core.shell:Creating package script '/home/kiro04/Documents/robot_ws/ros2_ws/install/my_first_package_msgs/share/my_first_package_msgs/package.ps1'
[2.543s] INFO:colcon.colcon_core.shell:Creating package descriptor '/home/kiro04/Documents/robot_ws/ros2_ws/install/my_first_package_msgs/share/my_first_package_msgs/package.dsv'
[2.544s] INFO:colcon.colcon_core.shell:Creating package script '/home/kiro04/Documents/robot_ws/ros2_ws/install/my_first_package_msgs/share/my_first_package_msgs/package.sh'
[2.545s] INFO:colcon.colcon_core.shell:Creating package script '/home/kiro04/Documents/robot_ws/ros2_ws/install/my_first_package_msgs/share/my_first_package_msgs/package.bash'
[2.546s] INFO:colcon.colcon_core.shell:Creating package script '/home/kiro04/Documents/robot_ws/ros2_ws/install/my_first_package_msgs/share/my_first_package_msgs/package.zsh'
[2.546s] Level 1:colcon.colcon_core.environment:create_file_with_runtime_dependencies(/home/kiro04/Documents/robot_ws/ros2_ws/install/my_first_package_msgs/share/colcon-core/packages/my_first_package_msgs)
[2.681s] Level 1:colcon.colcon_core.environment:checking '/home/kiro04/Documents/robot_ws/ros2_ws/install/arduino_tutorial' for CMake module files
[2.682s] Level 1:colcon.colcon_core.environment:checking '/home/kiro04/Documents/robot_ws/ros2_ws/install/arduino_tutorial' for CMake config files
[2.684s] DEBUG:colcon.colcon_core.event_handler.log_command:Invoked command in '/home/kiro04/Documents/robot_ws/ros2_ws/src/arduino_tutorial' returned '0': PYTHONPATH=/home/kiro04/Documents/robot_ws/ros2_ws/build/arduino_tutorial/prefix_override:/home/kiro04/Documents/robot_ws/ros2_ws/install/arduino_tutorial/lib/python3.10/site-packages:${PYTHONPATH} /usr/bin/python3 setup.py egg_info --egg-base ../../build/arduino_tutorial build --build-base /home/kiro04/Documents/robot_ws/ros2_ws/build/arduino_tutorial/build install --record /home/kiro04/Documents/robot_ws/ros2_ws/build/arduino_tutorial/install.log --single-version-externally-managed
[2.685s] Level 1:colcon.colcon_core.environment:checking '/home/kiro04/Documents/robot_ws/ros2_ws/install/arduino_tutorial/lib'
[2.685s] Level 1:colcon.colcon_core.environment:checking '/home/kiro04/Documents/robot_ws/ros2_ws/install/arduino_tutorial/bin'
[2.685s] Level 1:colcon.colcon_core.environment:checking '/home/kiro04/Documents/robot_ws/ros2_ws/install/arduino_tutorial/lib/pkgconfig/arduino_tutorial.pc'
[2.686s] Level 1:colcon.colcon_core.environment:checking '/home/kiro04/Documents/robot_ws/ros2_ws/install/arduino_tutorial/lib/python3.10/site-packages'
[2.686s] Level 1:colcon.colcon_core.shell:create_environment_hook('arduino_tutorial', 'pythonpath')
[2.688s] INFO:colcon.colcon_core.shell:Creating environment hook '/home/kiro04/Documents/robot_ws/ros2_ws/install/arduino_tutorial/share/arduino_tutorial/hook/pythonpath.ps1'
[2.688s] INFO:colcon.colcon_core.shell:Creating environment descriptor '/home/kiro04/Documents/robot_ws/ros2_ws/install/arduino_tutorial/share/arduino_tutorial/hook/pythonpath.dsv'
[2.689s] INFO:colcon.colcon_core.shell:Creating environment hook '/home/kiro04/Documents/robot_ws/ros2_ws/install/arduino_tutorial/share/arduino_tutorial/hook/pythonpath.sh'
[2.689s] Level 1:colcon.colcon_core.environment:checking '/home/kiro04/Documents/robot_ws/ros2_ws/install/arduino_tutorial/bin'
[2.689s] Level 1:colcon.colcon_core.environment:create_environment_scripts_only(arduino_tutorial)
[2.692s] INFO:colcon.colcon_core.shell:Creating package script '/home/kiro04/Documents/robot_ws/ros2_ws/install/arduino_tutorial/share/arduino_tutorial/package.ps1'
[2.692s] INFO:colcon.colcon_core.shell:Creating package descriptor '/home/kiro04/Documents/robot_ws/ros2_ws/install/arduino_tutorial/share/arduino_tutorial/package.dsv'
[2.693s] INFO:colcon.colcon_core.shell:Creating package script '/home/kiro04/Documents/robot_ws/ros2_ws/install/arduino_tutorial/share/arduino_tutorial/package.sh'
[2.694s] INFO:colcon.colcon_core.shell:Creating package script '/home/kiro04/Documents/robot_ws/ros2_ws/install/arduino_tutorial/share/arduino_tutorial/package.bash'
[2.694s] INFO:colcon.colcon_core.shell:Creating package script '/home/kiro04/Documents/robot_ws/ros2_ws/install/arduino_tutorial/share/arduino_tutorial/package.zsh'
[2.695s] Level 1:colcon.colcon_core.environment:create_file_with_runtime_dependencies(/home/kiro04/Documents/robot_ws/ros2_ws/install/arduino_tutorial/share/colcon-core/packages/arduino_tutorial)
[2.695s] DEBUG:colcon.colcon_parallel_executor.executor.parallel:closing loop
[2.695s] DEBUG:colcon.colcon_parallel_executor.executor.parallel:loop closed
[2.695s] DEBUG:colcon.colcon_parallel_executor.executor.parallel:run_until_complete finished with '0'
[2.696s] DEBUG:colcon.colcon_core.event_reactor:joining thread
[2.707s] INFO:colcon.colcon_core.plugin_system:Skipping extension 'colcon_notification.desktop_notification.terminal_notifier': Not used on non-Darwin systems
[2.707s] INFO:colcon.colcon_core.plugin_system:Skipping extension 'colcon_notification.desktop_notification.win32': Not used on non-Windows systems
[2.707s] INFO:colcon.colcon_notification.desktop_notification:Sending desktop notification using 'notify2'
[2.728s] DEBUG:colcon.colcon_core.event_reactor:joined thread
[2.732s] INFO:colcon.colcon_core.shell:Creating prefix script '/home/kiro04/Documents/robot_ws/ros2_ws/install/local_setup.ps1'
[2.736s] INFO:colcon.colcon_core.shell:Creating prefix util module '/home/kiro04/Documents/robot_ws/ros2_ws/install/_local_setup_util_ps1.py'
[2.740s] INFO:colcon.colcon_core.shell:Creating prefix chain script '/home/kiro04/Documents/robot_ws/ros2_ws/install/setup.ps1'
[2.748s] INFO:colcon.colcon_core.shell:Creating prefix script '/home/kiro04/Documents/robot_ws/ros2_ws/install/local_setup.sh'
[2.749s] INFO:colcon.colcon_core.shell:Creating prefix util module '/home/kiro04/Documents/robot_ws/ros2_ws/install/_local_setup_util_sh.py'
[2.751s] INFO:colcon.colcon_core.shell:Creating prefix chain script '/home/kiro04/Documents/robot_ws/ros2_ws/install/setup.sh'
[2.754s] INFO:colcon.colcon_core.shell:Creating prefix script '/home/kiro04/Documents/robot_ws/ros2_ws/install/local_setup.bash'
[2.756s] INFO:colcon.colcon_core.shell:Creating prefix chain script '/home/kiro04/Documents/robot_ws/ros2_ws/install/setup.bash'
[2.759s] INFO:colcon.colcon_core.shell:Creating prefix script '/home/kiro04/Documents/robot_ws/ros2_ws/install/local_setup.zsh'
[2.760s] INFO:colcon.colcon_core.shell:Creating prefix chain script '/home/kiro04/Documents/robot_ws/ros2_ws/install/setup.zsh'
