running egg_info
creating ../../build/arduino_tutorial/arduino_tutorial.egg-info
writing ../../build/arduino_tutorial/arduino_tutorial.egg-info/PKG-INFO
writing dependency_links to ../../build/arduino_tutorial/arduino_tutorial.egg-info/dependency_links.txt
writing entry points to ../../build/arduino_tutorial/arduino_tutorial.egg-info/entry_points.txt
writing requirements to ../../build/arduino_tutorial/arduino_tutorial.egg-info/requires.txt
writing top-level names to ../../build/arduino_tutorial/arduino_tutorial.egg-info/top_level.txt
writing manifest file '../../build/arduino_tutorial/arduino_tutorial.egg-info/SOURCES.txt'
reading manifest file '../../build/arduino_tutorial/arduino_tutorial.egg-info/SOURCES.txt'
writing manifest file '../../build/arduino_tutorial/arduino_tutorial.egg-info/SOURCES.txt'
running build
running build_py
creating /home/kiro04/Documents/robot_ws/ros2_ws/build/arduino_tutorial/build
creating /home/kiro04/Documents/robot_ws/ros2_ws/build/arduino_tutorial/build/lib
creating /home/kiro04/Documents/robot_ws/ros2_ws/build/arduino_tutorial/build/lib/arduino_tutorial
copying arduino_tutorial/__init__.py -> /home/kiro04/Documents/robot_ws/ros2_ws/build/arduino_tutorial/build/lib/arduino_tutorial
copying arduino_tutorial/dist_subscriber.py -> /home/kiro04/Documents/robot_ws/ros2_ws/build/arduino_tutorial/build/lib/arduino_tutorial
copying arduino_tutorial/dist_publisher.py -> /home/kiro04/Documents/robot_ws/ros2_ws/build/arduino_tutorial/build/lib/arduino_tutorial
copying arduino_tutorial/led_subscriber.py -> /home/kiro04/Documents/robot_ws/ros2_ws/build/arduino_tutorial/build/lib/arduino_tutorial
running install
running install_lib
creating /home/kiro04/Documents/robot_ws/ros2_ws/install/arduino_tutorial/lib/python3.10/site-packages/arduino_tutorial
copying /home/kiro04/Documents/robot_ws/ros2_ws/build/arduino_tutorial/build/lib/arduino_tutorial/__init__.py -> /home/kiro04/Documents/robot_ws/ros2_ws/install/arduino_tutorial/lib/python3.10/site-packages/arduino_tutorial
copying /home/kiro04/Documents/robot_ws/ros2_ws/build/arduino_tutorial/build/lib/arduino_tutorial/dist_subscriber.py -> /home/kiro04/Documents/robot_ws/ros2_ws/install/arduino_tutorial/lib/python3.10/site-packages/arduino_tutorial
copying /home/kiro04/Documents/robot_ws/ros2_ws/build/arduino_tutorial/build/lib/arduino_tutorial/dist_publisher.py -> /home/kiro04/Documents/robot_ws/ros2_ws/install/arduino_tutorial/lib/python3.10/site-packages/arduino_tutorial
copying /home/kiro04/Documents/robot_ws/ros2_ws/build/arduino_tutorial/build/lib/arduino_tutorial/led_subscriber.py -> /home/kiro04/Documents/robot_ws/ros2_ws/install/arduino_tutorial/lib/python3.10/site-packages/arduino_tutorial
byte-compiling /home/kiro04/Documents/robot_ws/ros2_ws/install/arduino_tutorial/lib/python3.10/site-packages/arduino_tutorial/__init__.py to __init__.cpython-310.pyc
byte-compiling /home/kiro04/Documents/robot_ws/ros2_ws/install/arduino_tutorial/lib/python3.10/site-packages/arduino_tutorial/dist_subscriber.py to dist_subscriber.cpython-310.pyc
byte-compiling /home/kiro04/Documents/robot_ws/ros2_ws/install/arduino_tutorial/lib/python3.10/site-packages/arduino_tutorial/dist_publisher.py to dist_publisher.cpython-310.pyc
byte-compiling /home/kiro04/Documents/robot_ws/ros2_ws/install/arduino_tutorial/lib/python3.10/site-packages/arduino_tutorial/led_subscriber.py to led_subscriber.cpython-310.pyc
running install_data
creating /home/kiro04/Documents/robot_ws/ros2_ws/install/arduino_tutorial/share/ament_index
creating /home/kiro04/Documents/robot_ws/ros2_ws/install/arduino_tutorial/share/ament_index/resource_index
creating /home/kiro04/Documents/robot_ws/ros2_ws/install/arduino_tutorial/share/ament_index/resource_index/packages
copying resource/arduino_tutorial -> /home/kiro04/Documents/robot_ws/ros2_ws/install/arduino_tutorial/share/ament_index/resource_index/packages
copying package.xml -> /home/kiro04/Documents/robot_ws/ros2_ws/install/arduino_tutorial/share/arduino_tutorial
running install_egg_info
Copying ../../build/arduino_tutorial/arduino_tutorial.egg-info to /home/kiro04/Documents/robot_ws/ros2_ws/install/arduino_tutorial/lib/python3.10/site-packages/arduino_tutorial-0.0.0-py3.10.egg-info
running install_scripts
Installing dist_publisher script to /home/kiro04/Documents/robot_ws/ros2_ws/install/arduino_tutorial/lib/arduino_tutorial
Installing dist_subscriber script to /home/kiro04/Documents/robot_ws/ros2_ws/install/arduino_tutorial/lib/arduino_tutorial
Installing led_subscriber script to /home/kiro04/Documents/robot_ws/ros2_ws/install/arduino_tutorial/lib/arduino_tutorial
writing list of installed files to '/home/kiro04/Documents/robot_ws/ros2_ws/build/arduino_tutorial/install.log'
