[1.308s] Invoking command in '/home/kiro04/Documents/robot_ws/ros2_ws/src/my_first_package': PYTHONPATH=/home/kiro04/Documents/robot_ws/ros2_ws/build/my_first_package/prefix_override:/home/kiro04/Documents/robot_ws/ros2_ws/install/my_first_package/lib/python3.10/site-packages:${PYTHONPATH} /usr/bin/python3 setup.py egg_info --egg-base ../../build/my_first_package build --build-base /home/kiro04/Documents/robot_ws/ros2_ws/build/my_first_package/build install --record /home/kiro04/Documents/robot_ws/ros2_ws/build/my_first_package/install.log --single-version-externally-managed
[1.781s] running egg_info
[1.782s] creating ../../build/my_first_package/my_first_package.egg-info
[1.783s] writing ../../build/my_first_package/my_first_package.egg-info/PKG-INFO
[1.783s] writing dependency_links to ../../build/my_first_package/my_first_package.egg-info/dependency_links.txt
[1.783s] writing entry points to ../../build/my_first_package/my_first_package.egg-info/entry_points.txt
[1.783s] writing requirements to ../../build/my_first_package/my_first_package.egg-info/requires.txt
[1.783s] writing top-level names to ../../build/my_first_package/my_first_package.egg-info/top_level.txt
[1.783s] writing manifest file '../../build/my_first_package/my_first_package.egg-info/SOURCES.txt'
[1.786s] reading manifest file '../../build/my_first_package/my_first_package.egg-info/SOURCES.txt'
[1.788s] writing manifest file '../../build/my_first_package/my_first_package.egg-info/SOURCES.txt'
[1.788s] running build
[1.788s] running build_py
[1.789s] creating /home/kiro04/Documents/robot_ws/ros2_ws/build/my_first_package/build
[1.789s] creating /home/kiro04/Documents/robot_ws/ros2_ws/build/my_first_package/build/lib
[1.789s] creating /home/kiro04/Documents/robot_ws/ros2_ws/build/my_first_package/build/lib/my_first_package
[1.789s] copying my_first_package/__init__.py -> /home/kiro04/Documents/robot_ws/ros2_ws/build/my_first_package/build/lib/my_first_package
[1.789s] copying my_first_package/my_first_node.py -> /home/kiro04/Documents/robot_ws/ros2_ws/build/my_first_package/build/lib/my_first_package
[1.789s] running install
[1.789s] /usr/lib/python3/dist-packages/setuptools/command/install.py:34: SetuptoolsDeprecationWarning: setup.py install is deprecated. Use build and pip and other standards-based tools.
[1.789s]   warnings.warn(
[1.790s] running install_lib
[1.790s] creating /home/kiro04/Documents/robot_ws/ros2_ws/install/my_first_package/lib/python3.10/site-packages/my_first_package
[1.790s] copying /home/kiro04/Documents/robot_ws/ros2_ws/build/my_first_package/build/lib/my_first_package/__init__.py -> /home/kiro04/Documents/robot_ws/ros2_ws/install/my_first_package/lib/python3.10/site-packages/my_first_package
[1.791s] copying /home/kiro04/Documents/robot_ws/ros2_ws/build/my_first_package/build/lib/my_first_package/my_first_node.py -> /home/kiro04/Documents/robot_ws/ros2_ws/install/my_first_package/lib/python3.10/site-packages/my_first_package
[1.792s] byte-compiling /home/kiro04/Documents/robot_ws/ros2_ws/install/my_first_package/lib/python3.10/site-packages/my_first_package/__init__.py to __init__.cpython-310.pyc
[1.792s] byte-compiling /home/kiro04/Documents/robot_ws/ros2_ws/install/my_first_package/lib/python3.10/site-packages/my_first_package/my_first_node.py to my_first_node.cpython-310.pyc
[1.792s] running install_data
[1.793s] creating /home/kiro04/Documents/robot_ws/ros2_ws/install/my_first_package/share/ament_index
[1.794s] creating /home/kiro04/Documents/robot_ws/ros2_ws/install/my_first_package/share/ament_index/resource_index
[1.794s] creating /home/kiro04/Documents/robot_ws/ros2_ws/install/my_first_package/share/ament_index/resource_index/packages
[1.794s] copying resource/my_first_package -> /home/kiro04/Documents/robot_ws/ros2_ws/install/my_first_package/share/ament_index/resource_index/packages
[1.794s] copying package.xml -> /home/kiro04/Documents/robot_ws/ros2_ws/install/my_first_package/share/my_first_package
[1.794s] running install_egg_info
[1.796s] Copying ../../build/my_first_package/my_first_package.egg-info to /home/kiro04/Documents/robot_ws/ros2_ws/install/my_first_package/lib/python3.10/site-packages/my_first_package-0.0.0-py3.10.egg-info
[1.797s] running install_scripts
[1.833s] Installing my_first_node script to /home/kiro04/Documents/robot_ws/ros2_ws/install/my_first_package/lib/my_first_package
[1.833s] writing list of installed files to '/home/kiro04/Documents/robot_ws/ros2_ws/build/my_first_package/install.log'
[1.910s] Invoked command in '/home/kiro04/Documents/robot_ws/ros2_ws/src/my_first_package' returned '0': PYTHONPATH=/home/kiro04/Documents/robot_ws/ros2_ws/build/my_first_package/prefix_override:/home/kiro04/Documents/robot_ws/ros2_ws/install/my_first_package/lib/python3.10/site-packages:${PYTHONPATH} /usr/bin/python3 setup.py egg_info --egg-base ../../build/my_first_package build --build-base /home/kiro04/Documents/robot_ws/ros2_ws/build/my_first_package/build install --record /home/kiro04/Documents/robot_ws/ros2_ws/build/my_first_package/install.log --single-version-externally-managed
