[0.378s] DEBUG:colcon:Command line arguments: ['/usr/bin/colcon', 'build']
[0.378s] DEBUG:colcon:Parsed command line arguments: Namespace(log_base=None, log_level=None, verb_name='build', build_base='build', install_base='install', merge_install=False, symlink_install=False, test_result_base=None, continue_on_error=False, executor='parallel', parallel_workers=8, event_handlers=None, ignore_user_meta=False, metas=['./colcon.meta'], base_paths=['.'], packages_ignore=None, packages_ignore_regex=None, paths=None, packages_up_to=None, packages_up_to_regex=None, packages_above=None, packages_above_and_dependencies=None, packages_above_depth=None, packages_select_by_dep=None, packages_skip_by_dep=None, packages_skip_up_to=None, packages_select_build_failed=False, packages_skip_build_finished=False, packages_select_test_failures=False, packages_skip_test_passed=False, packages_select=None, packages_skip=None, packages_select_regex=None, packages_skip_regex=None, packages_start=None, packages_end=None, allow_overriding=[], cmake_args=None, cmake_target=None, cmake_target_skip_unavailable=False, cmake_clean_cache=False, cmake_clean_first=False, cmake_force_configure=False, ament_cmake_args=None, catkin_cmake_args=None, catkin_skip_building_tests=False, verb_parser=<colcon_defaults.argument_parser.defaults.DefaultArgumentsDecorator object at 0x7f3da581d840>, verb_extension=<colcon_core.verb.build.BuildVerb object at 0x7f3da6211b70>, main=<bound method BuildVerb.main of <colcon_core.verb.build.BuildVerb object at 0x7f3da6211b70>>)
[0.412s] Level 1:colcon.colcon_core.package_discovery:discover_packages(colcon_meta) check parameters
[0.412s] Level 1:colcon.colcon_core.package_discovery:discover_packages(recursive) check parameters
[0.412s] Level 1:colcon.colcon_core.package_discovery:discover_packages(ignore) check parameters
[0.412s] Level 1:colcon.colcon_core.package_discovery:discover_packages(path) check parameters
[0.412s] Level 1:colcon.colcon_core.package_discovery:discover_packages(colcon_meta) discover
[0.412s] Level 1:colcon.colcon_core.package_discovery:discover_packages(recursive) discover
[0.413s] INFO:colcon.colcon_core.package_discovery:Crawling recursively for packages in '/home/kiro04/Documents/robot_ws/ros2_ws'
[0.413s] Level 1:colcon.colcon_core.package_identification:_identify(.) by extensions ['ignore', 'ignore_ament_install']
[0.413s] Level 1:colcon.colcon_core.package_identification:_identify(.) by extension 'ignore'
[0.413s] Level 1:colcon.colcon_core.package_identification:_identify(.) by extension 'ignore_ament_install'
[0.413s] Level 1:colcon.colcon_core.package_identification:_identify(.) by extensions ['colcon_pkg']
[0.413s] Level 1:colcon.colcon_core.package_identification:_identify(.) by extension 'colcon_pkg'
[0.413s] Level 1:colcon.colcon_core.package_identification:_identify(.) by extensions ['colcon_meta']
[0.413s] Level 1:colcon.colcon_core.package_identification:_identify(.) by extension 'colcon_meta'
[0.413s] Level 1:colcon.colcon_core.package_identification:_identify(.) by extensions ['ros']
[0.413s] Level 1:colcon.colcon_core.package_identification:_identify(.) by extension 'ros'
[0.432s] Level 1:colcon.colcon_core.package_identification:_identify(.) by extensions ['cmake', 'python']
[0.432s] Level 1:colcon.colcon_core.package_identification:_identify(.) by extension 'cmake'
[0.432s] Level 1:colcon.colcon_core.package_identification:_identify(.) by extension 'python'
[0.433s] Level 1:colcon.colcon_core.package_identification:_identify(.) by extensions ['python_setup_py']
[0.433s] Level 1:colcon.colcon_core.package_identification:_identify(.) by extension 'python_setup_py'
[0.433s] Level 1:colcon.colcon_core.package_identification:_identify(build) by extensions ['ignore', 'ignore_ament_install']
[0.433s] Level 1:colcon.colcon_core.package_identification:_identify(build) by extension 'ignore'
[0.433s] Level 1:colcon.colcon_core.package_identification:_identify(build) ignored
[0.433s] Level 1:colcon.colcon_core.package_identification:_identify(install) by extensions ['ignore', 'ignore_ament_install']
[0.433s] Level 1:colcon.colcon_core.package_identification:_identify(install) by extension 'ignore'
[0.433s] Level 1:colcon.colcon_core.package_identification:_identify(install) ignored
[0.434s] Level 1:colcon.colcon_core.package_identification:_identify(log) by extensions ['ignore', 'ignore_ament_install']
[0.434s] Level 1:colcon.colcon_core.package_identification:_identify(log) by extension 'ignore'
[0.434s] Level 1:colcon.colcon_core.package_identification:_identify(log) ignored
[0.434s] Level 1:colcon.colcon_core.package_identification:_identify(src) by extensions ['ignore', 'ignore_ament_install']
[0.434s] Level 1:colcon.colcon_core.package_identification:_identify(src) by extension 'ignore'
[0.434s] Level 1:colcon.colcon_core.package_identification:_identify(src) by extension 'ignore_ament_install'
[0.434s] Level 1:colcon.colcon_core.package_identification:_identify(src) by extensions ['colcon_pkg']
[0.434s] Level 1:colcon.colcon_core.package_identification:_identify(src) by extension 'colcon_pkg'
[0.434s] Level 1:colcon.colcon_core.package_identification:_identify(src) by extensions ['colcon_meta']
[0.435s] Level 1:colcon.colcon_core.package_identification:_identify(src) by extension 'colcon_meta'
[0.435s] Level 1:colcon.colcon_core.package_identification:_identify(src) by extensions ['ros']
[0.435s] Level 1:colcon.colcon_core.package_identification:_identify(src) by extension 'ros'
[0.435s] Level 1:colcon.colcon_core.package_identification:_identify(src) by extensions ['cmake', 'python']
[0.435s] Level 1:colcon.colcon_core.package_identification:_identify(src) by extension 'cmake'
[0.435s] Level 1:colcon.colcon_core.package_identification:_identify(src) by extension 'python'
[0.435s] Level 1:colcon.colcon_core.package_identification:_identify(src) by extensions ['python_setup_py']
[0.435s] Level 1:colcon.colcon_core.package_identification:_identify(src) by extension 'python_setup_py'
[0.435s] Level 1:colcon.colcon_core.package_identification:_identify(src/arduino_tutorial) by extensions ['ignore', 'ignore_ament_install']
[0.435s] Level 1:colcon.colcon_core.package_identification:_identify(src/arduino_tutorial) by extension 'ignore'
[0.435s] Level 1:colcon.colcon_core.package_identification:_identify(src/arduino_tutorial) by extension 'ignore_ament_install'
[0.436s] Level 1:colcon.colcon_core.package_identification:_identify(src/arduino_tutorial) by extensions ['colcon_pkg']
[0.436s] Level 1:colcon.colcon_core.package_identification:_identify(src/arduino_tutorial) by extension 'colcon_pkg'
[0.436s] Level 1:colcon.colcon_core.package_identification:_identify(src/arduino_tutorial) by extensions ['colcon_meta']
[0.436s] Level 1:colcon.colcon_core.package_identification:_identify(src/arduino_tutorial) by extension 'colcon_meta'
[0.436s] Level 1:colcon.colcon_core.package_identification:_identify(src/arduino_tutorial) by extensions ['ros']
[0.436s] Level 1:colcon.colcon_core.package_identification:_identify(src/arduino_tutorial) by extension 'ros'
[0.440s] DEBUG:colcon.colcon_core.package_identification:Package 'src/arduino_tutorial' with type 'ros.ament_python' and name 'arduino_tutorial'
[0.440s] Level 1:colcon.colcon_core.package_identification:_identify(src/my_first_package) by extensions ['ignore', 'ignore_ament_install']
[0.440s] Level 1:colcon.colcon_core.package_identification:_identify(src/my_first_package) by extension 'ignore'
[0.440s] Level 1:colcon.colcon_core.package_identification:_identify(src/my_first_package) by extension 'ignore_ament_install'
[0.440s] Level 1:colcon.colcon_core.package_identification:_identify(src/my_first_package) by extensions ['colcon_pkg']
[0.440s] Level 1:colcon.colcon_core.package_identification:_identify(src/my_first_package) by extension 'colcon_pkg'
[0.440s] Level 1:colcon.colcon_core.package_identification:_identify(src/my_first_package) by extensions ['colcon_meta']
[0.440s] Level 1:colcon.colcon_core.package_identification:_identify(src/my_first_package) by extension 'colcon_meta'
[0.440s] Level 1:colcon.colcon_core.package_identification:_identify(src/my_first_package) by extensions ['ros']
[0.441s] Level 1:colcon.colcon_core.package_identification:_identify(src/my_first_package) by extension 'ros'
[0.441s] DEBUG:colcon.colcon_core.package_identification:Package 'src/my_first_package' with type 'ros.ament_python' and name 'my_first_package'
[0.442s] Level 1:colcon.colcon_core.package_identification:_identify(src/my_first_package_msgs) by extensions ['ignore', 'ignore_ament_install']
[0.442s] Level 1:colcon.colcon_core.package_identification:_identify(src/my_first_package_msgs) by extension 'ignore'
[0.442s] Level 1:colcon.colcon_core.package_identification:_identify(src/my_first_package_msgs) by extension 'ignore_ament_install'
[0.442s] Level 1:colcon.colcon_core.package_identification:_identify(src/my_first_package_msgs) by extensions ['colcon_pkg']
[0.442s] Level 1:colcon.colcon_core.package_identification:_identify(src/my_first_package_msgs) by extension 'colcon_pkg'
[0.442s] Level 1:colcon.colcon_core.package_identification:_identify(src/my_first_package_msgs) by extensions ['colcon_meta']
[0.442s] Level 1:colcon.colcon_core.package_identification:_identify(src/my_first_package_msgs) by extension 'colcon_meta'
[0.442s] Level 1:colcon.colcon_core.package_identification:_identify(src/my_first_package_msgs) by extensions ['ros']
[0.442s] Level 1:colcon.colcon_core.package_identification:_identify(src/my_first_package_msgs) by extension 'ros'
[0.443s] DEBUG:colcon.colcon_core.package_identification:Package 'src/my_first_package_msgs' with type 'ros.ament_cmake' and name 'my_first_package_msgs'
[0.443s] Level 1:colcon.colcon_core.package_discovery:discover_packages(recursive) using defaults
[0.443s] Level 1:colcon.colcon_core.package_discovery:discover_packages(ignore) discover
[0.443s] Level 1:colcon.colcon_core.package_discovery:discover_packages(ignore) using defaults
[0.443s] Level 1:colcon.colcon_core.package_discovery:discover_packages(path) discover
[0.443s] Level 1:colcon.colcon_core.package_discovery:discover_packages(path) using defaults
[0.480s] Level 1:colcon.colcon_core.package_discovery:discover_packages(prefix_path) check parameters
[0.480s] Level 1:colcon.colcon_core.package_discovery:discover_packages(prefix_path) discover
[0.482s] DEBUG:colcon.colcon_installed_package_information.package_discovery:Found 4 installed packages in /home/kiro04/Documents/robot_ws/ros2_ws/install
[0.484s] DEBUG:colcon.colcon_installed_package_information.package_discovery:Found 284 installed packages in /opt/ros/humble
[0.486s] Level 1:colcon.colcon_core.package_discovery:discover_packages(prefix_path) using defaults
[0.551s] Level 5:colcon.colcon_core.verb:set package 'arduino_tutorial' build argument 'cmake_args' from command line to 'None'
[0.551s] Level 5:colcon.colcon_core.verb:set package 'arduino_tutorial' build argument 'cmake_target' from command line to 'None'
[0.551s] Level 5:colcon.colcon_core.verb:set package 'arduino_tutorial' build argument 'cmake_target_skip_unavailable' from command line to 'False'
[0.551s] Level 5:colcon.colcon_core.verb:set package 'arduino_tutorial' build argument 'cmake_clean_cache' from command line to 'False'
[0.551s] Level 5:colcon.colcon_core.verb:set package 'arduino_tutorial' build argument 'cmake_clean_first' from command line to 'False'
[0.551s] Level 5:colcon.colcon_core.verb:set package 'arduino_tutorial' build argument 'cmake_force_configure' from command line to 'False'
[0.551s] Level 5:colcon.colcon_core.verb:set package 'arduino_tutorial' build argument 'ament_cmake_args' from command line to 'None'
[0.551s] Level 5:colcon.colcon_core.verb:set package 'arduino_tutorial' build argument 'catkin_cmake_args' from command line to 'None'
[0.551s] Level 5:colcon.colcon_core.verb:set package 'arduino_tutorial' build argument 'catkin_skip_building_tests' from command line to 'False'
[0.551s] DEBUG:colcon.colcon_core.verb:Building package 'arduino_tutorial' with the following arguments: {'ament_cmake_args': None, 'build_base': '/home/kiro04/Documents/robot_ws/ros2_ws/build/arduino_tutorial', 'catkin_cmake_args': None, 'catkin_skip_building_tests': False, 'cmake_args': None, 'cmake_clean_cache': False, 'cmake_clean_first': False, 'cmake_force_configure': False, 'cmake_target': None, 'cmake_target_skip_unavailable': False, 'install_base': '/home/kiro04/Documents/robot_ws/ros2_ws/install/arduino_tutorial', 'merge_install': False, 'path': '/home/kiro04/Documents/robot_ws/ros2_ws/src/arduino_tutorial', 'symlink_install': False, 'test_result_base': None}
[0.553s] Level 5:colcon.colcon_core.verb:set package 'my_first_package' build argument 'cmake_args' from command line to 'None'
[0.553s] Level 5:colcon.colcon_core.verb:set package 'my_first_package' build argument 'cmake_target' from command line to 'None'
[0.553s] Level 5:colcon.colcon_core.verb:set package 'my_first_package' build argument 'cmake_target_skip_unavailable' from command line to 'False'
[0.553s] Level 5:colcon.colcon_core.verb:set package 'my_first_package' build argument 'cmake_clean_cache' from command line to 'False'
[0.553s] Level 5:colcon.colcon_core.verb:set package 'my_first_package' build argument 'cmake_clean_first' from command line to 'False'
[0.553s] Level 5:colcon.colcon_core.verb:set package 'my_first_package' build argument 'cmake_force_configure' from command line to 'False'
[0.553s] Level 5:colcon.colcon_core.verb:set package 'my_first_package' build argument 'ament_cmake_args' from command line to 'None'
[0.553s] Level 5:colcon.colcon_core.verb:set package 'my_first_package' build argument 'catkin_cmake_args' from command line to 'None'
[0.553s] Level 5:colcon.colcon_core.verb:set package 'my_first_package' build argument 'catkin_skip_building_tests' from command line to 'False'
[0.553s] DEBUG:colcon.colcon_core.verb:Building package 'my_first_package' with the following arguments: {'ament_cmake_args': None, 'build_base': '/home/kiro04/Documents/robot_ws/ros2_ws/build/my_first_package', 'catkin_cmake_args': None, 'catkin_skip_building_tests': False, 'cmake_args': None, 'cmake_clean_cache': False, 'cmake_clean_first': False, 'cmake_force_configure': False, 'cmake_target': None, 'cmake_target_skip_unavailable': False, 'install_base': '/home/kiro04/Documents/robot_ws/ros2_ws/install/my_first_package', 'merge_install': False, 'path': '/home/kiro04/Documents/robot_ws/ros2_ws/src/my_first_package', 'symlink_install': False, 'test_result_base': None}
[0.554s] Level 5:colcon.colcon_core.verb:set package 'my_first_package_msgs' build argument 'cmake_args' from command line to 'None'
[0.554s] Level 5:colcon.colcon_core.verb:set package 'my_first_package_msgs' build argument 'cmake_target' from command line to 'None'
[0.554s] Level 5:colcon.colcon_core.verb:set package 'my_first_package_msgs' build argument 'cmake_target_skip_unavailable' from command line to 'False'
[0.554s] Level 5:colcon.colcon_core.verb:set package 'my_first_package_msgs' build argument 'cmake_clean_cache' from command line to 'False'
[0.554s] Level 5:colcon.colcon_core.verb:set package 'my_first_package_msgs' build argument 'cmake_clean_first' from command line to 'False'
[0.554s] Level 5:colcon.colcon_core.verb:set package 'my_first_package_msgs' build argument 'cmake_force_configure' from command line to 'False'
[0.554s] Level 5:colcon.colcon_core.verb:set package 'my_first_package_msgs' build argument 'ament_cmake_args' from command line to 'None'
[0.554s] Level 5:colcon.colcon_core.verb:set package 'my_first_package_msgs' build argument 'catkin_cmake_args' from command line to 'None'
[0.554s] Level 5:colcon.colcon_core.verb:set package 'my_first_package_msgs' build argument 'catkin_skip_building_tests' from command line to 'False'
[0.554s] DEBUG:colcon.colcon_core.verb:Building package 'my_first_package_msgs' with the following arguments: {'ament_cmake_args': None, 'build_base': '/home/kiro04/Documents/robot_ws/ros2_ws/build/my_first_package_msgs', 'catkin_cmake_args': None, 'catkin_skip_building_tests': False, 'cmake_args': None, 'cmake_clean_cache': False, 'cmake_clean_first': False, 'cmake_force_configure': False, 'cmake_target': None, 'cmake_target_skip_unavailable': False, 'install_base': '/home/kiro04/Documents/robot_ws/ros2_ws/install/my_first_package_msgs', 'merge_install': False, 'path': '/home/kiro04/Documents/robot_ws/ros2_ws/src/my_first_package_msgs', 'symlink_install': False, 'test_result_base': None}
[0.555s] INFO:colcon.colcon_core.executor:Executing jobs using 'parallel' executor
[0.558s] DEBUG:colcon.colcon_parallel_executor.executor.parallel:run_until_complete
[0.559s] INFO:colcon.colcon_ros.task.ament_python.build:Building ROS package in '/home/kiro04/Documents/robot_ws/ros2_ws/src/arduino_tutorial' with build type 'ament_python'
[0.559s] Level 1:colcon.colcon_core.shell:create_environment_hook('arduino_tutorial', 'ament_prefix_path')
[0.564s] INFO:colcon.colcon_core.plugin_system:Skipping extension 'colcon_core.shell.bat': Not used on non-Windows systems
[0.564s] INFO:colcon.colcon_core.shell:Creating environment hook '/home/kiro04/Documents/robot_ws/ros2_ws/install/arduino_tutorial/share/arduino_tutorial/hook/ament_prefix_path.ps1'
[0.565s] INFO:colcon.colcon_core.shell:Creating environment descriptor '/home/kiro04/Documents/robot_ws/ros2_ws/install/arduino_tutorial/share/arduino_tutorial/hook/ament_prefix_path.dsv'
[0.565s] INFO:colcon.colcon_core.shell:Creating environment hook '/home/kiro04/Documents/robot_ws/ros2_ws/install/arduino_tutorial/share/arduino_tutorial/hook/ament_prefix_path.sh'
[0.567s] INFO:colcon.colcon_core.shell:Skip shell extension 'powershell' for command environment: Not usable outside of PowerShell
[0.567s] DEBUG:colcon.colcon_core.shell:Skip shell extension 'dsv' for command environment
[0.572s] INFO:colcon.colcon_ros.task.ament_python.build:Building ROS package in '/home/kiro04/Documents/robot_ws/ros2_ws/src/my_first_package' with build type 'ament_python'
[0.573s] Level 1:colcon.colcon_core.shell:create_environment_hook('my_first_package', 'ament_prefix_path')
[0.575s] INFO:colcon.colcon_core.shell:Creating environment hook '/home/kiro04/Documents/robot_ws/ros2_ws/install/my_first_package/share/my_first_package/hook/ament_prefix_path.ps1'
[0.576s] INFO:colcon.colcon_core.shell:Creating environment descriptor '/home/kiro04/Documents/robot_ws/ros2_ws/install/my_first_package/share/my_first_package/hook/ament_prefix_path.dsv'
[0.577s] INFO:colcon.colcon_core.shell:Creating environment hook '/home/kiro04/Documents/robot_ws/ros2_ws/install/my_first_package/share/my_first_package/hook/ament_prefix_path.sh'
[0.580s] INFO:colcon.colcon_core.shell:Skip shell extension 'powershell' for command environment: Not usable outside of PowerShell
[0.580s] DEBUG:colcon.colcon_core.shell:Skip shell extension 'dsv' for command environment
[0.587s] INFO:colcon.colcon_ros.task.ament_cmake.build:Building ROS package in '/home/kiro04/Documents/robot_ws/ros2_ws/src/my_first_package_msgs' with build type 'ament_cmake'
[0.587s] INFO:colcon.colcon_cmake.task.cmake.build:Building CMake package in '/home/kiro04/Documents/robot_ws/ros2_ws/src/my_first_package_msgs'
[0.590s] INFO:colcon.colcon_core.shell:Skip shell extension 'powershell' for command environment: Not usable outside of PowerShell
[0.590s] DEBUG:colcon.colcon_core.shell:Skip shell extension 'dsv' for command environment
[0.941s] INFO:colcon.colcon_core.task.python.build:Building Python package in '/home/kiro04/Documents/robot_ws/ros2_ws/src/arduino_tutorial'
[0.943s] INFO:colcon.colcon_core.shell:Skip shell extension 'powershell' for command environment: Not usable outside of PowerShell
[0.943s] DEBUG:colcon.colcon_core.shell:Skip shell extension 'dsv' for command environment
[1.278s] INFO:colcon.colcon_core.task.python.build:Building Python package in '/home/kiro04/Documents/robot_ws/ros2_ws/src/my_first_package'
[1.280s] INFO:colcon.colcon_core.shell:Skip shell extension 'powershell' for command environment: Not usable outside of PowerShell
[1.280s] DEBUG:colcon.colcon_core.shell:Skip shell extension 'dsv' for command environment
[1.292s] DEBUG:colcon.colcon_core.event_handler.log_command:Invoking command in '/home/kiro04/Documents/robot_ws/ros2_ws/build/my_first_package_msgs': CMAKE_PREFIX_PATH=${CMAKE_PREFIX_PATH}:/home/kiro04/Documents/robot_ws/ros2_ws/install/my_first_package:/home/kiro04/Documents/robot_ws/ros2_ws/install/arduino_tutorial:/opt/ros/humble /usr/bin/cmake --build /home/kiro04/Documents/robot_ws/ros2_ws/build/my_first_package_msgs -- -j8 -l8
[2.459s] DEBUG:colcon.colcon_core.event_handler.log_command:Invoking command in '/home/kiro04/Documents/robot_ws/ros2_ws/src/my_first_package': PYTHONPATH=/home/kiro04/Documents/robot_ws/ros2_ws/build/my_first_package/prefix_override:/home/kiro04/Documents/robot_ws/ros2_ws/install/my_first_package/lib/python3.10/site-packages:${PYTHONPATH} /usr/bin/python3 setup.py egg_info --egg-base ../../build/my_first_package build --build-base /home/kiro04/Documents/robot_ws/ros2_ws/build/my_first_package/build install --record /home/kiro04/Documents/robot_ws/ros2_ws/build/my_first_package/install.log --single-version-externally-managed
[2.460s] DEBUG:colcon.colcon_core.event_handler.log_command:Invoked command in '/home/kiro04/Documents/robot_ws/ros2_ws/build/my_first_package_msgs' returned '0': CMAKE_PREFIX_PATH=${CMAKE_PREFIX_PATH}:/home/kiro04/Documents/robot_ws/ros2_ws/install/my_first_package:/home/kiro04/Documents/robot_ws/ros2_ws/install/arduino_tutorial:/opt/ros/humble /usr/bin/cmake --build /home/kiro04/Documents/robot_ws/ros2_ws/build/my_first_package_msgs -- -j8 -l8
[2.498s] DEBUG:colcon.colcon_core.event_handler.log_command:Invoking command in '/home/kiro04/Documents/robot_ws/ros2_ws/src/arduino_tutorial': PYTHONPATH=/home/kiro04/Documents/robot_ws/ros2_ws/build/arduino_tutorial/prefix_override:/home/kiro04/Documents/robot_ws/ros2_ws/install/arduino_tutorial/lib/python3.10/site-packages:${PYTHONPATH} /usr/bin/python3 setup.py egg_info --egg-base ../../build/arduino_tutorial build --build-base /home/kiro04/Documents/robot_ws/ros2_ws/build/arduino_tutorial/build install --record /home/kiro04/Documents/robot_ws/ros2_ws/build/arduino_tutorial/install.log --single-version-externally-managed
[2.575s] DEBUG:colcon.colcon_core.event_handler.log_command:Invoking command in '/home/kiro04/Documents/robot_ws/ros2_ws/build/my_first_package_msgs': CMAKE_PREFIX_PATH=${CMAKE_PREFIX_PATH}:/home/kiro04/Documents/robot_ws/ros2_ws/install/my_first_package:/home/kiro04/Documents/robot_ws/ros2_ws/install/arduino_tutorial:/opt/ros/humble /usr/bin/cmake --install /home/kiro04/Documents/robot_ws/ros2_ws/build/my_first_package_msgs
[2.684s] Level 1:colcon.colcon_core.environment:create_environment_scripts_only(my_first_package_msgs)
[2.692s] DEBUG:colcon.colcon_core.event_handler.log_command:Invoked command in '/home/kiro04/Documents/robot_ws/ros2_ws/build/my_first_package_msgs' returned '0': CMAKE_PREFIX_PATH=${CMAKE_PREFIX_PATH}:/home/kiro04/Documents/robot_ws/ros2_ws/install/my_first_package:/home/kiro04/Documents/robot_ws/ros2_ws/install/arduino_tutorial:/opt/ros/humble /usr/bin/cmake --install /home/kiro04/Documents/robot_ws/ros2_ws/build/my_first_package_msgs
[2.693s] Level 1:colcon.colcon_core.environment:checking '/home/kiro04/Documents/robot_ws/ros2_ws/install/my_first_package_msgs' for CMake module files
[2.694s] Level 1:colcon.colcon_core.environment:checking '/home/kiro04/Documents/robot_ws/ros2_ws/install/my_first_package_msgs' for CMake config files
[2.695s] Level 1:colcon.colcon_core.shell:create_environment_hook('my_first_package_msgs', 'cmake_prefix_path')
[2.697s] INFO:colcon.colcon_core.shell:Creating environment hook '/home/kiro04/Documents/robot_ws/ros2_ws/install/my_first_package_msgs/share/my_first_package_msgs/hook/cmake_prefix_path.ps1'
[2.697s] INFO:colcon.colcon_core.shell:Creating environment descriptor '/home/kiro04/Documents/robot_ws/ros2_ws/install/my_first_package_msgs/share/my_first_package_msgs/hook/cmake_prefix_path.dsv'
[2.698s] INFO:colcon.colcon_core.shell:Creating environment hook '/home/kiro04/Documents/robot_ws/ros2_ws/install/my_first_package_msgs/share/my_first_package_msgs/hook/cmake_prefix_path.sh'
[2.698s] Level 1:colcon.colcon_core.environment:checking '/home/kiro04/Documents/robot_ws/ros2_ws/install/my_first_package_msgs/lib'
[2.699s] Level 1:colcon.colcon_core.shell:create_environment_hook('my_first_package_msgs', 'ld_library_path_lib')
[2.701s] INFO:colcon.colcon_core.shell:Creating environment hook '/home/kiro04/Documents/robot_ws/ros2_ws/install/my_first_package_msgs/share/my_first_package_msgs/hook/ld_library_path_lib.ps1'
[2.701s] INFO:colcon.colcon_core.shell:Creating environment descriptor '/home/kiro04/Documents/robot_ws/ros2_ws/install/my_first_package_msgs/share/my_first_package_msgs/hook/ld_library_path_lib.dsv'
[2.702s] INFO:colcon.colcon_core.shell:Creating environment hook '/home/kiro04/Documents/robot_ws/ros2_ws/install/my_first_package_msgs/share/my_first_package_msgs/hook/ld_library_path_lib.sh'
[2.702s] Level 1:colcon.colcon_core.environment:checking '/home/kiro04/Documents/robot_ws/ros2_ws/install/my_first_package_msgs/bin'
[2.702s] Level 1:colcon.colcon_core.environment:checking '/home/kiro04/Documents/robot_ws/ros2_ws/install/my_first_package_msgs/lib/pkgconfig/my_first_package_msgs.pc'
[2.703s] Level 1:colcon.colcon_core.environment:checking '/home/kiro04/Documents/robot_ws/ros2_ws/install/my_first_package_msgs/lib/python3.10/site-packages'
[2.703s] Level 1:colcon.colcon_core.environment:checking '/home/kiro04/Documents/robot_ws/ros2_ws/install/my_first_package_msgs/bin'
[2.707s] INFO:colcon.colcon_core.shell:Creating package script '/home/kiro04/Documents/robot_ws/ros2_ws/install/my_first_package_msgs/share/my_first_package_msgs/package.ps1'
[2.708s] INFO:colcon.colcon_core.shell:Creating package descriptor '/home/kiro04/Documents/robot_ws/ros2_ws/install/my_first_package_msgs/share/my_first_package_msgs/package.dsv'
[2.709s] INFO:colcon.colcon_core.shell:Creating package script '/home/kiro04/Documents/robot_ws/ros2_ws/install/my_first_package_msgs/share/my_first_package_msgs/package.sh'
[2.710s] INFO:colcon.colcon_core.shell:Creating package script '/home/kiro04/Documents/robot_ws/ros2_ws/install/my_first_package_msgs/share/my_first_package_msgs/package.bash'
[2.711s] INFO:colcon.colcon_core.shell:Creating package script '/home/kiro04/Documents/robot_ws/ros2_ws/install/my_first_package_msgs/share/my_first_package_msgs/package.zsh'
[2.712s] Level 1:colcon.colcon_core.environment:create_file_with_runtime_dependencies(/home/kiro04/Documents/robot_ws/ros2_ws/install/my_first_package_msgs/share/colcon-core/packages/my_first_package_msgs)
[2.834s] Level 1:colcon.colcon_core.environment:create_environment_scripts_only(my_first_package_msgs)
[2.838s] Level 1:colcon.colcon_core.environment:checking '/home/kiro04/Documents/robot_ws/ros2_ws/install/my_first_package_msgs' for CMake module files
[2.840s] Level 1:colcon.colcon_core.environment:checking '/home/kiro04/Documents/robot_ws/ros2_ws/install/my_first_package_msgs' for CMake config files
[2.841s] Level 1:colcon.colcon_core.shell:create_environment_hook('my_first_package_msgs', 'cmake_prefix_path')
[2.844s] INFO:colcon.colcon_core.shell:Creating environment hook '/home/kiro04/Documents/robot_ws/ros2_ws/install/my_first_package_msgs/share/my_first_package_msgs/hook/cmake_prefix_path.ps1'
[2.845s] INFO:colcon.colcon_core.shell:Creating environment descriptor '/home/kiro04/Documents/robot_ws/ros2_ws/install/my_first_package_msgs/share/my_first_package_msgs/hook/cmake_prefix_path.dsv'
[2.846s] INFO:colcon.colcon_core.shell:Creating environment hook '/home/kiro04/Documents/robot_ws/ros2_ws/install/my_first_package_msgs/share/my_first_package_msgs/hook/cmake_prefix_path.sh'
[2.847s] Level 1:colcon.colcon_core.environment:checking '/home/kiro04/Documents/robot_ws/ros2_ws/install/my_first_package_msgs/lib'
[2.847s] Level 1:colcon.colcon_core.shell:create_environment_hook('my_first_package_msgs', 'ld_library_path_lib')
[2.851s] INFO:colcon.colcon_core.shell:Creating environment hook '/home/kiro04/Documents/robot_ws/ros2_ws/install/my_first_package_msgs/share/my_first_package_msgs/hook/ld_library_path_lib.ps1'
[2.851s] INFO:colcon.colcon_core.shell:Creating environment descriptor '/home/kiro04/Documents/robot_ws/ros2_ws/install/my_first_package_msgs/share/my_first_package_msgs/hook/ld_library_path_lib.dsv'
[2.852s] INFO:colcon.colcon_core.shell:Creating environment hook '/home/kiro04/Documents/robot_ws/ros2_ws/install/my_first_package_msgs/share/my_first_package_msgs/hook/ld_library_path_lib.sh'
[2.853s] Level 1:colcon.colcon_core.environment:checking '/home/kiro04/Documents/robot_ws/ros2_ws/install/my_first_package_msgs/bin'
[2.853s] Level 1:colcon.colcon_core.environment:checking '/home/kiro04/Documents/robot_ws/ros2_ws/install/my_first_package_msgs/lib/pkgconfig/my_first_package_msgs.pc'
[2.854s] Level 1:colcon.colcon_core.environment:checking '/home/kiro04/Documents/robot_ws/ros2_ws/install/my_first_package_msgs/lib/python3.10/site-packages'
[2.854s] Level 1:colcon.colcon_core.environment:checking '/home/kiro04/Documents/robot_ws/ros2_ws/install/my_first_package_msgs/bin'
[2.858s] INFO:colcon.colcon_core.shell:Creating package script '/home/kiro04/Documents/robot_ws/ros2_ws/install/my_first_package_msgs/share/my_first_package_msgs/package.ps1'
[2.859s] INFO:colcon.colcon_core.shell:Creating package descriptor '/home/kiro04/Documents/robot_ws/ros2_ws/install/my_first_package_msgs/share/my_first_package_msgs/package.dsv'
[2.860s] INFO:colcon.colcon_core.shell:Creating package script '/home/kiro04/Documents/robot_ws/ros2_ws/install/my_first_package_msgs/share/my_first_package_msgs/package.sh'
[2.861s] INFO:colcon.colcon_core.shell:Creating package script '/home/kiro04/Documents/robot_ws/ros2_ws/install/my_first_package_msgs/share/my_first_package_msgs/package.bash'
[2.862s] INFO:colcon.colcon_core.shell:Creating package script '/home/kiro04/Documents/robot_ws/ros2_ws/install/my_first_package_msgs/share/my_first_package_msgs/package.zsh'
[2.863s] Level 1:colcon.colcon_core.environment:create_file_with_runtime_dependencies(/home/kiro04/Documents/robot_ws/ros2_ws/install/my_first_package_msgs/share/colcon-core/packages/my_first_package_msgs)
[3.010s] Level 1:colcon.colcon_core.environment:checking '/home/kiro04/Documents/robot_ws/ros2_ws/install/my_first_package' for CMake module files
[3.011s] DEBUG:colcon.colcon_core.event_handler.log_command:Invoked command in '/home/kiro04/Documents/robot_ws/ros2_ws/src/my_first_package' returned '0': PYTHONPATH=/home/kiro04/Documents/robot_ws/ros2_ws/build/my_first_package/prefix_override:/home/kiro04/Documents/robot_ws/ros2_ws/install/my_first_package/lib/python3.10/site-packages:${PYTHONPATH} /usr/bin/python3 setup.py egg_info --egg-base ../../build/my_first_package build --build-base /home/kiro04/Documents/robot_ws/ros2_ws/build/my_first_package/build install --record /home/kiro04/Documents/robot_ws/ros2_ws/build/my_first_package/install.log --single-version-externally-managed
[3.012s] Level 1:colcon.colcon_core.environment:checking '/home/kiro04/Documents/robot_ws/ros2_ws/install/my_first_package' for CMake config files
[3.012s] Level 1:colcon.colcon_core.environment:checking '/home/kiro04/Documents/robot_ws/ros2_ws/install/my_first_package/lib'
[3.012s] Level 1:colcon.colcon_core.environment:checking '/home/kiro04/Documents/robot_ws/ros2_ws/install/my_first_package/bin'
[3.012s] Level 1:colcon.colcon_core.environment:checking '/home/kiro04/Documents/robot_ws/ros2_ws/install/my_first_package/lib/pkgconfig/my_first_package.pc'
[3.013s] Level 1:colcon.colcon_core.environment:checking '/home/kiro04/Documents/robot_ws/ros2_ws/install/my_first_package/lib/python3.10/site-packages'
[3.013s] Level 1:colcon.colcon_core.shell:create_environment_hook('my_first_package', 'pythonpath')
[3.014s] INFO:colcon.colcon_core.shell:Creating environment hook '/home/kiro04/Documents/robot_ws/ros2_ws/install/my_first_package/share/my_first_package/hook/pythonpath.ps1'
[3.015s] INFO:colcon.colcon_core.shell:Creating environment descriptor '/home/kiro04/Documents/robot_ws/ros2_ws/install/my_first_package/share/my_first_package/hook/pythonpath.dsv'
[3.015s] INFO:colcon.colcon_core.shell:Creating environment hook '/home/kiro04/Documents/robot_ws/ros2_ws/install/my_first_package/share/my_first_package/hook/pythonpath.sh'
[3.016s] Level 1:colcon.colcon_core.environment:checking '/home/kiro04/Documents/robot_ws/ros2_ws/install/my_first_package/bin'
[3.017s] Level 1:colcon.colcon_core.environment:create_environment_scripts_only(my_first_package)
[3.019s] INFO:colcon.colcon_core.shell:Creating package script '/home/kiro04/Documents/robot_ws/ros2_ws/install/my_first_package/share/my_first_package/package.ps1'
[3.021s] INFO:colcon.colcon_core.shell:Creating package descriptor '/home/kiro04/Documents/robot_ws/ros2_ws/install/my_first_package/share/my_first_package/package.dsv'
[3.022s] INFO:colcon.colcon_core.shell:Creating package script '/home/kiro04/Documents/robot_ws/ros2_ws/install/my_first_package/share/my_first_package/package.sh'
[3.023s] INFO:colcon.colcon_core.shell:Creating package script '/home/kiro04/Documents/robot_ws/ros2_ws/install/my_first_package/share/my_first_package/package.bash'
[3.023s] INFO:colcon.colcon_core.shell:Creating package script '/home/kiro04/Documents/robot_ws/ros2_ws/install/my_first_package/share/my_first_package/package.zsh'
[3.023s] Level 1:colcon.colcon_core.environment:create_file_with_runtime_dependencies(/home/kiro04/Documents/robot_ws/ros2_ws/install/my_first_package/share/colcon-core/packages/my_first_package)
[3.059s] Level 1:colcon.colcon_core.environment:checking '/home/kiro04/Documents/robot_ws/ros2_ws/install/arduino_tutorial' for CMake module files
[3.060s] DEBUG:colcon.colcon_core.event_handler.log_command:Invoked command in '/home/kiro04/Documents/robot_ws/ros2_ws/src/arduino_tutorial' returned '0': PYTHONPATH=/home/kiro04/Documents/robot_ws/ros2_ws/build/arduino_tutorial/prefix_override:/home/kiro04/Documents/robot_ws/ros2_ws/install/arduino_tutorial/lib/python3.10/site-packages:${PYTHONPATH} /usr/bin/python3 setup.py egg_info --egg-base ../../build/arduino_tutorial build --build-base /home/kiro04/Documents/robot_ws/ros2_ws/build/arduino_tutorial/build install --record /home/kiro04/Documents/robot_ws/ros2_ws/build/arduino_tutorial/install.log --single-version-externally-managed
[3.061s] Level 1:colcon.colcon_core.environment:checking '/home/kiro04/Documents/robot_ws/ros2_ws/install/arduino_tutorial' for CMake config files
[3.062s] Level 1:colcon.colcon_core.environment:checking '/home/kiro04/Documents/robot_ws/ros2_ws/install/arduino_tutorial/lib'
[3.062s] Level 1:colcon.colcon_core.environment:checking '/home/kiro04/Documents/robot_ws/ros2_ws/install/arduino_tutorial/bin'
[3.062s] Level 1:colcon.colcon_core.environment:checking '/home/kiro04/Documents/robot_ws/ros2_ws/install/arduino_tutorial/lib/pkgconfig/arduino_tutorial.pc'
[3.062s] Level 1:colcon.colcon_core.environment:checking '/home/kiro04/Documents/robot_ws/ros2_ws/install/arduino_tutorial/lib/python3.10/site-packages'
[3.062s] Level 1:colcon.colcon_core.shell:create_environment_hook('arduino_tutorial', 'pythonpath')
[3.064s] INFO:colcon.colcon_core.shell:Creating environment hook '/home/kiro04/Documents/robot_ws/ros2_ws/install/arduino_tutorial/share/arduino_tutorial/hook/pythonpath.ps1'
[3.065s] INFO:colcon.colcon_core.shell:Creating environment descriptor '/home/kiro04/Documents/robot_ws/ros2_ws/install/arduino_tutorial/share/arduino_tutorial/hook/pythonpath.dsv'
[3.065s] INFO:colcon.colcon_core.shell:Creating environment hook '/home/kiro04/Documents/robot_ws/ros2_ws/install/arduino_tutorial/share/arduino_tutorial/hook/pythonpath.sh'
[3.066s] Level 1:colcon.colcon_core.environment:checking '/home/kiro04/Documents/robot_ws/ros2_ws/install/arduino_tutorial/bin'
[3.066s] Level 1:colcon.colcon_core.environment:create_environment_scripts_only(arduino_tutorial)
[3.068s] INFO:colcon.colcon_core.shell:Creating package script '/home/kiro04/Documents/robot_ws/ros2_ws/install/arduino_tutorial/share/arduino_tutorial/package.ps1'
[3.069s] INFO:colcon.colcon_core.shell:Creating package descriptor '/home/kiro04/Documents/robot_ws/ros2_ws/install/arduino_tutorial/share/arduino_tutorial/package.dsv'
[3.070s] INFO:colcon.colcon_core.shell:Creating package script '/home/kiro04/Documents/robot_ws/ros2_ws/install/arduino_tutorial/share/arduino_tutorial/package.sh'
[3.071s] INFO:colcon.colcon_core.shell:Creating package script '/home/kiro04/Documents/robot_ws/ros2_ws/install/arduino_tutorial/share/arduino_tutorial/package.bash'
[3.071s] INFO:colcon.colcon_core.shell:Creating package script '/home/kiro04/Documents/robot_ws/ros2_ws/install/arduino_tutorial/share/arduino_tutorial/package.zsh'
[3.072s] Level 1:colcon.colcon_core.environment:create_file_with_runtime_dependencies(/home/kiro04/Documents/robot_ws/ros2_ws/install/arduino_tutorial/share/colcon-core/packages/arduino_tutorial)
[3.072s] DEBUG:colcon.colcon_parallel_executor.executor.parallel:closing loop
[3.073s] DEBUG:colcon.colcon_parallel_executor.executor.parallel:loop closed
[3.073s] DEBUG:colcon.colcon_parallel_executor.executor.parallel:run_until_complete finished with '0'
[3.073s] DEBUG:colcon.colcon_core.event_reactor:joining thread
[3.080s] INFO:colcon.colcon_core.plugin_system:Skipping extension 'colcon_notification.desktop_notification.terminal_notifier': Not used on non-Darwin systems
[3.081s] INFO:colcon.colcon_core.plugin_system:Skipping extension 'colcon_notification.desktop_notification.win32': Not used on non-Windows systems
[3.081s] INFO:colcon.colcon_notification.desktop_notification:Sending desktop notification using 'notify2'
[3.098s] DEBUG:colcon.colcon_core.event_reactor:joined thread
[3.100s] INFO:colcon.colcon_core.shell:Creating prefix script '/home/kiro04/Documents/robot_ws/ros2_ws/install/local_setup.ps1'
[3.101s] INFO:colcon.colcon_core.shell:Creating prefix util module '/home/kiro04/Documents/robot_ws/ros2_ws/install/_local_setup_util_ps1.py'
[3.102s] INFO:colcon.colcon_core.shell:Creating prefix chain script '/home/kiro04/Documents/robot_ws/ros2_ws/install/setup.ps1'
[3.104s] INFO:colcon.colcon_core.shell:Creating prefix script '/home/kiro04/Documents/robot_ws/ros2_ws/install/local_setup.sh'
[3.105s] INFO:colcon.colcon_core.shell:Creating prefix util module '/home/kiro04/Documents/robot_ws/ros2_ws/install/_local_setup_util_sh.py'
[3.105s] INFO:colcon.colcon_core.shell:Creating prefix chain script '/home/kiro04/Documents/robot_ws/ros2_ws/install/setup.sh'
[3.107s] INFO:colcon.colcon_core.shell:Creating prefix script '/home/kiro04/Documents/robot_ws/ros2_ws/install/local_setup.bash'
[3.107s] INFO:colcon.colcon_core.shell:Creating prefix chain script '/home/kiro04/Documents/robot_ws/ros2_ws/install/setup.bash'
[3.109s] INFO:colcon.colcon_core.shell:Creating prefix script '/home/kiro04/Documents/robot_ws/ros2_ws/install/local_setup.zsh'
[3.110s] INFO:colcon.colcon_core.shell:Creating prefix chain script '/home/kiro04/Documents/robot_ws/ros2_ws/install/setup.zsh'
