[0.651s] Invoking command in '/home/kiro04/Documents/robot_ws/ros2_ws/build/my_first_package_msgs': CMAKE_PREFIX_PATH=${CMAKE_PREFIX_PATH}:/home/kiro04/Documents/robot_ws/ros2_ws/install/my_first_package:/home/kiro04/Documents/robot_ws/ros2_ws/install/arduino_tutorial:/opt/ros/humble /usr/bin/cmake --build /home/kiro04/Documents/robot_ws/ros2_ws/build/my_first_package_msgs -- -j8 -l8
[0.684s] -- Found ament_cmake: 1.3.4 (/opt/ros/humble/share/ament_cmake/cmake)
[0.918s] -- Found rosidl_default_generators: 1.2.0 (/opt/ros/humble/share/rosidl_default_generators/cmake)
[0.921s] -- Using all available rosidl_typesupport_c: rosidl_typesupport_fastrtps_c;rosidl_typesupport_introspection_c
[0.927s] -- Found rosidl_adapter: 3.1.4 (/opt/ros/humble/share/rosidl_adapter/cmake)
[0.970s] -- Using all available rosidl_typesupport_cpp: rosidl_typesupport_fastrtps_cpp;rosidl_typesupport_introspection_cpp
[1.556s] -- Found ament_cmake_ros: 0.10.0 (/opt/ros/humble/share/ament_cmake_ros/cmake)
[1.880s] -- Using all available rosidl_typesupport_c: rosidl_typesupport_fastrtps_c;rosidl_typesupport_introspection_c
[2.182s] -- Using all available rosidl_typesupport_cpp: rosidl_typesupport_fastrtps_cpp;rosidl_typesupport_introspection_cpp
[2.202s] -- Found python_cmake_module: 0.10.0 (/opt/ros/humble/share/python_cmake_module/cmake)
[2.224s] -- Using PYTHON_EXECUTABLE: /usr/bin/python3
[2.224s] -- Using PYTHON_INCLUDE_DIRS: /usr/include/python3.10
[2.224s] -- Using PYTHON_LIBRARIES: /usr/lib/x86_64-linux-gnu/libpython3.10.so
[2.246s] -- Found ament_lint_auto: 0.12.6 (/opt/ros/humble/share/ament_lint_auto/cmake)
[2.257s] -- Added test 'flake8' to check Python code syntax and style conventions
[2.258s] -- Added test 'lint_cmake' to check CMake code style
[2.258s] -- Added test 'pep257' to check Python code against some of the docstring style conventions in PEP 257
[2.260s] -- Added test 'xmllint' to check XML markup files
[2.262s] -- Configuring done
[2.310s] -- Generating done
[2.316s] -- Build files have been written to: /home/kiro04/Documents/robot_ws/ros2_ws/build/my_first_package_msgs
[2.352s] [35m[1mConsolidate compiler generated dependencies of target my_first_package_msgs__rosidl_generator_c[0m
[2.369s] [  2%] Built target my_first_package_msgs__cpp
[2.373s] [ 12%] Built target my_first_package_msgs__rosidl_generator_c
[2.377s] [ 12%] Built target ament_cmake_python_copy_my_first_package_msgs
[2.391s] [35m[1mConsolidate compiler generated dependencies of target my_first_package_msgs__rosidl_typesupport_cpp[0m
[2.391s] [35m[1mConsolidate compiler generated dependencies of target my_first_package_msgs__rosidl_typesupport_fastrtps_cpp[0m
[2.393s] [35m[1mConsolidate compiler generated dependencies of target my_first_package_msgs__rosidl_typesupport_introspection_c[0m
[2.394s] [35m[1mConsolidate compiler generated dependencies of target my_first_package_msgs__rosidl_typesupport_fastrtps_c[0m
[2.399s] [35m[1mConsolidate compiler generated dependencies of target my_first_package_msgs__rosidl_typesupport_introspection_cpp[0m
[2.416s] [35m[1mConsolidate compiler generated dependencies of target my_first_package_msgs__rosidl_typesupport_c[0m
[2.421s] [ 23%] Built target my_first_package_msgs__rosidl_typesupport_introspection_c
[2.439s] [ 33%] Built target my_first_package_msgs__rosidl_typesupport_fastrtps_cpp
[2.439s] [ 43%] Built target my_first_package_msgs__rosidl_typesupport_cpp
[2.439s] [ 53%] Built target my_first_package_msgs__rosidl_typesupport_introspection_cpp
[2.441s] [ 64%] Built target my_first_package_msgs__rosidl_typesupport_fastrtps_c
[2.443s] [ 74%] Built target my_first_package_msgs__rosidl_typesupport_c
[2.477s] [ 74%] Built target my_first_package_msgs
[2.507s] [ 76%] Built target my_first_package_msgs__py
[2.521s] [35m[1mConsolidate compiler generated dependencies of target my_first_package_msgs__rosidl_generator_py[0m
[2.545s] [ 84%] Built target my_first_package_msgs__rosidl_generator_py
[2.559s] [35m[1mConsolidate compiler generated dependencies of target my_first_package_msgs__rosidl_typesupport_fastrtps_c__pyext[0m
[2.562s] [35m[1mConsolidate compiler generated dependencies of target my_first_package_msgs__rosidl_typesupport_introspection_c__pyext[0m
[2.563s] [35m[1mConsolidate compiler generated dependencies of target my_first_package_msgs__rosidl_typesupport_c__pyext[0m
[2.583s] [ 89%] Built target my_first_package_msgs__rosidl_typesupport_fastrtps_c__pyext
[2.584s] [ 94%] Built target my_first_package_msgs__rosidl_typesupport_introspection_c__pyext
[2.588s] [100%] Built target my_first_package_msgs__rosidl_typesupport_c__pyext
[2.915s] running egg_info
[2.917s] writing my_first_package_msgs.egg-info/PKG-INFO
[2.917s] writing dependency_links to my_first_package_msgs.egg-info/dependency_links.txt
[2.918s] writing top-level names to my_first_package_msgs.egg-info/top_level.txt
[2.921s] reading manifest file 'my_first_package_msgs.egg-info/SOURCES.txt'
[2.922s] writing manifest file 'my_first_package_msgs.egg-info/SOURCES.txt'
[2.958s] [100%] Built target ament_cmake_python_build_my_first_package_msgs_egg
[2.971s] Invoked command in '/home/kiro04/Documents/robot_ws/ros2_ws/build/my_first_package_msgs' returned '0': CMAKE_PREFIX_PATH=${CMAKE_PREFIX_PATH}:/home/kiro04/Documents/robot_ws/ros2_ws/install/my_first_package:/home/kiro04/Documents/robot_ws/ros2_ws/install/arduino_tutorial:/opt/ros/humble /usr/bin/cmake --build /home/kiro04/Documents/robot_ws/ros2_ws/build/my_first_package_msgs -- -j8 -l8
[3.067s] Invoking command in '/home/kiro04/Documents/robot_ws/ros2_ws/build/my_first_package_msgs': CMAKE_PREFIX_PATH=${CMAKE_PREFIX_PATH}:/home/kiro04/Documents/robot_ws/ros2_ws/install/my_first_package:/home/kiro04/Documents/robot_ws/ros2_ws/install/arduino_tutorial:/opt/ros/humble /usr/bin/cmake --install /home/kiro04/Documents/robot_ws/ros2_ws/build/my_first_package_msgs
[3.077s] -- Install configuration: ""
[3.078s] -- Up-to-date: /home/kiro04/Documents/robot_ws/ros2_ws/install/my_first_package_msgs/share/ament_index/resource_index/rosidl_interfaces/my_first_package_msgs
[3.078s] -- Up-to-date: /home/kiro04/Documents/robot_ws/ros2_ws/install/my_first_package_msgs/include/my_first_package_msgs/my_first_package_msgs
[3.078s] -- Up-to-date: /home/kiro04/Documents/robot_ws/ros2_ws/install/my_first_package_msgs/include/my_first_package_msgs/my_first_package_msgs/msg
[3.078s] -- Up-to-date: /home/kiro04/Documents/robot_ws/ros2_ws/install/my_first_package_msgs/include/my_first_package_msgs/my_first_package_msgs/msg/cmd_and_pose_vel.h
[3.079s] -- Up-to-date: /home/kiro04/Documents/robot_ws/ros2_ws/install/my_first_package_msgs/include/my_first_package_msgs/my_first_package_msgs/msg/detail
[3.079s] -- Up-to-date: /home/kiro04/Documents/robot_ws/ros2_ws/install/my_first_package_msgs/include/my_first_package_msgs/my_first_package_msgs/msg/detail/cmd_and_pose_vel__functions.c
[3.079s] -- Up-to-date: /home/kiro04/Documents/robot_ws/ros2_ws/install/my_first_package_msgs/include/my_first_package_msgs/my_first_package_msgs/msg/detail/cmd_and_pose_vel__functions.h
[3.079s] -- Up-to-date: /home/kiro04/Documents/robot_ws/ros2_ws/install/my_first_package_msgs/include/my_first_package_msgs/my_first_package_msgs/msg/detail/cmd_and_pose_vel__type_support.h
[3.079s] -- Up-to-date: /home/kiro04/Documents/robot_ws/ros2_ws/install/my_first_package_msgs/include/my_first_package_msgs/my_first_package_msgs/msg/detail/cmd_and_pose_vel__struct.h
[3.080s] -- Up-to-date: /home/kiro04/Documents/robot_ws/ros2_ws/install/my_first_package_msgs/include/my_first_package_msgs/my_first_package_msgs/msg/rosidl_generator_c__visibility_control.h
[3.080s] -- Up-to-date: /home/kiro04/Documents/robot_ws/ros2_ws/install/my_first_package_msgs/include/my_first_package_msgs/my_first_package_msgs/action
[3.080s] -- Up-to-date: /home/kiro04/Documents/robot_ws/ros2_ws/install/my_first_package_msgs/include/my_first_package_msgs/my_first_package_msgs/action/detail
[3.080s] -- Up-to-date: /home/kiro04/Documents/robot_ws/ros2_ws/install/my_first_package_msgs/include/my_first_package_msgs/my_first_package_msgs/action/detail/dist_turtle__struct.h
[3.081s] -- Up-to-date: /home/kiro04/Documents/robot_ws/ros2_ws/install/my_first_package_msgs/include/my_first_package_msgs/my_first_package_msgs/action/detail/dist_turtle__functions.h
[3.081s] -- Up-to-date: /home/kiro04/Documents/robot_ws/ros2_ws/install/my_first_package_msgs/include/my_first_package_msgs/my_first_package_msgs/action/detail/dist_turtle__functions.c
[3.081s] -- Up-to-date: /home/kiro04/Documents/robot_ws/ros2_ws/install/my_first_package_msgs/include/my_first_package_msgs/my_first_package_msgs/action/detail/dist_turtle__type_support.h
[3.081s] -- Up-to-date: /home/kiro04/Documents/robot_ws/ros2_ws/install/my_first_package_msgs/include/my_first_package_msgs/my_first_package_msgs/action/dist_turtle.h
[3.082s] -- Up-to-date: /home/kiro04/Documents/robot_ws/ros2_ws/install/my_first_package_msgs/share/my_first_package_msgs/environment/library_path.sh
[3.082s] -- Installing: /home/kiro04/Documents/robot_ws/ros2_ws/install/my_first_package_msgs/share/my_first_package_msgs/environment/library_path.dsv
[3.082s] -- Up-to-date: /home/kiro04/Documents/robot_ws/ros2_ws/install/my_first_package_msgs/lib/libmy_first_package_msgs__rosidl_generator_c.so
[3.082s] -- Up-to-date: /home/kiro04/Documents/robot_ws/ros2_ws/install/my_first_package_msgs/include/my_first_package_msgs/my_first_package_msgs
[3.082s] -- Up-to-date: /home/kiro04/Documents/robot_ws/ros2_ws/install/my_first_package_msgs/include/my_first_package_msgs/my_first_package_msgs/msg
[3.083s] -- Up-to-date: /home/kiro04/Documents/robot_ws/ros2_ws/install/my_first_package_msgs/include/my_first_package_msgs/my_first_package_msgs/msg/rosidl_typesupport_fastrtps_c__visibility_control.h
[3.083s] -- Up-to-date: /home/kiro04/Documents/robot_ws/ros2_ws/install/my_first_package_msgs/include/my_first_package_msgs/my_first_package_msgs/msg/detail
[3.083s] -- Up-to-date: /home/kiro04/Documents/robot_ws/ros2_ws/install/my_first_package_msgs/include/my_first_package_msgs/my_first_package_msgs/msg/detail/cmd_and_pose_vel__rosidl_typesupport_fastrtps_c.h
[3.084s] -- Up-to-date: /home/kiro04/Documents/robot_ws/ros2_ws/install/my_first_package_msgs/include/my_first_package_msgs/my_first_package_msgs/action
[3.084s] -- Up-to-date: /home/kiro04/Documents/robot_ws/ros2_ws/install/my_first_package_msgs/include/my_first_package_msgs/my_first_package_msgs/action/detail
[3.084s] -- Up-to-date: /home/kiro04/Documents/robot_ws/ros2_ws/install/my_first_package_msgs/include/my_first_package_msgs/my_first_package_msgs/action/detail/dist_turtle__rosidl_typesupport_fastrtps_c.h
[3.084s] -- Up-to-date: /home/kiro04/Documents/robot_ws/ros2_ws/install/my_first_package_msgs/lib/libmy_first_package_msgs__rosidl_typesupport_fastrtps_c.so
[3.084s] -- Up-to-date: /home/kiro04/Documents/robot_ws/ros2_ws/install/my_first_package_msgs/include/my_first_package_msgs/my_first_package_msgs
[3.085s] -- Up-to-date: /home/kiro04/Documents/robot_ws/ros2_ws/install/my_first_package_msgs/include/my_first_package_msgs/my_first_package_msgs/msg
[3.085s] -- Up-to-date: /home/kiro04/Documents/robot_ws/ros2_ws/install/my_first_package_msgs/include/my_first_package_msgs/my_first_package_msgs/msg/detail
[3.085s] -- Up-to-date: /home/kiro04/Documents/robot_ws/ros2_ws/install/my_first_package_msgs/include/my_first_package_msgs/my_first_package_msgs/msg/detail/cmd_and_pose_vel__type_support.c
[3.085s] -- Up-to-date: /home/kiro04/Documents/robot_ws/ros2_ws/install/my_first_package_msgs/include/my_first_package_msgs/my_first_package_msgs/msg/detail/cmd_and_pose_vel__rosidl_typesupport_introspection_c.h
[3.086s] -- Up-to-date: /home/kiro04/Documents/robot_ws/ros2_ws/install/my_first_package_msgs/include/my_first_package_msgs/my_first_package_msgs/msg/rosidl_typesupport_introspection_c__visibility_control.h
[3.086s] -- Up-to-date: /home/kiro04/Documents/robot_ws/ros2_ws/install/my_first_package_msgs/include/my_first_package_msgs/my_first_package_msgs/action
[3.086s] -- Up-to-date: /home/kiro04/Documents/robot_ws/ros2_ws/install/my_first_package_msgs/include/my_first_package_msgs/my_first_package_msgs/action/detail
[3.086s] -- Up-to-date: /home/kiro04/Documents/robot_ws/ros2_ws/install/my_first_package_msgs/include/my_first_package_msgs/my_first_package_msgs/action/detail/dist_turtle__type_support.c
[3.087s] -- Up-to-date: /home/kiro04/Documents/robot_ws/ros2_ws/install/my_first_package_msgs/include/my_first_package_msgs/my_first_package_msgs/action/detail/dist_turtle__rosidl_typesupport_introspection_c.h
[3.087s] -- Up-to-date: /home/kiro04/Documents/robot_ws/ros2_ws/install/my_first_package_msgs/lib/libmy_first_package_msgs__rosidl_typesupport_introspection_c.so
[3.087s] -- Up-to-date: /home/kiro04/Documents/robot_ws/ros2_ws/install/my_first_package_msgs/lib/libmy_first_package_msgs__rosidl_typesupport_c.so
[3.087s] -- Up-to-date: /home/kiro04/Documents/robot_ws/ros2_ws/install/my_first_package_msgs/include/my_first_package_msgs/my_first_package_msgs
[3.088s] -- Up-to-date: /home/kiro04/Documents/robot_ws/ros2_ws/install/my_first_package_msgs/include/my_first_package_msgs/my_first_package_msgs/msg
[3.088s] -- Up-to-date: /home/kiro04/Documents/robot_ws/ros2_ws/install/my_first_package_msgs/include/my_first_package_msgs/my_first_package_msgs/msg/detail
[3.088s] -- Up-to-date: /home/kiro04/Documents/robot_ws/ros2_ws/install/my_first_package_msgs/include/my_first_package_msgs/my_first_package_msgs/msg/detail/cmd_and_pose_vel__traits.hpp
[3.088s] -- Up-to-date: /home/kiro04/Documents/robot_ws/ros2_ws/install/my_first_package_msgs/include/my_first_package_msgs/my_first_package_msgs/msg/detail/cmd_and_pose_vel__struct.hpp
[3.088s] -- Up-to-date: /home/kiro04/Documents/robot_ws/ros2_ws/install/my_first_package_msgs/include/my_first_package_msgs/my_first_package_msgs/msg/detail/cmd_and_pose_vel__builder.hpp
[3.089s] -- Up-to-date: /home/kiro04/Documents/robot_ws/ros2_ws/install/my_first_package_msgs/include/my_first_package_msgs/my_first_package_msgs/msg/cmd_and_pose_vel.hpp
[3.089s] -- Up-to-date: /home/kiro04/Documents/robot_ws/ros2_ws/install/my_first_package_msgs/include/my_first_package_msgs/my_first_package_msgs/action
[3.089s] -- Up-to-date: /home/kiro04/Documents/robot_ws/ros2_ws/install/my_first_package_msgs/include/my_first_package_msgs/my_first_package_msgs/action/dist_turtle.hpp
[3.089s] -- Up-to-date: /home/kiro04/Documents/robot_ws/ros2_ws/install/my_first_package_msgs/include/my_first_package_msgs/my_first_package_msgs/action/detail
[3.090s] -- Up-to-date: /home/kiro04/Documents/robot_ws/ros2_ws/install/my_first_package_msgs/include/my_first_package_msgs/my_first_package_msgs/action/detail/dist_turtle__struct.hpp
[3.090s] -- Up-to-date: /home/kiro04/Documents/robot_ws/ros2_ws/install/my_first_package_msgs/include/my_first_package_msgs/my_first_package_msgs/action/detail/dist_turtle__traits.hpp
[3.090s] -- Up-to-date: /home/kiro04/Documents/robot_ws/ros2_ws/install/my_first_package_msgs/include/my_first_package_msgs/my_first_package_msgs/action/detail/dist_turtle__builder.hpp
[3.090s] -- Up-to-date: /home/kiro04/Documents/robot_ws/ros2_ws/install/my_first_package_msgs/include/my_first_package_msgs/my_first_package_msgs
[3.091s] -- Up-to-date: /home/kiro04/Documents/robot_ws/ros2_ws/install/my_first_package_msgs/include/my_first_package_msgs/my_first_package_msgs/msg
[3.091s] -- Up-to-date: /home/kiro04/Documents/robot_ws/ros2_ws/install/my_first_package_msgs/include/my_first_package_msgs/my_first_package_msgs/msg/detail
[3.091s] -- Up-to-date: /home/kiro04/Documents/robot_ws/ros2_ws/install/my_first_package_msgs/include/my_first_package_msgs/my_first_package_msgs/msg/detail/dds_fastrtps
[3.091s] -- Up-to-date: /home/kiro04/Documents/robot_ws/ros2_ws/install/my_first_package_msgs/include/my_first_package_msgs/my_first_package_msgs/msg/detail/cmd_and_pose_vel__rosidl_typesupport_fastrtps_cpp.hpp
[3.091s] -- Up-to-date: /home/kiro04/Documents/robot_ws/ros2_ws/install/my_first_package_msgs/include/my_first_package_msgs/my_first_package_msgs/msg/rosidl_typesupport_fastrtps_cpp__visibility_control.h
[3.091s] -- Up-to-date: /home/kiro04/Documents/robot_ws/ros2_ws/install/my_first_package_msgs/include/my_first_package_msgs/my_first_package_msgs/action
[3.091s] -- Up-to-date: /home/kiro04/Documents/robot_ws/ros2_ws/install/my_first_package_msgs/include/my_first_package_msgs/my_first_package_msgs/action/detail
[3.091s] -- Up-to-date: /home/kiro04/Documents/robot_ws/ros2_ws/install/my_first_package_msgs/include/my_first_package_msgs/my_first_package_msgs/action/detail/dds_fastrtps
[3.092s] -- Up-to-date: /home/kiro04/Documents/robot_ws/ros2_ws/install/my_first_package_msgs/include/my_first_package_msgs/my_first_package_msgs/action/detail/dist_turtle__rosidl_typesupport_fastrtps_cpp.hpp
[3.092s] -- Up-to-date: /home/kiro04/Documents/robot_ws/ros2_ws/install/my_first_package_msgs/lib/libmy_first_package_msgs__rosidl_typesupport_fastrtps_cpp.so
[3.092s] -- Up-to-date: /home/kiro04/Documents/robot_ws/ros2_ws/install/my_first_package_msgs/include/my_first_package_msgs/my_first_package_msgs
[3.092s] -- Up-to-date: /home/kiro04/Documents/robot_ws/ros2_ws/install/my_first_package_msgs/include/my_first_package_msgs/my_first_package_msgs/msg
[3.092s] -- Up-to-date: /home/kiro04/Documents/robot_ws/ros2_ws/install/my_first_package_msgs/include/my_first_package_msgs/my_first_package_msgs/msg/detail
[3.092s] -- Up-to-date: /home/kiro04/Documents/robot_ws/ros2_ws/install/my_first_package_msgs/include/my_first_package_msgs/my_first_package_msgs/msg/detail/cmd_and_pose_vel__rosidl_typesupport_introspection_cpp.hpp
[3.092s] -- Up-to-date: /home/kiro04/Documents/robot_ws/ros2_ws/install/my_first_package_msgs/include/my_first_package_msgs/my_first_package_msgs/msg/detail/cmd_and_pose_vel__type_support.cpp
[3.092s] -- Up-to-date: /home/kiro04/Documents/robot_ws/ros2_ws/install/my_first_package_msgs/include/my_first_package_msgs/my_first_package_msgs/action
[3.092s] -- Up-to-date: /home/kiro04/Documents/robot_ws/ros2_ws/install/my_first_package_msgs/include/my_first_package_msgs/my_first_package_msgs/action/detail
[3.093s] -- Up-to-date: /home/kiro04/Documents/robot_ws/ros2_ws/install/my_first_package_msgs/include/my_first_package_msgs/my_first_package_msgs/action/detail/dist_turtle__type_support.cpp
[3.093s] -- Up-to-date: /home/kiro04/Documents/robot_ws/ros2_ws/install/my_first_package_msgs/include/my_first_package_msgs/my_first_package_msgs/action/detail/dist_turtle__rosidl_typesupport_introspection_cpp.hpp
[3.093s] -- Up-to-date: /home/kiro04/Documents/robot_ws/ros2_ws/install/my_first_package_msgs/lib/libmy_first_package_msgs__rosidl_typesupport_introspection_cpp.so
[3.093s] -- Up-to-date: /home/kiro04/Documents/robot_ws/ros2_ws/install/my_first_package_msgs/lib/libmy_first_package_msgs__rosidl_typesupport_cpp.so
[3.093s] -- Up-to-date: /home/kiro04/Documents/robot_ws/ros2_ws/install/my_first_package_msgs/share/my_first_package_msgs/environment/pythonpath.sh
[3.093s] -- Installing: /home/kiro04/Documents/robot_ws/ros2_ws/install/my_first_package_msgs/share/my_first_package_msgs/environment/pythonpath.dsv
[3.093s] -- Up-to-date: /home/kiro04/Documents/robot_ws/ros2_ws/install/my_first_package_msgs/local/lib/python3.10/dist-packages/my_first_package_msgs-0.0.0-py3.10.egg-info
[3.093s] -- Installing: /home/kiro04/Documents/robot_ws/ros2_ws/install/my_first_package_msgs/local/lib/python3.10/dist-packages/my_first_package_msgs-0.0.0-py3.10.egg-info/top_level.txt
[3.093s] -- Installing: /home/kiro04/Documents/robot_ws/ros2_ws/install/my_first_package_msgs/local/lib/python3.10/dist-packages/my_first_package_msgs-0.0.0-py3.10.egg-info/SOURCES.txt
[3.094s] -- Installing: /home/kiro04/Documents/robot_ws/ros2_ws/install/my_first_package_msgs/local/lib/python3.10/dist-packages/my_first_package_msgs-0.0.0-py3.10.egg-info/dependency_links.txt
[3.094s] -- Installing: /home/kiro04/Documents/robot_ws/ros2_ws/install/my_first_package_msgs/local/lib/python3.10/dist-packages/my_first_package_msgs-0.0.0-py3.10.egg-info/PKG-INFO
[3.094s] -- Up-to-date: /home/kiro04/Documents/robot_ws/ros2_ws/install/my_first_package_msgs/local/lib/python3.10/dist-packages/my_first_package_msgs
[3.094s] -- Installing: /home/kiro04/Documents/robot_ws/ros2_ws/install/my_first_package_msgs/local/lib/python3.10/dist-packages/my_first_package_msgs/__init__.py
[3.094s] -- Up-to-date: /home/kiro04/Documents/robot_ws/ros2_ws/install/my_first_package_msgs/local/lib/python3.10/dist-packages/my_first_package_msgs/msg
[3.094s] -- Up-to-date: /home/kiro04/Documents/robot_ws/ros2_ws/install/my_first_package_msgs/local/lib/python3.10/dist-packages/my_first_package_msgs/msg/__init__.py
[3.094s] -- Up-to-date: /home/kiro04/Documents/robot_ws/ros2_ws/install/my_first_package_msgs/local/lib/python3.10/dist-packages/my_first_package_msgs/msg/_cmd_and_pose_vel_s.c
[3.094s] -- Up-to-date: /home/kiro04/Documents/robot_ws/ros2_ws/install/my_first_package_msgs/local/lib/python3.10/dist-packages/my_first_package_msgs/msg/_cmd_and_pose_vel.py
[3.094s] -- Up-to-date: /home/kiro04/Documents/robot_ws/ros2_ws/install/my_first_package_msgs/local/lib/python3.10/dist-packages/my_first_package_msgs/libmy_first_package_msgs__rosidl_generator_py.so
[3.095s] -- Up-to-date: /home/kiro04/Documents/robot_ws/ros2_ws/install/my_first_package_msgs/local/lib/python3.10/dist-packages/my_first_package_msgs/my_first_package_msgs_s__rosidl_typesupport_fastrtps_c.cpython-310-x86_64-linux-gnu.so
[3.095s] -- Up-to-date: /home/kiro04/Documents/robot_ws/ros2_ws/install/my_first_package_msgs/local/lib/python3.10/dist-packages/my_first_package_msgs/_my_first_package_msgs_s.ep.rosidl_typesupport_fastrtps_c.c
[3.095s] -- Up-to-date: /home/kiro04/Documents/robot_ws/ros2_ws/install/my_first_package_msgs/local/lib/python3.10/dist-packages/my_first_package_msgs/_my_first_package_msgs_s.ep.rosidl_typesupport_c.c
[3.095s] -- Up-to-date: /home/kiro04/Documents/robot_ws/ros2_ws/install/my_first_package_msgs/local/lib/python3.10/dist-packages/my_first_package_msgs/my_first_package_msgs_s__rosidl_typesupport_introspection_c.cpython-310-x86_64-linux-gnu.so
[3.095s] -- Up-to-date: /home/kiro04/Documents/robot_ws/ros2_ws/install/my_first_package_msgs/local/lib/python3.10/dist-packages/my_first_package_msgs/_my_first_package_msgs_s.ep.rosidl_typesupport_introspection_c.c
[3.095s] -- Up-to-date: /home/kiro04/Documents/robot_ws/ros2_ws/install/my_first_package_msgs/local/lib/python3.10/dist-packages/my_first_package_msgs/action
[3.095s] -- Up-to-date: /home/kiro04/Documents/robot_ws/ros2_ws/install/my_first_package_msgs/local/lib/python3.10/dist-packages/my_first_package_msgs/action/__init__.py
[3.095s] -- Up-to-date: /home/kiro04/Documents/robot_ws/ros2_ws/install/my_first_package_msgs/local/lib/python3.10/dist-packages/my_first_package_msgs/action/_dist_turtle.py
[3.095s] -- Up-to-date: /home/kiro04/Documents/robot_ws/ros2_ws/install/my_first_package_msgs/local/lib/python3.10/dist-packages/my_first_package_msgs/action/_dist_turtle_s.c
[3.096s] -- Up-to-date: /home/kiro04/Documents/robot_ws/ros2_ws/install/my_first_package_msgs/local/lib/python3.10/dist-packages/my_first_package_msgs/my_first_package_msgs_s__rosidl_typesupport_c.cpython-310-x86_64-linux-gnu.so
[3.140s] Listing '/home/kiro04/Documents/robot_ws/ros2_ws/install/my_first_package_msgs/local/lib/python3.10/dist-packages/my_first_package_msgs'...
[3.140s] Compiling '/home/kiro04/Documents/robot_ws/ros2_ws/install/my_first_package_msgs/local/lib/python3.10/dist-packages/my_first_package_msgs/__init__.py'...
[3.140s] Listing '/home/kiro04/Documents/robot_ws/ros2_ws/install/my_first_package_msgs/local/lib/python3.10/dist-packages/my_first_package_msgs/action'...
[3.141s] Listing '/home/kiro04/Documents/robot_ws/ros2_ws/install/my_first_package_msgs/local/lib/python3.10/dist-packages/my_first_package_msgs/msg'...
[3.148s] -- Up-to-date: /home/kiro04/Documents/robot_ws/ros2_ws/install/my_first_package_msgs/local/lib/python3.10/dist-packages/my_first_package_msgs/my_first_package_msgs_s__rosidl_typesupport_fastrtps_c.cpython-310-x86_64-linux-gnu.so
[3.148s] -- Up-to-date: /home/kiro04/Documents/robot_ws/ros2_ws/install/my_first_package_msgs/local/lib/python3.10/dist-packages/my_first_package_msgs/my_first_package_msgs_s__rosidl_typesupport_introspection_c.cpython-310-x86_64-linux-gnu.so
[3.148s] -- Up-to-date: /home/kiro04/Documents/robot_ws/ros2_ws/install/my_first_package_msgs/local/lib/python3.10/dist-packages/my_first_package_msgs/my_first_package_msgs_s__rosidl_typesupport_c.cpython-310-x86_64-linux-gnu.so
[3.149s] -- Up-to-date: /home/kiro04/Documents/robot_ws/ros2_ws/install/my_first_package_msgs/lib/libmy_first_package_msgs__rosidl_generator_py.so
[3.149s] -- Up-to-date: /home/kiro04/Documents/robot_ws/ros2_ws/install/my_first_package_msgs/share/my_first_package_msgs/msg/CmdAndPoseVel.idl
[3.150s] -- Up-to-date: /home/kiro04/Documents/robot_ws/ros2_ws/install/my_first_package_msgs/share/my_first_package_msgs/action/DistTurtle.idl
[3.150s] -- Up-to-date: /home/kiro04/Documents/robot_ws/ros2_ws/install/my_first_package_msgs/share/my_first_package_msgs/msg/CmdAndPoseVel.msg
[3.150s] -- Installing: /home/kiro04/Documents/robot_ws/ros2_ws/install/my_first_package_msgs/share/my_first_package_msgs/action/DistTurtle.action
[3.150s] -- Up-to-date: /home/kiro04/Documents/robot_ws/ros2_ws/install/my_first_package_msgs/share/ament_index/resource_index/package_run_dependencies/my_first_package_msgs
[3.150s] -- Up-to-date: /home/kiro04/Documents/robot_ws/ros2_ws/install/my_first_package_msgs/share/ament_index/resource_index/parent_prefix_path/my_first_package_msgs
[3.151s] -- Up-to-date: /home/kiro04/Documents/robot_ws/ros2_ws/install/my_first_package_msgs/share/my_first_package_msgs/environment/ament_prefix_path.sh
[3.151s] -- Installing: /home/kiro04/Documents/robot_ws/ros2_ws/install/my_first_package_msgs/share/my_first_package_msgs/environment/ament_prefix_path.dsv
[3.151s] -- Up-to-date: /home/kiro04/Documents/robot_ws/ros2_ws/install/my_first_package_msgs/share/my_first_package_msgs/environment/path.sh
[3.151s] -- Installing: /home/kiro04/Documents/robot_ws/ros2_ws/install/my_first_package_msgs/share/my_first_package_msgs/environment/path.dsv
[3.151s] -- Up-to-date: /home/kiro04/Documents/robot_ws/ros2_ws/install/my_first_package_msgs/share/my_first_package_msgs/local_setup.bash
[3.151s] -- Up-to-date: /home/kiro04/Documents/robot_ws/ros2_ws/install/my_first_package_msgs/share/my_first_package_msgs/local_setup.sh
[3.151s] -- Up-to-date: /home/kiro04/Documents/robot_ws/ros2_ws/install/my_first_package_msgs/share/my_first_package_msgs/local_setup.zsh
[3.152s] -- Installing: /home/kiro04/Documents/robot_ws/ros2_ws/install/my_first_package_msgs/share/my_first_package_msgs/local_setup.dsv
[3.152s] -- Installing: /home/kiro04/Documents/robot_ws/ros2_ws/install/my_first_package_msgs/share/my_first_package_msgs/package.dsv
[3.152s] -- Up-to-date: /home/kiro04/Documents/robot_ws/ros2_ws/install/my_first_package_msgs/share/ament_index/resource_index/packages/my_first_package_msgs
[3.152s] -- Up-to-date: /home/kiro04/Documents/robot_ws/ros2_ws/install/my_first_package_msgs/share/my_first_package_msgs/cmake/export_my_first_package_msgs__rosidl_generator_cExport.cmake
[3.152s] -- Up-to-date: /home/kiro04/Documents/robot_ws/ros2_ws/install/my_first_package_msgs/share/my_first_package_msgs/cmake/export_my_first_package_msgs__rosidl_generator_cExport-noconfig.cmake
[3.152s] -- Up-to-date: /home/kiro04/Documents/robot_ws/ros2_ws/install/my_first_package_msgs/share/my_first_package_msgs/cmake/export_my_first_package_msgs__rosidl_typesupport_fastrtps_cExport.cmake
[3.153s] -- Up-to-date: /home/kiro04/Documents/robot_ws/ros2_ws/install/my_first_package_msgs/share/my_first_package_msgs/cmake/export_my_first_package_msgs__rosidl_typesupport_fastrtps_cExport-noconfig.cmake
[3.153s] -- Up-to-date: /home/kiro04/Documents/robot_ws/ros2_ws/install/my_first_package_msgs/share/my_first_package_msgs/cmake/my_first_package_msgs__rosidl_typesupport_introspection_cExport.cmake
[3.153s] -- Up-to-date: /home/kiro04/Documents/robot_ws/ros2_ws/install/my_first_package_msgs/share/my_first_package_msgs/cmake/my_first_package_msgs__rosidl_typesupport_introspection_cExport-noconfig.cmake
[3.153s] -- Up-to-date: /home/kiro04/Documents/robot_ws/ros2_ws/install/my_first_package_msgs/share/my_first_package_msgs/cmake/my_first_package_msgs__rosidl_typesupport_cExport.cmake
[3.154s] -- Up-to-date: /home/kiro04/Documents/robot_ws/ros2_ws/install/my_first_package_msgs/share/my_first_package_msgs/cmake/my_first_package_msgs__rosidl_typesupport_cExport-noconfig.cmake
[3.154s] -- Up-to-date: /home/kiro04/Documents/robot_ws/ros2_ws/install/my_first_package_msgs/share/my_first_package_msgs/cmake/export_my_first_package_msgs__rosidl_generator_cppExport.cmake
[3.154s] -- Up-to-date: /home/kiro04/Documents/robot_ws/ros2_ws/install/my_first_package_msgs/share/my_first_package_msgs/cmake/export_my_first_package_msgs__rosidl_typesupport_fastrtps_cppExport.cmake
[3.154s] -- Up-to-date: /home/kiro04/Documents/robot_ws/ros2_ws/install/my_first_package_msgs/share/my_first_package_msgs/cmake/export_my_first_package_msgs__rosidl_typesupport_fastrtps_cppExport-noconfig.cmake
[3.154s] -- Up-to-date: /home/kiro04/Documents/robot_ws/ros2_ws/install/my_first_package_msgs/share/my_first_package_msgs/cmake/my_first_package_msgs__rosidl_typesupport_introspection_cppExport.cmake
[3.154s] -- Up-to-date: /home/kiro04/Documents/robot_ws/ros2_ws/install/my_first_package_msgs/share/my_first_package_msgs/cmake/my_first_package_msgs__rosidl_typesupport_introspection_cppExport-noconfig.cmake
[3.154s] -- Up-to-date: /home/kiro04/Documents/robot_ws/ros2_ws/install/my_first_package_msgs/share/my_first_package_msgs/cmake/my_first_package_msgs__rosidl_typesupport_cppExport.cmake
[3.155s] -- Up-to-date: /home/kiro04/Documents/robot_ws/ros2_ws/install/my_first_package_msgs/share/my_first_package_msgs/cmake/my_first_package_msgs__rosidl_typesupport_cppExport-noconfig.cmake
[3.155s] -- Up-to-date: /home/kiro04/Documents/robot_ws/ros2_ws/install/my_first_package_msgs/share/my_first_package_msgs/cmake/export_my_first_package_msgs__rosidl_generator_pyExport.cmake
[3.155s] -- Up-to-date: /home/kiro04/Documents/robot_ws/ros2_ws/install/my_first_package_msgs/share/my_first_package_msgs/cmake/export_my_first_package_msgs__rosidl_generator_pyExport-noconfig.cmake
[3.155s] -- Up-to-date: /home/kiro04/Documents/robot_ws/ros2_ws/install/my_first_package_msgs/share/my_first_package_msgs/cmake/rosidl_cmake-extras.cmake
[3.155s] -- Up-to-date: /home/kiro04/Documents/robot_ws/ros2_ws/install/my_first_package_msgs/share/my_first_package_msgs/cmake/ament_cmake_export_dependencies-extras.cmake
[3.155s] -- Up-to-date: /home/kiro04/Documents/robot_ws/ros2_ws/install/my_first_package_msgs/share/my_first_package_msgs/cmake/ament_cmake_export_include_directories-extras.cmake
[3.155s] -- Up-to-date: /home/kiro04/Documents/robot_ws/ros2_ws/install/my_first_package_msgs/share/my_first_package_msgs/cmake/ament_cmake_export_libraries-extras.cmake
[3.156s] -- Up-to-date: /home/kiro04/Documents/robot_ws/ros2_ws/install/my_first_package_msgs/share/my_first_package_msgs/cmake/ament_cmake_export_targets-extras.cmake
[3.156s] -- Up-to-date: /home/kiro04/Documents/robot_ws/ros2_ws/install/my_first_package_msgs/share/my_first_package_msgs/cmake/rosidl_cmake_export_typesupport_targets-extras.cmake
[3.156s] -- Up-to-date: /home/kiro04/Documents/robot_ws/ros2_ws/install/my_first_package_msgs/share/my_first_package_msgs/cmake/rosidl_cmake_export_typesupport_libraries-extras.cmake
[3.156s] -- Up-to-date: /home/kiro04/Documents/robot_ws/ros2_ws/install/my_first_package_msgs/share/my_first_package_msgs/cmake/my_first_package_msgsConfig.cmake
[3.156s] -- Up-to-date: /home/kiro04/Documents/robot_ws/ros2_ws/install/my_first_package_msgs/share/my_first_package_msgs/cmake/my_first_package_msgsConfig-version.cmake
[3.156s] -- Up-to-date: /home/kiro04/Documents/robot_ws/ros2_ws/install/my_first_package_msgs/share/my_first_package_msgs/package.xml
[3.167s] Invoked command in '/home/kiro04/Documents/robot_ws/ros2_ws/build/my_first_package_msgs' returned '0': CMAKE_PREFIX_PATH=${CMAKE_PREFIX_PATH}:/home/kiro04/Documents/robot_ws/ros2_ws/install/my_first_package:/home/kiro04/Documents/robot_ws/ros2_ws/install/arduino_tutorial:/opt/ros/humble /usr/bin/cmake --install /home/kiro04/Documents/robot_ws/ros2_ws/build/my_first_package_msgs
