[1.122s] Invoking command in '/home/kiro04/robot_ws/ros2_ws/build/my_first_package_msgs': CMAKE_PREFIX_PATH=/opt/ros/humble /home/kiro04/.local/bin/cmake /home/kiro04/robot_ws/ros2_ws/src/my_first_package_msgs -DAMENT_CMAKE_SYMLINK_INSTALL=1 -DCMAKE_INSTALL_PREFIX=/home/kiro04/robot_ws/ros2_ws/install/my_first_package_msgs
[1.266s] -- Found ament_cmake: 1.3.4 (/opt/ros/humble/share/ament_cmake/cmake)
[1.709s] -- Override CMake install command with custom implementation using symlinks instead of copying resources
[1.727s] -- Found rosidl_default_generators: 1.2.0 (/opt/ros/humble/share/rosidl_default_generators/cmake)
[1.731s] -- Using all available rosidl_typesupport_c: rosidl_typesupport_fastrtps_c;rosidl_typesupport_introspection_c
[1.738s] -- Found rosidl_adapter: 3.1.4 (/opt/ros/humble/share/rosidl_adapter/cmake)
[1.841s] -- Using all available rosidl_typesupport_cpp: rosidl_typesupport_fastrtps_cpp;rosidl_typesupport_introspection_cpp
[2.653s] -- Found ament_cmake_ros: 0.10.0 (/opt/ros/humble/share/ament_cmake_ros/cmake)
[3.173s] -- Using all available rosidl_typesupport_c: rosidl_typesupport_fastrtps_c;rosidl_typesupport_introspection_c
[3.781s] -- Using all available rosidl_typesupport_cpp: rosidl_typesupport_fastrtps_cpp;rosidl_typesupport_introspection_cpp
[3.784s] [33mCMake Warning (dev) at /opt/ros/humble/share/rosidl_generator_py/cmake/rosidl_generator_py_generate_interfaces.cmake:20 (find_package):
[3.784s]   Policy CMP0148 is not set: The FindPythonInterp and FindPythonLibs modules
[3.784s]   are removed.  Run "cmake --help-policy CMP0148" for policy details.  Use
[3.784s]   the cmake_policy command to set the policy and suppress this warning.
[3.784s] 
[3.784s] Call Stack (most recent call first):
[3.784s]   /opt/ros/humble/share/ament_cmake_core/cmake/core/ament_execute_extensions.cmake:48 (include)
[3.784s]   /opt/ros/humble/share/rosidl_cmake/cmake/rosidl_generate_interfaces.cmake:286 (ament_execute_extensions)
[3.784s]   CMakeLists.txt:16 (rosidl_generate_interfaces)
[3.784s] This warning is for project developers.  Use -Wno-dev to suppress it.
[3.785s] [0m
[3.806s] -- Found python_cmake_module: 0.10.0 (/opt/ros/humble/share/python_cmake_module/cmake)
[3.806s] [33mCMake Warning (dev) at /opt/ros/humble/share/python_cmake_module/cmake/Modules/FindPythonExtra.cmake:52 (find_package):
[3.807s]   Policy CMP0148 is not set: The FindPythonInterp and FindPythonLibs modules
[3.807s]   are removed.  Run "cmake --help-policy CMP0148" for policy details.  Use
[3.807s]   the cmake_policy command to set the policy and suppress this warning.
[3.807s] 
[3.807s] Call Stack (most recent call first):
[3.807s]   /opt/ros/humble/share/rosidl_generator_py/cmake/rosidl_generator_py_generate_interfaces.cmake:23 (find_package)
[3.807s]   /opt/ros/humble/share/ament_cmake_core/cmake/core/ament_execute_extensions.cmake:48 (include)
[3.807s]   /opt/ros/humble/share/rosidl_cmake/cmake/rosidl_generate_interfaces.cmake:286 (ament_execute_extensions)
[3.807s]   CMakeLists.txt:16 (rosidl_generate_interfaces)
[3.807s] This warning is for project developers.  Use -Wno-dev to suppress it.
[3.807s] [0m
[3.826s] [33mCMake Warning (dev) at /opt/ros/humble/share/python_cmake_module/cmake/Modules/FindPythonExtra.cmake:140 (find_package):
[3.826s]   Policy CMP0148 is not set: The FindPythonInterp and FindPythonLibs modules
[3.826s]   are removed.  Run "cmake --help-policy CMP0148" for policy details.  Use
[3.826s]   the cmake_policy command to set the policy and suppress this warning.
[3.826s] 
[3.826s] Call Stack (most recent call first):
[3.826s]   /opt/ros/humble/share/rosidl_generator_py/cmake/rosidl_generator_py_generate_interfaces.cmake:23 (find_package)
[3.826s]   /opt/ros/humble/share/ament_cmake_core/cmake/core/ament_execute_extensions.cmake:48 (include)
[3.826s]   /opt/ros/humble/share/rosidl_cmake/cmake/rosidl_generate_interfaces.cmake:286 (ament_execute_extensions)
[3.827s]   CMakeLists.txt:16 (rosidl_generate_interfaces)
[3.827s] This warning is for project developers.  Use -Wno-dev to suppress it.
[3.827s] [0m
[3.828s] -- Using PYTHON_EXECUTABLE: /usr/bin/python3
[3.828s] -- Using PYTHON_INCLUDE_DIRS: /usr/include/python3.10
[3.829s] -- Using PYTHON_LIBRARIES: /usr/lib/x86_64-linux-gnu/libpython3.10.so
[3.853s] -- Found ament_lint_auto: 0.12.6 (/opt/ros/humble/share/ament_lint_auto/cmake)
[3.866s] -- Added test 'flake8' to check Python code syntax and style conventions
[3.867s] -- Added test 'lint_cmake' to check CMake code style
[3.868s] -- Added test 'pep257' to check Python code against some of the docstring style conventions in PEP 257
[3.869s] -- Added test 'xmllint' to check XML markup files
[3.873s] -- Configuring done (2.6s)
[3.923s] -- Generating done (0.0s)
[3.928s] -- Build files have been written to: /home/kiro04/robot_ws/ros2_ws/build/my_first_package_msgs
