/home/kiro04/robot_ws/ros2_ws/install/arduino_tutorial/lib/python3.10/site-packages/arduino_tutorial/__init__.py
/home/kiro04/robot_ws/ros2_ws/install/arduino_tutorial/lib/python3.10/site-packages/arduino_tutorial/servo_publisher.py
/home/kiro04/robot_ws/ros2_ws/install/arduino_tutorial/lib/python3.10/site-packages/arduino_tutorial/dist_subscriber.py
/home/kiro04/robot_ws/ros2_ws/install/arduino_tutorial/lib/python3.10/site-packages/arduino_tutorial/dist_publisher.py
/home/kiro04/robot_ws/ros2_ws/install/arduino_tutorial/lib/python3.10/site-packages/arduino_tutorial/led_subscriber.py
/home/kiro04/robot_ws/ros2_ws/install/arduino_tutorial/lib/python3.10/site-packages/arduino_tutorial/servo_subscriber.py
/home/kiro04/robot_ws/ros2_ws/install/arduino_tutorial/lib/python3.10/site-packages/arduino_tutorial/__pycache__/__init__.cpython-310.pyc
/home/kiro04/robot_ws/ros2_ws/install/arduino_tutorial/lib/python3.10/site-packages/arduino_tutorial/__pycache__/servo_publisher.cpython-310.pyc
/home/kiro04/robot_ws/ros2_ws/install/arduino_tutorial/lib/python3.10/site-packages/arduino_tutorial/__pycache__/dist_subscriber.cpython-310.pyc
/home/kiro04/robot_ws/ros2_ws/install/arduino_tutorial/lib/python3.10/site-packages/arduino_tutorial/__pycache__/dist_publisher.cpython-310.pyc
/home/kiro04/robot_ws/ros2_ws/install/arduino_tutorial/lib/python3.10/site-packages/arduino_tutorial/__pycache__/led_subscriber.cpython-310.pyc
/home/kiro04/robot_ws/ros2_ws/install/arduino_tutorial/lib/python3.10/site-packages/arduino_tutorial/__pycache__/servo_subscriber.cpython-310.pyc
/home/kiro04/robot_ws/ros2_ws/install/arduino_tutorial/share/ament_index/resource_index/packages/arduino_tutorial
/home/kiro04/robot_ws/ros2_ws/install/arduino_tutorial/share/arduino_tutorial/package.xml
/home/kiro04/robot_ws/ros2_ws/install/arduino_tutorial/share/arduino_tutorial/launch
/home/kiro04/robot_ws/ros2_ws/install/arduino_tutorial/share/arduino_tutorial/param/arduino_config.yaml
/home/kiro04/robot_ws/ros2_ws/install/arduino_tutorial/lib/python3.10/site-packages/arduino_tutorial-0.0.0-py3.10.egg-info/top_level.txt
/home/kiro04/robot_ws/ros2_ws/install/arduino_tutorial/lib/python3.10/site-packages/arduino_tutorial-0.0.0-py3.10.egg-info/SOURCES.txt
/home/kiro04/robot_ws/ros2_ws/install/arduino_tutorial/lib/python3.10/site-packages/arduino_tutorial-0.0.0-py3.10.egg-info/dependency_links.txt
/home/kiro04/robot_ws/ros2_ws/install/arduino_tutorial/lib/python3.10/site-packages/arduino_tutorial-0.0.0-py3.10.egg-info/entry_points.txt
/home/kiro04/robot_ws/ros2_ws/install/arduino_tutorial/lib/python3.10/site-packages/arduino_tutorial-0.0.0-py3.10.egg-info/PKG-INFO
/home/kiro04/robot_ws/ros2_ws/install/arduino_tutorial/lib/python3.10/site-packages/arduino_tutorial-0.0.0-py3.10.egg-info/requires.txt
/home/kiro04/robot_ws/ros2_ws/install/arduino_tutorial/lib/python3.10/site-packages/arduino_tutorial-0.0.0-py3.10.egg-info/zip-safe
/home/kiro04/robot_ws/ros2_ws/install/arduino_tutorial/lib/arduino_tutorial/dist_publisher
/home/kiro04/robot_ws/ros2_ws/install/arduino_tutorial/lib/arduino_tutorial/dist_subscriber
/home/kiro04/robot_ws/ros2_ws/install/arduino_tutorial/lib/arduino_tutorial/led_subscriber
/home/kiro04/robot_ws/ros2_ws/install/arduino_tutorial/lib/arduino_tutorial/servo_publisher
/home/kiro04/robot_ws/ros2_ws/install/arduino_tutorial/lib/arduino_tutorial/servo_subscriber
