[0.064s] Invoking command in '/home/kiro04/robot_ws/ros2_ws/build/bboxes_ex_msgs': CMAKE_PREFIX_PATH=${CMAKE_PREFIX_PATH}:/home/kiro04/robot_ws/ros2_ws/install/my_first_package:/home/kiro04/robot_ws/ros2_ws/install/arduino_tutorial:/opt/ros/humble /home/kiro04/.local/bin/cmake /home/kiro04/robot_ws/ros2_ws/src/yolox_ros/bbox_ex_msgs -DAMENT_CMAKE_SYMLINK_INSTALL=1 -DCMAKE_INSTALL_PREFIX=/home/kiro04/robot_ws/ros2_ws/install/bboxes_ex_msgs
[1.236s] -- The C compiler identification is GNU 11.3.0
[1.238s] -- The CXX compiler identification is GNU 11.3.0
[1.239s] -- Detecting C compiler ABI info
[1.239s] -- Detecting C compiler ABI info - done
[1.239s] -- Check for working C compiler: /usr/bin/cc - skipped
[1.239s] -- Detecting C compile features
[1.239s] -- Detecting C compile features - done
[1.239s] -- Detecting CXX compiler ABI info
[1.239s] -- Detecting CXX compiler ABI info - done
[1.239s] -- Check for working CXX compiler: /usr/bin/c++ - skipped
[1.239s] -- Detecting CXX compile features
[1.240s] -- Detecting CXX compile features - done
[1.240s] -- Found ament_cmake: 1.3.4 (/opt/ros/humble/share/ament_cmake/cmake)
[1.396s] -- Found Python3: /usr/bin/python3.10 (found version "3.10.6") found components: Interpreter 
[1.569s] -- Override CMake install command with custom implementation using symlinks instead of copying resources
[1.624s] -- Found builtin_interfaces: 1.2.1 (/opt/ros/humble/share/builtin_interfaces/cmake)
[1.747s] -- Found rosidl_generator_c: 3.1.4 (/opt/ros/humble/share/rosidl_generator_c/cmake)
[1.766s] -- Found rosidl_adapter: 3.1.4 (/opt/ros/humble/share/rosidl_adapter/cmake)
[1.819s] -- Found rosidl_generator_cpp: 3.1.4 (/opt/ros/humble/share/rosidl_generator_cpp/cmake)
[1.879s] -- Using all available rosidl_typesupport_c: rosidl_typesupport_fastrtps_c;rosidl_typesupport_introspection_c
[1.961s] -- Using all available rosidl_typesupport_cpp: rosidl_typesupport_fastrtps_cpp;rosidl_typesupport_introspection_cpp
[2.034s] -- Found std_msgs: 4.2.3 (/opt/ros/humble/share/std_msgs/cmake)
[2.173s] -- Found rosidl_default_generators: 1.2.0 (/opt/ros/humble/share/rosidl_default_generators/cmake)
[2.930s] -- Found ament_cmake_ros: 0.10.0 (/opt/ros/humble/share/ament_cmake_ros/cmake)
[4.076s] -- Using all available rosidl_typesupport_c: rosidl_typesupport_fastrtps_c;rosidl_typesupport_introspection_c
[4.591s] -- Using all available rosidl_typesupport_cpp: rosidl_typesupport_fastrtps_cpp;rosidl_typesupport_introspection_cpp
[4.603s] [33mCMake Warning (dev) at /opt/ros/humble/share/rosidl_generator_py/cmake/rosidl_generator_py_generate_interfaces.cmake:20 (find_package):
[4.603s]   Policy CMP0148 is not set: The FindPythonInterp and FindPythonLibs modules
[4.603s]   are removed.  Run "cmake --help-policy CMP0148" for policy details.  Use
[4.603s]   the cmake_policy command to set the policy and suppress this warning.
[4.603s] 
[4.603s] Call Stack (most recent call first):
[4.603s]   /opt/ros/humble/share/ament_cmake_core/cmake/core/ament_execute_extensions.cmake:48 (include)
[4.603s]   /opt/ros/humble/share/rosidl_cmake/cmake/rosidl_generate_interfaces.cmake:286 (ament_execute_extensions)
[4.603s]   CMakeLists.txt:11 (rosidl_generate_interfaces)
[4.604s] This warning is for project developers.  Use -Wno-dev to suppress it.
[4.604s] [0m
[4.638s] -- Found PythonInterp: /usr/bin/python3 (found suitable version "3.10.6", minimum required is "3.6") 
[4.641s] -- Found python_cmake_module: 0.10.0 (/opt/ros/humble/share/python_cmake_module/cmake)
[4.642s] [33mCMake Warning (dev) at /opt/ros/humble/share/python_cmake_module/cmake/Modules/FindPythonExtra.cmake:52 (find_package):
[4.643s]   Policy CMP0148 is not set: The FindPythonInterp and FindPythonLibs modules
[4.644s]   are removed.  Run "cmake --help-policy CMP0148" for policy details.  Use
[4.644s]   the cmake_policy command to set the policy and suppress this warning.
[4.644s] 
[4.644s] Call Stack (most recent call first):
[4.644s]   /opt/ros/humble/share/rosidl_generator_py/cmake/rosidl_generator_py_generate_interfaces.cmake:23 (find_package)
[4.644s]   /opt/ros/humble/share/ament_cmake_core/cmake/core/ament_execute_extensions.cmake:48 (include)
[4.644s]   /opt/ros/humble/share/rosidl_cmake/cmake/rosidl_generate_interfaces.cmake:286 (ament_execute_extensions)
[4.645s]   CMakeLists.txt:11 (rosidl_generate_interfaces)
[4.645s] This warning is for project developers.  Use -Wno-dev to suppress it.
[4.645s] [0m
[4.680s] [33mCMake Warning (dev) at /opt/ros/humble/share/python_cmake_module/cmake/Modules/FindPythonExtra.cmake:140 (find_package):
[4.680s]   Policy CMP0148 is not set: The FindPythonInterp and FindPythonLibs modules
[4.680s]   are removed.  Run "cmake --help-policy CMP0148" for policy details.  Use
[4.680s]   the cmake_policy command to set the policy and suppress this warning.
[4.680s] 
[4.680s] Call Stack (most recent call first):
[4.680s]   /opt/ros/humble/share/rosidl_generator_py/cmake/rosidl_generator_py_generate_interfaces.cmake:23 (find_package)
[4.681s]   /opt/ros/humble/share/ament_cmake_core/cmake/core/ament_execute_extensions.cmake:48 (include)
[4.681s]   /opt/ros/humble/share/rosidl_cmake/cmake/rosidl_generate_interfaces.cmake:286 (ament_execute_extensions)
[4.681s]   CMakeLists.txt:11 (rosidl_generate_interfaces)
[4.681s] This warning is for project developers.  Use -Wno-dev to suppress it.
[4.681s] [0m
[4.691s] -- Found PythonLibs: /usr/lib/x86_64-linux-gnu/libpython3.10.so (found suitable version "3.10.6", minimum required is "3.5") 
[4.691s] -- Using PYTHON_EXECUTABLE: /usr/bin/python3
[4.691s] -- Using PYTHON_INCLUDE_DIRS: /usr/include/python3.10
[4.692s] -- Using PYTHON_LIBRARIES: /usr/lib/x86_64-linux-gnu/libpython3.10.so
[4.727s] -- Found PythonExtra: .so  
[4.850s] -- Configuring done (4.7s)
[4.917s] -- Generating done (0.1s)
[4.922s] -- Build files have been written to: /home/kiro04/robot_ws/ros2_ws/build/bboxes_ex_msgs
