[1.386s] Invoking command in '/home/kiro04/Documents/robot_ws/ros2_ws/src/arduino_tutorial': PYTHONPATH=/home/kiro04/Documents/robot_ws/ros2_ws/build/arduino_tutorial/prefix_override:/home/kiro04/Documents/robot_ws/ros2_ws/install/arduino_tutorial/lib/python3.10/site-packages:${PYTHONPATH} /usr/bin/python3 setup.py egg_info --egg-base ../../build/arduino_tutorial build --build-base /home/kiro04/Documents/robot_ws/ros2_ws/build/arduino_tutorial/build install --record /home/kiro04/Documents/robot_ws/ros2_ws/build/arduino_tutorial/install.log --single-version-externally-managed
[1.915s] running egg_info
[1.916s] writing ../../build/arduino_tutorial/arduino_tutorial.egg-info/PKG-INFO
[1.916s] writing dependency_links to ../../build/arduino_tutorial/arduino_tutorial.egg-info/dependency_links.txt
[1.917s] writing entry points to ../../build/arduino_tutorial/arduino_tutorial.egg-info/entry_points.txt
[1.918s] writing requirements to ../../build/arduino_tutorial/arduino_tutorial.egg-info/requires.txt
[1.918s] writing top-level names to ../../build/arduino_tutorial/arduino_tutorial.egg-info/top_level.txt
[1.922s] reading manifest file '../../build/arduino_tutorial/arduino_tutorial.egg-info/SOURCES.txt'
[1.924s] writing manifest file '../../build/arduino_tutorial/arduino_tutorial.egg-info/SOURCES.txt'
[1.924s] running build
[1.924s] running build_py
[1.925s] running install
[1.925s] /usr/lib/python3/dist-packages/setuptools/command/install.py:34: SetuptoolsDeprecationWarning: setup.py install is deprecated. Use build and pip and other standards-based tools.
[1.925s]   warnings.warn(
[1.926s] running install_lib
[1.928s] running install_data
[1.929s] running install_egg_info
[1.931s] removing '/home/kiro04/Documents/robot_ws/ros2_ws/install/arduino_tutorial/lib/python3.10/site-packages/arduino_tutorial-0.0.0-py3.10.egg-info' (and everything under it)
[1.932s] Copying ../../build/arduino_tutorial/arduino_tutorial.egg-info to /home/kiro04/Documents/robot_ws/ros2_ws/install/arduino_tutorial/lib/python3.10/site-packages/arduino_tutorial-0.0.0-py3.10.egg-info
[1.934s] running install_scripts
[1.970s] Installing dist_publisher script to /home/kiro04/Documents/robot_ws/ros2_ws/install/arduino_tutorial/lib/arduino_tutorial
[1.971s] Installing dist_subscriber script to /home/kiro04/Documents/robot_ws/ros2_ws/install/arduino_tutorial/lib/arduino_tutorial
[1.971s] Installing led_subscriber script to /home/kiro04/Documents/robot_ws/ros2_ws/install/arduino_tutorial/lib/arduino_tutorial
[1.971s] Installing servo_publisher script to /home/kiro04/Documents/robot_ws/ros2_ws/install/arduino_tutorial/lib/arduino_tutorial
[1.971s] Installing servo_subscriber script to /home/kiro04/Documents/robot_ws/ros2_ws/install/arduino_tutorial/lib/arduino_tutorial
[1.971s] writing list of installed files to '/home/kiro04/Documents/robot_ws/ros2_ws/build/arduino_tutorial/install.log'
[2.016s] Invoked command in '/home/kiro04/Documents/robot_ws/ros2_ws/src/arduino_tutorial' returned '0': PYTHONPATH=/home/kiro04/Documents/robot_ws/ros2_ws/build/arduino_tutorial/prefix_override:/home/kiro04/Documents/robot_ws/ros2_ws/install/arduino_tutorial/lib/python3.10/site-packages:${PYTHONPATH} /usr/bin/python3 setup.py egg_info --egg-base ../../build/arduino_tutorial build --build-base /home/kiro04/Documents/robot_ws/ros2_ws/build/arduino_tutorial/build install --record /home/kiro04/Documents/robot_ws/ros2_ws/build/arduino_tutorial/install.log --single-version-externally-managed
