[1.280s] Invoking command in '/home/kiro04/Documents/robot_ws/ros2_ws/src/my_first_package': PYTHONPATH=/home/kiro04/Documents/robot_ws/ros2_ws/build/my_first_package/prefix_override:/home/kiro04/Documents/robot_ws/ros2_ws/install/my_first_package/lib/python3.10/site-packages:${PYTHONPATH} /usr/bin/python3 setup.py egg_info --egg-base ../../build/my_first_package build --build-base /home/kiro04/Documents/robot_ws/ros2_ws/build/my_first_package/build install --record /home/kiro04/Documents/robot_ws/ros2_ws/build/my_first_package/install.log --single-version-externally-managed
[1.732s] running egg_info
[1.733s] writing ../../build/my_first_package/my_first_package.egg-info/PKG-INFO
[1.734s] writing dependency_links to ../../build/my_first_package/my_first_package.egg-info/dependency_links.txt
[1.734s] writing entry points to ../../build/my_first_package/my_first_package.egg-info/entry_points.txt
[1.734s] writing requirements to ../../build/my_first_package/my_first_package.egg-info/requires.txt
[1.735s] writing top-level names to ../../build/my_first_package/my_first_package.egg-info/top_level.txt
[1.739s] reading manifest file '../../build/my_first_package/my_first_package.egg-info/SOURCES.txt'
[1.741s] writing manifest file '../../build/my_first_package/my_first_package.egg-info/SOURCES.txt'
[1.741s] running build
[1.741s] running build_py
[1.742s] copying my_first_package/my_multi_thread.py -> /home/kiro04/Documents/robot_ws/ros2_ws/build/my_first_package/build/lib/my_first_package
[1.742s] copying my_first_package/my_service_server.py -> /home/kiro04/Documents/robot_ws/ros2_ws/build/my_first_package/build/lib/my_first_package
[1.742s] copying my_first_package/my_publisher.py -> /home/kiro04/Documents/robot_ws/ros2_ws/build/my_first_package/build/lib/my_first_package
[1.743s] copying my_first_package/my_subscriber.py -> /home/kiro04/Documents/robot_ws/ros2_ws/build/my_first_package/build/lib/my_first_package
[1.743s] running install
[1.743s] /usr/lib/python3/dist-packages/setuptools/command/install.py:34: SetuptoolsDeprecationWarning: setup.py install is deprecated. Use build and pip and other standards-based tools.
[1.744s]   warnings.warn(
[1.744s] running install_lib
[1.746s] copying /home/kiro04/Documents/robot_ws/ros2_ws/build/my_first_package/build/lib/my_first_package/my_multi_thread.py -> /home/kiro04/Documents/robot_ws/ros2_ws/install/my_first_package/lib/python3.10/site-packages/my_first_package
[1.746s] copying /home/kiro04/Documents/robot_ws/ros2_ws/build/my_first_package/build/lib/my_first_package/my_service_server.py -> /home/kiro04/Documents/robot_ws/ros2_ws/install/my_first_package/lib/python3.10/site-packages/my_first_package
[1.746s] copying /home/kiro04/Documents/robot_ws/ros2_ws/build/my_first_package/build/lib/my_first_package/my_publisher.py -> /home/kiro04/Documents/robot_ws/ros2_ws/install/my_first_package/lib/python3.10/site-packages/my_first_package
[1.746s] copying /home/kiro04/Documents/robot_ws/ros2_ws/build/my_first_package/build/lib/my_first_package/my_subscriber.py -> /home/kiro04/Documents/robot_ws/ros2_ws/install/my_first_package/lib/python3.10/site-packages/my_first_package
[1.747s] byte-compiling /home/kiro04/Documents/robot_ws/ros2_ws/install/my_first_package/lib/python3.10/site-packages/my_first_package/my_multi_thread.py to my_multi_thread.cpython-310.pyc
[1.748s] byte-compiling /home/kiro04/Documents/robot_ws/ros2_ws/install/my_first_package/lib/python3.10/site-packages/my_first_package/my_service_server.py to my_service_server.cpython-310.pyc
[1.749s] byte-compiling /home/kiro04/Documents/robot_ws/ros2_ws/install/my_first_package/lib/python3.10/site-packages/my_first_package/my_publisher.py to my_publisher.cpython-310.pyc
[1.750s] byte-compiling /home/kiro04/Documents/robot_ws/ros2_ws/install/my_first_package/lib/python3.10/site-packages/my_first_package/my_subscriber.py to my_subscriber.cpython-310.pyc
[1.750s] running install_data
[1.751s] running install_egg_info
[1.754s] removing '/home/kiro04/Documents/robot_ws/ros2_ws/install/my_first_package/lib/python3.10/site-packages/my_first_package-0.0.0-py3.10.egg-info' (and everything under it)
[1.755s] Copying ../../build/my_first_package/my_first_package.egg-info to /home/kiro04/Documents/robot_ws/ros2_ws/install/my_first_package/lib/python3.10/site-packages/my_first_package-0.0.0-py3.10.egg-info
[1.756s] running install_scripts
[1.802s] Installing dist_turtle_action_server script to /home/kiro04/Documents/robot_ws/ros2_ws/install/my_first_package/lib/my_first_package
[1.802s] Installing my_first_node script to /home/kiro04/Documents/robot_ws/ros2_ws/install/my_first_package/lib/my_first_package
[1.803s] Installing my_multi_thread script to /home/kiro04/Documents/robot_ws/ros2_ws/install/my_first_package/lib/my_first_package
[1.803s] Installing my_publisher script to /home/kiro04/Documents/robot_ws/ros2_ws/install/my_first_package/lib/my_first_package
[1.803s] Installing my_service_server script to /home/kiro04/Documents/robot_ws/ros2_ws/install/my_first_package/lib/my_first_package
[1.803s] Installing my_subscriber script to /home/kiro04/Documents/robot_ws/ros2_ws/install/my_first_package/lib/my_first_package
[1.804s] Installing turtle_cmd_and_pose script to /home/kiro04/Documents/robot_ws/ros2_ws/install/my_first_package/lib/my_first_package
[1.806s] writing list of installed files to '/home/kiro04/Documents/robot_ws/ros2_ws/build/my_first_package/install.log'
[1.998s] Invoked command in '/home/kiro04/Documents/robot_ws/ros2_ws/src/my_first_package' returned '0': PYTHONPATH=/home/kiro04/Documents/robot_ws/ros2_ws/build/my_first_package/prefix_override:/home/kiro04/Documents/robot_ws/ros2_ws/install/my_first_package/lib/python3.10/site-packages:${PYTHONPATH} /usr/bin/python3 setup.py egg_info --egg-base ../../build/my_first_package build --build-base /home/kiro04/Documents/robot_ws/ros2_ws/build/my_first_package/build install --record /home/kiro04/Documents/robot_ws/ros2_ws/build/my_first_package/install.log --single-version-externally-managed
