[0.051s] Invoking command in '/home/kiro04/robot_ws/ros2_ws/build/yolox_param': CMAKE_PREFIX_PATH=${CMAKE_PREFIX_PATH}:/home/kiro04/robot_ws/ros2_ws/install/my_first_package:/home/kiro04/robot_ws/ros2_ws/install/arduino_tutorial:/opt/ros/humble /home/kiro04/.local/bin/cmake /home/kiro04/robot_ws/ros2_ws/yolox_ros/yolox_ros_cpp/yolox_param -DCMAKE_INSTALL_PREFIX=/home/kiro04/robot_ws/ros2_ws/install/yolox_param
[1.286s] -- The C compiler identification is GNU 11.3.0
[1.287s] -- The CXX compiler identification is GNU 11.3.0
[1.287s] -- Detecting C compiler ABI info
[1.288s] -- Detecting C compiler ABI info - done
[1.288s] -- Check for working C compiler: /usr/bin/cc - skipped
[1.288s] -- Detecting C compile features
[1.288s] -- Detecting C compile features - done
[1.288s] -- Detecting CXX compiler ABI info
[1.289s] -- Detecting CXX compiler ABI info - done
[1.289s] -- Check for working CXX compiler: /usr/bin/c++ - skipped
[1.289s] -- Detecting CXX compile features
[1.289s] -- Detecting CXX compile features - done
[1.289s] -- Found ament_cmake_auto: 1.3.4 (/opt/ros/humble/share/ament_cmake_auto/cmake)
[1.370s] -- Found Python3: /usr/bin/python3.10 (found version "3.10.6") found components: Interpreter 
[1.759s] -- Found parameter_traits: 0.3.3 (/opt/ros/humble/share/parameter_traits/cmake)
[1.863s] -- Found rosidl_generator_c: 3.1.4 (/opt/ros/humble/share/rosidl_generator_c/cmake)
[1.874s] -- Found rosidl_adapter: 3.1.4 (/opt/ros/humble/share/rosidl_adapter/cmake)
[1.893s] -- Found rosidl_generator_cpp: 3.1.4 (/opt/ros/humble/share/rosidl_generator_cpp/cmake)
[1.925s] -- Using all available rosidl_typesupport_c: rosidl_typesupport_fastrtps_c;rosidl_typesupport_introspection_c
[1.975s] -- Using all available rosidl_typesupport_cpp: rosidl_typesupport_fastrtps_cpp;rosidl_typesupport_introspection_cpp
[2.148s] -- Found rmw_implementation_cmake: 6.1.1 (/opt/ros/humble/share/rmw_implementation_cmake/cmake)
[2.159s] -- Found rmw_fastrtps_cpp: 6.2.2 (/opt/ros/humble/share/rmw_fastrtps_cpp/cmake)
[2.322s] -- Found OpenSSL: /usr/lib/x86_64-linux-gnu/libcrypto.so (found version "3.0.2")  
[2.362s] -- Found FastRTPS: /opt/ros/humble/include  
[2.429s] -- Using RMW implementation 'rmw_fastrtps_cpp' as default
[2.447s] -- Performing Test CMAKE_HAVE_LIBC_PTHREAD
[2.522s] -- Performing Test CMAKE_HAVE_LIBC_PTHREAD - Success
[2.524s] -- Found Threads: TRUE  
[2.848s] -- Found rclcpp_lifecycle: 16.0.4 (/opt/ros/humble/share/rclcpp_lifecycle/cmake)
[2.925s] -- Found ament_lint_auto: 0.12.6 (/opt/ros/humble/share/ament_lint_auto/cmake)
[2.961s] -- Added test 'copyright' to check source files copyright and LICENSE
[2.963s] -- Added test 'lint_cmake' to check CMake code style
[2.965s] -- Added test 'xmllint' to check XML markup files
[2.969s] -- Configuring done (2.8s)
[2.976s] -- Generating done (0.0s)
[2.979s] -- Build files have been written to: /home/kiro04/robot_ws/ros2_ws/build/yolox_param
