[1.398s] Invoking command in '/home/kiro04/Documents/robot_ws/ros2_ws/src/my_first_package': PYTHONPATH=/home/kiro04/Documents/robot_ws/ros2_ws/build/my_first_package/prefix_override:/home/kiro04/Documents/robot_ws/ros2_ws/install/my_first_package/lib/python3.10/site-packages:${PYTHONPATH} /usr/bin/python3 setup.py egg_info --egg-base ../../build/my_first_package build --build-base /home/kiro04/Documents/robot_ws/ros2_ws/build/my_first_package/build install --record /home/kiro04/Documents/robot_ws/ros2_ws/build/my_first_package/install.log --single-version-externally-managed
[1.842s] running egg_info
[1.843s] writing ../../build/my_first_package/my_first_package.egg-info/PKG-INFO
[1.843s] writing dependency_links to ../../build/my_first_package/my_first_package.egg-info/dependency_links.txt
[1.846s] writing entry points to ../../build/my_first_package/my_first_package.egg-info/entry_points.txt
[1.846s] writing requirements to ../../build/my_first_package/my_first_package.egg-info/requires.txt
[1.846s] writing top-level names to ../../build/my_first_package/my_first_package.egg-info/top_level.txt
[1.854s] reading manifest file '../../build/my_first_package/my_first_package.egg-info/SOURCES.txt'
[1.854s] writing manifest file '../../build/my_first_package/my_first_package.egg-info/SOURCES.txt'
[1.854s] running build
[1.855s] running build_py
[1.855s] copying my_first_package/dist_turtle_action_server.py -> /home/kiro04/Documents/robot_ws/ros2_ws/build/my_first_package/build/lib/my_first_package
[1.855s] running install
[1.855s] running install_lib
[1.856s] copying /home/kiro04/Documents/robot_ws/ros2_ws/build/my_first_package/build/lib/my_first_package/dist_turtle_action_server.py -> /home/kiro04/Documents/robot_ws/ros2_ws/install/my_first_package/lib/python3.10/site-packages/my_first_package
[1.856s] byte-compiling /home/kiro04/Documents/robot_ws/ros2_ws/install/my_first_package/lib/python3.10/site-packages/my_first_package/dist_turtle_action_server.py to dist_turtle_action_server.cpython-310.pyc
[1.856s] /usr/lib/python3/dist-packages/setuptools/command/install.py:34: SetuptoolsDeprecationWarning: setup.py install is deprecated. Use build and pip and other standards-based tools.
[1.856s]   warnings.warn(
[1.857s] running install_data
[1.857s] running install_egg_info
[1.860s] removing '/home/kiro04/Documents/robot_ws/ros2_ws/install/my_first_package/lib/python3.10/site-packages/my_first_package-0.0.0-py3.10.egg-info' (and everything under it)
[1.860s] Copying ../../build/my_first_package/my_first_package.egg-info to /home/kiro04/Documents/robot_ws/ros2_ws/install/my_first_package/lib/python3.10/site-packages/my_first_package-0.0.0-py3.10.egg-info
[1.862s] running install_scripts
[1.898s] Installing dist_turtle_action_server script to /home/kiro04/Documents/robot_ws/ros2_ws/install/my_first_package/lib/my_first_package
[1.898s] Installing my_first_node script to /home/kiro04/Documents/robot_ws/ros2_ws/install/my_first_package/lib/my_first_package
[1.898s] Installing my_multi_thread script to /home/kiro04/Documents/robot_ws/ros2_ws/install/my_first_package/lib/my_first_package
[1.898s] Installing my_publisher script to /home/kiro04/Documents/robot_ws/ros2_ws/install/my_first_package/lib/my_first_package
[1.899s] Installing my_service_server script to /home/kiro04/Documents/robot_ws/ros2_ws/install/my_first_package/lib/my_first_package
[1.899s] Installing my_subscriber script to /home/kiro04/Documents/robot_ws/ros2_ws/install/my_first_package/lib/my_first_package
[1.899s] Installing turtle_cmd_and_pose script to /home/kiro04/Documents/robot_ws/ros2_ws/install/my_first_package/lib/my_first_package
[1.899s] writing list of installed files to '/home/kiro04/Documents/robot_ws/ros2_ws/build/my_first_package/install.log'
[1.953s] Invoked command in '/home/kiro04/Documents/robot_ws/ros2_ws/src/my_first_package' returned '0': PYTHONPATH=/home/kiro04/Documents/robot_ws/ros2_ws/build/my_first_package/prefix_override:/home/kiro04/Documents/robot_ws/ros2_ws/install/my_first_package/lib/python3.10/site-packages:${PYTHONPATH} /usr/bin/python3 setup.py egg_info --egg-base ../../build/my_first_package build --build-base /home/kiro04/Documents/robot_ws/ros2_ws/build/my_first_package/build install --record /home/kiro04/Documents/robot_ws/ros2_ws/build/my_first_package/install.log --single-version-externally-managed
