[0.288s] Invoking command in '/home/kiro04/Documents/robot_ws/ros2_ws/build/my_first_package_mags': CMAKE_PREFIX_PATH=/opt/ros/humble /usr/bin/cmake /home/kiro04/Documents/robot_ws/ros2_ws/src/my_first_package_mags -DCMAKE_INSTALL_PREFIX=/home/kiro04/Documents/robot_ws/ros2_ws/install/my_first_package_mags
[0.358s] -- The C compiler identification is GNU 11.3.0
[0.422s] -- The CXX compiler identification is GNU 11.3.0
[0.432s] -- Detecting C compiler ABI info
[0.534s] -- Detecting C compiler ABI info - done
[0.544s] -- Check for working C compiler: /usr/bin/cc - skipped
[0.544s] -- Detecting C compile features
[0.545s] -- Detecting C compile features - done
[0.548s] -- Detecting CXX compiler ABI info
[0.643s] -- Detecting CXX compiler ABI info - done
[0.656s] -- Check for working CXX compiler: /usr/bin/c++ - skipped
[0.657s] -- Detecting CXX compile features
[0.657s] -- Detecting CXX compile features - done
[0.660s] -- Found ament_cmake: 1.3.4 (/opt/ros/humble/share/ament_cmake/cmake)
[0.888s] -- Found Python3: /usr/bin/python3.10 (found version "3.10.6") found components: Interpreter 
[0.998s] -- Found rosidl_default_generators: 1.2.0 (/opt/ros/humble/share/rosidl_default_generators/cmake)
[1.001s] -- Using all available rosidl_typesupport_c: rosidl_typesupport_fastrtps_c;rosidl_typesupport_introspection_c
[1.008s] -- Found rosidl_adapter: 3.1.4 (/opt/ros/humble/share/rosidl_adapter/cmake)
[1.053s] -- Using all available rosidl_typesupport_cpp: rosidl_typesupport_fastrtps_cpp;rosidl_typesupport_introspection_cpp
[1.091s] [31mCMake Error at CMakeLists.txt:16 (rosidl_default_interfaces):
[1.091s]   Unknown CMake command "rosidl_default_interfaces".
[1.091s] 
[1.091s] [0m
[1.091s] -- Configuring incomplete, errors occurred!
[1.091s] See also "/home/kiro04/Documents/robot_ws/ros2_ws/build/my_first_package_mags/CMakeFiles/CMakeOutput.log".
[1.098s] Invoked command in '/home/kiro04/Documents/robot_ws/ros2_ws/build/my_first_package_mags' returned '1': CMAKE_PREFIX_PATH=/opt/ros/humble /usr/bin/cmake /home/kiro04/Documents/robot_ws/ros2_ws/src/my_first_package_mags -DCMAKE_INSTALL_PREFIX=/home/kiro04/Documents/robot_ws/ros2_ws/install/my_first_package_mags
