[1.230s] Invoking command in '/home/kiro04/Documents/robot_ws/ros2_ws/src/my_first_package': PYTHONPATH=/home/kiro04/Documents/robot_ws/ros2_ws/build/my_first_package/prefix_override:/home/kiro04/Documents/robot_ws/ros2_ws/install/my_first_package/lib/python3.10/site-packages:${PYTHONPATH} /usr/bin/python3 setup.py egg_info --egg-base ../../build/my_first_package build --build-base /home/kiro04/Documents/robot_ws/ros2_ws/build/my_first_package/build install --record /home/kiro04/Documents/robot_ws/ros2_ws/build/my_first_package/install.log --single-version-externally-managed
[1.649s] running egg_info
[1.650s] writing ../../build/my_first_package/my_first_package.egg-info/PKG-INFO
[1.651s] writing dependency_links to ../../build/my_first_package/my_first_package.egg-info/dependency_links.txt
[1.651s] writing entry points to ../../build/my_first_package/my_first_package.egg-info/entry_points.txt
[1.651s] writing requirements to ../../build/my_first_package/my_first_package.egg-info/requires.txt
[1.652s] writing top-level names to ../../build/my_first_package/my_first_package.egg-info/top_level.txt
[1.654s] reading manifest file '../../build/my_first_package/my_first_package.egg-info/SOURCES.txt'
[1.657s] writing manifest file '../../build/my_first_package/my_first_package.egg-info/SOURCES.txt'
[1.657s] running build
[1.657s] running build_py
[1.657s] copying my_first_package/dist_turtle_action_server.py -> /home/kiro04/Documents/robot_ws/ros2_ws/build/my_first_package/build/lib/my_first_package
[1.657s] running install
[1.658s] /usr/lib/python3/dist-packages/setuptools/command/install.py:34: SetuptoolsDeprecationWarning: setup.py install is deprecated. Use build and pip and other standards-based tools.
[1.658s]   warnings.warn(
[1.658s] running install_lib
[1.659s] copying /home/kiro04/Documents/robot_ws/ros2_ws/build/my_first_package/build/lib/my_first_package/dist_turtle_action_server.py -> /home/kiro04/Documents/robot_ws/ros2_ws/install/my_first_package/lib/python3.10/site-packages/my_first_package
[1.660s] byte-compiling /home/kiro04/Documents/robot_ws/ros2_ws/install/my_first_package/lib/python3.10/site-packages/my_first_package/dist_turtle_action_server.py to dist_turtle_action_server.cpython-310.pyc
[1.661s] running install_data
[1.662s] running install_egg_info
[1.665s] removing '/home/kiro04/Documents/robot_ws/ros2_ws/install/my_first_package/lib/python3.10/site-packages/my_first_package-0.0.0-py3.10.egg-info' (and everything under it)
[1.665s] Copying ../../build/my_first_package/my_first_package.egg-info to /home/kiro04/Documents/robot_ws/ros2_ws/install/my_first_package/lib/python3.10/site-packages/my_first_package-0.0.0-py3.10.egg-info
[1.667s] running install_scripts
[1.698s] Installing dist_turtle_action_server script to /home/kiro04/Documents/robot_ws/ros2_ws/install/my_first_package/lib/my_first_package
[1.699s] Installing my_first_node script to /home/kiro04/Documents/robot_ws/ros2_ws/install/my_first_package/lib/my_first_package
[1.699s] Installing my_service_server script to /home/kiro04/Documents/robot_ws/ros2_ws/install/my_first_package/lib/my_first_package
[1.699s] Installing turtle_cmd_and_pose script to /home/kiro04/Documents/robot_ws/ros2_ws/install/my_first_package/lib/my_first_package
[1.699s] writing list of installed files to '/home/kiro04/Documents/robot_ws/ros2_ws/build/my_first_package/install.log'
[1.745s] Invoked command in '/home/kiro04/Documents/robot_ws/ros2_ws/src/my_first_package' returned '0': PYTHONPATH=/home/kiro04/Documents/robot_ws/ros2_ws/build/my_first_package/prefix_override:/home/kiro04/Documents/robot_ws/ros2_ws/install/my_first_package/lib/python3.10/site-packages:${PYTHONPATH} /usr/bin/python3 setup.py egg_info --egg-base ../../build/my_first_package build --build-base /home/kiro04/Documents/robot_ws/ros2_ws/build/my_first_package/build install --record /home/kiro04/Documents/robot_ws/ros2_ws/build/my_first_package/install.log --single-version-externally-managed
