[0.675s] Invoking command in '/home/kiro04/Documents/robot_ws/ros2_ws/build/my_first_package_msgs': CMAKE_PREFIX_PATH=${CMAKE_PREFIX_PATH}:/home/kiro04/Documents/robot_ws/ros2_ws/install/my_first_package:/home/kiro04/Documents/robot_ws/ros2_ws/install/arduino_tutorial:/opt/ros/humble /usr/bin/cmake --build /home/kiro04/Documents/robot_ws/ros2_ws/build/my_first_package_msgs -- -j8 -l8
[0.732s] [35m[1mConsolidate compiler generated dependencies of target my_first_package_msgs__rosidl_generator_c[0m
[0.748s] [  2%] Built target my_first_package_msgs__cpp
[0.752s] [ 12%] Built target my_first_package_msgs__rosidl_generator_c
[0.767s] [ 12%] Built target ament_cmake_python_copy_my_first_package_msgs
[0.770s] [35m[1mConsolidate compiler generated dependencies of target my_first_package_msgs__rosidl_typesupport_cpp[0m
[0.772s] [35m[1mConsolidate compiler generated dependencies of target my_first_package_msgs__rosidl_typesupport_introspection_cpp[0m
[0.772s] [35m[1mConsolidate compiler generated dependencies of target my_first_package_msgs__rosidl_typesupport_fastrtps_cpp[0m
[0.775s] [35m[1mConsolidate compiler generated dependencies of target my_first_package_msgs__rosidl_typesupport_fastrtps_c[0m
[0.800s] [ 23%] Built target my_first_package_msgs__rosidl_typesupport_cpp
[0.802s] [35m[1mConsolidate compiler generated dependencies of target my_first_package_msgs__rosidl_typesupport_c[0m
[0.812s] [35m[1mConsolidate compiler generated dependencies of target my_first_package_msgs__rosidl_typesupport_introspection_c[0m
[0.822s] [ 33%] Built target my_first_package_msgs__rosidl_typesupport_fastrtps_c
[0.828s] [ 43%] Built target my_first_package_msgs__rosidl_typesupport_fastrtps_cpp
[0.843s] [ 53%] Built target my_first_package_msgs__rosidl_typesupport_c
[0.845s] [ 64%] Built target my_first_package_msgs__rosidl_typesupport_introspection_c
[0.848s] [ 74%] Built target my_first_package_msgs__rosidl_typesupport_introspection_cpp
[0.886s] [ 74%] Built target my_first_package_msgs
[0.926s] [ 76%] Built target my_first_package_msgs__py
[0.950s] [35m[1mConsolidate compiler generated dependencies of target my_first_package_msgs__rosidl_generator_py[0m
[0.981s] [ 84%] Built target my_first_package_msgs__rosidl_generator_py
[1.005s] [35m[1mConsolidate compiler generated dependencies of target my_first_package_msgs__rosidl_typesupport_fastrtps_c__pyext[0m
[1.008s] [35m[1mConsolidate compiler generated dependencies of target my_first_package_msgs__rosidl_typesupport_c__pyext[0m
[1.028s] [35m[1mConsolidate compiler generated dependencies of target my_first_package_msgs__rosidl_typesupport_introspection_c__pyext[0m
[1.036s] [ 89%] Built target my_first_package_msgs__rosidl_typesupport_fastrtps_c__pyext
[1.040s] [ 94%] Built target my_first_package_msgs__rosidl_typesupport_c__pyext
[1.062s] [100%] Built target my_first_package_msgs__rosidl_typesupport_introspection_c__pyext
[1.404s] running egg_info
[1.406s] writing my_first_package_msgs.egg-info/PKG-INFO
[1.407s] writing dependency_links to my_first_package_msgs.egg-info/dependency_links.txt
[1.408s] writing top-level names to my_first_package_msgs.egg-info/top_level.txt
[1.412s] reading manifest file 'my_first_package_msgs.egg-info/SOURCES.txt'
[1.413s] writing manifest file 'my_first_package_msgs.egg-info/SOURCES.txt'
[1.459s] [100%] Built target ament_cmake_python_build_my_first_package_msgs_egg
[1.476s] Invoked command in '/home/kiro04/Documents/robot_ws/ros2_ws/build/my_first_package_msgs' returned '0': CMAKE_PREFIX_PATH=${CMAKE_PREFIX_PATH}:/home/kiro04/Documents/robot_ws/ros2_ws/install/my_first_package:/home/kiro04/Documents/robot_ws/ros2_ws/install/arduino_tutorial:/opt/ros/humble /usr/bin/cmake --build /home/kiro04/Documents/robot_ws/ros2_ws/build/my_first_package_msgs -- -j8 -l8
[1.615s] Invoking command in '/home/kiro04/Documents/robot_ws/ros2_ws/build/my_first_package_msgs': CMAKE_PREFIX_PATH=${CMAKE_PREFIX_PATH}:/home/kiro04/Documents/robot_ws/ros2_ws/install/my_first_package:/home/kiro04/Documents/robot_ws/ros2_ws/install/arduino_tutorial:/opt/ros/humble /usr/bin/cmake --install /home/kiro04/Documents/robot_ws/ros2_ws/build/my_first_package_msgs
[1.626s] -- Install configuration: ""
[1.626s] -- Up-to-date: /home/kiro04/Documents/robot_ws/ros2_ws/install/my_first_package_msgs/share/ament_index/resource_index/rosidl_interfaces/my_first_package_msgs
[1.626s] -- Up-to-date: /home/kiro04/Documents/robot_ws/ros2_ws/install/my_first_package_msgs/include/my_first_package_msgs/my_first_package_msgs
[1.626s] -- Up-to-date: /home/kiro04/Documents/robot_ws/ros2_ws/install/my_first_package_msgs/include/my_first_package_msgs/my_first_package_msgs/msg
[1.627s] -- Up-to-date: /home/kiro04/Documents/robot_ws/ros2_ws/install/my_first_package_msgs/include/my_first_package_msgs/my_first_package_msgs/msg/cmd_and_pose_vel.h
[1.628s] -- Up-to-date: /home/kiro04/Documents/robot_ws/ros2_ws/install/my_first_package_msgs/include/my_first_package_msgs/my_first_package_msgs/msg/detail
[1.630s] -- Up-to-date: /home/kiro04/Documents/robot_ws/ros2_ws/install/my_first_package_msgs/include/my_first_package_msgs/my_first_package_msgs/msg/detail/cmd_and_pose_vel__functions.c
[1.630s] -- Up-to-date: /home/kiro04/Documents/robot_ws/ros2_ws/install/my_first_package_msgs/include/my_first_package_msgs/my_first_package_msgs/msg/detail/cmd_and_pose_vel__functions.h
[1.631s] -- Up-to-date: /home/kiro04/Documents/robot_ws/ros2_ws/install/my_first_package_msgs/include/my_first_package_msgs/my_first_package_msgs/msg/detail/cmd_and_pose_vel__type_support.h
[1.631s] -- Up-to-date: /home/kiro04/Documents/robot_ws/ros2_ws/install/my_first_package_msgs/include/my_first_package_msgs/my_first_package_msgs/msg/detail/cmd_and_pose_vel__struct.h
[1.631s] -- Up-to-date: /home/kiro04/Documents/robot_ws/ros2_ws/install/my_first_package_msgs/include/my_first_package_msgs/my_first_package_msgs/msg/rosidl_generator_c__visibility_control.h
[1.632s] -- Up-to-date: /home/kiro04/Documents/robot_ws/ros2_ws/install/my_first_package_msgs/include/my_first_package_msgs/my_first_package_msgs/action
[1.633s] -- Up-to-date: /home/kiro04/Documents/robot_ws/ros2_ws/install/my_first_package_msgs/include/my_first_package_msgs/my_first_package_msgs/action/detail
[1.633s] -- Up-to-date: /home/kiro04/Documents/robot_ws/ros2_ws/install/my_first_package_msgs/include/my_first_package_msgs/my_first_package_msgs/action/detail/dist_turtle__struct.h
[1.634s] -- Up-to-date: /home/kiro04/Documents/robot_ws/ros2_ws/install/my_first_package_msgs/include/my_first_package_msgs/my_first_package_msgs/action/detail/dist_turtle__functions.h
[1.634s] -- Up-to-date: /home/kiro04/Documents/robot_ws/ros2_ws/install/my_first_package_msgs/include/my_first_package_msgs/my_first_package_msgs/action/detail/dist_turtle__functions.c
[1.634s] -- Up-to-date: /home/kiro04/Documents/robot_ws/ros2_ws/install/my_first_package_msgs/include/my_first_package_msgs/my_first_package_msgs/action/detail/dist_turtle__type_support.h
[1.635s] -- Up-to-date: /home/kiro04/Documents/robot_ws/ros2_ws/install/my_first_package_msgs/include/my_first_package_msgs/my_first_package_msgs/action/dist_turtle.h
[1.635s] -- Up-to-date: /home/kiro04/Documents/robot_ws/ros2_ws/install/my_first_package_msgs/share/my_first_package_msgs/environment/library_path.sh
[1.635s] -- Up-to-date: /home/kiro04/Documents/robot_ws/ros2_ws/install/my_first_package_msgs/share/my_first_package_msgs/environment/library_path.dsv
[1.635s] -- Up-to-date: /home/kiro04/Documents/robot_ws/ros2_ws/install/my_first_package_msgs/lib/libmy_first_package_msgs__rosidl_generator_c.so
[1.636s] -- Up-to-date: /home/kiro04/Documents/robot_ws/ros2_ws/install/my_first_package_msgs/include/my_first_package_msgs/my_first_package_msgs
[1.636s] -- Up-to-date: /home/kiro04/Documents/robot_ws/ros2_ws/install/my_first_package_msgs/include/my_first_package_msgs/my_first_package_msgs/msg
[1.636s] -- Up-to-date: /home/kiro04/Documents/robot_ws/ros2_ws/install/my_first_package_msgs/include/my_first_package_msgs/my_first_package_msgs/msg/rosidl_typesupport_fastrtps_c__visibility_control.h
[1.636s] -- Up-to-date: /home/kiro04/Documents/robot_ws/ros2_ws/install/my_first_package_msgs/include/my_first_package_msgs/my_first_package_msgs/msg/detail
[1.636s] -- Up-to-date: /home/kiro04/Documents/robot_ws/ros2_ws/install/my_first_package_msgs/include/my_first_package_msgs/my_first_package_msgs/msg/detail/cmd_and_pose_vel__rosidl_typesupport_fastrtps_c.h
[1.637s] -- Up-to-date: /home/kiro04/Documents/robot_ws/ros2_ws/install/my_first_package_msgs/include/my_first_package_msgs/my_first_package_msgs/action
[1.637s] -- Up-to-date: /home/kiro04/Documents/robot_ws/ros2_ws/install/my_first_package_msgs/include/my_first_package_msgs/my_first_package_msgs/action/detail
[1.637s] -- Up-to-date: /home/kiro04/Documents/robot_ws/ros2_ws/install/my_first_package_msgs/include/my_first_package_msgs/my_first_package_msgs/action/detail/dist_turtle__rosidl_typesupport_fastrtps_c.h
[1.637s] -- Up-to-date: /home/kiro04/Documents/robot_ws/ros2_ws/install/my_first_package_msgs/lib/libmy_first_package_msgs__rosidl_typesupport_fastrtps_c.so
[1.638s] -- Up-to-date: /home/kiro04/Documents/robot_ws/ros2_ws/install/my_first_package_msgs/include/my_first_package_msgs/my_first_package_msgs
[1.638s] -- Up-to-date: /home/kiro04/Documents/robot_ws/ros2_ws/install/my_first_package_msgs/include/my_first_package_msgs/my_first_package_msgs/msg
[1.638s] -- Up-to-date: /home/kiro04/Documents/robot_ws/ros2_ws/install/my_first_package_msgs/include/my_first_package_msgs/my_first_package_msgs/msg/detail
[1.638s] -- Up-to-date: /home/kiro04/Documents/robot_ws/ros2_ws/install/my_first_package_msgs/include/my_first_package_msgs/my_first_package_msgs/msg/detail/cmd_and_pose_vel__type_support.c
[1.638s] -- Up-to-date: /home/kiro04/Documents/robot_ws/ros2_ws/install/my_first_package_msgs/include/my_first_package_msgs/my_first_package_msgs/msg/detail/cmd_and_pose_vel__rosidl_typesupport_introspection_c.h
[1.639s] -- Up-to-date: /home/kiro04/Documents/robot_ws/ros2_ws/install/my_first_package_msgs/include/my_first_package_msgs/my_first_package_msgs/msg/rosidl_typesupport_introspection_c__visibility_control.h
[1.639s] -- Up-to-date: /home/kiro04/Documents/robot_ws/ros2_ws/install/my_first_package_msgs/include/my_first_package_msgs/my_first_package_msgs/action
[1.639s] -- Up-to-date: /home/kiro04/Documents/robot_ws/ros2_ws/install/my_first_package_msgs/include/my_first_package_msgs/my_first_package_msgs/action/detail
[1.639s] -- Up-to-date: /home/kiro04/Documents/robot_ws/ros2_ws/install/my_first_package_msgs/include/my_first_package_msgs/my_first_package_msgs/action/detail/dist_turtle__type_support.c
[1.639s] -- Up-to-date: /home/kiro04/Documents/robot_ws/ros2_ws/install/my_first_package_msgs/include/my_first_package_msgs/my_first_package_msgs/action/detail/dist_turtle__rosidl_typesupport_introspection_c.h
[1.640s] -- Up-to-date: /home/kiro04/Documents/robot_ws/ros2_ws/install/my_first_package_msgs/lib/libmy_first_package_msgs__rosidl_typesupport_introspection_c.so
[1.640s] -- Up-to-date: /home/kiro04/Documents/robot_ws/ros2_ws/install/my_first_package_msgs/lib/libmy_first_package_msgs__rosidl_typesupport_c.so
[1.640s] -- Up-to-date: /home/kiro04/Documents/robot_ws/ros2_ws/install/my_first_package_msgs/include/my_first_package_msgs/my_first_package_msgs
[1.640s] -- Up-to-date: /home/kiro04/Documents/robot_ws/ros2_ws/install/my_first_package_msgs/include/my_first_package_msgs/my_first_package_msgs/msg
[1.640s] -- Up-to-date: /home/kiro04/Documents/robot_ws/ros2_ws/install/my_first_package_msgs/include/my_first_package_msgs/my_first_package_msgs/msg/detail
[1.641s] -- Up-to-date: /home/kiro04/Documents/robot_ws/ros2_ws/install/my_first_package_msgs/include/my_first_package_msgs/my_first_package_msgs/msg/detail/cmd_and_pose_vel__traits.hpp
[1.641s] -- Up-to-date: /home/kiro04/Documents/robot_ws/ros2_ws/install/my_first_package_msgs/include/my_first_package_msgs/my_first_package_msgs/msg/detail/cmd_and_pose_vel__struct.hpp
[1.641s] -- Up-to-date: /home/kiro04/Documents/robot_ws/ros2_ws/install/my_first_package_msgs/include/my_first_package_msgs/my_first_package_msgs/msg/detail/cmd_and_pose_vel__builder.hpp
[1.641s] -- Up-to-date: /home/kiro04/Documents/robot_ws/ros2_ws/install/my_first_package_msgs/include/my_first_package_msgs/my_first_package_msgs/msg/cmd_and_pose_vel.hpp
[1.641s] -- Up-to-date: /home/kiro04/Documents/robot_ws/ros2_ws/install/my_first_package_msgs/include/my_first_package_msgs/my_first_package_msgs/action
[1.642s] -- Up-to-date: /home/kiro04/Documents/robot_ws/ros2_ws/install/my_first_package_msgs/include/my_first_package_msgs/my_first_package_msgs/action/dist_turtle.hpp
[1.642s] -- Up-to-date: /home/kiro04/Documents/robot_ws/ros2_ws/install/my_first_package_msgs/include/my_first_package_msgs/my_first_package_msgs/action/detail
[1.642s] -- Up-to-date: /home/kiro04/Documents/robot_ws/ros2_ws/install/my_first_package_msgs/include/my_first_package_msgs/my_first_package_msgs/action/detail/dist_turtle__struct.hpp
[1.642s] -- Up-to-date: /home/kiro04/Documents/robot_ws/ros2_ws/install/my_first_package_msgs/include/my_first_package_msgs/my_first_package_msgs/action/detail/dist_turtle__traits.hpp
[1.643s] -- Up-to-date: /home/kiro04/Documents/robot_ws/ros2_ws/install/my_first_package_msgs/include/my_first_package_msgs/my_first_package_msgs/action/detail/dist_turtle__builder.hpp
[1.643s] -- Up-to-date: /home/kiro04/Documents/robot_ws/ros2_ws/install/my_first_package_msgs/include/my_first_package_msgs/my_first_package_msgs
[1.643s] -- Up-to-date: /home/kiro04/Documents/robot_ws/ros2_ws/install/my_first_package_msgs/include/my_first_package_msgs/my_first_package_msgs/msg
[1.644s] -- Up-to-date: /home/kiro04/Documents/robot_ws/ros2_ws/install/my_first_package_msgs/include/my_first_package_msgs/my_first_package_msgs/msg/detail
[1.644s] -- Up-to-date: /home/kiro04/Documents/robot_ws/ros2_ws/install/my_first_package_msgs/include/my_first_package_msgs/my_first_package_msgs/msg/detail/dds_fastrtps
[1.644s] -- Up-to-date: /home/kiro04/Documents/robot_ws/ros2_ws/install/my_first_package_msgs/include/my_first_package_msgs/my_first_package_msgs/msg/detail/cmd_and_pose_vel__rosidl_typesupport_fastrtps_cpp.hpp
[1.644s] -- Up-to-date: /home/kiro04/Documents/robot_ws/ros2_ws/install/my_first_package_msgs/include/my_first_package_msgs/my_first_package_msgs/msg/rosidl_typesupport_fastrtps_cpp__visibility_control.h
[1.645s] -- Up-to-date: /home/kiro04/Documents/robot_ws/ros2_ws/install/my_first_package_msgs/include/my_first_package_msgs/my_first_package_msgs/action
[1.645s] -- Up-to-date: /home/kiro04/Documents/robot_ws/ros2_ws/install/my_first_package_msgs/include/my_first_package_msgs/my_first_package_msgs/action/detail
[1.645s] -- Up-to-date: /home/kiro04/Documents/robot_ws/ros2_ws/install/my_first_package_msgs/include/my_first_package_msgs/my_first_package_msgs/action/detail/dds_fastrtps
[1.645s] -- Up-to-date: /home/kiro04/Documents/robot_ws/ros2_ws/install/my_first_package_msgs/include/my_first_package_msgs/my_first_package_msgs/action/detail/dist_turtle__rosidl_typesupport_fastrtps_cpp.hpp
[1.645s] -- Up-to-date: /home/kiro04/Documents/robot_ws/ros2_ws/install/my_first_package_msgs/lib/libmy_first_package_msgs__rosidl_typesupport_fastrtps_cpp.so
[1.646s] -- Up-to-date: /home/kiro04/Documents/robot_ws/ros2_ws/install/my_first_package_msgs/include/my_first_package_msgs/my_first_package_msgs
[1.646s] -- Up-to-date: /home/kiro04/Documents/robot_ws/ros2_ws/install/my_first_package_msgs/include/my_first_package_msgs/my_first_package_msgs/msg
[1.646s] -- Up-to-date: /home/kiro04/Documents/robot_ws/ros2_ws/install/my_first_package_msgs/include/my_first_package_msgs/my_first_package_msgs/msg/detail
[1.646s] -- Up-to-date: /home/kiro04/Documents/robot_ws/ros2_ws/install/my_first_package_msgs/include/my_first_package_msgs/my_first_package_msgs/msg/detail/cmd_and_pose_vel__rosidl_typesupport_introspection_cpp.hpp
[1.646s] -- Up-to-date: /home/kiro04/Documents/robot_ws/ros2_ws/install/my_first_package_msgs/include/my_first_package_msgs/my_first_package_msgs/msg/detail/cmd_and_pose_vel__type_support.cpp
[1.647s] -- Up-to-date: /home/kiro04/Documents/robot_ws/ros2_ws/install/my_first_package_msgs/include/my_first_package_msgs/my_first_package_msgs/action
[1.647s] -- Up-to-date: /home/kiro04/Documents/robot_ws/ros2_ws/install/my_first_package_msgs/include/my_first_package_msgs/my_first_package_msgs/action/detail
[1.647s] -- Up-to-date: /home/kiro04/Documents/robot_ws/ros2_ws/install/my_first_package_msgs/include/my_first_package_msgs/my_first_package_msgs/action/detail/dist_turtle__type_support.cpp
[1.647s] -- Up-to-date: /home/kiro04/Documents/robot_ws/ros2_ws/install/my_first_package_msgs/include/my_first_package_msgs/my_first_package_msgs/action/detail/dist_turtle__rosidl_typesupport_introspection_cpp.hpp
[1.648s] -- Up-to-date: /home/kiro04/Documents/robot_ws/ros2_ws/install/my_first_package_msgs/lib/libmy_first_package_msgs__rosidl_typesupport_introspection_cpp.so
[1.648s] -- Up-to-date: /home/kiro04/Documents/robot_ws/ros2_ws/install/my_first_package_msgs/lib/libmy_first_package_msgs__rosidl_typesupport_cpp.so
[1.648s] -- Up-to-date: /home/kiro04/Documents/robot_ws/ros2_ws/install/my_first_package_msgs/share/my_first_package_msgs/environment/pythonpath.sh
[1.648s] -- Up-to-date: /home/kiro04/Documents/robot_ws/ros2_ws/install/my_first_package_msgs/share/my_first_package_msgs/environment/pythonpath.dsv
[1.648s] -- Up-to-date: /home/kiro04/Documents/robot_ws/ros2_ws/install/my_first_package_msgs/local/lib/python3.10/dist-packages/my_first_package_msgs-0.0.0-py3.10.egg-info
[1.649s] -- Installing: /home/kiro04/Documents/robot_ws/ros2_ws/install/my_first_package_msgs/local/lib/python3.10/dist-packages/my_first_package_msgs-0.0.0-py3.10.egg-info/top_level.txt
[1.649s] -- Installing: /home/kiro04/Documents/robot_ws/ros2_ws/install/my_first_package_msgs/local/lib/python3.10/dist-packages/my_first_package_msgs-0.0.0-py3.10.egg-info/SOURCES.txt
[1.649s] -- Installing: /home/kiro04/Documents/robot_ws/ros2_ws/install/my_first_package_msgs/local/lib/python3.10/dist-packages/my_first_package_msgs-0.0.0-py3.10.egg-info/dependency_links.txt
[1.649s] -- Installing: /home/kiro04/Documents/robot_ws/ros2_ws/install/my_first_package_msgs/local/lib/python3.10/dist-packages/my_first_package_msgs-0.0.0-py3.10.egg-info/PKG-INFO
[1.649s] -- Up-to-date: /home/kiro04/Documents/robot_ws/ros2_ws/install/my_first_package_msgs/local/lib/python3.10/dist-packages/my_first_package_msgs
[1.650s] -- Up-to-date: /home/kiro04/Documents/robot_ws/ros2_ws/install/my_first_package_msgs/local/lib/python3.10/dist-packages/my_first_package_msgs/__init__.py
[1.650s] -- Up-to-date: /home/kiro04/Documents/robot_ws/ros2_ws/install/my_first_package_msgs/local/lib/python3.10/dist-packages/my_first_package_msgs/msg
[1.650s] -- Up-to-date: /home/kiro04/Documents/robot_ws/ros2_ws/install/my_first_package_msgs/local/lib/python3.10/dist-packages/my_first_package_msgs/msg/__init__.py
[1.650s] -- Up-to-date: /home/kiro04/Documents/robot_ws/ros2_ws/install/my_first_package_msgs/local/lib/python3.10/dist-packages/my_first_package_msgs/msg/_cmd_and_pose_vel_s.c
[1.650s] -- Up-to-date: /home/kiro04/Documents/robot_ws/ros2_ws/install/my_first_package_msgs/local/lib/python3.10/dist-packages/my_first_package_msgs/msg/_cmd_and_pose_vel.py
[1.651s] -- Up-to-date: /home/kiro04/Documents/robot_ws/ros2_ws/install/my_first_package_msgs/local/lib/python3.10/dist-packages/my_first_package_msgs/libmy_first_package_msgs__rosidl_generator_py.so
[1.651s] -- Up-to-date: /home/kiro04/Documents/robot_ws/ros2_ws/install/my_first_package_msgs/local/lib/python3.10/dist-packages/my_first_package_msgs/my_first_package_msgs_s__rosidl_typesupport_fastrtps_c.cpython-310-x86_64-linux-gnu.so
[1.651s] -- Up-to-date: /home/kiro04/Documents/robot_ws/ros2_ws/install/my_first_package_msgs/local/lib/python3.10/dist-packages/my_first_package_msgs/_my_first_package_msgs_s.ep.rosidl_typesupport_fastrtps_c.c
[1.651s] -- Up-to-date: /home/kiro04/Documents/robot_ws/ros2_ws/install/my_first_package_msgs/local/lib/python3.10/dist-packages/my_first_package_msgs/_my_first_package_msgs_s.ep.rosidl_typesupport_c.c
[1.651s] -- Up-to-date: /home/kiro04/Documents/robot_ws/ros2_ws/install/my_first_package_msgs/local/lib/python3.10/dist-packages/my_first_package_msgs/my_first_package_msgs_s__rosidl_typesupport_introspection_c.cpython-310-x86_64-linux-gnu.so
[1.652s] -- Up-to-date: /home/kiro04/Documents/robot_ws/ros2_ws/install/my_first_package_msgs/local/lib/python3.10/dist-packages/my_first_package_msgs/_my_first_package_msgs_s.ep.rosidl_typesupport_introspection_c.c
[1.652s] -- Up-to-date: /home/kiro04/Documents/robot_ws/ros2_ws/install/my_first_package_msgs/local/lib/python3.10/dist-packages/my_first_package_msgs/action
[1.652s] -- Up-to-date: /home/kiro04/Documents/robot_ws/ros2_ws/install/my_first_package_msgs/local/lib/python3.10/dist-packages/my_first_package_msgs/action/__init__.py
[1.652s] -- Up-to-date: /home/kiro04/Documents/robot_ws/ros2_ws/install/my_first_package_msgs/local/lib/python3.10/dist-packages/my_first_package_msgs/action/_dist_turtle.py
[1.652s] -- Up-to-date: /home/kiro04/Documents/robot_ws/ros2_ws/install/my_first_package_msgs/local/lib/python3.10/dist-packages/my_first_package_msgs/action/_dist_turtle_s.c
[1.653s] -- Up-to-date: /home/kiro04/Documents/robot_ws/ros2_ws/install/my_first_package_msgs/local/lib/python3.10/dist-packages/my_first_package_msgs/my_first_package_msgs_s__rosidl_typesupport_c.cpython-310-x86_64-linux-gnu.so
[1.699s] Listing '/home/kiro04/Documents/robot_ws/ros2_ws/install/my_first_package_msgs/local/lib/python3.10/dist-packages/my_first_package_msgs'...
[1.700s] Listing '/home/kiro04/Documents/robot_ws/ros2_ws/install/my_first_package_msgs/local/lib/python3.10/dist-packages/my_first_package_msgs/action'...
[1.700s] Listing '/home/kiro04/Documents/robot_ws/ros2_ws/install/my_first_package_msgs/local/lib/python3.10/dist-packages/my_first_package_msgs/msg'...
[1.707s] -- Up-to-date: /home/kiro04/Documents/robot_ws/ros2_ws/install/my_first_package_msgs/local/lib/python3.10/dist-packages/my_first_package_msgs/my_first_package_msgs_s__rosidl_typesupport_fastrtps_c.cpython-310-x86_64-linux-gnu.so
[1.708s] -- Up-to-date: /home/kiro04/Documents/robot_ws/ros2_ws/install/my_first_package_msgs/local/lib/python3.10/dist-packages/my_first_package_msgs/my_first_package_msgs_s__rosidl_typesupport_introspection_c.cpython-310-x86_64-linux-gnu.so
[1.708s] -- Up-to-date: /home/kiro04/Documents/robot_ws/ros2_ws/install/my_first_package_msgs/local/lib/python3.10/dist-packages/my_first_package_msgs/my_first_package_msgs_s__rosidl_typesupport_c.cpython-310-x86_64-linux-gnu.so
[1.709s] -- Up-to-date: /home/kiro04/Documents/robot_ws/ros2_ws/install/my_first_package_msgs/lib/libmy_first_package_msgs__rosidl_generator_py.so
[1.710s] -- Up-to-date: /home/kiro04/Documents/robot_ws/ros2_ws/install/my_first_package_msgs/share/my_first_package_msgs/msg/CmdAndPoseVel.idl
[1.710s] -- Up-to-date: /home/kiro04/Documents/robot_ws/ros2_ws/install/my_first_package_msgs/share/my_first_package_msgs/action/DistTurtle.idl
[1.710s] -- Up-to-date: /home/kiro04/Documents/robot_ws/ros2_ws/install/my_first_package_msgs/share/my_first_package_msgs/msg/CmdAndPoseVel.msg
[1.711s] -- Up-to-date: /home/kiro04/Documents/robot_ws/ros2_ws/install/my_first_package_msgs/share/my_first_package_msgs/action/DistTurtle.action
[1.711s] -- Up-to-date: /home/kiro04/Documents/robot_ws/ros2_ws/install/my_first_package_msgs/share/ament_index/resource_index/package_run_dependencies/my_first_package_msgs
[1.711s] -- Up-to-date: /home/kiro04/Documents/robot_ws/ros2_ws/install/my_first_package_msgs/share/ament_index/resource_index/parent_prefix_path/my_first_package_msgs
[1.711s] -- Up-to-date: /home/kiro04/Documents/robot_ws/ros2_ws/install/my_first_package_msgs/share/my_first_package_msgs/environment/ament_prefix_path.sh
[1.712s] -- Up-to-date: /home/kiro04/Documents/robot_ws/ros2_ws/install/my_first_package_msgs/share/my_first_package_msgs/environment/ament_prefix_path.dsv
[1.712s] -- Up-to-date: /home/kiro04/Documents/robot_ws/ros2_ws/install/my_first_package_msgs/share/my_first_package_msgs/environment/path.sh
[1.712s] -- Up-to-date: /home/kiro04/Documents/robot_ws/ros2_ws/install/my_first_package_msgs/share/my_first_package_msgs/environment/path.dsv
[1.712s] -- Up-to-date: /home/kiro04/Documents/robot_ws/ros2_ws/install/my_first_package_msgs/share/my_first_package_msgs/local_setup.bash
[1.713s] -- Up-to-date: /home/kiro04/Documents/robot_ws/ros2_ws/install/my_first_package_msgs/share/my_first_package_msgs/local_setup.sh
[1.713s] -- Up-to-date: /home/kiro04/Documents/robot_ws/ros2_ws/install/my_first_package_msgs/share/my_first_package_msgs/local_setup.zsh
[1.713s] -- Up-to-date: /home/kiro04/Documents/robot_ws/ros2_ws/install/my_first_package_msgs/share/my_first_package_msgs/local_setup.dsv
[1.713s] -- Installing: /home/kiro04/Documents/robot_ws/ros2_ws/install/my_first_package_msgs/share/my_first_package_msgs/package.dsv
[1.714s] -- Up-to-date: /home/kiro04/Documents/robot_ws/ros2_ws/install/my_first_package_msgs/share/ament_index/resource_index/packages/my_first_package_msgs
[1.714s] -- Up-to-date: /home/kiro04/Documents/robot_ws/ros2_ws/install/my_first_package_msgs/share/my_first_package_msgs/cmake/export_my_first_package_msgs__rosidl_generator_cExport.cmake
[1.714s] -- Up-to-date: /home/kiro04/Documents/robot_ws/ros2_ws/install/my_first_package_msgs/share/my_first_package_msgs/cmake/export_my_first_package_msgs__rosidl_generator_cExport-noconfig.cmake
[1.714s] -- Up-to-date: /home/kiro04/Documents/robot_ws/ros2_ws/install/my_first_package_msgs/share/my_first_package_msgs/cmake/export_my_first_package_msgs__rosidl_typesupport_fastrtps_cExport.cmake
[1.715s] -- Up-to-date: /home/kiro04/Documents/robot_ws/ros2_ws/install/my_first_package_msgs/share/my_first_package_msgs/cmake/export_my_first_package_msgs__rosidl_typesupport_fastrtps_cExport-noconfig.cmake
[1.715s] -- Up-to-date: /home/kiro04/Documents/robot_ws/ros2_ws/install/my_first_package_msgs/share/my_first_package_msgs/cmake/my_first_package_msgs__rosidl_typesupport_introspection_cExport.cmake
[1.715s] -- Up-to-date: /home/kiro04/Documents/robot_ws/ros2_ws/install/my_first_package_msgs/share/my_first_package_msgs/cmake/my_first_package_msgs__rosidl_typesupport_introspection_cExport-noconfig.cmake
[1.716s] -- Up-to-date: /home/kiro04/Documents/robot_ws/ros2_ws/install/my_first_package_msgs/share/my_first_package_msgs/cmake/my_first_package_msgs__rosidl_typesupport_cExport.cmake
[1.716s] -- Up-to-date: /home/kiro04/Documents/robot_ws/ros2_ws/install/my_first_package_msgs/share/my_first_package_msgs/cmake/my_first_package_msgs__rosidl_typesupport_cExport-noconfig.cmake
[1.716s] -- Up-to-date: /home/kiro04/Documents/robot_ws/ros2_ws/install/my_first_package_msgs/share/my_first_package_msgs/cmake/export_my_first_package_msgs__rosidl_generator_cppExport.cmake
[1.716s] -- Up-to-date: /home/kiro04/Documents/robot_ws/ros2_ws/install/my_first_package_msgs/share/my_first_package_msgs/cmake/export_my_first_package_msgs__rosidl_typesupport_fastrtps_cppExport.cmake
[1.716s] -- Up-to-date: /home/kiro04/Documents/robot_ws/ros2_ws/install/my_first_package_msgs/share/my_first_package_msgs/cmake/export_my_first_package_msgs__rosidl_typesupport_fastrtps_cppExport-noconfig.cmake
[1.717s] -- Up-to-date: /home/kiro04/Documents/robot_ws/ros2_ws/install/my_first_package_msgs/share/my_first_package_msgs/cmake/my_first_package_msgs__rosidl_typesupport_introspection_cppExport.cmake
[1.717s] -- Up-to-date: /home/kiro04/Documents/robot_ws/ros2_ws/install/my_first_package_msgs/share/my_first_package_msgs/cmake/my_first_package_msgs__rosidl_typesupport_introspection_cppExport-noconfig.cmake
[1.717s] -- Up-to-date: /home/kiro04/Documents/robot_ws/ros2_ws/install/my_first_package_msgs/share/my_first_package_msgs/cmake/my_first_package_msgs__rosidl_typesupport_cppExport.cmake
[1.717s] -- Up-to-date: /home/kiro04/Documents/robot_ws/ros2_ws/install/my_first_package_msgs/share/my_first_package_msgs/cmake/my_first_package_msgs__rosidl_typesupport_cppExport-noconfig.cmake
[1.717s] -- Up-to-date: /home/kiro04/Documents/robot_ws/ros2_ws/install/my_first_package_msgs/share/my_first_package_msgs/cmake/export_my_first_package_msgs__rosidl_generator_pyExport.cmake
[1.718s] -- Up-to-date: /home/kiro04/Documents/robot_ws/ros2_ws/install/my_first_package_msgs/share/my_first_package_msgs/cmake/export_my_first_package_msgs__rosidl_generator_pyExport-noconfig.cmake
[1.718s] -- Up-to-date: /home/kiro04/Documents/robot_ws/ros2_ws/install/my_first_package_msgs/share/my_first_package_msgs/cmake/rosidl_cmake-extras.cmake
[1.718s] -- Up-to-date: /home/kiro04/Documents/robot_ws/ros2_ws/install/my_first_package_msgs/share/my_first_package_msgs/cmake/ament_cmake_export_dependencies-extras.cmake
[1.718s] -- Up-to-date: /home/kiro04/Documents/robot_ws/ros2_ws/install/my_first_package_msgs/share/my_first_package_msgs/cmake/ament_cmake_export_include_directories-extras.cmake
[1.719s] -- Up-to-date: /home/kiro04/Documents/robot_ws/ros2_ws/install/my_first_package_msgs/share/my_first_package_msgs/cmake/ament_cmake_export_libraries-extras.cmake
[1.720s] -- Up-to-date: /home/kiro04/Documents/robot_ws/ros2_ws/install/my_first_package_msgs/share/my_first_package_msgs/cmake/ament_cmake_export_targets-extras.cmake
[1.720s] -- Up-to-date: /home/kiro04/Documents/robot_ws/ros2_ws/install/my_first_package_msgs/share/my_first_package_msgs/cmake/rosidl_cmake_export_typesupport_targets-extras.cmake
[1.722s] -- Up-to-date: /home/kiro04/Documents/robot_ws/ros2_ws/install/my_first_package_msgs/share/my_first_package_msgs/cmake/rosidl_cmake_export_typesupport_libraries-extras.cmake
[1.723s] -- Up-to-date: /home/kiro04/Documents/robot_ws/ros2_ws/install/my_first_package_msgs/share/my_first_package_msgs/cmake/my_first_package_msgsConfig.cmake
[1.724s] -- Up-to-date: /home/kiro04/Documents/robot_ws/ros2_ws/install/my_first_package_msgs/share/my_first_package_msgs/cmake/my_first_package_msgsConfig-version.cmake
[1.726s] -- Up-to-date: /home/kiro04/Documents/robot_ws/ros2_ws/install/my_first_package_msgs/share/my_first_package_msgs/package.xml
[1.727s] Invoked command in '/home/kiro04/Documents/robot_ws/ros2_ws/build/my_first_package_msgs' returned '0': CMAKE_PREFIX_PATH=${CMAKE_PREFIX_PATH}:/home/kiro04/Documents/robot_ws/ros2_ws/install/my_first_package:/home/kiro04/Documents/robot_ws/ros2_ws/install/arduino_tutorial:/opt/ros/humble /usr/bin/cmake --install /home/kiro04/Documents/robot_ws/ros2_ws/build/my_first_package_msgs
