[0.319s] DEBUG:colcon:Command line arguments: ['/usr/bin/colcon', 'build']
[0.319s] DEBUG:colcon:Parsed command line arguments: Namespace(log_base=None, log_level=None, verb_name='build', build_base='build', install_base='install', merge_install=False, symlink_install=False, test_result_base=None, continue_on_error=False, executor='parallel', parallel_workers=8, event_handlers=None, ignore_user_meta=False, metas=['./colcon.meta'], base_paths=['.'], packages_ignore=None, packages_ignore_regex=None, paths=None, packages_up_to=None, packages_up_to_regex=None, packages_above=None, packages_above_and_dependencies=None, packages_above_depth=None, packages_select_by_dep=None, packages_skip_by_dep=None, packages_skip_up_to=None, packages_select_build_failed=False, packages_skip_build_finished=False, packages_select_test_failures=False, packages_skip_test_passed=False, packages_select=None, packages_skip=None, packages_select_regex=None, packages_skip_regex=None, packages_start=None, packages_end=None, allow_overriding=[], cmake_args=None, cmake_target=None, cmake_target_skip_unavailable=False, cmake_clean_cache=False, cmake_clean_first=False, cmake_force_configure=False, ament_cmake_args=None, catkin_cmake_args=None, catkin_skip_building_tests=False, verb_parser=<colcon_defaults.argument_parser.defaults.DefaultArgumentsDecorator object at 0x7ff9c6bcca00>, verb_extension=<colcon_core.verb.build.BuildVerb object at 0x7ff9c75e5330>, main=<bound method BuildVerb.main of <colcon_core.verb.build.BuildVerb object at 0x7ff9c75e5330>>)
[0.351s] Level 1:colcon.colcon_core.package_discovery:discover_packages(colcon_meta) check parameters
[0.351s] Level 1:colcon.colcon_core.package_discovery:discover_packages(recursive) check parameters
[0.351s] Level 1:colcon.colcon_core.package_discovery:discover_packages(ignore) check parameters
[0.351s] Level 1:colcon.colcon_core.package_discovery:discover_packages(path) check parameters
[0.351s] Level 1:colcon.colcon_core.package_discovery:discover_packages(colcon_meta) discover
[0.351s] Level 1:colcon.colcon_core.package_discovery:discover_packages(recursive) discover
[0.351s] INFO:colcon.colcon_core.package_discovery:Crawling recursively for packages in '/home/kiro04/Documents/robot_ws/ros2_ws'
[0.352s] Level 1:colcon.colcon_core.package_identification:_identify(.) by extensions ['ignore', 'ignore_ament_install']
[0.352s] Level 1:colcon.colcon_core.package_identification:_identify(.) by extension 'ignore'
[0.352s] Level 1:colcon.colcon_core.package_identification:_identify(.) by extension 'ignore_ament_install'
[0.352s] Level 1:colcon.colcon_core.package_identification:_identify(.) by extensions ['colcon_pkg']
[0.352s] Level 1:colcon.colcon_core.package_identification:_identify(.) by extension 'colcon_pkg'
[0.352s] Level 1:colcon.colcon_core.package_identification:_identify(.) by extensions ['colcon_meta']
[0.352s] Level 1:colcon.colcon_core.package_identification:_identify(.) by extension 'colcon_meta'
[0.352s] Level 1:colcon.colcon_core.package_identification:_identify(.) by extensions ['ros']
[0.352s] Level 1:colcon.colcon_core.package_identification:_identify(.) by extension 'ros'
[0.364s] Level 1:colcon.colcon_core.package_identification:_identify(.) by extensions ['cmake', 'python']
[0.364s] Level 1:colcon.colcon_core.package_identification:_identify(.) by extension 'cmake'
[0.364s] Level 1:colcon.colcon_core.package_identification:_identify(.) by extension 'python'
[0.364s] Level 1:colcon.colcon_core.package_identification:_identify(.) by extensions ['python_setup_py']
[0.364s] Level 1:colcon.colcon_core.package_identification:_identify(.) by extension 'python_setup_py'
[0.365s] Level 1:colcon.colcon_core.package_identification:_identify(build) by extensions ['ignore', 'ignore_ament_install']
[0.365s] Level 1:colcon.colcon_core.package_identification:_identify(build) by extension 'ignore'
[0.365s] Level 1:colcon.colcon_core.package_identification:_identify(build) ignored
[0.365s] Level 1:colcon.colcon_core.package_identification:_identify(install) by extensions ['ignore', 'ignore_ament_install']
[0.365s] Level 1:colcon.colcon_core.package_identification:_identify(install) by extension 'ignore'
[0.365s] Level 1:colcon.colcon_core.package_identification:_identify(install) ignored
[0.366s] Level 1:colcon.colcon_core.package_identification:_identify(log) by extensions ['ignore', 'ignore_ament_install']
[0.366s] Level 1:colcon.colcon_core.package_identification:_identify(log) by extension 'ignore'
[0.366s] Level 1:colcon.colcon_core.package_identification:_identify(log) ignored
[0.366s] Level 1:colcon.colcon_core.package_identification:_identify(src) by extensions ['ignore', 'ignore_ament_install']
[0.366s] Level 1:colcon.colcon_core.package_identification:_identify(src) by extension 'ignore'
[0.366s] Level 1:colcon.colcon_core.package_identification:_identify(src) by extension 'ignore_ament_install'
[0.366s] Level 1:colcon.colcon_core.package_identification:_identify(src) by extensions ['colcon_pkg']
[0.366s] Level 1:colcon.colcon_core.package_identification:_identify(src) by extension 'colcon_pkg'
[0.366s] Level 1:colcon.colcon_core.package_identification:_identify(src) by extensions ['colcon_meta']
[0.366s] Level 1:colcon.colcon_core.package_identification:_identify(src) by extension 'colcon_meta'
[0.366s] Level 1:colcon.colcon_core.package_identification:_identify(src) by extensions ['ros']
[0.366s] Level 1:colcon.colcon_core.package_identification:_identify(src) by extension 'ros'
[0.367s] Level 1:colcon.colcon_core.package_identification:_identify(src) by extensions ['cmake', 'python']
[0.367s] Level 1:colcon.colcon_core.package_identification:_identify(src) by extension 'cmake'
[0.367s] Level 1:colcon.colcon_core.package_identification:_identify(src) by extension 'python'
[0.367s] Level 1:colcon.colcon_core.package_identification:_identify(src) by extensions ['python_setup_py']
[0.367s] Level 1:colcon.colcon_core.package_identification:_identify(src) by extension 'python_setup_py'
[0.367s] Level 1:colcon.colcon_core.package_identification:_identify(src/arduino_tutorial) by extensions ['ignore', 'ignore_ament_install']
[0.367s] Level 1:colcon.colcon_core.package_identification:_identify(src/arduino_tutorial) by extension 'ignore'
[0.367s] Level 1:colcon.colcon_core.package_identification:_identify(src/arduino_tutorial) by extension 'ignore_ament_install'
[0.367s] Level 1:colcon.colcon_core.package_identification:_identify(src/arduino_tutorial) by extensions ['colcon_pkg']
[0.367s] Level 1:colcon.colcon_core.package_identification:_identify(src/arduino_tutorial) by extension 'colcon_pkg'
[0.367s] Level 1:colcon.colcon_core.package_identification:_identify(src/arduino_tutorial) by extensions ['colcon_meta']
[0.367s] Level 1:colcon.colcon_core.package_identification:_identify(src/arduino_tutorial) by extension 'colcon_meta'
[0.368s] Level 1:colcon.colcon_core.package_identification:_identify(src/arduino_tutorial) by extensions ['ros']
[0.368s] Level 1:colcon.colcon_core.package_identification:_identify(src/arduino_tutorial) by extension 'ros'
[0.370s] DEBUG:colcon.colcon_core.package_identification:Package 'src/arduino_tutorial' with type 'ros.ament_python' and name 'arduino_tutorial'
[0.370s] Level 1:colcon.colcon_core.package_identification:_identify(src/my_first_package) by extensions ['ignore', 'ignore_ament_install']
[0.370s] Level 1:colcon.colcon_core.package_identification:_identify(src/my_first_package) by extension 'ignore'
[0.370s] Level 1:colcon.colcon_core.package_identification:_identify(src/my_first_package) by extension 'ignore_ament_install'
[0.370s] Level 1:colcon.colcon_core.package_identification:_identify(src/my_first_package) by extensions ['colcon_pkg']
[0.370s] Level 1:colcon.colcon_core.package_identification:_identify(src/my_first_package) by extension 'colcon_pkg'
[0.370s] Level 1:colcon.colcon_core.package_identification:_identify(src/my_first_package) by extensions ['colcon_meta']
[0.370s] Level 1:colcon.colcon_core.package_identification:_identify(src/my_first_package) by extension 'colcon_meta'
[0.370s] Level 1:colcon.colcon_core.package_identification:_identify(src/my_first_package) by extensions ['ros']
[0.370s] Level 1:colcon.colcon_core.package_identification:_identify(src/my_first_package) by extension 'ros'
[0.371s] DEBUG:colcon.colcon_core.package_identification:Package 'src/my_first_package' with type 'ros.ament_python' and name 'my_first_package'
[0.371s] Level 1:colcon.colcon_core.package_identification:_identify(src/my_first_package_msgs) by extensions ['ignore', 'ignore_ament_install']
[0.371s] Level 1:colcon.colcon_core.package_identification:_identify(src/my_first_package_msgs) by extension 'ignore'
[0.371s] Level 1:colcon.colcon_core.package_identification:_identify(src/my_first_package_msgs) by extension 'ignore_ament_install'
[0.372s] Level 1:colcon.colcon_core.package_identification:_identify(src/my_first_package_msgs) by extensions ['colcon_pkg']
[0.372s] Level 1:colcon.colcon_core.package_identification:_identify(src/my_first_package_msgs) by extension 'colcon_pkg'
[0.372s] Level 1:colcon.colcon_core.package_identification:_identify(src/my_first_package_msgs) by extensions ['colcon_meta']
[0.372s] Level 1:colcon.colcon_core.package_identification:_identify(src/my_first_package_msgs) by extension 'colcon_meta'
[0.372s] Level 1:colcon.colcon_core.package_identification:_identify(src/my_first_package_msgs) by extensions ['ros']
[0.372s] Level 1:colcon.colcon_core.package_identification:_identify(src/my_first_package_msgs) by extension 'ros'
[0.372s] DEBUG:colcon.colcon_core.package_identification:Package 'src/my_first_package_msgs' with type 'ros.ament_cmake' and name 'my_first_package_msgs'
[0.372s] Level 1:colcon.colcon_core.package_discovery:discover_packages(recursive) using defaults
[0.373s] Level 1:colcon.colcon_core.package_discovery:discover_packages(ignore) discover
[0.373s] Level 1:colcon.colcon_core.package_discovery:discover_packages(ignore) using defaults
[0.373s] Level 1:colcon.colcon_core.package_discovery:discover_packages(path) discover
[0.373s] Level 1:colcon.colcon_core.package_discovery:discover_packages(path) using defaults
[0.393s] Level 1:colcon.colcon_core.package_discovery:discover_packages(prefix_path) check parameters
[0.393s] Level 1:colcon.colcon_core.package_discovery:discover_packages(prefix_path) discover
[0.396s] DEBUG:colcon.colcon_installed_package_information.package_discovery:Found 4 installed packages in /home/kiro04/Documents/robot_ws/ros2_ws/install
[0.398s] DEBUG:colcon.colcon_installed_package_information.package_discovery:Found 270 installed packages in /opt/ros/humble
[0.400s] Level 1:colcon.colcon_core.package_discovery:discover_packages(prefix_path) using defaults
[0.450s] Level 5:colcon.colcon_core.verb:set package 'arduino_tutorial' build argument 'cmake_args' from command line to 'None'
[0.451s] Level 5:colcon.colcon_core.verb:set package 'arduino_tutorial' build argument 'cmake_target' from command line to 'None'
[0.451s] Level 5:colcon.colcon_core.verb:set package 'arduino_tutorial' build argument 'cmake_target_skip_unavailable' from command line to 'False'
[0.451s] Level 5:colcon.colcon_core.verb:set package 'arduino_tutorial' build argument 'cmake_clean_cache' from command line to 'False'
[0.451s] Level 5:colcon.colcon_core.verb:set package 'arduino_tutorial' build argument 'cmake_clean_first' from command line to 'False'
[0.451s] Level 5:colcon.colcon_core.verb:set package 'arduino_tutorial' build argument 'cmake_force_configure' from command line to 'False'
[0.451s] Level 5:colcon.colcon_core.verb:set package 'arduino_tutorial' build argument 'ament_cmake_args' from command line to 'None'
[0.451s] Level 5:colcon.colcon_core.verb:set package 'arduino_tutorial' build argument 'catkin_cmake_args' from command line to 'None'
[0.451s] Level 5:colcon.colcon_core.verb:set package 'arduino_tutorial' build argument 'catkin_skip_building_tests' from command line to 'False'
[0.451s] DEBUG:colcon.colcon_core.verb:Building package 'arduino_tutorial' with the following arguments: {'ament_cmake_args': None, 'build_base': '/home/kiro04/Documents/robot_ws/ros2_ws/build/arduino_tutorial', 'catkin_cmake_args': None, 'catkin_skip_building_tests': False, 'cmake_args': None, 'cmake_clean_cache': False, 'cmake_clean_first': False, 'cmake_force_configure': False, 'cmake_target': None, 'cmake_target_skip_unavailable': False, 'install_base': '/home/kiro04/Documents/robot_ws/ros2_ws/install/arduino_tutorial', 'merge_install': False, 'path': '/home/kiro04/Documents/robot_ws/ros2_ws/src/arduino_tutorial', 'symlink_install': False, 'test_result_base': None}
[0.452s] Level 5:colcon.colcon_core.verb:set package 'my_first_package' build argument 'cmake_args' from command line to 'None'
[0.452s] Level 5:colcon.colcon_core.verb:set package 'my_first_package' build argument 'cmake_target' from command line to 'None'
[0.452s] Level 5:colcon.colcon_core.verb:set package 'my_first_package' build argument 'cmake_target_skip_unavailable' from command line to 'False'
[0.452s] Level 5:colcon.colcon_core.verb:set package 'my_first_package' build argument 'cmake_clean_cache' from command line to 'False'
[0.452s] Level 5:colcon.colcon_core.verb:set package 'my_first_package' build argument 'cmake_clean_first' from command line to 'False'
[0.452s] Level 5:colcon.colcon_core.verb:set package 'my_first_package' build argument 'cmake_force_configure' from command line to 'False'
[0.452s] Level 5:colcon.colcon_core.verb:set package 'my_first_package' build argument 'ament_cmake_args' from command line to 'None'
[0.452s] Level 5:colcon.colcon_core.verb:set package 'my_first_package' build argument 'catkin_cmake_args' from command line to 'None'
[0.452s] Level 5:colcon.colcon_core.verb:set package 'my_first_package' build argument 'catkin_skip_building_tests' from command line to 'False'
[0.452s] DEBUG:colcon.colcon_core.verb:Building package 'my_first_package' with the following arguments: {'ament_cmake_args': None, 'build_base': '/home/kiro04/Documents/robot_ws/ros2_ws/build/my_first_package', 'catkin_cmake_args': None, 'catkin_skip_building_tests': False, 'cmake_args': None, 'cmake_clean_cache': False, 'cmake_clean_first': False, 'cmake_force_configure': False, 'cmake_target': None, 'cmake_target_skip_unavailable': False, 'install_base': '/home/kiro04/Documents/robot_ws/ros2_ws/install/my_first_package', 'merge_install': False, 'path': '/home/kiro04/Documents/robot_ws/ros2_ws/src/my_first_package', 'symlink_install': False, 'test_result_base': None}
[0.453s] Level 5:colcon.colcon_core.verb:set package 'my_first_package_msgs' build argument 'cmake_args' from command line to 'None'
[0.453s] Level 5:colcon.colcon_core.verb:set package 'my_first_package_msgs' build argument 'cmake_target' from command line to 'None'
[0.453s] Level 5:colcon.colcon_core.verb:set package 'my_first_package_msgs' build argument 'cmake_target_skip_unavailable' from command line to 'False'
[0.453s] Level 5:colcon.colcon_core.verb:set package 'my_first_package_msgs' build argument 'cmake_clean_cache' from command line to 'False'
[0.453s] Level 5:colcon.colcon_core.verb:set package 'my_first_package_msgs' build argument 'cmake_clean_first' from command line to 'False'
[0.453s] Level 5:colcon.colcon_core.verb:set package 'my_first_package_msgs' build argument 'cmake_force_configure' from command line to 'False'
[0.453s] Level 5:colcon.colcon_core.verb:set package 'my_first_package_msgs' build argument 'ament_cmake_args' from command line to 'None'
[0.454s] Level 5:colcon.colcon_core.verb:set package 'my_first_package_msgs' build argument 'catkin_cmake_args' from command line to 'None'
[0.454s] Level 5:colcon.colcon_core.verb:set package 'my_first_package_msgs' build argument 'catkin_skip_building_tests' from command line to 'False'
[0.454s] DEBUG:colcon.colcon_core.verb:Building package 'my_first_package_msgs' with the following arguments: {'ament_cmake_args': None, 'build_base': '/home/kiro04/Documents/robot_ws/ros2_ws/build/my_first_package_msgs', 'catkin_cmake_args': None, 'catkin_skip_building_tests': False, 'cmake_args': None, 'cmake_clean_cache': False, 'cmake_clean_first': False, 'cmake_force_configure': False, 'cmake_target': None, 'cmake_target_skip_unavailable': False, 'install_base': '/home/kiro04/Documents/robot_ws/ros2_ws/install/my_first_package_msgs', 'merge_install': False, 'path': '/home/kiro04/Documents/robot_ws/ros2_ws/src/my_first_package_msgs', 'symlink_install': False, 'test_result_base': None}
[0.454s] INFO:colcon.colcon_core.executor:Executing jobs using 'parallel' executor
[0.457s] DEBUG:colcon.colcon_parallel_executor.executor.parallel:run_until_complete
[0.458s] INFO:colcon.colcon_ros.task.ament_python.build:Building ROS package in '/home/kiro04/Documents/robot_ws/ros2_ws/src/arduino_tutorial' with build type 'ament_python'
[0.458s] Level 1:colcon.colcon_core.shell:create_environment_hook('arduino_tutorial', 'ament_prefix_path')
[0.462s] INFO:colcon.colcon_core.plugin_system:Skipping extension 'colcon_core.shell.bat': Not used on non-Windows systems
[0.463s] INFO:colcon.colcon_core.shell:Creating environment hook '/home/kiro04/Documents/robot_ws/ros2_ws/install/arduino_tutorial/share/arduino_tutorial/hook/ament_prefix_path.ps1'
[0.464s] INFO:colcon.colcon_core.shell:Creating environment descriptor '/home/kiro04/Documents/robot_ws/ros2_ws/install/arduino_tutorial/share/arduino_tutorial/hook/ament_prefix_path.dsv'
[0.464s] INFO:colcon.colcon_core.shell:Creating environment hook '/home/kiro04/Documents/robot_ws/ros2_ws/install/arduino_tutorial/share/arduino_tutorial/hook/ament_prefix_path.sh'
[0.466s] INFO:colcon.colcon_core.shell:Skip shell extension 'powershell' for command environment: Not usable outside of PowerShell
[0.466s] DEBUG:colcon.colcon_core.shell:Skip shell extension 'dsv' for command environment
[0.471s] INFO:colcon.colcon_ros.task.ament_python.build:Building ROS package in '/home/kiro04/Documents/robot_ws/ros2_ws/src/my_first_package' with build type 'ament_python'
[0.472s] Level 1:colcon.colcon_core.shell:create_environment_hook('my_first_package', 'ament_prefix_path')
[0.474s] INFO:colcon.colcon_core.shell:Creating environment hook '/home/kiro04/Documents/robot_ws/ros2_ws/install/my_first_package/share/my_first_package/hook/ament_prefix_path.ps1'
[0.475s] INFO:colcon.colcon_core.shell:Creating environment descriptor '/home/kiro04/Documents/robot_ws/ros2_ws/install/my_first_package/share/my_first_package/hook/ament_prefix_path.dsv'
[0.475s] INFO:colcon.colcon_core.shell:Creating environment hook '/home/kiro04/Documents/robot_ws/ros2_ws/install/my_first_package/share/my_first_package/hook/ament_prefix_path.sh'
[0.477s] INFO:colcon.colcon_core.shell:Skip shell extension 'powershell' for command environment: Not usable outside of PowerShell
[0.477s] DEBUG:colcon.colcon_core.shell:Skip shell extension 'dsv' for command environment
[0.481s] INFO:colcon.colcon_ros.task.ament_cmake.build:Building ROS package in '/home/kiro04/Documents/robot_ws/ros2_ws/src/my_first_package_msgs' with build type 'ament_cmake'
[0.481s] INFO:colcon.colcon_cmake.task.cmake.build:Building CMake package in '/home/kiro04/Documents/robot_ws/ros2_ws/src/my_first_package_msgs'
[0.483s] INFO:colcon.colcon_core.shell:Skip shell extension 'powershell' for command environment: Not usable outside of PowerShell
[0.483s] DEBUG:colcon.colcon_core.shell:Skip shell extension 'dsv' for command environment
[0.786s] INFO:colcon.colcon_core.task.python.build:Building Python package in '/home/kiro04/Documents/robot_ws/ros2_ws/src/arduino_tutorial'
[0.788s] INFO:colcon.colcon_core.shell:Skip shell extension 'powershell' for command environment: Not usable outside of PowerShell
[0.788s] DEBUG:colcon.colcon_core.shell:Skip shell extension 'dsv' for command environment
[1.085s] INFO:colcon.colcon_core.task.python.build:Building Python package in '/home/kiro04/Documents/robot_ws/ros2_ws/src/my_first_package'
[1.087s] INFO:colcon.colcon_core.shell:Skip shell extension 'powershell' for command environment: Not usable outside of PowerShell
[1.087s] DEBUG:colcon.colcon_core.shell:Skip shell extension 'dsv' for command environment
[1.103s] DEBUG:colcon.colcon_core.event_handler.log_command:Invoking command in '/home/kiro04/Documents/robot_ws/ros2_ws/build/my_first_package_msgs': CMAKE_PREFIX_PATH=${CMAKE_PREFIX_PATH}:/home/kiro04/Documents/robot_ws/ros2_ws/install/my_first_package:/home/kiro04/Documents/robot_ws/ros2_ws/install/arduino_tutorial:/opt/ros/humble /usr/bin/cmake --build /home/kiro04/Documents/robot_ws/ros2_ws/build/my_first_package_msgs -- -j8 -l8
[1.728s] DEBUG:colcon.colcon_core.event_handler.log_command:Invoking command in '/home/kiro04/Documents/robot_ws/ros2_ws/src/arduino_tutorial': PYTHONPATH=/home/kiro04/Documents/robot_ws/ros2_ws/build/arduino_tutorial/prefix_override:/home/kiro04/Documents/robot_ws/ros2_ws/install/arduino_tutorial/lib/python3.10/site-packages:${PYTHONPATH} /usr/bin/python3 setup.py egg_info --egg-base ../../build/arduino_tutorial build --build-base /home/kiro04/Documents/robot_ws/ros2_ws/build/arduino_tutorial/build install --record /home/kiro04/Documents/robot_ws/ros2_ws/build/arduino_tutorial/install.log --single-version-externally-managed
[1.732s] DEBUG:colcon.colcon_core.event_handler.log_command:Invoking command in '/home/kiro04/Documents/robot_ws/ros2_ws/src/my_first_package': PYTHONPATH=/home/kiro04/Documents/robot_ws/ros2_ws/build/my_first_package/prefix_override:/home/kiro04/Documents/robot_ws/ros2_ws/install/my_first_package/lib/python3.10/site-packages:${PYTHONPATH} /usr/bin/python3 setup.py egg_info --egg-base ../../build/my_first_package build --build-base /home/kiro04/Documents/robot_ws/ros2_ws/build/my_first_package/build install --record /home/kiro04/Documents/robot_ws/ros2_ws/build/my_first_package/install.log --single-version-externally-managed
[2.261s] DEBUG:colcon.colcon_core.event_handler.log_command:Invoked command in '/home/kiro04/Documents/robot_ws/ros2_ws/src/my_first_package' returned '0': PYTHONPATH=/home/kiro04/Documents/robot_ws/ros2_ws/build/my_first_package/prefix_override:/home/kiro04/Documents/robot_ws/ros2_ws/install/my_first_package/lib/python3.10/site-packages:${PYTHONPATH} /usr/bin/python3 setup.py egg_info --egg-base ../../build/my_first_package build --build-base /home/kiro04/Documents/robot_ws/ros2_ws/build/my_first_package/build install --record /home/kiro04/Documents/robot_ws/ros2_ws/build/my_first_package/install.log --single-version-externally-managed
[2.272s] Level 1:colcon.colcon_core.environment:checking '/home/kiro04/Documents/robot_ws/ros2_ws/install/my_first_package' for CMake module files
[2.273s] Level 1:colcon.colcon_core.environment:checking '/home/kiro04/Documents/robot_ws/ros2_ws/install/my_first_package' for CMake config files
[2.274s] Level 1:colcon.colcon_core.environment:checking '/home/kiro04/Documents/robot_ws/ros2_ws/install/my_first_package/lib'
[2.275s] Level 1:colcon.colcon_core.environment:checking '/home/kiro04/Documents/robot_ws/ros2_ws/install/my_first_package/bin'
[2.275s] Level 1:colcon.colcon_core.environment:checking '/home/kiro04/Documents/robot_ws/ros2_ws/install/my_first_package/lib/pkgconfig/my_first_package.pc'
[2.276s] Level 1:colcon.colcon_core.environment:checking '/home/kiro04/Documents/robot_ws/ros2_ws/install/my_first_package/lib/python3.10/site-packages'
[2.276s] Level 1:colcon.colcon_core.shell:create_environment_hook('my_first_package', 'pythonpath')
[2.279s] INFO:colcon.colcon_core.shell:Creating environment hook '/home/kiro04/Documents/robot_ws/ros2_ws/install/my_first_package/share/my_first_package/hook/pythonpath.ps1'
[2.280s] INFO:colcon.colcon_core.shell:Creating environment descriptor '/home/kiro04/Documents/robot_ws/ros2_ws/install/my_first_package/share/my_first_package/hook/pythonpath.dsv'
[2.281s] INFO:colcon.colcon_core.shell:Creating environment hook '/home/kiro04/Documents/robot_ws/ros2_ws/install/my_first_package/share/my_first_package/hook/pythonpath.sh'
[2.282s] Level 1:colcon.colcon_core.environment:checking '/home/kiro04/Documents/robot_ws/ros2_ws/install/my_first_package/bin'
[2.282s] Level 1:colcon.colcon_core.environment:create_environment_scripts_only(my_first_package)
[2.284s] INFO:colcon.colcon_core.shell:Creating package script '/home/kiro04/Documents/robot_ws/ros2_ws/install/my_first_package/share/my_first_package/package.ps1'
[2.285s] INFO:colcon.colcon_core.shell:Creating package descriptor '/home/kiro04/Documents/robot_ws/ros2_ws/install/my_first_package/share/my_first_package/package.dsv'
[2.286s] INFO:colcon.colcon_core.shell:Creating package script '/home/kiro04/Documents/robot_ws/ros2_ws/install/my_first_package/share/my_first_package/package.sh'
[2.288s] INFO:colcon.colcon_core.shell:Creating package script '/home/kiro04/Documents/robot_ws/ros2_ws/install/my_first_package/share/my_first_package/package.bash'
[2.289s] INFO:colcon.colcon_core.shell:Creating package script '/home/kiro04/Documents/robot_ws/ros2_ws/install/my_first_package/share/my_first_package/package.zsh'
[2.290s] Level 1:colcon.colcon_core.environment:create_file_with_runtime_dependencies(/home/kiro04/Documents/robot_ws/ros2_ws/install/my_first_package/share/colcon-core/packages/my_first_package)
[2.294s] Level 1:colcon.colcon_core.environment:checking '/home/kiro04/Documents/robot_ws/ros2_ws/install/arduino_tutorial' for CMake module files
[2.296s] DEBUG:colcon.colcon_core.event_handler.log_command:Invoked command in '/home/kiro04/Documents/robot_ws/ros2_ws/src/arduino_tutorial' returned '0': PYTHONPATH=/home/kiro04/Documents/robot_ws/ros2_ws/build/arduino_tutorial/prefix_override:/home/kiro04/Documents/robot_ws/ros2_ws/install/arduino_tutorial/lib/python3.10/site-packages:${PYTHONPATH} /usr/bin/python3 setup.py egg_info --egg-base ../../build/arduino_tutorial build --build-base /home/kiro04/Documents/robot_ws/ros2_ws/build/arduino_tutorial/build install --record /home/kiro04/Documents/robot_ws/ros2_ws/build/arduino_tutorial/install.log --single-version-externally-managed
[2.296s] Level 1:colcon.colcon_core.environment:checking '/home/kiro04/Documents/robot_ws/ros2_ws/install/arduino_tutorial' for CMake config files
[2.297s] Level 1:colcon.colcon_core.environment:checking '/home/kiro04/Documents/robot_ws/ros2_ws/install/arduino_tutorial/lib'
[2.298s] Level 1:colcon.colcon_core.environment:checking '/home/kiro04/Documents/robot_ws/ros2_ws/install/arduino_tutorial/bin'
[2.298s] Level 1:colcon.colcon_core.environment:checking '/home/kiro04/Documents/robot_ws/ros2_ws/install/arduino_tutorial/lib/pkgconfig/arduino_tutorial.pc'
[2.298s] Level 1:colcon.colcon_core.environment:checking '/home/kiro04/Documents/robot_ws/ros2_ws/install/arduino_tutorial/lib/python3.10/site-packages'
[2.298s] Level 1:colcon.colcon_core.shell:create_environment_hook('arduino_tutorial', 'pythonpath')
[2.302s] INFO:colcon.colcon_core.shell:Creating environment hook '/home/kiro04/Documents/robot_ws/ros2_ws/install/arduino_tutorial/share/arduino_tutorial/hook/pythonpath.ps1'
[2.302s] INFO:colcon.colcon_core.shell:Creating environment descriptor '/home/kiro04/Documents/robot_ws/ros2_ws/install/arduino_tutorial/share/arduino_tutorial/hook/pythonpath.dsv'
[2.303s] INFO:colcon.colcon_core.shell:Creating environment hook '/home/kiro04/Documents/robot_ws/ros2_ws/install/arduino_tutorial/share/arduino_tutorial/hook/pythonpath.sh'
[2.304s] Level 1:colcon.colcon_core.environment:checking '/home/kiro04/Documents/robot_ws/ros2_ws/install/arduino_tutorial/bin'
[2.304s] Level 1:colcon.colcon_core.environment:create_environment_scripts_only(arduino_tutorial)
[2.306s] INFO:colcon.colcon_core.shell:Creating package script '/home/kiro04/Documents/robot_ws/ros2_ws/install/arduino_tutorial/share/arduino_tutorial/package.ps1'
[2.307s] INFO:colcon.colcon_core.shell:Creating package descriptor '/home/kiro04/Documents/robot_ws/ros2_ws/install/arduino_tutorial/share/arduino_tutorial/package.dsv'
[2.308s] INFO:colcon.colcon_core.shell:Creating package script '/home/kiro04/Documents/robot_ws/ros2_ws/install/arduino_tutorial/share/arduino_tutorial/package.sh'
[2.309s] INFO:colcon.colcon_core.shell:Creating package script '/home/kiro04/Documents/robot_ws/ros2_ws/install/arduino_tutorial/share/arduino_tutorial/package.bash'
[2.309s] INFO:colcon.colcon_core.shell:Creating package script '/home/kiro04/Documents/robot_ws/ros2_ws/install/arduino_tutorial/share/arduino_tutorial/package.zsh'
[2.310s] Level 1:colcon.colcon_core.environment:create_file_with_runtime_dependencies(/home/kiro04/Documents/robot_ws/ros2_ws/install/arduino_tutorial/share/colcon-core/packages/arduino_tutorial)
[8.310s] DEBUG:colcon.colcon_core.event_handler.log_command:Invoked command in '/home/kiro04/Documents/robot_ws/ros2_ws/build/my_first_package_msgs' returned '0': CMAKE_PREFIX_PATH=${CMAKE_PREFIX_PATH}:/home/kiro04/Documents/robot_ws/ros2_ws/install/my_first_package:/home/kiro04/Documents/robot_ws/ros2_ws/install/arduino_tutorial:/opt/ros/humble /usr/bin/cmake --build /home/kiro04/Documents/robot_ws/ros2_ws/build/my_first_package_msgs -- -j8 -l8
[8.460s] DEBUG:colcon.colcon_core.event_handler.log_command:Invoking command in '/home/kiro04/Documents/robot_ws/ros2_ws/build/my_first_package_msgs': CMAKE_PREFIX_PATH=${CMAKE_PREFIX_PATH}:/home/kiro04/Documents/robot_ws/ros2_ws/install/my_first_package:/home/kiro04/Documents/robot_ws/ros2_ws/install/arduino_tutorial:/opt/ros/humble /usr/bin/cmake --install /home/kiro04/Documents/robot_ws/ros2_ws/build/my_first_package_msgs
[8.612s] Level 1:colcon.colcon_core.environment:create_environment_scripts_only(my_first_package_msgs)
[8.617s] Level 1:colcon.colcon_core.environment:checking '/home/kiro04/Documents/robot_ws/ros2_ws/install/my_first_package_msgs' for CMake module files
[8.618s] DEBUG:colcon.colcon_core.event_handler.log_command:Invoked command in '/home/kiro04/Documents/robot_ws/ros2_ws/build/my_first_package_msgs' returned '0': CMAKE_PREFIX_PATH=${CMAKE_PREFIX_PATH}:/home/kiro04/Documents/robot_ws/ros2_ws/install/my_first_package:/home/kiro04/Documents/robot_ws/ros2_ws/install/arduino_tutorial:/opt/ros/humble /usr/bin/cmake --install /home/kiro04/Documents/robot_ws/ros2_ws/build/my_first_package_msgs
[8.619s] Level 1:colcon.colcon_core.environment:checking '/home/kiro04/Documents/robot_ws/ros2_ws/install/my_first_package_msgs' for CMake config files
[8.620s] Level 1:colcon.colcon_core.shell:create_environment_hook('my_first_package_msgs', 'cmake_prefix_path')
[8.623s] INFO:colcon.colcon_core.shell:Creating environment hook '/home/kiro04/Documents/robot_ws/ros2_ws/install/my_first_package_msgs/share/my_first_package_msgs/hook/cmake_prefix_path.ps1'
[8.624s] INFO:colcon.colcon_core.shell:Creating environment descriptor '/home/kiro04/Documents/robot_ws/ros2_ws/install/my_first_package_msgs/share/my_first_package_msgs/hook/cmake_prefix_path.dsv'
[8.625s] INFO:colcon.colcon_core.shell:Creating environment hook '/home/kiro04/Documents/robot_ws/ros2_ws/install/my_first_package_msgs/share/my_first_package_msgs/hook/cmake_prefix_path.sh'
[8.626s] Level 1:colcon.colcon_core.environment:checking '/home/kiro04/Documents/robot_ws/ros2_ws/install/my_first_package_msgs/lib'
[8.626s] Level 1:colcon.colcon_core.shell:create_environment_hook('my_first_package_msgs', 'ld_library_path_lib')
[8.628s] INFO:colcon.colcon_core.shell:Creating environment hook '/home/kiro04/Documents/robot_ws/ros2_ws/install/my_first_package_msgs/share/my_first_package_msgs/hook/ld_library_path_lib.ps1'
[8.629s] INFO:colcon.colcon_core.shell:Creating environment descriptor '/home/kiro04/Documents/robot_ws/ros2_ws/install/my_first_package_msgs/share/my_first_package_msgs/hook/ld_library_path_lib.dsv'
[8.630s] INFO:colcon.colcon_core.shell:Creating environment hook '/home/kiro04/Documents/robot_ws/ros2_ws/install/my_first_package_msgs/share/my_first_package_msgs/hook/ld_library_path_lib.sh'
[8.630s] Level 1:colcon.colcon_core.environment:checking '/home/kiro04/Documents/robot_ws/ros2_ws/install/my_first_package_msgs/bin'
[8.630s] Level 1:colcon.colcon_core.environment:checking '/home/kiro04/Documents/robot_ws/ros2_ws/install/my_first_package_msgs/lib/pkgconfig/my_first_package_msgs.pc'
[8.631s] Level 1:colcon.colcon_core.environment:checking '/home/kiro04/Documents/robot_ws/ros2_ws/install/my_first_package_msgs/lib/python3.10/site-packages'
[8.631s] Level 1:colcon.colcon_core.environment:checking '/home/kiro04/Documents/robot_ws/ros2_ws/install/my_first_package_msgs/bin'
[8.634s] INFO:colcon.colcon_core.shell:Creating package script '/home/kiro04/Documents/robot_ws/ros2_ws/install/my_first_package_msgs/share/my_first_package_msgs/package.ps1'
[8.635s] INFO:colcon.colcon_core.shell:Creating package descriptor '/home/kiro04/Documents/robot_ws/ros2_ws/install/my_first_package_msgs/share/my_first_package_msgs/package.dsv'
[8.636s] INFO:colcon.colcon_core.shell:Creating package script '/home/kiro04/Documents/robot_ws/ros2_ws/install/my_first_package_msgs/share/my_first_package_msgs/package.sh'
[8.636s] INFO:colcon.colcon_core.shell:Creating package script '/home/kiro04/Documents/robot_ws/ros2_ws/install/my_first_package_msgs/share/my_first_package_msgs/package.bash'
[8.637s] INFO:colcon.colcon_core.shell:Creating package script '/home/kiro04/Documents/robot_ws/ros2_ws/install/my_first_package_msgs/share/my_first_package_msgs/package.zsh'
[8.638s] Level 1:colcon.colcon_core.environment:create_file_with_runtime_dependencies(/home/kiro04/Documents/robot_ws/ros2_ws/install/my_first_package_msgs/share/colcon-core/packages/my_first_package_msgs)
[8.756s] Level 1:colcon.colcon_core.environment:create_environment_scripts_only(my_first_package_msgs)
[8.762s] Level 1:colcon.colcon_core.environment:checking '/home/kiro04/Documents/robot_ws/ros2_ws/install/my_first_package_msgs' for CMake module files
[8.764s] Level 1:colcon.colcon_core.environment:checking '/home/kiro04/Documents/robot_ws/ros2_ws/install/my_first_package_msgs' for CMake config files
[8.766s] Level 1:colcon.colcon_core.shell:create_environment_hook('my_first_package_msgs', 'cmake_prefix_path')
[8.770s] INFO:colcon.colcon_core.shell:Creating environment hook '/home/kiro04/Documents/robot_ws/ros2_ws/install/my_first_package_msgs/share/my_first_package_msgs/hook/cmake_prefix_path.ps1'
[8.771s] INFO:colcon.colcon_core.shell:Creating environment descriptor '/home/kiro04/Documents/robot_ws/ros2_ws/install/my_first_package_msgs/share/my_first_package_msgs/hook/cmake_prefix_path.dsv'
[8.772s] INFO:colcon.colcon_core.shell:Creating environment hook '/home/kiro04/Documents/robot_ws/ros2_ws/install/my_first_package_msgs/share/my_first_package_msgs/hook/cmake_prefix_path.sh'
[8.773s] Level 1:colcon.colcon_core.environment:checking '/home/kiro04/Documents/robot_ws/ros2_ws/install/my_first_package_msgs/lib'
[8.774s] Level 1:colcon.colcon_core.shell:create_environment_hook('my_first_package_msgs', 'ld_library_path_lib')
[8.778s] INFO:colcon.colcon_core.shell:Creating environment hook '/home/kiro04/Documents/robot_ws/ros2_ws/install/my_first_package_msgs/share/my_first_package_msgs/hook/ld_library_path_lib.ps1'
[8.779s] INFO:colcon.colcon_core.shell:Creating environment descriptor '/home/kiro04/Documents/robot_ws/ros2_ws/install/my_first_package_msgs/share/my_first_package_msgs/hook/ld_library_path_lib.dsv'
[8.780s] INFO:colcon.colcon_core.shell:Creating environment hook '/home/kiro04/Documents/robot_ws/ros2_ws/install/my_first_package_msgs/share/my_first_package_msgs/hook/ld_library_path_lib.sh'
[8.781s] Level 1:colcon.colcon_core.environment:checking '/home/kiro04/Documents/robot_ws/ros2_ws/install/my_first_package_msgs/bin'
[8.781s] Level 1:colcon.colcon_core.environment:checking '/home/kiro04/Documents/robot_ws/ros2_ws/install/my_first_package_msgs/lib/pkgconfig/my_first_package_msgs.pc'
[8.782s] Level 1:colcon.colcon_core.environment:checking '/home/kiro04/Documents/robot_ws/ros2_ws/install/my_first_package_msgs/lib/python3.10/site-packages'
[8.782s] Level 1:colcon.colcon_core.environment:checking '/home/kiro04/Documents/robot_ws/ros2_ws/install/my_first_package_msgs/bin'
[8.786s] INFO:colcon.colcon_core.shell:Creating package script '/home/kiro04/Documents/robot_ws/ros2_ws/install/my_first_package_msgs/share/my_first_package_msgs/package.ps1'
[8.788s] INFO:colcon.colcon_core.shell:Creating package descriptor '/home/kiro04/Documents/robot_ws/ros2_ws/install/my_first_package_msgs/share/my_first_package_msgs/package.dsv'
[8.789s] INFO:colcon.colcon_core.shell:Creating package script '/home/kiro04/Documents/robot_ws/ros2_ws/install/my_first_package_msgs/share/my_first_package_msgs/package.sh'
[8.790s] INFO:colcon.colcon_core.shell:Creating package script '/home/kiro04/Documents/robot_ws/ros2_ws/install/my_first_package_msgs/share/my_first_package_msgs/package.bash'
[8.791s] INFO:colcon.colcon_core.shell:Creating package script '/home/kiro04/Documents/robot_ws/ros2_ws/install/my_first_package_msgs/share/my_first_package_msgs/package.zsh'
[8.792s] Level 1:colcon.colcon_core.environment:create_file_with_runtime_dependencies(/home/kiro04/Documents/robot_ws/ros2_ws/install/my_first_package_msgs/share/colcon-core/packages/my_first_package_msgs)
[8.793s] DEBUG:colcon.colcon_parallel_executor.executor.parallel:closing loop
[8.794s] DEBUG:colcon.colcon_parallel_executor.executor.parallel:loop closed
[8.794s] DEBUG:colcon.colcon_parallel_executor.executor.parallel:run_until_complete finished with '0'
[8.794s] DEBUG:colcon.colcon_core.event_reactor:joining thread
[8.805s] INFO:colcon.colcon_core.plugin_system:Skipping extension 'colcon_notification.desktop_notification.terminal_notifier': Not used on non-Darwin systems
[8.806s] INFO:colcon.colcon_core.plugin_system:Skipping extension 'colcon_notification.desktop_notification.win32': Not used on non-Windows systems
[8.806s] INFO:colcon.colcon_notification.desktop_notification:Sending desktop notification using 'notify2'
[8.831s] DEBUG:colcon.colcon_core.event_reactor:joined thread
[8.835s] INFO:colcon.colcon_core.shell:Creating prefix script '/home/kiro04/Documents/robot_ws/ros2_ws/install/local_setup.ps1'
[8.840s] INFO:colcon.colcon_core.shell:Creating prefix util module '/home/kiro04/Documents/robot_ws/ros2_ws/install/_local_setup_util_ps1.py'
[8.845s] INFO:colcon.colcon_core.shell:Creating prefix chain script '/home/kiro04/Documents/robot_ws/ros2_ws/install/setup.ps1'
[8.851s] INFO:colcon.colcon_core.shell:Creating prefix script '/home/kiro04/Documents/robot_ws/ros2_ws/install/local_setup.sh'
[8.854s] INFO:colcon.colcon_core.shell:Creating prefix util module '/home/kiro04/Documents/robot_ws/ros2_ws/install/_local_setup_util_sh.py'
[8.856s] INFO:colcon.colcon_core.shell:Creating prefix chain script '/home/kiro04/Documents/robot_ws/ros2_ws/install/setup.sh'
[8.863s] INFO:colcon.colcon_core.shell:Creating prefix script '/home/kiro04/Documents/robot_ws/ros2_ws/install/local_setup.bash'
[8.865s] INFO:colcon.colcon_core.shell:Creating prefix chain script '/home/kiro04/Documents/robot_ws/ros2_ws/install/setup.bash'
[8.869s] INFO:colcon.colcon_core.shell:Creating prefix script '/home/kiro04/Documents/robot_ws/ros2_ws/install/local_setup.zsh'
[8.871s] INFO:colcon.colcon_core.shell:Creating prefix chain script '/home/kiro04/Documents/robot_ws/ros2_ws/install/setup.zsh'
