[0.063s] Invoking command in '/home/kiro04/robot_ws/ros2_ws/build/bboxes_ex_msgs': CMAKE_PREFIX_PATH=/opt/ros/humble /home/kiro04/.local/bin/cmake /home/kiro04/robot_ws/ros2_ws/src/yolox_ros/bbox_ex_msgs -DCMAKE_INSTALL_PREFIX=/home/kiro04/robot_ws/ros2_ws/install/bboxes_ex_msgs
[1.108s] -- Found ament_cmake: 1.3.4 (/opt/ros/humble/share/ament_cmake/cmake)
[1.109s] -- Override CMake install command with custom implementation using symlinks instead of copying resources
[1.110s] -- Found builtin_interfaces: 1.2.1 (/opt/ros/humble/share/builtin_interfaces/cmake)
[1.110s] -- Found rosidl_generator_c: 3.1.4 (/opt/ros/humble/share/rosidl_generator_c/cmake)
[1.111s] -- Found rosidl_adapter: 3.1.4 (/opt/ros/humble/share/rosidl_adapter/cmake)
[1.111s] -- Found rosidl_generator_cpp: 3.1.4 (/opt/ros/humble/share/rosidl_generator_cpp/cmake)
[1.112s] -- Using all available rosidl_typesupport_c: rosidl_typesupport_fastrtps_c;rosidl_typesupport_introspection_c
[1.114s] -- Using all available rosidl_typesupport_cpp: rosidl_typesupport_fastrtps_cpp;rosidl_typesupport_introspection_cpp
[1.115s] -- Found std_msgs: 4.2.3 (/opt/ros/humble/share/std_msgs/cmake)
[1.115s] -- Found rosidl_default_generators: 1.2.0 (/opt/ros/humble/share/rosidl_default_generators/cmake)
[1.614s] -- Found ament_cmake_ros: 0.10.0 (/opt/ros/humble/share/ament_cmake_ros/cmake)
[2.737s] -- Using all available rosidl_typesupport_c: rosidl_typesupport_fastrtps_c;rosidl_typesupport_introspection_c
[3.125s] -- Using all available rosidl_typesupport_cpp: rosidl_typesupport_fastrtps_cpp;rosidl_typesupport_introspection_cpp
[3.128s] [33mCMake Warning (dev) at /opt/ros/humble/share/rosidl_generator_py/cmake/rosidl_generator_py_generate_interfaces.cmake:20 (find_package):
[3.128s]   Policy CMP0148 is not set: The FindPythonInterp and FindPythonLibs modules
[3.128s]   are removed.  Run "cmake --help-policy CMP0148" for policy details.  Use
[3.128s]   the cmake_policy command to set the policy and suppress this warning.
[3.128s] 
[3.128s] Call Stack (most recent call first):
[3.129s]   /opt/ros/humble/share/ament_cmake_core/cmake/core/ament_execute_extensions.cmake:48 (include)
[3.129s]   /opt/ros/humble/share/rosidl_cmake/cmake/rosidl_generate_interfaces.cmake:286 (ament_execute_extensions)
[3.129s]   CMakeLists.txt:11 (rosidl_generate_interfaces)
[3.129s] This warning is for project developers.  Use -Wno-dev to suppress it.
[3.129s] [0m
[3.156s] -- Found python_cmake_module: 0.10.0 (/opt/ros/humble/share/python_cmake_module/cmake)
[3.157s] [33mCMake Warning (dev) at /opt/ros/humble/share/python_cmake_module/cmake/Modules/FindPythonExtra.cmake:52 (find_package):
[3.157s]   Policy CMP0148 is not set: The FindPythonInterp and FindPythonLibs modules
[3.157s]   are removed.  Run "cmake --help-policy CMP0148" for policy details.  Use
[3.157s]   the cmake_policy command to set the policy and suppress this warning.
[3.157s] 
[3.158s] Call Stack (most recent call first):
[3.158s]   /opt/ros/humble/share/rosidl_generator_py/cmake/rosidl_generator_py_generate_interfaces.cmake:23 (find_package)
[3.158s]   /opt/ros/humble/share/ament_cmake_core/cmake/core/ament_execute_extensions.cmake:48 (include)
[3.158s]   /opt/ros/humble/share/rosidl_cmake/cmake/rosidl_generate_interfaces.cmake:286 (ament_execute_extensions)
[3.158s]   CMakeLists.txt:11 (rosidl_generate_interfaces)
[3.158s] This warning is for project developers.  Use -Wno-dev to suppress it.
[3.159s] [0m
[3.183s] [33mCMake Warning (dev) at /opt/ros/humble/share/python_cmake_module/cmake/Modules/FindPythonExtra.cmake:140 (find_package):
[3.184s]   Policy CMP0148 is not set: The FindPythonInterp and FindPythonLibs modules
[3.184s]   are removed.  Run "cmake --help-policy CMP0148" for policy details.  Use
[3.184s]   the cmake_policy command to set the policy and suppress this warning.
[3.184s] 
[3.184s] Call Stack (most recent call first):
[3.184s]   /opt/ros/humble/share/rosidl_generator_py/cmake/rosidl_generator_py_generate_interfaces.cmake:23 (find_package)
[3.185s]   /opt/ros/humble/share/ament_cmake_core/cmake/core/ament_execute_extensions.cmake:48 (include)
[3.185s]   /opt/ros/humble/share/rosidl_cmake/cmake/rosidl_generate_interfaces.cmake:286 (ament_execute_extensions)
[3.185s]   CMakeLists.txt:11 (rosidl_generate_interfaces)
[3.185s] This warning is for project developers.  Use -Wno-dev to suppress it.
[3.185s] [0m
[3.187s] -- Using PYTHON_EXECUTABLE: /usr/bin/python3
[3.187s] -- Using PYTHON_INCLUDE_DIRS: /usr/include/python3.10
[3.187s] -- Using PYTHON_LIBRARIES: /usr/lib/x86_64-linux-gnu/libpython3.10.so
[3.251s] -- Configuring done (3.1s)
[3.314s] -- Generating done (0.1s)
[3.319s] -- Build files have been written to: /home/kiro04/robot_ws/ros2_ws/build/bboxes_ex_msgs
