[0.627s] Invoking command in '/home/kiro04/Documents/robot_ws/ros2_ws/build/my_first_package_msgs': CMAKE_PREFIX_PATH=${CMAKE_PREFIX_PATH}:/home/kiro04/Documents/robot_ws/ros2_ws/install/my_first_package:/home/kiro04/Documents/robot_ws/ros2_ws/install/arduino_tutorial:/opt/ros/humble /usr/bin/cmake --build /home/kiro04/Documents/robot_ws/ros2_ws/build/my_first_package_msgs -- -j8 -l8
[0.683s] [  2%] Built target my_first_package_msgs__cpp
[0.693s] [ 12%] Built target my_first_package_msgs__rosidl_generator_c
[0.711s] [ 12%] Built target ament_cmake_python_copy_my_first_package_msgs
[0.726s] [ 25%] Built target my_first_package_msgs__rosidl_typesupport_fastrtps_cpp
[0.726s] [ 34%] Built target my_first_package_msgs__rosidl_typesupport_cpp
[0.732s] [ 44%] Built target my_first_package_msgs__rosidl_typesupport_introspection_cpp
[0.748s] [ 65%] Built target my_first_package_msgs__rosidl_typesupport_fastrtps_c
[0.748s] [ 65%] Built target my_first_package_msgs__rosidl_typesupport_c
[0.759s] [ 76%] Built target my_first_package_msgs__rosidl_typesupport_introspection_c
[0.783s] [ 76%] Built target my_first_package_msgs
[0.817s] [ 78%] Built target my_first_package_msgs__py
[0.852s] [ 87%] Built target my_first_package_msgs__rosidl_generator_py
[0.883s] [ 91%] Built target my_first_package_msgs__rosidl_typesupport_fastrtps_c__pyext
[0.887s] [ 95%] Built target my_first_package_msgs__rosidl_typesupport_introspection_c__pyext
[0.887s] [100%] Built target my_first_package_msgs__rosidl_typesupport_c__pyext
[1.159s] running egg_info
[1.160s] writing my_first_package_msgs.egg-info/PKG-INFO
[1.161s] writing dependency_links to my_first_package_msgs.egg-info/dependency_links.txt
[1.161s] writing top-level names to my_first_package_msgs.egg-info/top_level.txt
[1.165s] reading manifest file 'my_first_package_msgs.egg-info/SOURCES.txt'
[1.166s] writing manifest file 'my_first_package_msgs.egg-info/SOURCES.txt'
[1.225s] [100%] Built target ament_cmake_python_build_my_first_package_msgs_egg
[1.244s] Invoked command in '/home/kiro04/Documents/robot_ws/ros2_ws/build/my_first_package_msgs' returned '0': CMAKE_PREFIX_PATH=${CMAKE_PREFIX_PATH}:/home/kiro04/Documents/robot_ws/ros2_ws/install/my_first_package:/home/kiro04/Documents/robot_ws/ros2_ws/install/arduino_tutorial:/opt/ros/humble /usr/bin/cmake --build /home/kiro04/Documents/robot_ws/ros2_ws/build/my_first_package_msgs -- -j8 -l8
[1.359s] Invoking command in '/home/kiro04/Documents/robot_ws/ros2_ws/build/my_first_package_msgs': CMAKE_PREFIX_PATH=${CMAKE_PREFIX_PATH}:/home/kiro04/Documents/robot_ws/ros2_ws/install/my_first_package:/home/kiro04/Documents/robot_ws/ros2_ws/install/arduino_tutorial:/opt/ros/humble /usr/bin/cmake --install /home/kiro04/Documents/robot_ws/ros2_ws/build/my_first_package_msgs
[1.368s] -- Install configuration: ""
[1.368s] -- Up-to-date: /home/kiro04/Documents/robot_ws/ros2_ws/install/my_first_package_msgs/share/ament_index/resource_index/rosidl_interfaces/my_first_package_msgs
[1.368s] -- Up-to-date: /home/kiro04/Documents/robot_ws/ros2_ws/install/my_first_package_msgs/include/my_first_package_msgs/my_first_package_msgs
[1.368s] -- Up-to-date: /home/kiro04/Documents/robot_ws/ros2_ws/install/my_first_package_msgs/include/my_first_package_msgs/my_first_package_msgs/msg
[1.369s] -- Up-to-date: /home/kiro04/Documents/robot_ws/ros2_ws/install/my_first_package_msgs/include/my_first_package_msgs/my_first_package_msgs/msg/cmd_and_pose_vel.h
[1.369s] -- Up-to-date: /home/kiro04/Documents/robot_ws/ros2_ws/install/my_first_package_msgs/include/my_first_package_msgs/my_first_package_msgs/msg/detail
[1.369s] -- Up-to-date: /home/kiro04/Documents/robot_ws/ros2_ws/install/my_first_package_msgs/include/my_first_package_msgs/my_first_package_msgs/msg/detail/cmd_and_pose_vel__functions.c
[1.369s] -- Up-to-date: /home/kiro04/Documents/robot_ws/ros2_ws/install/my_first_package_msgs/include/my_first_package_msgs/my_first_package_msgs/msg/detail/cmd_and_pose_vel__functions.h
[1.370s] -- Up-to-date: /home/kiro04/Documents/robot_ws/ros2_ws/install/my_first_package_msgs/include/my_first_package_msgs/my_first_package_msgs/msg/detail/cmd_and_pose_vel__type_support.h
[1.370s] -- Up-to-date: /home/kiro04/Documents/robot_ws/ros2_ws/install/my_first_package_msgs/include/my_first_package_msgs/my_first_package_msgs/msg/detail/cmd_and_pose_vel__struct.h
[1.370s] -- Up-to-date: /home/kiro04/Documents/robot_ws/ros2_ws/install/my_first_package_msgs/include/my_first_package_msgs/my_first_package_msgs/msg/rosidl_generator_c__visibility_control.h
[1.370s] -- Up-to-date: /home/kiro04/Documents/robot_ws/ros2_ws/install/my_first_package_msgs/include/my_first_package_msgs/my_first_package_msgs/srv
[1.371s] -- Up-to-date: /home/kiro04/Documents/robot_ws/ros2_ws/install/my_first_package_msgs/include/my_first_package_msgs/my_first_package_msgs/srv/multi_spawn.h
[1.371s] -- Up-to-date: /home/kiro04/Documents/robot_ws/ros2_ws/install/my_first_package_msgs/include/my_first_package_msgs/my_first_package_msgs/srv/detail
[1.371s] -- Up-to-date: /home/kiro04/Documents/robot_ws/ros2_ws/install/my_first_package_msgs/include/my_first_package_msgs/my_first_package_msgs/srv/detail/multi_spawn__functions.c
[1.371s] -- Up-to-date: /home/kiro04/Documents/robot_ws/ros2_ws/install/my_first_package_msgs/include/my_first_package_msgs/my_first_package_msgs/srv/detail/multi_spawn__struct.h
[1.372s] -- Up-to-date: /home/kiro04/Documents/robot_ws/ros2_ws/install/my_first_package_msgs/include/my_first_package_msgs/my_first_package_msgs/srv/detail/multi_spawn__type_support.h
[1.372s] -- Up-to-date: /home/kiro04/Documents/robot_ws/ros2_ws/install/my_first_package_msgs/include/my_first_package_msgs/my_first_package_msgs/srv/detail/multi_spawn__functions.h
[1.372s] -- Up-to-date: /home/kiro04/Documents/robot_ws/ros2_ws/install/my_first_package_msgs/include/my_first_package_msgs/my_first_package_msgs/action
[1.373s] -- Up-to-date: /home/kiro04/Documents/robot_ws/ros2_ws/install/my_first_package_msgs/include/my_first_package_msgs/my_first_package_msgs/action/detail
[1.373s] -- Up-to-date: /home/kiro04/Documents/robot_ws/ros2_ws/install/my_first_package_msgs/include/my_first_package_msgs/my_first_package_msgs/action/detail/dist_turtle__struct.h
[1.373s] -- Up-to-date: /home/kiro04/Documents/robot_ws/ros2_ws/install/my_first_package_msgs/include/my_first_package_msgs/my_first_package_msgs/action/detail/dist_turtle__functions.h
[1.373s] -- Up-to-date: /home/kiro04/Documents/robot_ws/ros2_ws/install/my_first_package_msgs/include/my_first_package_msgs/my_first_package_msgs/action/detail/dist_turtle__functions.c
[1.374s] -- Up-to-date: /home/kiro04/Documents/robot_ws/ros2_ws/install/my_first_package_msgs/include/my_first_package_msgs/my_first_package_msgs/action/detail/dist_turtle__type_support.h
[1.374s] -- Up-to-date: /home/kiro04/Documents/robot_ws/ros2_ws/install/my_first_package_msgs/include/my_first_package_msgs/my_first_package_msgs/action/dist_turtle.h
[1.374s] -- Up-to-date: /home/kiro04/Documents/robot_ws/ros2_ws/install/my_first_package_msgs/share/my_first_package_msgs/environment/library_path.sh
[1.374s] -- Up-to-date: /home/kiro04/Documents/robot_ws/ros2_ws/install/my_first_package_msgs/share/my_first_package_msgs/environment/library_path.dsv
[1.374s] -- Up-to-date: /home/kiro04/Documents/robot_ws/ros2_ws/install/my_first_package_msgs/lib/libmy_first_package_msgs__rosidl_generator_c.so
[1.375s] -- Up-to-date: /home/kiro04/Documents/robot_ws/ros2_ws/install/my_first_package_msgs/include/my_first_package_msgs/my_first_package_msgs
[1.375s] -- Up-to-date: /home/kiro04/Documents/robot_ws/ros2_ws/install/my_first_package_msgs/include/my_first_package_msgs/my_first_package_msgs/msg
[1.375s] -- Up-to-date: /home/kiro04/Documents/robot_ws/ros2_ws/install/my_first_package_msgs/include/my_first_package_msgs/my_first_package_msgs/msg/rosidl_typesupport_fastrtps_c__visibility_control.h
[1.376s] -- Up-to-date: /home/kiro04/Documents/robot_ws/ros2_ws/install/my_first_package_msgs/include/my_first_package_msgs/my_first_package_msgs/msg/detail
[1.376s] -- Up-to-date: /home/kiro04/Documents/robot_ws/ros2_ws/install/my_first_package_msgs/include/my_first_package_msgs/my_first_package_msgs/msg/detail/cmd_and_pose_vel__rosidl_typesupport_fastrtps_c.h
[1.376s] -- Up-to-date: /home/kiro04/Documents/robot_ws/ros2_ws/install/my_first_package_msgs/include/my_first_package_msgs/my_first_package_msgs/srv
[1.376s] -- Up-to-date: /home/kiro04/Documents/robot_ws/ros2_ws/install/my_first_package_msgs/include/my_first_package_msgs/my_first_package_msgs/srv/detail
[1.376s] -- Up-to-date: /home/kiro04/Documents/robot_ws/ros2_ws/install/my_first_package_msgs/include/my_first_package_msgs/my_first_package_msgs/srv/detail/multi_spawn__rosidl_typesupport_fastrtps_c.h
[1.377s] -- Up-to-date: /home/kiro04/Documents/robot_ws/ros2_ws/install/my_first_package_msgs/include/my_first_package_msgs/my_first_package_msgs/action
[1.377s] -- Up-to-date: /home/kiro04/Documents/robot_ws/ros2_ws/install/my_first_package_msgs/include/my_first_package_msgs/my_first_package_msgs/action/detail
[1.377s] -- Up-to-date: /home/kiro04/Documents/robot_ws/ros2_ws/install/my_first_package_msgs/include/my_first_package_msgs/my_first_package_msgs/action/detail/dist_turtle__rosidl_typesupport_fastrtps_c.h
[1.377s] -- Up-to-date: /home/kiro04/Documents/robot_ws/ros2_ws/install/my_first_package_msgs/lib/libmy_first_package_msgs__rosidl_typesupport_fastrtps_c.so
[1.377s] -- Up-to-date: /home/kiro04/Documents/robot_ws/ros2_ws/install/my_first_package_msgs/include/my_first_package_msgs/my_first_package_msgs
[1.377s] -- Up-to-date: /home/kiro04/Documents/robot_ws/ros2_ws/install/my_first_package_msgs/include/my_first_package_msgs/my_first_package_msgs/msg
[1.377s] -- Up-to-date: /home/kiro04/Documents/robot_ws/ros2_ws/install/my_first_package_msgs/include/my_first_package_msgs/my_first_package_msgs/msg/detail
[1.378s] -- Up-to-date: /home/kiro04/Documents/robot_ws/ros2_ws/install/my_first_package_msgs/include/my_first_package_msgs/my_first_package_msgs/msg/detail/cmd_and_pose_vel__type_support.c
[1.378s] -- Up-to-date: /home/kiro04/Documents/robot_ws/ros2_ws/install/my_first_package_msgs/include/my_first_package_msgs/my_first_package_msgs/msg/detail/cmd_and_pose_vel__rosidl_typesupport_introspection_c.h
[1.378s] -- Up-to-date: /home/kiro04/Documents/robot_ws/ros2_ws/install/my_first_package_msgs/include/my_first_package_msgs/my_first_package_msgs/msg/rosidl_typesupport_introspection_c__visibility_control.h
[1.378s] -- Up-to-date: /home/kiro04/Documents/robot_ws/ros2_ws/install/my_first_package_msgs/include/my_first_package_msgs/my_first_package_msgs/srv
[1.379s] -- Up-to-date: /home/kiro04/Documents/robot_ws/ros2_ws/install/my_first_package_msgs/include/my_first_package_msgs/my_first_package_msgs/srv/detail
[1.379s] -- Up-to-date: /home/kiro04/Documents/robot_ws/ros2_ws/install/my_first_package_msgs/include/my_first_package_msgs/my_first_package_msgs/srv/detail/multi_spawn__rosidl_typesupport_introspection_c.h
[1.379s] -- Up-to-date: /home/kiro04/Documents/robot_ws/ros2_ws/install/my_first_package_msgs/include/my_first_package_msgs/my_first_package_msgs/srv/detail/multi_spawn__type_support.c
[1.379s] -- Up-to-date: /home/kiro04/Documents/robot_ws/ros2_ws/install/my_first_package_msgs/include/my_first_package_msgs/my_first_package_msgs/action
[1.379s] -- Up-to-date: /home/kiro04/Documents/robot_ws/ros2_ws/install/my_first_package_msgs/include/my_first_package_msgs/my_first_package_msgs/action/detail
[1.379s] -- Up-to-date: /home/kiro04/Documents/robot_ws/ros2_ws/install/my_first_package_msgs/include/my_first_package_msgs/my_first_package_msgs/action/detail/dist_turtle__type_support.c
[1.380s] -- Up-to-date: /home/kiro04/Documents/robot_ws/ros2_ws/install/my_first_package_msgs/include/my_first_package_msgs/my_first_package_msgs/action/detail/dist_turtle__rosidl_typesupport_introspection_c.h
[1.380s] -- Up-to-date: /home/kiro04/Documents/robot_ws/ros2_ws/install/my_first_package_msgs/lib/libmy_first_package_msgs__rosidl_typesupport_introspection_c.so
[1.380s] -- Up-to-date: /home/kiro04/Documents/robot_ws/ros2_ws/install/my_first_package_msgs/lib/libmy_first_package_msgs__rosidl_typesupport_c.so
[1.380s] -- Up-to-date: /home/kiro04/Documents/robot_ws/ros2_ws/install/my_first_package_msgs/include/my_first_package_msgs/my_first_package_msgs
[1.380s] -- Up-to-date: /home/kiro04/Documents/robot_ws/ros2_ws/install/my_first_package_msgs/include/my_first_package_msgs/my_first_package_msgs/msg
[1.380s] -- Up-to-date: /home/kiro04/Documents/robot_ws/ros2_ws/install/my_first_package_msgs/include/my_first_package_msgs/my_first_package_msgs/msg/detail
[1.380s] -- Up-to-date: /home/kiro04/Documents/robot_ws/ros2_ws/install/my_first_package_msgs/include/my_first_package_msgs/my_first_package_msgs/msg/detail/cmd_and_pose_vel__traits.hpp
[1.381s] -- Up-to-date: /home/kiro04/Documents/robot_ws/ros2_ws/install/my_first_package_msgs/include/my_first_package_msgs/my_first_package_msgs/msg/detail/cmd_and_pose_vel__struct.hpp
[1.381s] -- Up-to-date: /home/kiro04/Documents/robot_ws/ros2_ws/install/my_first_package_msgs/include/my_first_package_msgs/my_first_package_msgs/msg/detail/cmd_and_pose_vel__builder.hpp
[1.381s] -- Up-to-date: /home/kiro04/Documents/robot_ws/ros2_ws/install/my_first_package_msgs/include/my_first_package_msgs/my_first_package_msgs/msg/cmd_and_pose_vel.hpp
[1.381s] -- Up-to-date: /home/kiro04/Documents/robot_ws/ros2_ws/install/my_first_package_msgs/include/my_first_package_msgs/my_first_package_msgs/srv
[1.381s] -- Up-to-date: /home/kiro04/Documents/robot_ws/ros2_ws/install/my_first_package_msgs/include/my_first_package_msgs/my_first_package_msgs/srv/detail
[1.381s] -- Up-to-date: /home/kiro04/Documents/robot_ws/ros2_ws/install/my_first_package_msgs/include/my_first_package_msgs/my_first_package_msgs/srv/detail/multi_spawn__traits.hpp
[1.382s] -- Up-to-date: /home/kiro04/Documents/robot_ws/ros2_ws/install/my_first_package_msgs/include/my_first_package_msgs/my_first_package_msgs/srv/detail/multi_spawn__builder.hpp
[1.382s] -- Up-to-date: /home/kiro04/Documents/robot_ws/ros2_ws/install/my_first_package_msgs/include/my_first_package_msgs/my_first_package_msgs/srv/detail/multi_spawn__struct.hpp
[1.382s] -- Up-to-date: /home/kiro04/Documents/robot_ws/ros2_ws/install/my_first_package_msgs/include/my_first_package_msgs/my_first_package_msgs/srv/multi_spawn.hpp
[1.382s] -- Up-to-date: /home/kiro04/Documents/robot_ws/ros2_ws/install/my_first_package_msgs/include/my_first_package_msgs/my_first_package_msgs/action
[1.382s] -- Up-to-date: /home/kiro04/Documents/robot_ws/ros2_ws/install/my_first_package_msgs/include/my_first_package_msgs/my_first_package_msgs/action/dist_turtle.hpp
[1.382s] -- Up-to-date: /home/kiro04/Documents/robot_ws/ros2_ws/install/my_first_package_msgs/include/my_first_package_msgs/my_first_package_msgs/action/detail
[1.383s] -- Up-to-date: /home/kiro04/Documents/robot_ws/ros2_ws/install/my_first_package_msgs/include/my_first_package_msgs/my_first_package_msgs/action/detail/dist_turtle__struct.hpp
[1.383s] -- Up-to-date: /home/kiro04/Documents/robot_ws/ros2_ws/install/my_first_package_msgs/include/my_first_package_msgs/my_first_package_msgs/action/detail/dist_turtle__traits.hpp
[1.383s] -- Up-to-date: /home/kiro04/Documents/robot_ws/ros2_ws/install/my_first_package_msgs/include/my_first_package_msgs/my_first_package_msgs/action/detail/dist_turtle__builder.hpp
[1.383s] -- Up-to-date: /home/kiro04/Documents/robot_ws/ros2_ws/install/my_first_package_msgs/include/my_first_package_msgs/my_first_package_msgs
[1.383s] -- Up-to-date: /home/kiro04/Documents/robot_ws/ros2_ws/install/my_first_package_msgs/include/my_first_package_msgs/my_first_package_msgs/msg
[1.383s] -- Up-to-date: /home/kiro04/Documents/robot_ws/ros2_ws/install/my_first_package_msgs/include/my_first_package_msgs/my_first_package_msgs/msg/detail
[1.383s] -- Up-to-date: /home/kiro04/Documents/robot_ws/ros2_ws/install/my_first_package_msgs/include/my_first_package_msgs/my_first_package_msgs/msg/detail/dds_fastrtps
[1.384s] -- Up-to-date: /home/kiro04/Documents/robot_ws/ros2_ws/install/my_first_package_msgs/include/my_first_package_msgs/my_first_package_msgs/msg/detail/cmd_and_pose_vel__rosidl_typesupport_fastrtps_cpp.hpp
[1.384s] -- Up-to-date: /home/kiro04/Documents/robot_ws/ros2_ws/install/my_first_package_msgs/include/my_first_package_msgs/my_first_package_msgs/msg/rosidl_typesupport_fastrtps_cpp__visibility_control.h
[1.384s] -- Up-to-date: /home/kiro04/Documents/robot_ws/ros2_ws/install/my_first_package_msgs/include/my_first_package_msgs/my_first_package_msgs/srv
[1.384s] -- Up-to-date: /home/kiro04/Documents/robot_ws/ros2_ws/install/my_first_package_msgs/include/my_first_package_msgs/my_first_package_msgs/srv/detail
[1.384s] -- Up-to-date: /home/kiro04/Documents/robot_ws/ros2_ws/install/my_first_package_msgs/include/my_first_package_msgs/my_first_package_msgs/srv/detail/multi_spawn__rosidl_typesupport_fastrtps_cpp.hpp
[1.384s] -- Up-to-date: /home/kiro04/Documents/robot_ws/ros2_ws/install/my_first_package_msgs/include/my_first_package_msgs/my_first_package_msgs/srv/detail/dds_fastrtps
[1.385s] -- Up-to-date: /home/kiro04/Documents/robot_ws/ros2_ws/install/my_first_package_msgs/include/my_first_package_msgs/my_first_package_msgs/action
[1.385s] -- Up-to-date: /home/kiro04/Documents/robot_ws/ros2_ws/install/my_first_package_msgs/include/my_first_package_msgs/my_first_package_msgs/action/detail
[1.385s] -- Up-to-date: /home/kiro04/Documents/robot_ws/ros2_ws/install/my_first_package_msgs/include/my_first_package_msgs/my_first_package_msgs/action/detail/dds_fastrtps
[1.385s] -- Up-to-date: /home/kiro04/Documents/robot_ws/ros2_ws/install/my_first_package_msgs/include/my_first_package_msgs/my_first_package_msgs/action/detail/dist_turtle__rosidl_typesupport_fastrtps_cpp.hpp
[1.385s] -- Up-to-date: /home/kiro04/Documents/robot_ws/ros2_ws/install/my_first_package_msgs/lib/libmy_first_package_msgs__rosidl_typesupport_fastrtps_cpp.so
[1.385s] -- Up-to-date: /home/kiro04/Documents/robot_ws/ros2_ws/install/my_first_package_msgs/include/my_first_package_msgs/my_first_package_msgs
[1.385s] -- Up-to-date: /home/kiro04/Documents/robot_ws/ros2_ws/install/my_first_package_msgs/include/my_first_package_msgs/my_first_package_msgs/msg
[1.386s] -- Up-to-date: /home/kiro04/Documents/robot_ws/ros2_ws/install/my_first_package_msgs/include/my_first_package_msgs/my_first_package_msgs/msg/detail
[1.386s] -- Up-to-date: /home/kiro04/Documents/robot_ws/ros2_ws/install/my_first_package_msgs/include/my_first_package_msgs/my_first_package_msgs/msg/detail/cmd_and_pose_vel__rosidl_typesupport_introspection_cpp.hpp
[1.386s] -- Up-to-date: /home/kiro04/Documents/robot_ws/ros2_ws/install/my_first_package_msgs/include/my_first_package_msgs/my_first_package_msgs/msg/detail/cmd_and_pose_vel__type_support.cpp
[1.386s] -- Up-to-date: /home/kiro04/Documents/robot_ws/ros2_ws/install/my_first_package_msgs/include/my_first_package_msgs/my_first_package_msgs/srv
[1.386s] -- Up-to-date: /home/kiro04/Documents/robot_ws/ros2_ws/install/my_first_package_msgs/include/my_first_package_msgs/my_first_package_msgs/srv/detail
[1.386s] -- Up-to-date: /home/kiro04/Documents/robot_ws/ros2_ws/install/my_first_package_msgs/include/my_first_package_msgs/my_first_package_msgs/srv/detail/multi_spawn__rosidl_typesupport_introspection_cpp.hpp
[1.387s] -- Up-to-date: /home/kiro04/Documents/robot_ws/ros2_ws/install/my_first_package_msgs/include/my_first_package_msgs/my_first_package_msgs/srv/detail/multi_spawn__type_support.cpp
[1.387s] -- Up-to-date: /home/kiro04/Documents/robot_ws/ros2_ws/install/my_first_package_msgs/include/my_first_package_msgs/my_first_package_msgs/action
[1.387s] -- Up-to-date: /home/kiro04/Documents/robot_ws/ros2_ws/install/my_first_package_msgs/include/my_first_package_msgs/my_first_package_msgs/action/detail
[1.387s] -- Up-to-date: /home/kiro04/Documents/robot_ws/ros2_ws/install/my_first_package_msgs/include/my_first_package_msgs/my_first_package_msgs/action/detail/dist_turtle__type_support.cpp
[1.387s] -- Up-to-date: /home/kiro04/Documents/robot_ws/ros2_ws/install/my_first_package_msgs/include/my_first_package_msgs/my_first_package_msgs/action/detail/dist_turtle__rosidl_typesupport_introspection_cpp.hpp
[1.387s] -- Up-to-date: /home/kiro04/Documents/robot_ws/ros2_ws/install/my_first_package_msgs/lib/libmy_first_package_msgs__rosidl_typesupport_introspection_cpp.so
[1.387s] -- Up-to-date: /home/kiro04/Documents/robot_ws/ros2_ws/install/my_first_package_msgs/lib/libmy_first_package_msgs__rosidl_typesupport_cpp.so
[1.388s] -- Up-to-date: /home/kiro04/Documents/robot_ws/ros2_ws/install/my_first_package_msgs/share/my_first_package_msgs/environment/pythonpath.sh
[1.388s] -- Up-to-date: /home/kiro04/Documents/robot_ws/ros2_ws/install/my_first_package_msgs/share/my_first_package_msgs/environment/pythonpath.dsv
[1.388s] -- Up-to-date: /home/kiro04/Documents/robot_ws/ros2_ws/install/my_first_package_msgs/local/lib/python3.10/dist-packages/my_first_package_msgs-0.0.0-py3.10.egg-info
[1.388s] -- Installing: /home/kiro04/Documents/robot_ws/ros2_ws/install/my_first_package_msgs/local/lib/python3.10/dist-packages/my_first_package_msgs-0.0.0-py3.10.egg-info/top_level.txt
[1.388s] -- Installing: /home/kiro04/Documents/robot_ws/ros2_ws/install/my_first_package_msgs/local/lib/python3.10/dist-packages/my_first_package_msgs-0.0.0-py3.10.egg-info/SOURCES.txt
[1.388s] -- Installing: /home/kiro04/Documents/robot_ws/ros2_ws/install/my_first_package_msgs/local/lib/python3.10/dist-packages/my_first_package_msgs-0.0.0-py3.10.egg-info/dependency_links.txt
[1.388s] -- Installing: /home/kiro04/Documents/robot_ws/ros2_ws/install/my_first_package_msgs/local/lib/python3.10/dist-packages/my_first_package_msgs-0.0.0-py3.10.egg-info/PKG-INFO
[1.389s] -- Up-to-date: /home/kiro04/Documents/robot_ws/ros2_ws/install/my_first_package_msgs/local/lib/python3.10/dist-packages/my_first_package_msgs
[1.389s] -- Up-to-date: /home/kiro04/Documents/robot_ws/ros2_ws/install/my_first_package_msgs/local/lib/python3.10/dist-packages/my_first_package_msgs/__init__.py
[1.389s] -- Up-to-date: /home/kiro04/Documents/robot_ws/ros2_ws/install/my_first_package_msgs/local/lib/python3.10/dist-packages/my_first_package_msgs/msg
[1.389s] -- Up-to-date: /home/kiro04/Documents/robot_ws/ros2_ws/install/my_first_package_msgs/local/lib/python3.10/dist-packages/my_first_package_msgs/msg/__init__.py
[1.389s] -- Up-to-date: /home/kiro04/Documents/robot_ws/ros2_ws/install/my_first_package_msgs/local/lib/python3.10/dist-packages/my_first_package_msgs/msg/_cmd_and_pose_vel_s.c
[1.389s] -- Up-to-date: /home/kiro04/Documents/robot_ws/ros2_ws/install/my_first_package_msgs/local/lib/python3.10/dist-packages/my_first_package_msgs/msg/_cmd_and_pose_vel.py
[1.390s] -- Up-to-date: /home/kiro04/Documents/robot_ws/ros2_ws/install/my_first_package_msgs/local/lib/python3.10/dist-packages/my_first_package_msgs/libmy_first_package_msgs__rosidl_generator_py.so
[1.390s] -- Up-to-date: /home/kiro04/Documents/robot_ws/ros2_ws/install/my_first_package_msgs/local/lib/python3.10/dist-packages/my_first_package_msgs/my_first_package_msgs_s__rosidl_typesupport_fastrtps_c.cpython-310-x86_64-linux-gnu.so
[1.390s] -- Up-to-date: /home/kiro04/Documents/robot_ws/ros2_ws/install/my_first_package_msgs/local/lib/python3.10/dist-packages/my_first_package_msgs/_my_first_package_msgs_s.ep.rosidl_typesupport_fastrtps_c.c
[1.390s] -- Up-to-date: /home/kiro04/Documents/robot_ws/ros2_ws/install/my_first_package_msgs/local/lib/python3.10/dist-packages/my_first_package_msgs/_my_first_package_msgs_s.ep.rosidl_typesupport_c.c
[1.390s] -- Up-to-date: /home/kiro04/Documents/robot_ws/ros2_ws/install/my_first_package_msgs/local/lib/python3.10/dist-packages/my_first_package_msgs/my_first_package_msgs_s__rosidl_typesupport_introspection_c.cpython-310-x86_64-linux-gnu.so
[1.390s] -- Up-to-date: /home/kiro04/Documents/robot_ws/ros2_ws/install/my_first_package_msgs/local/lib/python3.10/dist-packages/my_first_package_msgs/srv
[1.390s] -- Up-to-date: /home/kiro04/Documents/robot_ws/ros2_ws/install/my_first_package_msgs/local/lib/python3.10/dist-packages/my_first_package_msgs/srv/__init__.py
[1.391s] -- Up-to-date: /home/kiro04/Documents/robot_ws/ros2_ws/install/my_first_package_msgs/local/lib/python3.10/dist-packages/my_first_package_msgs/srv/_multi_spawn.py
[1.391s] -- Up-to-date: /home/kiro04/Documents/robot_ws/ros2_ws/install/my_first_package_msgs/local/lib/python3.10/dist-packages/my_first_package_msgs/srv/_multi_spawn_s.c
[1.391s] -- Up-to-date: /home/kiro04/Documents/robot_ws/ros2_ws/install/my_first_package_msgs/local/lib/python3.10/dist-packages/my_first_package_msgs/_my_first_package_msgs_s.ep.rosidl_typesupport_introspection_c.c
[1.391s] -- Up-to-date: /home/kiro04/Documents/robot_ws/ros2_ws/install/my_first_package_msgs/local/lib/python3.10/dist-packages/my_first_package_msgs/action
[1.391s] -- Up-to-date: /home/kiro04/Documents/robot_ws/ros2_ws/install/my_first_package_msgs/local/lib/python3.10/dist-packages/my_first_package_msgs/action/__init__.py
[1.391s] -- Up-to-date: /home/kiro04/Documents/robot_ws/ros2_ws/install/my_first_package_msgs/local/lib/python3.10/dist-packages/my_first_package_msgs/action/_dist_turtle.py
[1.392s] -- Up-to-date: /home/kiro04/Documents/robot_ws/ros2_ws/install/my_first_package_msgs/local/lib/python3.10/dist-packages/my_first_package_msgs/action/_dist_turtle_s.c
[1.392s] -- Up-to-date: /home/kiro04/Documents/robot_ws/ros2_ws/install/my_first_package_msgs/local/lib/python3.10/dist-packages/my_first_package_msgs/my_first_package_msgs_s__rosidl_typesupport_c.cpython-310-x86_64-linux-gnu.so
[1.421s] Listing '/home/kiro04/Documents/robot_ws/ros2_ws/install/my_first_package_msgs/local/lib/python3.10/dist-packages/my_first_package_msgs'...
[1.422s] Listing '/home/kiro04/Documents/robot_ws/ros2_ws/install/my_first_package_msgs/local/lib/python3.10/dist-packages/my_first_package_msgs/action'...
[1.422s] Listing '/home/kiro04/Documents/robot_ws/ros2_ws/install/my_first_package_msgs/local/lib/python3.10/dist-packages/my_first_package_msgs/msg'...
[1.422s] Listing '/home/kiro04/Documents/robot_ws/ros2_ws/install/my_first_package_msgs/local/lib/python3.10/dist-packages/my_first_package_msgs/srv'...
[1.428s] -- Up-to-date: /home/kiro04/Documents/robot_ws/ros2_ws/install/my_first_package_msgs/local/lib/python3.10/dist-packages/my_first_package_msgs/my_first_package_msgs_s__rosidl_typesupport_fastrtps_c.cpython-310-x86_64-linux-gnu.so
[1.428s] -- Up-to-date: /home/kiro04/Documents/robot_ws/ros2_ws/install/my_first_package_msgs/local/lib/python3.10/dist-packages/my_first_package_msgs/my_first_package_msgs_s__rosidl_typesupport_introspection_c.cpython-310-x86_64-linux-gnu.so
[1.428s] -- Up-to-date: /home/kiro04/Documents/robot_ws/ros2_ws/install/my_first_package_msgs/local/lib/python3.10/dist-packages/my_first_package_msgs/my_first_package_msgs_s__rosidl_typesupport_c.cpython-310-x86_64-linux-gnu.so
[1.429s] -- Up-to-date: /home/kiro04/Documents/robot_ws/ros2_ws/install/my_first_package_msgs/lib/libmy_first_package_msgs__rosidl_generator_py.so
[1.429s] -- Up-to-date: /home/kiro04/Documents/robot_ws/ros2_ws/install/my_first_package_msgs/share/my_first_package_msgs/msg/CmdAndPoseVel.idl
[1.429s] -- Up-to-date: /home/kiro04/Documents/robot_ws/ros2_ws/install/my_first_package_msgs/share/my_first_package_msgs/srv/MultiSpawn.idl
[1.430s] -- Up-to-date: /home/kiro04/Documents/robot_ws/ros2_ws/install/my_first_package_msgs/share/my_first_package_msgs/action/DistTurtle.idl
[1.430s] -- Up-to-date: /home/kiro04/Documents/robot_ws/ros2_ws/install/my_first_package_msgs/share/my_first_package_msgs/msg/CmdAndPoseVel.msg
[1.430s] -- Up-to-date: /home/kiro04/Documents/robot_ws/ros2_ws/install/my_first_package_msgs/share/my_first_package_msgs/srv/MultiSpawn.srv
[1.430s] -- Up-to-date: /home/kiro04/Documents/robot_ws/ros2_ws/install/my_first_package_msgs/share/my_first_package_msgs/srv/MultiSpawn_Request.msg
[1.430s] -- Up-to-date: /home/kiro04/Documents/robot_ws/ros2_ws/install/my_first_package_msgs/share/my_first_package_msgs/srv/MultiSpawn_Response.msg
[1.431s] -- Up-to-date: /home/kiro04/Documents/robot_ws/ros2_ws/install/my_first_package_msgs/share/my_first_package_msgs/action/DistTurtle.action
[1.431s] -- Up-to-date: /home/kiro04/Documents/robot_ws/ros2_ws/install/my_first_package_msgs/share/ament_index/resource_index/package_run_dependencies/my_first_package_msgs
[1.431s] -- Up-to-date: /home/kiro04/Documents/robot_ws/ros2_ws/install/my_first_package_msgs/share/ament_index/resource_index/parent_prefix_path/my_first_package_msgs
[1.431s] -- Up-to-date: /home/kiro04/Documents/robot_ws/ros2_ws/install/my_first_package_msgs/share/my_first_package_msgs/environment/ament_prefix_path.sh
[1.432s] -- Up-to-date: /home/kiro04/Documents/robot_ws/ros2_ws/install/my_first_package_msgs/share/my_first_package_msgs/environment/ament_prefix_path.dsv
[1.432s] -- Up-to-date: /home/kiro04/Documents/robot_ws/ros2_ws/install/my_first_package_msgs/share/my_first_package_msgs/environment/path.sh
[1.432s] -- Up-to-date: /home/kiro04/Documents/robot_ws/ros2_ws/install/my_first_package_msgs/share/my_first_package_msgs/environment/path.dsv
[1.432s] -- Up-to-date: /home/kiro04/Documents/robot_ws/ros2_ws/install/my_first_package_msgs/share/my_first_package_msgs/local_setup.bash
[1.432s] -- Up-to-date: /home/kiro04/Documents/robot_ws/ros2_ws/install/my_first_package_msgs/share/my_first_package_msgs/local_setup.sh
[1.433s] -- Up-to-date: /home/kiro04/Documents/robot_ws/ros2_ws/install/my_first_package_msgs/share/my_first_package_msgs/local_setup.zsh
[1.433s] -- Up-to-date: /home/kiro04/Documents/robot_ws/ros2_ws/install/my_first_package_msgs/share/my_first_package_msgs/local_setup.dsv
[1.433s] -- Installing: /home/kiro04/Documents/robot_ws/ros2_ws/install/my_first_package_msgs/share/my_first_package_msgs/package.dsv
[1.433s] -- Up-to-date: /home/kiro04/Documents/robot_ws/ros2_ws/install/my_first_package_msgs/share/ament_index/resource_index/packages/my_first_package_msgs
[1.433s] -- Up-to-date: /home/kiro04/Documents/robot_ws/ros2_ws/install/my_first_package_msgs/share/my_first_package_msgs/cmake/export_my_first_package_msgs__rosidl_generator_cExport.cmake
[1.433s] -- Up-to-date: /home/kiro04/Documents/robot_ws/ros2_ws/install/my_first_package_msgs/share/my_first_package_msgs/cmake/export_my_first_package_msgs__rosidl_generator_cExport-noconfig.cmake
[1.433s] -- Up-to-date: /home/kiro04/Documents/robot_ws/ros2_ws/install/my_first_package_msgs/share/my_first_package_msgs/cmake/export_my_first_package_msgs__rosidl_typesupport_fastrtps_cExport.cmake
[1.434s] -- Up-to-date: /home/kiro04/Documents/robot_ws/ros2_ws/install/my_first_package_msgs/share/my_first_package_msgs/cmake/export_my_first_package_msgs__rosidl_typesupport_fastrtps_cExport-noconfig.cmake
[1.434s] -- Up-to-date: /home/kiro04/Documents/robot_ws/ros2_ws/install/my_first_package_msgs/share/my_first_package_msgs/cmake/my_first_package_msgs__rosidl_typesupport_introspection_cExport.cmake
[1.434s] -- Up-to-date: /home/kiro04/Documents/robot_ws/ros2_ws/install/my_first_package_msgs/share/my_first_package_msgs/cmake/my_first_package_msgs__rosidl_typesupport_introspection_cExport-noconfig.cmake
[1.435s] -- Up-to-date: /home/kiro04/Documents/robot_ws/ros2_ws/install/my_first_package_msgs/share/my_first_package_msgs/cmake/my_first_package_msgs__rosidl_typesupport_cExport.cmake
[1.437s] -- Up-to-date: /home/kiro04/Documents/robot_ws/ros2_ws/install/my_first_package_msgs/share/my_first_package_msgs/cmake/my_first_package_msgs__rosidl_typesupport_cExport-noconfig.cmake
[1.439s] -- Up-to-date: /home/kiro04/Documents/robot_ws/ros2_ws/install/my_first_package_msgs/share/my_first_package_msgs/cmake/export_my_first_package_msgs__rosidl_generator_cppExport.cmake
[1.440s] -- Up-to-date: /home/kiro04/Documents/robot_ws/ros2_ws/install/my_first_package_msgs/share/my_first_package_msgs/cmake/export_my_first_package_msgs__rosidl_typesupport_fastrtps_cppExport.cmake
[1.440s] -- Up-to-date: /home/kiro04/Documents/robot_ws/ros2_ws/install/my_first_package_msgs/share/my_first_package_msgs/cmake/export_my_first_package_msgs__rosidl_typesupport_fastrtps_cppExport-noconfig.cmake
[1.441s] -- Up-to-date: /home/kiro04/Documents/robot_ws/ros2_ws/install/my_first_package_msgs/share/my_first_package_msgs/cmake/my_first_package_msgs__rosidl_typesupport_introspection_cppExport.cmake
[1.442s] -- Up-to-date: /home/kiro04/Documents/robot_ws/ros2_ws/install/my_first_package_msgs/share/my_first_package_msgs/cmake/my_first_package_msgs__rosidl_typesupport_introspection_cppExport-noconfig.cmake
[1.443s] -- Up-to-date: /home/kiro04/Documents/robot_ws/ros2_ws/install/my_first_package_msgs/share/my_first_package_msgs/cmake/my_first_package_msgs__rosidl_typesupport_cppExport.cmake
[1.443s] -- Up-to-date: /home/kiro04/Documents/robot_ws/ros2_ws/install/my_first_package_msgs/share/my_first_package_msgs/cmake/my_first_package_msgs__rosidl_typesupport_cppExport-noconfig.cmake
[1.444s] -- Up-to-date: /home/kiro04/Documents/robot_ws/ros2_ws/install/my_first_package_msgs/share/my_first_package_msgs/cmake/export_my_first_package_msgs__rosidl_generator_pyExport.cmake
[1.444s] -- Up-to-date: /home/kiro04/Documents/robot_ws/ros2_ws/install/my_first_package_msgs/share/my_first_package_msgs/cmake/export_my_first_package_msgs__rosidl_generator_pyExport-noconfig.cmake
[1.444s] -- Up-to-date: /home/kiro04/Documents/robot_ws/ros2_ws/install/my_first_package_msgs/share/my_first_package_msgs/cmake/rosidl_cmake-extras.cmake
[1.445s] -- Up-to-date: /home/kiro04/Documents/robot_ws/ros2_ws/install/my_first_package_msgs/share/my_first_package_msgs/cmake/ament_cmake_export_dependencies-extras.cmake
[1.446s] -- Up-to-date: /home/kiro04/Documents/robot_ws/ros2_ws/install/my_first_package_msgs/share/my_first_package_msgs/cmake/ament_cmake_export_include_directories-extras.cmake
[1.447s] -- Up-to-date: /home/kiro04/Documents/robot_ws/ros2_ws/install/my_first_package_msgs/share/my_first_package_msgs/cmake/ament_cmake_export_libraries-extras.cmake
[1.447s] -- Up-to-date: /home/kiro04/Documents/robot_ws/ros2_ws/install/my_first_package_msgs/share/my_first_package_msgs/cmake/ament_cmake_export_targets-extras.cmake
[1.447s] -- Up-to-date: /home/kiro04/Documents/robot_ws/ros2_ws/install/my_first_package_msgs/share/my_first_package_msgs/cmake/rosidl_cmake_export_typesupport_targets-extras.cmake
[1.447s] -- Up-to-date: /home/kiro04/Documents/robot_ws/ros2_ws/install/my_first_package_msgs/share/my_first_package_msgs/cmake/rosidl_cmake_export_typesupport_libraries-extras.cmake
[1.448s] -- Up-to-date: /home/kiro04/Documents/robot_ws/ros2_ws/install/my_first_package_msgs/share/my_first_package_msgs/cmake/my_first_package_msgsConfig.cmake
[1.449s] -- Up-to-date: /home/kiro04/Documents/robot_ws/ros2_ws/install/my_first_package_msgs/share/my_first_package_msgs/cmake/my_first_package_msgsConfig-version.cmake
[1.449s] -- Up-to-date: /home/kiro04/Documents/robot_ws/ros2_ws/install/my_first_package_msgs/share/my_first_package_msgs/package.xml
[1.450s] Invoked command in '/home/kiro04/Documents/robot_ws/ros2_ws/build/my_first_package_msgs' returned '0': CMAKE_PREFIX_PATH=${CMAKE_PREFIX_PATH}:/home/kiro04/Documents/robot_ws/ros2_ws/install/my_first_package:/home/kiro04/Documents/robot_ws/ros2_ws/install/arduino_tutorial:/opt/ros/humble /usr/bin/cmake --install /home/kiro04/Documents/robot_ws/ros2_ws/build/my_first_package_msgs
