[1.618s] Invoking command in '/home/kiro04/robot_ws/ros2_ws/build/my_first_package_msgs': CMAKE_PREFIX_PATH=${CMAKE_PREFIX_PATH}:/home/kiro04/robot_ws/ros2_ws/install/my_first_package:/home/kiro04/robot_ws/ros2_ws/install/arduino_tutorial:/opt/ros/humble /home/kiro04/.local/bin/cmake --build /home/kiro04/robot_ws/ros2_ws/build/my_first_package_msgs -- -j8 -l8
[1.999s] [  2%] [34m[1mGenerating C code for ROS interfaces[0m
[2.082s] [  4%] [34m[1mGenerating C++ code for ROS interfaces[0m
[2.190s] [  4%] Built target ament_cmake_python_symlink_my_first_package_msgs
[3.168s] running egg_info
[3.170s] creating my_first_package_msgs.egg-info
[3.171s] writing my_first_package_msgs.egg-info/PKG-INFO
[3.173s] writing dependency_links to my_first_package_msgs.egg-info/dependency_links.txt
[3.174s] writing top-level names to my_first_package_msgs.egg-info/top_level.txt
[3.176s] writing manifest file 'my_first_package_msgs.egg-info/SOURCES.txt'
[3.178s] reading manifest file 'my_first_package_msgs.egg-info/SOURCES.txt'
[3.180s] writing manifest file 'my_first_package_msgs.egg-info/SOURCES.txt'
[3.289s] [  4%] Built target ament_cmake_python_build_my_first_package_msgs_egg
[3.869s] [  4%] Built target my_first_package_msgs__cpp
[3.875s] [  6%] [34m[1mGenerating C++ type support dispatch for ROS interfaces[0m
[3.876s] [  8%] [34m[1mGenerating C++ introspection for ROS interfaces[0m
[3.877s] [ 10%] [34m[1mGenerating C++ type support for eProsima Fast-RTPS[0m
[4.215s] [ 14%] [32mBuilding C object CMakeFiles/my_first_package_msgs__rosidl_generator_c.dir/rosidl_generator_c/my_first_package_msgs/srv/detail/multi_spawn__functions.c.o[0m
[4.216s] [ 17%] [32mBuilding C object CMakeFiles/my_first_package_msgs__rosidl_generator_c.dir/rosidl_generator_c/my_first_package_msgs/action/detail/dist_turtle__functions.c.o[0m
[4.216s] [ 17%] [32mBuilding C object CMakeFiles/my_first_package_msgs__rosidl_generator_c.dir/rosidl_generator_c/my_first_package_msgs/msg/detail/cmd_and_pose_vel__functions.c.o[0m
[4.534s] [ 19%] [32m[1mLinking C shared library libmy_first_package_msgs__rosidl_generator_c.so[0m
[4.591s] [ 19%] Built target my_first_package_msgs__rosidl_generator_c
[4.601s] [ 21%] [34m[1mGenerating C type support dispatch for ROS interfaces[0m
[4.601s] [ 23%] [34m[1mGenerating C type support for eProsima Fast-RTPS[0m
[4.607s] [ 25%] [34m[1mGenerating C introspection for ROS interfaces[0m
[4.671s] [ 27%] [32mBuilding CXX object CMakeFiles/my_first_package_msgs__rosidl_typesupport_cpp.dir/rosidl_typesupport_cpp/my_first_package_msgs/msg/cmd_and_pose_vel__type_support.cpp.o[0m
[4.676s] [ 29%] [32mBuilding CXX object CMakeFiles/my_first_package_msgs__rosidl_typesupport_cpp.dir/rosidl_typesupport_cpp/my_first_package_msgs/action/dist_turtle__type_support.cpp.o[0m
[4.677s] [ 31%] [32mBuilding CXX object CMakeFiles/my_first_package_msgs__rosidl_typesupport_cpp.dir/rosidl_typesupport_cpp/my_first_package_msgs/srv/multi_spawn__type_support.cpp.o[0m
[5.009s] [ 34%] [32mBuilding CXX object CMakeFiles/my_first_package_msgs__rosidl_typesupport_introspection_cpp.dir/rosidl_typesupport_introspection_cpp/my_first_package_msgs/msg/detail/cmd_and_pose_vel__type_support.cpp.o[0m
[5.128s] [ 36%] [32mBuilding CXX object CMakeFiles/my_first_package_msgs__rosidl_typesupport_fastrtps_cpp.dir/rosidl_typesupport_fastrtps_cpp/my_first_package_msgs/msg/detail/dds_fastrtps/cmd_and_pose_vel__type_support.cpp.o[0m
[5.423s] [ 38%] [32mBuilding CXX object CMakeFiles/my_first_package_msgs__rosidl_typesupport_introspection_cpp.dir/rosidl_typesupport_introspection_cpp/my_first_package_msgs/srv/detail/multi_spawn__type_support.cpp.o[0m
[5.471s] [ 40%] [32mBuilding CXX object CMakeFiles/my_first_package_msgs__rosidl_typesupport_introspection_cpp.dir/rosidl_typesupport_introspection_cpp/my_first_package_msgs/action/detail/dist_turtle__type_support.cpp.o[0m
[5.747s] [ 42%] [32mBuilding CXX object CMakeFiles/my_first_package_msgs__rosidl_typesupport_c.dir/rosidl_typesupport_c/my_first_package_msgs/msg/cmd_and_pose_vel__type_support.cpp.o[0m
[5.917s] [ 44%] [32mBuilding CXX object CMakeFiles/my_first_package_msgs__rosidl_typesupport_c.dir/rosidl_typesupport_c/my_first_package_msgs/srv/multi_spawn__type_support.cpp.o[0m
[6.127s] [ 46%] [32mBuilding CXX object CMakeFiles/my_first_package_msgs__rosidl_typesupport_c.dir/rosidl_typesupport_c/my_first_package_msgs/action/dist_turtle__type_support.cpp.o[0m
[6.144s] [ 48%] [32m[1mLinking CXX shared library libmy_first_package_msgs__rosidl_typesupport_cpp.so[0m
[6.261s] [ 51%] [32mBuilding C object CMakeFiles/my_first_package_msgs__rosidl_typesupport_introspection_c.dir/rosidl_typesupport_introspection_c/my_first_package_msgs/msg/detail/cmd_and_pose_vel__type_support.c.o[0m
[6.270s] [ 51%] Built target my_first_package_msgs__rosidl_typesupport_cpp
[6.281s] [ 53%] [32mBuilding C object CMakeFiles/my_first_package_msgs__rosidl_typesupport_introspection_c.dir/rosidl_typesupport_introspection_c/my_first_package_msgs/srv/detail/multi_spawn__type_support.c.o[0m
[6.301s] [ 55%] [32mBuilding C object CMakeFiles/my_first_package_msgs__rosidl_typesupport_introspection_c.dir/rosidl_typesupport_introspection_c/my_first_package_msgs/action/detail/dist_turtle__type_support.c.o[0m
[6.323s] [ 57%] [32mBuilding CXX object CMakeFiles/my_first_package_msgs__rosidl_typesupport_fastrtps_cpp.dir/rosidl_typesupport_fastrtps_cpp/my_first_package_msgs/srv/detail/dds_fastrtps/multi_spawn__type_support.cpp.o[0m
[6.336s] [ 59%] [32m[1mLinking CXX shared library libmy_first_package_msgs__rosidl_typesupport_c.so[0m
[6.374s] [ 61%] [32mBuilding CXX object CMakeFiles/my_first_package_msgs__rosidl_typesupport_fastrtps_cpp.dir/rosidl_typesupport_fastrtps_cpp/my_first_package_msgs/action/detail/dds_fastrtps/dist_turtle__type_support.cpp.o[0m
[6.432s] [ 61%] Built target my_first_package_msgs__rosidl_typesupport_c
[6.450s] [ 63%] [32m[1mLinking C shared library libmy_first_package_msgs__rosidl_typesupport_introspection_c.so[0m
[6.454s] [ 65%] [32mBuilding CXX object CMakeFiles/my_first_package_msgs__rosidl_typesupport_fastrtps_c.dir/rosidl_typesupport_fastrtps_c/my_first_package_msgs/msg/detail/cmd_and_pose_vel__type_support_c.cpp.o[0m
[6.455s] [ 68%] [32mBuilding CXX object CMakeFiles/my_first_package_msgs__rosidl_typesupport_fastrtps_c.dir/rosidl_typesupport_fastrtps_c/my_first_package_msgs/srv/detail/multi_spawn__type_support_c.cpp.o[0m
[6.459s] [ 70%] [32mBuilding CXX object CMakeFiles/my_first_package_msgs__rosidl_typesupport_fastrtps_c.dir/rosidl_typesupport_fastrtps_c/my_first_package_msgs/action/detail/dist_turtle__type_support_c.cpp.o[0m
[6.533s] [ 70%] Built target my_first_package_msgs__rosidl_typesupport_introspection_c
[7.084s] [ 72%] [32m[1mLinking CXX shared library libmy_first_package_msgs__rosidl_typesupport_introspection_cpp.so[0m
[7.256s] [ 72%] Built target my_first_package_msgs__rosidl_typesupport_introspection_cpp
[7.308s] [ 74%] [32m[1mLinking CXX shared library libmy_first_package_msgs__rosidl_typesupport_fastrtps_c.so[0m
[7.418s] [ 74%] Built target my_first_package_msgs__rosidl_typesupport_fastrtps_c
[7.515s] [ 76%] [32m[1mLinking CXX shared library libmy_first_package_msgs__rosidl_typesupport_fastrtps_cpp.so[0m
[7.583s] [ 76%] Built target my_first_package_msgs__rosidl_typesupport_fastrtps_cpp
[7.593s] [ 76%] Built target my_first_package_msgs
[7.601s] [ 78%] [34m[1mGenerating Python code for ROS interfaces[0m
[8.549s] [ 78%] Built target my_first_package_msgs__py
[8.558s] [ 80%] [32mBuilding C object CMakeFiles/my_first_package_msgs__rosidl_generator_py.dir/rosidl_generator_py/my_first_package_msgs/msg/_cmd_and_pose_vel_s.c.o[0m
[8.558s] [ 82%] [32mBuilding C object CMakeFiles/my_first_package_msgs__rosidl_generator_py.dir/rosidl_generator_py/my_first_package_msgs/srv/_multi_spawn_s.c.o[0m
[8.558s] [ 85%] [32mBuilding C object CMakeFiles/my_first_package_msgs__rosidl_generator_py.dir/rosidl_generator_py/my_first_package_msgs/action/_dist_turtle_s.c.o[0m
[8.740s] [ 87%] [32m[1mLinking C shared library rosidl_generator_py/my_first_package_msgs/libmy_first_package_msgs__rosidl_generator_py.so[0m
[8.769s] [ 87%] Built target my_first_package_msgs__rosidl_generator_py
[8.782s] [ 93%] [32mBuilding C object CMakeFiles/my_first_package_msgs__rosidl_typesupport_fastrtps_c__pyext.dir/rosidl_generator_py/my_first_package_msgs/_my_first_package_msgs_s.ep.rosidl_typesupport_fastrtps_c.c.o[0m
[8.782s] [ 93%] [32mBuilding C object CMakeFiles/my_first_package_msgs__rosidl_typesupport_introspection_c__pyext.dir/rosidl_generator_py/my_first_package_msgs/_my_first_package_msgs_s.ep.rosidl_typesupport_introspection_c.c.o[0m
[8.782s] [ 93%] [32mBuilding C object CMakeFiles/my_first_package_msgs__rosidl_typesupport_c__pyext.dir/rosidl_generator_py/my_first_package_msgs/_my_first_package_msgs_s.ep.rosidl_typesupport_c.c.o[0m
[8.961s] [ 97%] [32m[1mLinking C shared library rosidl_generator_py/my_first_package_msgs/my_first_package_msgs_s__rosidl_typesupport_c.cpython-310-x86_64-linux-gnu.so[0m
[8.961s] [ 97%] [32m[1mLinking C shared library rosidl_generator_py/my_first_package_msgs/my_first_package_msgs_s__rosidl_typesupport_fastrtps_c.cpython-310-x86_64-linux-gnu.so[0m
[8.961s] [100%] [32m[1mLinking C shared library rosidl_generator_py/my_first_package_msgs/my_first_package_msgs_s__rosidl_typesupport_introspection_c.cpython-310-x86_64-linux-gnu.so[0m
[9.002s] [100%] Built target my_first_package_msgs__rosidl_typesupport_fastrtps_c__pyext
[9.002s] [100%] Built target my_first_package_msgs__rosidl_typesupport_introspection_c__pyext
[9.002s] [100%] Built target my_first_package_msgs__rosidl_typesupport_c__pyext
