[0.056s] Invoking command in '/home/kiro04/robot_ws/ros2_ws/build/yolox_cpp': CMAKE_PREFIX_PATH=${CMAKE_PREFIX_PATH}:/home/kiro04/robot_ws/ros2_ws/install/my_first_package:/home/kiro04/robot_ws/ros2_ws/install/arduino_tutorial:/opt/ros/humble /home/kiro04/.local/bin/cmake /home/kiro04/robot_ws/ros2_ws/yolox_ros/yolox_ros_cpp/yolox_cpp -DCMAKE_INSTALL_PREFIX=/home/kiro04/robot_ws/ros2_ws/install/yolox_cpp
[1.286s] -- The C compiler identification is GNU 11.3.0
[1.288s] -- The CXX compiler identification is GNU 11.3.0
[1.289s] -- Detecting C compiler ABI info
[1.289s] -- Detecting C compiler ABI info - done
[1.290s] -- Check for working C compiler: /usr/bin/cc - skipped
[1.290s] -- Detecting C compile features
[1.290s] -- Detecting C compile features - done
[1.291s] -- Detecting CXX compiler ABI info
[1.292s] -- Detecting CXX compiler ABI info - done
[1.293s] -- Check for working CXX compiler: /usr/bin/c++ - skipped
[1.293s] -- Detecting CXX compile features
[1.294s] -- Detecting CXX compile features - done
[1.295s] -- Found ament_cmake_auto: 1.3.4 (/opt/ros/humble/share/ament_cmake_auto/cmake)
[1.361s] -- Found Python3: /usr/bin/python3.10 (found version "3.10.6") found components: Interpreter 
[1.777s] [31mCMake Error at CMakeLists.txt:29 (message):
[1.777s]   YOLOX_USE_OPENVINO, YOLOX_USE_TENSORRT, YOLOX_USE_ONNXRUNTIME,
[1.778s]   YOLOX_USE_TFLITE must be ON at least one
[1.778s] 
[1.778s] [0m
[1.779s] -- Configuring incomplete, errors occurred!
