[0.330s] DEBUG:colcon:Command line arguments: ['/usr/bin/colcon', 'build', '--symlink-install']
[0.330s] DEBUG:colcon:Parsed command line arguments: Namespace(log_base=None, log_level=None, verb_name='build', build_base='build', install_base='install', merge_install=False, symlink_install=True, test_result_base=None, continue_on_error=False, executor='parallel', parallel_workers=8, event_handlers=None, ignore_user_meta=False, metas=['./colcon.meta'], base_paths=['.'], packages_ignore=None, packages_ignore_regex=None, paths=None, packages_up_to=None, packages_up_to_regex=None, packages_above=None, packages_above_and_dependencies=None, packages_above_depth=None, packages_select_by_dep=None, packages_skip_by_dep=None, packages_skip_up_to=None, packages_select_build_failed=False, packages_skip_build_finished=False, packages_select_test_failures=False, packages_skip_test_passed=False, packages_select=None, packages_skip=None, packages_select_regex=None, packages_skip_regex=None, packages_start=None, packages_end=None, allow_overriding=[], cmake_args=None, cmake_target=None, cmake_target_skip_unavailable=False, cmake_clean_cache=False, cmake_clean_first=False, cmake_force_configure=False, ament_cmake_args=None, catkin_cmake_args=None, catkin_skip_building_tests=False, verb_parser=<colcon_defaults.argument_parser.defaults.DefaultArgumentsDecorator object at 0x7f03dd91a470>, verb_extension=<colcon_core.verb.build.BuildVerb object at 0x7f03de317610>, main=<bound method BuildVerb.main of <colcon_core.verb.build.BuildVerb object at 0x7f03de317610>>)
[0.351s] Level 1:colcon.colcon_core.package_discovery:discover_packages(colcon_meta) check parameters
[0.351s] Level 1:colcon.colcon_core.package_discovery:discover_packages(recursive) check parameters
[0.351s] Level 1:colcon.colcon_core.package_discovery:discover_packages(ignore) check parameters
[0.351s] Level 1:colcon.colcon_core.package_discovery:discover_packages(path) check parameters
[0.351s] Level 1:colcon.colcon_core.package_discovery:discover_packages(colcon_meta) discover
[0.351s] Level 1:colcon.colcon_core.package_discovery:discover_packages(recursive) discover
[0.351s] INFO:colcon.colcon_core.package_discovery:Crawling recursively for packages in '/home/kiro04/robot_ws/ros2_ws'
[0.351s] Level 1:colcon.colcon_core.package_identification:_identify(.) by extensions ['ignore', 'ignore_ament_install']
[0.351s] Level 1:colcon.colcon_core.package_identification:_identify(.) by extension 'ignore'
[0.351s] Level 1:colcon.colcon_core.package_identification:_identify(.) by extension 'ignore_ament_install'
[0.351s] Level 1:colcon.colcon_core.package_identification:_identify(.) by extensions ['colcon_pkg']
[0.352s] Level 1:colcon.colcon_core.package_identification:_identify(.) by extension 'colcon_pkg'
[0.352s] Level 1:colcon.colcon_core.package_identification:_identify(.) by extensions ['colcon_meta']
[0.352s] Level 1:colcon.colcon_core.package_identification:_identify(.) by extension 'colcon_meta'
[0.352s] Level 1:colcon.colcon_core.package_identification:_identify(.) by extensions ['ros']
[0.352s] Level 1:colcon.colcon_core.package_identification:_identify(.) by extension 'ros'
[0.362s] Level 1:colcon.colcon_core.package_identification:_identify(.) by extensions ['cmake', 'python']
[0.362s] Level 1:colcon.colcon_core.package_identification:_identify(.) by extension 'cmake'
[0.362s] Level 1:colcon.colcon_core.package_identification:_identify(.) by extension 'python'
[0.362s] Level 1:colcon.colcon_core.package_identification:_identify(.) by extensions ['python_setup_py']
[0.362s] Level 1:colcon.colcon_core.package_identification:_identify(.) by extension 'python_setup_py'
[0.362s] Level 1:colcon.colcon_core.package_identification:_identify(build) by extensions ['ignore', 'ignore_ament_install']
[0.362s] Level 1:colcon.colcon_core.package_identification:_identify(build) by extension 'ignore'
[0.362s] Level 1:colcon.colcon_core.package_identification:_identify(build) ignored
[0.362s] Level 1:colcon.colcon_core.package_identification:_identify(install) by extensions ['ignore', 'ignore_ament_install']
[0.363s] Level 1:colcon.colcon_core.package_identification:_identify(install) by extension 'ignore'
[0.363s] Level 1:colcon.colcon_core.package_identification:_identify(install) ignored
[0.363s] Level 1:colcon.colcon_core.package_identification:_identify(log) by extensions ['ignore', 'ignore_ament_install']
[0.363s] Level 1:colcon.colcon_core.package_identification:_identify(log) by extension 'ignore'
[0.363s] Level 1:colcon.colcon_core.package_identification:_identify(log) ignored
[0.363s] Level 1:colcon.colcon_core.package_identification:_identify(src) by extensions ['ignore', 'ignore_ament_install']
[0.363s] Level 1:colcon.colcon_core.package_identification:_identify(src) by extension 'ignore'
[0.363s] Level 1:colcon.colcon_core.package_identification:_identify(src) by extension 'ignore_ament_install'
[0.363s] Level 1:colcon.colcon_core.package_identification:_identify(src) by extensions ['colcon_pkg']
[0.363s] Level 1:colcon.colcon_core.package_identification:_identify(src) by extension 'colcon_pkg'
[0.363s] Level 1:colcon.colcon_core.package_identification:_identify(src) by extensions ['colcon_meta']
[0.363s] Level 1:colcon.colcon_core.package_identification:_identify(src) by extension 'colcon_meta'
[0.363s] Level 1:colcon.colcon_core.package_identification:_identify(src) by extensions ['ros']
[0.364s] Level 1:colcon.colcon_core.package_identification:_identify(src) by extension 'ros'
[0.364s] Level 1:colcon.colcon_core.package_identification:_identify(src) by extensions ['cmake', 'python']
[0.364s] Level 1:colcon.colcon_core.package_identification:_identify(src) by extension 'cmake'
[0.364s] Level 1:colcon.colcon_core.package_identification:_identify(src) by extension 'python'
[0.364s] Level 1:colcon.colcon_core.package_identification:_identify(src) by extensions ['python_setup_py']
[0.364s] Level 1:colcon.colcon_core.package_identification:_identify(src) by extension 'python_setup_py'
[0.364s] Level 1:colcon.colcon_core.package_identification:_identify(src/arduino_tutorial) by extensions ['ignore', 'ignore_ament_install']
[0.364s] Level 1:colcon.colcon_core.package_identification:_identify(src/arduino_tutorial) by extension 'ignore'
[0.364s] Level 1:colcon.colcon_core.package_identification:_identify(src/arduino_tutorial) by extension 'ignore_ament_install'
[0.364s] Level 1:colcon.colcon_core.package_identification:_identify(src/arduino_tutorial) by extensions ['colcon_pkg']
[0.364s] Level 1:colcon.colcon_core.package_identification:_identify(src/arduino_tutorial) by extension 'colcon_pkg'
[0.364s] Level 1:colcon.colcon_core.package_identification:_identify(src/arduino_tutorial) by extensions ['colcon_meta']
[0.364s] Level 1:colcon.colcon_core.package_identification:_identify(src/arduino_tutorial) by extension 'colcon_meta'
[0.364s] Level 1:colcon.colcon_core.package_identification:_identify(src/arduino_tutorial) by extensions ['ros']
[0.364s] Level 1:colcon.colcon_core.package_identification:_identify(src/arduino_tutorial) by extension 'ros'
[0.367s] DEBUG:colcon.colcon_core.package_identification:Package 'src/arduino_tutorial' with type 'ros.ament_python' and name 'arduino_tutorial'
[0.367s] Level 1:colcon.colcon_core.package_identification:_identify(src/my_first_package) by extensions ['ignore', 'ignore_ament_install']
[0.367s] Level 1:colcon.colcon_core.package_identification:_identify(src/my_first_package) by extension 'ignore'
[0.367s] Level 1:colcon.colcon_core.package_identification:_identify(src/my_first_package) by extension 'ignore_ament_install'
[0.367s] Level 1:colcon.colcon_core.package_identification:_identify(src/my_first_package) by extensions ['colcon_pkg']
[0.367s] Level 1:colcon.colcon_core.package_identification:_identify(src/my_first_package) by extension 'colcon_pkg'
[0.367s] Level 1:colcon.colcon_core.package_identification:_identify(src/my_first_package) by extensions ['colcon_meta']
[0.367s] Level 1:colcon.colcon_core.package_identification:_identify(src/my_first_package) by extension 'colcon_meta'
[0.367s] Level 1:colcon.colcon_core.package_identification:_identify(src/my_first_package) by extensions ['ros']
[0.367s] Level 1:colcon.colcon_core.package_identification:_identify(src/my_first_package) by extension 'ros'
[0.368s] DEBUG:colcon.colcon_core.package_identification:Package 'src/my_first_package' with type 'ros.ament_python' and name 'my_first_package'
[0.368s] Level 1:colcon.colcon_core.package_identification:_identify(src/my_first_package_msgs) by extensions ['ignore', 'ignore_ament_install']
[0.368s] Level 1:colcon.colcon_core.package_identification:_identify(src/my_first_package_msgs) by extension 'ignore'
[0.368s] Level 1:colcon.colcon_core.package_identification:_identify(src/my_first_package_msgs) by extension 'ignore_ament_install'
[0.368s] Level 1:colcon.colcon_core.package_identification:_identify(src/my_first_package_msgs) by extensions ['colcon_pkg']
[0.368s] Level 1:colcon.colcon_core.package_identification:_identify(src/my_first_package_msgs) by extension 'colcon_pkg'
[0.368s] Level 1:colcon.colcon_core.package_identification:_identify(src/my_first_package_msgs) by extensions ['colcon_meta']
[0.368s] Level 1:colcon.colcon_core.package_identification:_identify(src/my_first_package_msgs) by extension 'colcon_meta'
[0.368s] Level 1:colcon.colcon_core.package_identification:_identify(src/my_first_package_msgs) by extensions ['ros']
[0.368s] Level 1:colcon.colcon_core.package_identification:_identify(src/my_first_package_msgs) by extension 'ros'
[0.369s] DEBUG:colcon.colcon_core.package_identification:Package 'src/my_first_package_msgs' with type 'ros.ament_cmake' and name 'my_first_package_msgs'
[0.369s] Level 1:colcon.colcon_core.package_identification:_identify(src/yolox_ros) by extensions ['ignore', 'ignore_ament_install']
[0.369s] Level 1:colcon.colcon_core.package_identification:_identify(src/yolox_ros) by extension 'ignore'
[0.369s] Level 1:colcon.colcon_core.package_identification:_identify(src/yolox_ros) by extension 'ignore_ament_install'
[0.369s] Level 1:colcon.colcon_core.package_identification:_identify(src/yolox_ros) by extensions ['colcon_pkg']
[0.369s] Level 1:colcon.colcon_core.package_identification:_identify(src/yolox_ros) by extension 'colcon_pkg'
[0.369s] Level 1:colcon.colcon_core.package_identification:_identify(src/yolox_ros) by extensions ['colcon_meta']
[0.369s] Level 1:colcon.colcon_core.package_identification:_identify(src/yolox_ros) by extension 'colcon_meta'
[0.370s] Level 1:colcon.colcon_core.package_identification:_identify(src/yolox_ros) by extensions ['ros']
[0.370s] Level 1:colcon.colcon_core.package_identification:_identify(src/yolox_ros) by extension 'ros'
[0.370s] Level 1:colcon.colcon_core.package_identification:_identify(src/yolox_ros) by extensions ['cmake', 'python']
[0.370s] Level 1:colcon.colcon_core.package_identification:_identify(src/yolox_ros) by extension 'cmake'
[0.370s] Level 1:colcon.colcon_core.package_identification:_identify(src/yolox_ros) by extension 'python'
[0.370s] Level 1:colcon.colcon_core.package_identification:_identify(src/yolox_ros) by extensions ['python_setup_py']
[0.370s] Level 1:colcon.colcon_core.package_identification:_identify(src/yolox_ros) by extension 'python_setup_py'
[0.370s] Level 1:colcon.colcon_core.package_identification:_identify(src/yolox_ros/bbox_ex_msgs) by extensions ['ignore', 'ignore_ament_install']
[0.370s] Level 1:colcon.colcon_core.package_identification:_identify(src/yolox_ros/bbox_ex_msgs) by extension 'ignore'
[0.370s] Level 1:colcon.colcon_core.package_identification:_identify(src/yolox_ros/bbox_ex_msgs) by extension 'ignore_ament_install'
[0.370s] Level 1:colcon.colcon_core.package_identification:_identify(src/yolox_ros/bbox_ex_msgs) by extensions ['colcon_pkg']
[0.370s] Level 1:colcon.colcon_core.package_identification:_identify(src/yolox_ros/bbox_ex_msgs) by extension 'colcon_pkg'
[0.370s] Level 1:colcon.colcon_core.package_identification:_identify(src/yolox_ros/bbox_ex_msgs) by extensions ['colcon_meta']
[0.370s] Level 1:colcon.colcon_core.package_identification:_identify(src/yolox_ros/bbox_ex_msgs) by extension 'colcon_meta'
[0.371s] Level 1:colcon.colcon_core.package_identification:_identify(src/yolox_ros/bbox_ex_msgs) by extensions ['ros']
[0.371s] Level 1:colcon.colcon_core.package_identification:_identify(src/yolox_ros/bbox_ex_msgs) by extension 'ros'
[0.371s] DEBUG:colcon.colcon_core.package_identification:Package 'src/yolox_ros/bbox_ex_msgs' with type 'ros.ament_cmake' and name 'bboxes_ex_msgs'
[0.371s] Level 1:colcon.colcon_core.package_identification:_identify(src/yolox_ros/images_for_readme) by extensions ['ignore', 'ignore_ament_install']
[0.372s] Level 1:colcon.colcon_core.package_identification:_identify(src/yolox_ros/images_for_readme) by extension 'ignore'
[0.372s] Level 1:colcon.colcon_core.package_identification:_identify(src/yolox_ros/images_for_readme) by extension 'ignore_ament_install'
[0.372s] Level 1:colcon.colcon_core.package_identification:_identify(src/yolox_ros/images_for_readme) by extensions ['colcon_pkg']
[0.372s] Level 1:colcon.colcon_core.package_identification:_identify(src/yolox_ros/images_for_readme) by extension 'colcon_pkg'
[0.372s] Level 1:colcon.colcon_core.package_identification:_identify(src/yolox_ros/images_for_readme) by extensions ['colcon_meta']
[0.372s] Level 1:colcon.colcon_core.package_identification:_identify(src/yolox_ros/images_for_readme) by extension 'colcon_meta'
[0.372s] Level 1:colcon.colcon_core.package_identification:_identify(src/yolox_ros/images_for_readme) by extensions ['ros']
[0.372s] Level 1:colcon.colcon_core.package_identification:_identify(src/yolox_ros/images_for_readme) by extension 'ros'
[0.372s] Level 1:colcon.colcon_core.package_identification:_identify(src/yolox_ros/images_for_readme) by extensions ['cmake', 'python']
[0.372s] Level 1:colcon.colcon_core.package_identification:_identify(src/yolox_ros/images_for_readme) by extension 'cmake'
[0.372s] Level 1:colcon.colcon_core.package_identification:_identify(src/yolox_ros/images_for_readme) by extension 'python'
[0.372s] Level 1:colcon.colcon_core.package_identification:_identify(src/yolox_ros/images_for_readme) by extensions ['python_setup_py']
[0.372s] Level 1:colcon.colcon_core.package_identification:_identify(src/yolox_ros/images_for_readme) by extension 'python_setup_py'
[0.372s] Level 1:colcon.colcon_core.package_identification:_identify(src/yolox_ros/weights) by extensions ['ignore', 'ignore_ament_install']
[0.373s] Level 1:colcon.colcon_core.package_identification:_identify(src/yolox_ros/weights) by extension 'ignore'
[0.373s] Level 1:colcon.colcon_core.package_identification:_identify(src/yolox_ros/weights) by extension 'ignore_ament_install'
[0.373s] Level 1:colcon.colcon_core.package_identification:_identify(src/yolox_ros/weights) by extensions ['colcon_pkg']
[0.373s] Level 1:colcon.colcon_core.package_identification:_identify(src/yolox_ros/weights) by extension 'colcon_pkg'
[0.373s] Level 1:colcon.colcon_core.package_identification:_identify(src/yolox_ros/weights) by extensions ['colcon_meta']
[0.373s] Level 1:colcon.colcon_core.package_identification:_identify(src/yolox_ros/weights) by extension 'colcon_meta'
[0.373s] Level 1:colcon.colcon_core.package_identification:_identify(src/yolox_ros/weights) by extensions ['ros']
[0.373s] Level 1:colcon.colcon_core.package_identification:_identify(src/yolox_ros/weights) by extension 'ros'
[0.373s] Level 1:colcon.colcon_core.package_identification:_identify(src/yolox_ros/weights) by extensions ['cmake', 'python']
[0.373s] Level 1:colcon.colcon_core.package_identification:_identify(src/yolox_ros/weights) by extension 'cmake'
[0.373s] Level 1:colcon.colcon_core.package_identification:_identify(src/yolox_ros/weights) by extension 'python'
[0.373s] Level 1:colcon.colcon_core.package_identification:_identify(src/yolox_ros/weights) by extensions ['python_setup_py']
[0.373s] Level 1:colcon.colcon_core.package_identification:_identify(src/yolox_ros/weights) by extension 'python_setup_py'
[0.373s] Level 1:colcon.colcon_core.package_identification:_identify(src/yolox_ros/weights/onnx) by extensions ['ignore', 'ignore_ament_install']
[0.373s] Level 1:colcon.colcon_core.package_identification:_identify(src/yolox_ros/weights/onnx) by extension 'ignore'
[0.373s] Level 1:colcon.colcon_core.package_identification:_identify(src/yolox_ros/weights/onnx) by extension 'ignore_ament_install'
[0.374s] Level 1:colcon.colcon_core.package_identification:_identify(src/yolox_ros/weights/onnx) by extensions ['colcon_pkg']
[0.374s] Level 1:colcon.colcon_core.package_identification:_identify(src/yolox_ros/weights/onnx) by extension 'colcon_pkg'
[0.374s] Level 1:colcon.colcon_core.package_identification:_identify(src/yolox_ros/weights/onnx) by extensions ['colcon_meta']
[0.374s] Level 1:colcon.colcon_core.package_identification:_identify(src/yolox_ros/weights/onnx) by extension 'colcon_meta'
[0.374s] Level 1:colcon.colcon_core.package_identification:_identify(src/yolox_ros/weights/onnx) by extensions ['ros']
[0.374s] Level 1:colcon.colcon_core.package_identification:_identify(src/yolox_ros/weights/onnx) by extension 'ros'
[0.374s] Level 1:colcon.colcon_core.package_identification:_identify(src/yolox_ros/weights/onnx) by extensions ['cmake', 'python']
[0.374s] Level 1:colcon.colcon_core.package_identification:_identify(src/yolox_ros/weights/onnx) by extension 'cmake'
[0.374s] Level 1:colcon.colcon_core.package_identification:_identify(src/yolox_ros/weights/onnx) by extension 'python'
[0.374s] Level 1:colcon.colcon_core.package_identification:_identify(src/yolox_ros/weights/onnx) by extensions ['python_setup_py']
[0.374s] Level 1:colcon.colcon_core.package_identification:_identify(src/yolox_ros/weights/onnx) by extension 'python_setup_py'
[0.374s] Level 1:colcon.colcon_core.package_identification:_identify(src/yolox_ros/weights/openvino) by extensions ['ignore', 'ignore_ament_install']
[0.374s] Level 1:colcon.colcon_core.package_identification:_identify(src/yolox_ros/weights/openvino) by extension 'ignore'
[0.374s] Level 1:colcon.colcon_core.package_identification:_identify(src/yolox_ros/weights/openvino) by extension 'ignore_ament_install'
[0.374s] Level 1:colcon.colcon_core.package_identification:_identify(src/yolox_ros/weights/openvino) by extensions ['colcon_pkg']
[0.374s] Level 1:colcon.colcon_core.package_identification:_identify(src/yolox_ros/weights/openvino) by extension 'colcon_pkg'
[0.375s] Level 1:colcon.colcon_core.package_identification:_identify(src/yolox_ros/weights/openvino) by extensions ['colcon_meta']
[0.375s] Level 1:colcon.colcon_core.package_identification:_identify(src/yolox_ros/weights/openvino) by extension 'colcon_meta'
[0.375s] Level 1:colcon.colcon_core.package_identification:_identify(src/yolox_ros/weights/openvino) by extensions ['ros']
[0.375s] Level 1:colcon.colcon_core.package_identification:_identify(src/yolox_ros/weights/openvino) by extension 'ros'
[0.375s] Level 1:colcon.colcon_core.package_identification:_identify(src/yolox_ros/weights/openvino) by extensions ['cmake', 'python']
[0.375s] Level 1:colcon.colcon_core.package_identification:_identify(src/yolox_ros/weights/openvino) by extension 'cmake'
[0.375s] Level 1:colcon.colcon_core.package_identification:_identify(src/yolox_ros/weights/openvino) by extension 'python'
[0.375s] Level 1:colcon.colcon_core.package_identification:_identify(src/yolox_ros/weights/openvino) by extensions ['python_setup_py']
[0.375s] Level 1:colcon.colcon_core.package_identification:_identify(src/yolox_ros/weights/openvino) by extension 'python_setup_py'
[0.375s] Level 1:colcon.colcon_core.package_identification:_identify(src/yolox_ros/weights/tensorrt) by extensions ['ignore', 'ignore_ament_install']
[0.375s] Level 1:colcon.colcon_core.package_identification:_identify(src/yolox_ros/weights/tensorrt) by extension 'ignore'
[0.375s] Level 1:colcon.colcon_core.package_identification:_identify(src/yolox_ros/weights/tensorrt) by extension 'ignore_ament_install'
[0.375s] Level 1:colcon.colcon_core.package_identification:_identify(src/yolox_ros/weights/tensorrt) by extensions ['colcon_pkg']
[0.375s] Level 1:colcon.colcon_core.package_identification:_identify(src/yolox_ros/weights/tensorrt) by extension 'colcon_pkg'
[0.375s] Level 1:colcon.colcon_core.package_identification:_identify(src/yolox_ros/weights/tensorrt) by extensions ['colcon_meta']
[0.375s] Level 1:colcon.colcon_core.package_identification:_identify(src/yolox_ros/weights/tensorrt) by extension 'colcon_meta'
[0.376s] Level 1:colcon.colcon_core.package_identification:_identify(src/yolox_ros/weights/tensorrt) by extensions ['ros']
[0.376s] Level 1:colcon.colcon_core.package_identification:_identify(src/yolox_ros/weights/tensorrt) by extension 'ros'
[0.376s] Level 1:colcon.colcon_core.package_identification:_identify(src/yolox_ros/weights/tensorrt) by extensions ['cmake', 'python']
[0.376s] Level 1:colcon.colcon_core.package_identification:_identify(src/yolox_ros/weights/tensorrt) by extension 'cmake'
[0.376s] Level 1:colcon.colcon_core.package_identification:_identify(src/yolox_ros/weights/tensorrt) by extension 'python'
[0.376s] Level 1:colcon.colcon_core.package_identification:_identify(src/yolox_ros/weights/tensorrt) by extensions ['python_setup_py']
[0.376s] Level 1:colcon.colcon_core.package_identification:_identify(src/yolox_ros/weights/tensorrt) by extension 'python_setup_py'
[0.376s] Level 1:colcon.colcon_core.package_identification:_identify(src/yolox_ros/weights/tflite) by extensions ['ignore', 'ignore_ament_install']
[0.376s] Level 1:colcon.colcon_core.package_identification:_identify(src/yolox_ros/weights/tflite) by extension 'ignore'
[0.376s] Level 1:colcon.colcon_core.package_identification:_identify(src/yolox_ros/weights/tflite) by extension 'ignore_ament_install'
[0.376s] Level 1:colcon.colcon_core.package_identification:_identify(src/yolox_ros/weights/tflite) by extensions ['colcon_pkg']
[0.376s] Level 1:colcon.colcon_core.package_identification:_identify(src/yolox_ros/weights/tflite) by extension 'colcon_pkg'
[0.376s] Level 1:colcon.colcon_core.package_identification:_identify(src/yolox_ros/weights/tflite) by extensions ['colcon_meta']
[0.376s] Level 1:colcon.colcon_core.package_identification:_identify(src/yolox_ros/weights/tflite) by extension 'colcon_meta'
[0.376s] Level 1:colcon.colcon_core.package_identification:_identify(src/yolox_ros/weights/tflite) by extensions ['ros']
[0.376s] Level 1:colcon.colcon_core.package_identification:_identify(src/yolox_ros/weights/tflite) by extension 'ros'
[0.376s] Level 1:colcon.colcon_core.package_identification:_identify(src/yolox_ros/weights/tflite) by extensions ['cmake', 'python']
[0.377s] Level 1:colcon.colcon_core.package_identification:_identify(src/yolox_ros/weights/tflite) by extension 'cmake'
[0.377s] Level 1:colcon.colcon_core.package_identification:_identify(src/yolox_ros/weights/tflite) by extension 'python'
[0.377s] Level 1:colcon.colcon_core.package_identification:_identify(src/yolox_ros/weights/tflite) by extensions ['python_setup_py']
[0.377s] Level 1:colcon.colcon_core.package_identification:_identify(src/yolox_ros/weights/tflite) by extension 'python_setup_py'
[0.377s] Level 1:colcon.colcon_core.package_identification:_identify(src/yolox_ros/yolox_ros_cpp) by extensions ['ignore', 'ignore_ament_install']
[0.377s] Level 1:colcon.colcon_core.package_identification:_identify(src/yolox_ros/yolox_ros_cpp) by extension 'ignore'
[0.377s] Level 1:colcon.colcon_core.package_identification:_identify(src/yolox_ros/yolox_ros_cpp) by extension 'ignore_ament_install'
[0.377s] Level 1:colcon.colcon_core.package_identification:_identify(src/yolox_ros/yolox_ros_cpp) by extensions ['colcon_pkg']
[0.377s] Level 1:colcon.colcon_core.package_identification:_identify(src/yolox_ros/yolox_ros_cpp) by extension 'colcon_pkg'
[0.377s] Level 1:colcon.colcon_core.package_identification:_identify(src/yolox_ros/yolox_ros_cpp) by extensions ['colcon_meta']
[0.377s] Level 1:colcon.colcon_core.package_identification:_identify(src/yolox_ros/yolox_ros_cpp) by extension 'colcon_meta'
[0.377s] Level 1:colcon.colcon_core.package_identification:_identify(src/yolox_ros/yolox_ros_cpp) by extensions ['ros']
[0.377s] Level 1:colcon.colcon_core.package_identification:_identify(src/yolox_ros/yolox_ros_cpp) by extension 'ros'
[0.377s] Level 1:colcon.colcon_core.package_identification:_identify(src/yolox_ros/yolox_ros_cpp) by extensions ['cmake', 'python']
[0.377s] Level 1:colcon.colcon_core.package_identification:_identify(src/yolox_ros/yolox_ros_cpp) by extension 'cmake'
[0.377s] Level 1:colcon.colcon_core.package_identification:_identify(src/yolox_ros/yolox_ros_cpp) by extension 'python'
[0.377s] Level 1:colcon.colcon_core.package_identification:_identify(src/yolox_ros/yolox_ros_cpp) by extensions ['python_setup_py']
[0.378s] Level 1:colcon.colcon_core.package_identification:_identify(src/yolox_ros/yolox_ros_cpp) by extension 'python_setup_py'
[0.378s] Level 1:colcon.colcon_core.package_identification:_identify(src/yolox_ros/yolox_ros_cpp/docker) by extensions ['ignore', 'ignore_ament_install']
[0.378s] Level 1:colcon.colcon_core.package_identification:_identify(src/yolox_ros/yolox_ros_cpp/docker) by extension 'ignore'
[0.378s] Level 1:colcon.colcon_core.package_identification:_identify(src/yolox_ros/yolox_ros_cpp/docker) by extension 'ignore_ament_install'
[0.378s] Level 1:colcon.colcon_core.package_identification:_identify(src/yolox_ros/yolox_ros_cpp/docker) by extensions ['colcon_pkg']
[0.378s] Level 1:colcon.colcon_core.package_identification:_identify(src/yolox_ros/yolox_ros_cpp/docker) by extension 'colcon_pkg'
[0.378s] Level 1:colcon.colcon_core.package_identification:_identify(src/yolox_ros/yolox_ros_cpp/docker) by extensions ['colcon_meta']
[0.378s] Level 1:colcon.colcon_core.package_identification:_identify(src/yolox_ros/yolox_ros_cpp/docker) by extension 'colcon_meta'
[0.378s] Level 1:colcon.colcon_core.package_identification:_identify(src/yolox_ros/yolox_ros_cpp/docker) by extensions ['ros']
[0.378s] Level 1:colcon.colcon_core.package_identification:_identify(src/yolox_ros/yolox_ros_cpp/docker) by extension 'ros'
[0.378s] Level 1:colcon.colcon_core.package_identification:_identify(src/yolox_ros/yolox_ros_cpp/docker) by extensions ['cmake', 'python']
[0.378s] Level 1:colcon.colcon_core.package_identification:_identify(src/yolox_ros/yolox_ros_cpp/docker) by extension 'cmake'
[0.378s] Level 1:colcon.colcon_core.package_identification:_identify(src/yolox_ros/yolox_ros_cpp/docker) by extension 'python'
[0.378s] Level 1:colcon.colcon_core.package_identification:_identify(src/yolox_ros/yolox_ros_cpp/docker) by extensions ['python_setup_py']
[0.378s] Level 1:colcon.colcon_core.package_identification:_identify(src/yolox_ros/yolox_ros_cpp/docker) by extension 'python_setup_py'
[0.379s] Level 1:colcon.colcon_core.package_identification:_identify(src/yolox_ros/yolox_ros_cpp/docker/jetson) by extensions ['ignore', 'ignore_ament_install']
[0.379s] Level 1:colcon.colcon_core.package_identification:_identify(src/yolox_ros/yolox_ros_cpp/docker/jetson) by extension 'ignore'
[0.379s] Level 1:colcon.colcon_core.package_identification:_identify(src/yolox_ros/yolox_ros_cpp/docker/jetson) by extension 'ignore_ament_install'
[0.379s] Level 1:colcon.colcon_core.package_identification:_identify(src/yolox_ros/yolox_ros_cpp/docker/jetson) by extensions ['colcon_pkg']
[0.379s] Level 1:colcon.colcon_core.package_identification:_identify(src/yolox_ros/yolox_ros_cpp/docker/jetson) by extension 'colcon_pkg'
[0.379s] Level 1:colcon.colcon_core.package_identification:_identify(src/yolox_ros/yolox_ros_cpp/docker/jetson) by extensions ['colcon_meta']
[0.379s] Level 1:colcon.colcon_core.package_identification:_identify(src/yolox_ros/yolox_ros_cpp/docker/jetson) by extension 'colcon_meta'
[0.379s] Level 1:colcon.colcon_core.package_identification:_identify(src/yolox_ros/yolox_ros_cpp/docker/jetson) by extensions ['ros']
[0.379s] Level 1:colcon.colcon_core.package_identification:_identify(src/yolox_ros/yolox_ros_cpp/docker/jetson) by extension 'ros'
[0.379s] Level 1:colcon.colcon_core.package_identification:_identify(src/yolox_ros/yolox_ros_cpp/docker/jetson) by extensions ['cmake', 'python']
[0.379s] Level 1:colcon.colcon_core.package_identification:_identify(src/yolox_ros/yolox_ros_cpp/docker/jetson) by extension 'cmake'
[0.379s] Level 1:colcon.colcon_core.package_identification:_identify(src/yolox_ros/yolox_ros_cpp/docker/jetson) by extension 'python'
[0.379s] Level 1:colcon.colcon_core.package_identification:_identify(src/yolox_ros/yolox_ros_cpp/docker/jetson) by extensions ['python_setup_py']
[0.379s] Level 1:colcon.colcon_core.package_identification:_identify(src/yolox_ros/yolox_ros_cpp/docker/jetson) by extension 'python_setup_py'
[0.379s] Level 1:colcon.colcon_core.package_identification:_identify(src/yolox_ros/yolox_ros_cpp/docker/onnxruntime) by extensions ['ignore', 'ignore_ament_install']
[0.380s] Level 1:colcon.colcon_core.package_identification:_identify(src/yolox_ros/yolox_ros_cpp/docker/onnxruntime) by extension 'ignore'
[0.380s] Level 1:colcon.colcon_core.package_identification:_identify(src/yolox_ros/yolox_ros_cpp/docker/onnxruntime) by extension 'ignore_ament_install'
[0.380s] Level 1:colcon.colcon_core.package_identification:_identify(src/yolox_ros/yolox_ros_cpp/docker/onnxruntime) by extensions ['colcon_pkg']
[0.380s] Level 1:colcon.colcon_core.package_identification:_identify(src/yolox_ros/yolox_ros_cpp/docker/onnxruntime) by extension 'colcon_pkg'
[0.380s] Level 1:colcon.colcon_core.package_identification:_identify(src/yolox_ros/yolox_ros_cpp/docker/onnxruntime) by extensions ['colcon_meta']
[0.380s] Level 1:colcon.colcon_core.package_identification:_identify(src/yolox_ros/yolox_ros_cpp/docker/onnxruntime) by extension 'colcon_meta'
[0.380s] Level 1:colcon.colcon_core.package_identification:_identify(src/yolox_ros/yolox_ros_cpp/docker/onnxruntime) by extensions ['ros']
[0.380s] Level 1:colcon.colcon_core.package_identification:_identify(src/yolox_ros/yolox_ros_cpp/docker/onnxruntime) by extension 'ros'
[0.380s] Level 1:colcon.colcon_core.package_identification:_identify(src/yolox_ros/yolox_ros_cpp/docker/onnxruntime) by extensions ['cmake', 'python']
[0.380s] Level 1:colcon.colcon_core.package_identification:_identify(src/yolox_ros/yolox_ros_cpp/docker/onnxruntime) by extension 'cmake'
[0.380s] Level 1:colcon.colcon_core.package_identification:_identify(src/yolox_ros/yolox_ros_cpp/docker/onnxruntime) by extension 'python'
[0.380s] Level 1:colcon.colcon_core.package_identification:_identify(src/yolox_ros/yolox_ros_cpp/docker/onnxruntime) by extensions ['python_setup_py']
[0.380s] Level 1:colcon.colcon_core.package_identification:_identify(src/yolox_ros/yolox_ros_cpp/docker/onnxruntime) by extension 'python_setup_py'
[0.380s] Level 1:colcon.colcon_core.package_identification:_identify(src/yolox_ros/yolox_ros_cpp/docker/openvino) by extensions ['ignore', 'ignore_ament_install']
[0.380s] Level 1:colcon.colcon_core.package_identification:_identify(src/yolox_ros/yolox_ros_cpp/docker/openvino) by extension 'ignore'
[0.381s] Level 1:colcon.colcon_core.package_identification:_identify(src/yolox_ros/yolox_ros_cpp/docker/openvino) by extension 'ignore_ament_install'
[0.381s] Level 1:colcon.colcon_core.package_identification:_identify(src/yolox_ros/yolox_ros_cpp/docker/openvino) by extensions ['colcon_pkg']
[0.381s] Level 1:colcon.colcon_core.package_identification:_identify(src/yolox_ros/yolox_ros_cpp/docker/openvino) by extension 'colcon_pkg'
[0.381s] Level 1:colcon.colcon_core.package_identification:_identify(src/yolox_ros/yolox_ros_cpp/docker/openvino) by extensions ['colcon_meta']
[0.381s] Level 1:colcon.colcon_core.package_identification:_identify(src/yolox_ros/yolox_ros_cpp/docker/openvino) by extension 'colcon_meta'
[0.381s] Level 1:colcon.colcon_core.package_identification:_identify(src/yolox_ros/yolox_ros_cpp/docker/openvino) by extensions ['ros']
[0.381s] Level 1:colcon.colcon_core.package_identification:_identify(src/yolox_ros/yolox_ros_cpp/docker/openvino) by extension 'ros'
[0.381s] Level 1:colcon.colcon_core.package_identification:_identify(src/yolox_ros/yolox_ros_cpp/docker/openvino) by extensions ['cmake', 'python']
[0.381s] Level 1:colcon.colcon_core.package_identification:_identify(src/yolox_ros/yolox_ros_cpp/docker/openvino) by extension 'cmake'
[0.381s] Level 1:colcon.colcon_core.package_identification:_identify(src/yolox_ros/yolox_ros_cpp/docker/openvino) by extension 'python'
[0.381s] Level 1:colcon.colcon_core.package_identification:_identify(src/yolox_ros/yolox_ros_cpp/docker/openvino) by extensions ['python_setup_py']
[0.381s] Level 1:colcon.colcon_core.package_identification:_identify(src/yolox_ros/yolox_ros_cpp/docker/openvino) by extension 'python_setup_py'
[0.381s] Level 1:colcon.colcon_core.package_identification:_identify(src/yolox_ros/yolox_ros_cpp/docker/tensorrt) by extensions ['ignore', 'ignore_ament_install']
[0.381s] Level 1:colcon.colcon_core.package_identification:_identify(src/yolox_ros/yolox_ros_cpp/docker/tensorrt) by extension 'ignore'
[0.381s] Level 1:colcon.colcon_core.package_identification:_identify(src/yolox_ros/yolox_ros_cpp/docker/tensorrt) by extension 'ignore_ament_install'
[0.381s] Level 1:colcon.colcon_core.package_identification:_identify(src/yolox_ros/yolox_ros_cpp/docker/tensorrt) by extensions ['colcon_pkg']
[0.381s] Level 1:colcon.colcon_core.package_identification:_identify(src/yolox_ros/yolox_ros_cpp/docker/tensorrt) by extension 'colcon_pkg'
[0.382s] Level 1:colcon.colcon_core.package_identification:_identify(src/yolox_ros/yolox_ros_cpp/docker/tensorrt) by extensions ['colcon_meta']
[0.382s] Level 1:colcon.colcon_core.package_identification:_identify(src/yolox_ros/yolox_ros_cpp/docker/tensorrt) by extension 'colcon_meta'
[0.382s] Level 1:colcon.colcon_core.package_identification:_identify(src/yolox_ros/yolox_ros_cpp/docker/tensorrt) by extensions ['ros']
[0.382s] Level 1:colcon.colcon_core.package_identification:_identify(src/yolox_ros/yolox_ros_cpp/docker/tensorrt) by extension 'ros'
[0.382s] Level 1:colcon.colcon_core.package_identification:_identify(src/yolox_ros/yolox_ros_cpp/docker/tensorrt) by extensions ['cmake', 'python']
[0.382s] Level 1:colcon.colcon_core.package_identification:_identify(src/yolox_ros/yolox_ros_cpp/docker/tensorrt) by extension 'cmake'
[0.382s] Level 1:colcon.colcon_core.package_identification:_identify(src/yolox_ros/yolox_ros_cpp/docker/tensorrt) by extension 'python'
[0.382s] Level 1:colcon.colcon_core.package_identification:_identify(src/yolox_ros/yolox_ros_cpp/docker/tensorrt) by extensions ['python_setup_py']
[0.382s] Level 1:colcon.colcon_core.package_identification:_identify(src/yolox_ros/yolox_ros_cpp/docker/tensorrt) by extension 'python_setup_py'
[0.382s] Level 1:colcon.colcon_core.package_identification:_identify(src/yolox_ros/yolox_ros_cpp/yolox_cpp) by extensions ['ignore', 'ignore_ament_install']
[0.382s] Level 1:colcon.colcon_core.package_identification:_identify(src/yolox_ros/yolox_ros_cpp/yolox_cpp) by extension 'ignore'
[0.382s] Level 1:colcon.colcon_core.package_identification:_identify(src/yolox_ros/yolox_ros_cpp/yolox_cpp) by extension 'ignore_ament_install'
[0.382s] Level 1:colcon.colcon_core.package_identification:_identify(src/yolox_ros/yolox_ros_cpp/yolox_cpp) by extensions ['colcon_pkg']
[0.382s] Level 1:colcon.colcon_core.package_identification:_identify(src/yolox_ros/yolox_ros_cpp/yolox_cpp) by extension 'colcon_pkg'
[0.382s] Level 1:colcon.colcon_core.package_identification:_identify(src/yolox_ros/yolox_ros_cpp/yolox_cpp) by extensions ['colcon_meta']
[0.382s] Level 1:colcon.colcon_core.package_identification:_identify(src/yolox_ros/yolox_ros_cpp/yolox_cpp) by extension 'colcon_meta'
[0.383s] Level 1:colcon.colcon_core.package_identification:_identify(src/yolox_ros/yolox_ros_cpp/yolox_cpp) by extensions ['ros']
[0.383s] Level 1:colcon.colcon_core.package_identification:_identify(src/yolox_ros/yolox_ros_cpp/yolox_cpp) by extension 'ros'
[0.383s] DEBUG:colcon.colcon_core.package_identification:Package 'src/yolox_ros/yolox_ros_cpp/yolox_cpp' with type 'ros.ament_cmake' and name 'yolox_cpp'
[0.383s] Level 1:colcon.colcon_core.package_identification:_identify(src/yolox_ros/yolox_ros_cpp/yolox_param) by extensions ['ignore', 'ignore_ament_install']
[0.383s] Level 1:colcon.colcon_core.package_identification:_identify(src/yolox_ros/yolox_ros_cpp/yolox_param) by extension 'ignore'
[0.383s] Level 1:colcon.colcon_core.package_identification:_identify(src/yolox_ros/yolox_ros_cpp/yolox_param) by extension 'ignore_ament_install'
[0.384s] Level 1:colcon.colcon_core.package_identification:_identify(src/yolox_ros/yolox_ros_cpp/yolox_param) by extensions ['colcon_pkg']
[0.384s] Level 1:colcon.colcon_core.package_identification:_identify(src/yolox_ros/yolox_ros_cpp/yolox_param) by extension 'colcon_pkg'
[0.384s] Level 1:colcon.colcon_core.package_identification:_identify(src/yolox_ros/yolox_ros_cpp/yolox_param) by extensions ['colcon_meta']
[0.384s] Level 1:colcon.colcon_core.package_identification:_identify(src/yolox_ros/yolox_ros_cpp/yolox_param) by extension 'colcon_meta'
[0.384s] Level 1:colcon.colcon_core.package_identification:_identify(src/yolox_ros/yolox_ros_cpp/yolox_param) by extensions ['ros']
[0.384s] Level 1:colcon.colcon_core.package_identification:_identify(src/yolox_ros/yolox_ros_cpp/yolox_param) by extension 'ros'
[0.384s] DEBUG:colcon.colcon_core.package_identification:Package 'src/yolox_ros/yolox_ros_cpp/yolox_param' with type 'ros.ament_cmake' and name 'yolox_param'
[0.385s] Level 1:colcon.colcon_core.package_identification:_identify(src/yolox_ros/yolox_ros_cpp/yolox_ros_cpp) by extensions ['ignore', 'ignore_ament_install']
[0.385s] Level 1:colcon.colcon_core.package_identification:_identify(src/yolox_ros/yolox_ros_cpp/yolox_ros_cpp) by extension 'ignore'
[0.385s] Level 1:colcon.colcon_core.package_identification:_identify(src/yolox_ros/yolox_ros_cpp/yolox_ros_cpp) by extension 'ignore_ament_install'
[0.385s] Level 1:colcon.colcon_core.package_identification:_identify(src/yolox_ros/yolox_ros_cpp/yolox_ros_cpp) by extensions ['colcon_pkg']
[0.385s] Level 1:colcon.colcon_core.package_identification:_identify(src/yolox_ros/yolox_ros_cpp/yolox_ros_cpp) by extension 'colcon_pkg'
[0.385s] Level 1:colcon.colcon_core.package_identification:_identify(src/yolox_ros/yolox_ros_cpp/yolox_ros_cpp) by extensions ['colcon_meta']
[0.385s] Level 1:colcon.colcon_core.package_identification:_identify(src/yolox_ros/yolox_ros_cpp/yolox_ros_cpp) by extension 'colcon_meta'
[0.385s] Level 1:colcon.colcon_core.package_identification:_identify(src/yolox_ros/yolox_ros_cpp/yolox_ros_cpp) by extensions ['ros']
[0.385s] Level 1:colcon.colcon_core.package_identification:_identify(src/yolox_ros/yolox_ros_cpp/yolox_ros_cpp) by extension 'ros'
[0.386s] DEBUG:colcon.colcon_core.package_identification:Package 'src/yolox_ros/yolox_ros_cpp/yolox_ros_cpp' with type 'ros.ament_cmake' and name 'yolox_ros_cpp'
[0.386s] Level 1:colcon.colcon_core.package_identification:_identify(src/yolox_ros/yolox_ros_py) by extensions ['ignore', 'ignore_ament_install']
[0.387s] Level 1:colcon.colcon_core.package_identification:_identify(src/yolox_ros/yolox_ros_py) by extension 'ignore'
[0.387s] Level 1:colcon.colcon_core.package_identification:_identify(src/yolox_ros/yolox_ros_py) by extension 'ignore_ament_install'
[0.387s] Level 1:colcon.colcon_core.package_identification:_identify(src/yolox_ros/yolox_ros_py) by extensions ['colcon_pkg']
[0.387s] Level 1:colcon.colcon_core.package_identification:_identify(src/yolox_ros/yolox_ros_py) by extension 'colcon_pkg'
[0.387s] Level 1:colcon.colcon_core.package_identification:_identify(src/yolox_ros/yolox_ros_py) by extensions ['colcon_meta']
[0.387s] Level 1:colcon.colcon_core.package_identification:_identify(src/yolox_ros/yolox_ros_py) by extension 'colcon_meta'
[0.387s] Level 1:colcon.colcon_core.package_identification:_identify(src/yolox_ros/yolox_ros_py) by extensions ['ros']
[0.387s] Level 1:colcon.colcon_core.package_identification:_identify(src/yolox_ros/yolox_ros_py) by extension 'ros'
[0.387s] Level 1:colcon.colcon_core.package_identification:_identify(src/yolox_ros/yolox_ros_py) by extensions ['cmake', 'python']
[0.387s] Level 1:colcon.colcon_core.package_identification:_identify(src/yolox_ros/yolox_ros_py) by extension 'cmake'
[0.387s] Level 1:colcon.colcon_core.package_identification:_identify(src/yolox_ros/yolox_ros_py) by extension 'python'
[0.387s] Level 1:colcon.colcon_core.package_identification:_identify(src/yolox_ros/yolox_ros_py) by extensions ['python_setup_py']
[0.387s] Level 1:colcon.colcon_core.package_identification:_identify(src/yolox_ros/yolox_ros_py) by extension 'python_setup_py'
[0.387s] Level 1:colcon.colcon_core.package_identification:_identify(src/yolox_ros/yolox_ros_py/exps) by extensions ['ignore', 'ignore_ament_install']
[0.387s] Level 1:colcon.colcon_core.package_identification:_identify(src/yolox_ros/yolox_ros_py/exps) by extension 'ignore'
[0.388s] Level 1:colcon.colcon_core.package_identification:_identify(src/yolox_ros/yolox_ros_py/exps) by extension 'ignore_ament_install'
[0.388s] Level 1:colcon.colcon_core.package_identification:_identify(src/yolox_ros/yolox_ros_py/exps) by extensions ['colcon_pkg']
[0.388s] Level 1:colcon.colcon_core.package_identification:_identify(src/yolox_ros/yolox_ros_py/exps) by extension 'colcon_pkg'
[0.388s] Level 1:colcon.colcon_core.package_identification:_identify(src/yolox_ros/yolox_ros_py/exps) by extensions ['colcon_meta']
[0.388s] Level 1:colcon.colcon_core.package_identification:_identify(src/yolox_ros/yolox_ros_py/exps) by extension 'colcon_meta'
[0.388s] Level 1:colcon.colcon_core.package_identification:_identify(src/yolox_ros/yolox_ros_py/exps) by extensions ['ros']
[0.388s] Level 1:colcon.colcon_core.package_identification:_identify(src/yolox_ros/yolox_ros_py/exps) by extension 'ros'
[0.388s] Level 1:colcon.colcon_core.package_identification:_identify(src/yolox_ros/yolox_ros_py/exps) by extensions ['cmake', 'python']
[0.388s] Level 1:colcon.colcon_core.package_identification:_identify(src/yolox_ros/yolox_ros_py/exps) by extension 'cmake'
[0.388s] Level 1:colcon.colcon_core.package_identification:_identify(src/yolox_ros/yolox_ros_py/exps) by extension 'python'
[0.388s] Level 1:colcon.colcon_core.package_identification:_identify(src/yolox_ros/yolox_ros_py/exps) by extensions ['python_setup_py']
[0.388s] Level 1:colcon.colcon_core.package_identification:_identify(src/yolox_ros/yolox_ros_py/exps) by extension 'python_setup_py'
[0.388s] Level 1:colcon.colcon_core.package_identification:_identify(src/yolox_ros/yolox_ros_py/launch) by extensions ['ignore', 'ignore_ament_install']
[0.388s] Level 1:colcon.colcon_core.package_identification:_identify(src/yolox_ros/yolox_ros_py/launch) by extension 'ignore'
[0.388s] Level 1:colcon.colcon_core.package_identification:_identify(src/yolox_ros/yolox_ros_py/launch) by extension 'ignore_ament_install'
[0.389s] Level 1:colcon.colcon_core.package_identification:_identify(src/yolox_ros/yolox_ros_py/launch) by extensions ['colcon_pkg']
[0.389s] Level 1:colcon.colcon_core.package_identification:_identify(src/yolox_ros/yolox_ros_py/launch) by extension 'colcon_pkg'
[0.389s] Level 1:colcon.colcon_core.package_identification:_identify(src/yolox_ros/yolox_ros_py/launch) by extensions ['colcon_meta']
[0.389s] Level 1:colcon.colcon_core.package_identification:_identify(src/yolox_ros/yolox_ros_py/launch) by extension 'colcon_meta'
[0.389s] Level 1:colcon.colcon_core.package_identification:_identify(src/yolox_ros/yolox_ros_py/launch) by extensions ['ros']
[0.389s] Level 1:colcon.colcon_core.package_identification:_identify(src/yolox_ros/yolox_ros_py/launch) by extension 'ros'
[0.389s] Level 1:colcon.colcon_core.package_identification:_identify(src/yolox_ros/yolox_ros_py/launch) by extensions ['cmake', 'python']
[0.389s] Level 1:colcon.colcon_core.package_identification:_identify(src/yolox_ros/yolox_ros_py/launch) by extension 'cmake'
[0.389s] Level 1:colcon.colcon_core.package_identification:_identify(src/yolox_ros/yolox_ros_py/launch) by extension 'python'
[0.389s] Level 1:colcon.colcon_core.package_identification:_identify(src/yolox_ros/yolox_ros_py/launch) by extensions ['python_setup_py']
[0.389s] Level 1:colcon.colcon_core.package_identification:_identify(src/yolox_ros/yolox_ros_py/launch) by extension 'python_setup_py'
[0.389s] Level 1:colcon.colcon_core.package_identification:_identify(src/yolox_ros/yolox_ros_py/resource) by extensions ['ignore', 'ignore_ament_install']
[0.389s] Level 1:colcon.colcon_core.package_identification:_identify(src/yolox_ros/yolox_ros_py/resource) by extension 'ignore'
[0.389s] Level 1:colcon.colcon_core.package_identification:_identify(src/yolox_ros/yolox_ros_py/resource) by extension 'ignore_ament_install'
[0.389s] Level 1:colcon.colcon_core.package_identification:_identify(src/yolox_ros/yolox_ros_py/resource) by extensions ['colcon_pkg']
[0.389s] Level 1:colcon.colcon_core.package_identification:_identify(src/yolox_ros/yolox_ros_py/resource) by extension 'colcon_pkg'
[0.390s] Level 1:colcon.colcon_core.package_identification:_identify(src/yolox_ros/yolox_ros_py/resource) by extensions ['colcon_meta']
[0.390s] Level 1:colcon.colcon_core.package_identification:_identify(src/yolox_ros/yolox_ros_py/resource) by extension 'colcon_meta'
[0.390s] Level 1:colcon.colcon_core.package_identification:_identify(src/yolox_ros/yolox_ros_py/resource) by extensions ['ros']
[0.390s] Level 1:colcon.colcon_core.package_identification:_identify(src/yolox_ros/yolox_ros_py/resource) by extension 'ros'
[0.390s] Level 1:colcon.colcon_core.package_identification:_identify(src/yolox_ros/yolox_ros_py/resource) by extensions ['cmake', 'python']
[0.390s] Level 1:colcon.colcon_core.package_identification:_identify(src/yolox_ros/yolox_ros_py/resource) by extension 'cmake'
[0.390s] Level 1:colcon.colcon_core.package_identification:_identify(src/yolox_ros/yolox_ros_py/resource) by extension 'python'
[0.390s] Level 1:colcon.colcon_core.package_identification:_identify(src/yolox_ros/yolox_ros_py/resource) by extensions ['python_setup_py']
[0.390s] Level 1:colcon.colcon_core.package_identification:_identify(src/yolox_ros/yolox_ros_py/resource) by extension 'python_setup_py'
[0.390s] Level 1:colcon.colcon_core.package_identification:_identify(src/yolox_ros/yolox_ros_py/yolox_ros_py) by extensions ['ignore', 'ignore_ament_install']
[0.390s] Level 1:colcon.colcon_core.package_identification:_identify(src/yolox_ros/yolox_ros_py/yolox_ros_py) by extension 'ignore'
[0.390s] Level 1:colcon.colcon_core.package_identification:_identify(src/yolox_ros/yolox_ros_py/yolox_ros_py) by extension 'ignore_ament_install'
[0.390s] Level 1:colcon.colcon_core.package_identification:_identify(src/yolox_ros/yolox_ros_py/yolox_ros_py) by extensions ['colcon_pkg']
[0.390s] Level 1:colcon.colcon_core.package_identification:_identify(src/yolox_ros/yolox_ros_py/yolox_ros_py) by extension 'colcon_pkg'
[0.390s] Level 1:colcon.colcon_core.package_identification:_identify(src/yolox_ros/yolox_ros_py/yolox_ros_py) by extensions ['colcon_meta']
[0.390s] Level 1:colcon.colcon_core.package_identification:_identify(src/yolox_ros/yolox_ros_py/yolox_ros_py) by extension 'colcon_meta'
[0.391s] Level 1:colcon.colcon_core.package_identification:_identify(src/yolox_ros/yolox_ros_py/yolox_ros_py) by extensions ['ros']
[0.391s] Level 1:colcon.colcon_core.package_identification:_identify(src/yolox_ros/yolox_ros_py/yolox_ros_py) by extension 'ros'
[0.391s] Level 1:colcon.colcon_core.package_identification:_identify(src/yolox_ros/yolox_ros_py/yolox_ros_py) by extensions ['cmake', 'python']
[0.391s] Level 1:colcon.colcon_core.package_identification:_identify(src/yolox_ros/yolox_ros_py/yolox_ros_py) by extension 'cmake'
[0.391s] Level 1:colcon.colcon_core.package_identification:_identify(src/yolox_ros/yolox_ros_py/yolox_ros_py) by extension 'python'
[0.391s] Level 1:colcon.colcon_core.package_identification:_identify(src/yolox_ros/yolox_ros_py/yolox_ros_py) by extensions ['python_setup_py']
[0.391s] Level 1:colcon.colcon_core.package_identification:_identify(src/yolox_ros/yolox_ros_py/yolox_ros_py) by extension 'python_setup_py'
[0.391s] Level 1:colcon.colcon_core.package_identification:_identify(src/yolox_ros/yolox_ros_py/yolox_ros_py/module_tflite) by extensions ['ignore', 'ignore_ament_install']
[0.391s] Level 1:colcon.colcon_core.package_identification:_identify(src/yolox_ros/yolox_ros_py/yolox_ros_py/module_tflite) by extension 'ignore'
[0.391s] Level 1:colcon.colcon_core.package_identification:_identify(src/yolox_ros/yolox_ros_py/yolox_ros_py/module_tflite) by extension 'ignore_ament_install'
[0.391s] Level 1:colcon.colcon_core.package_identification:_identify(src/yolox_ros/yolox_ros_py/yolox_ros_py/module_tflite) by extensions ['colcon_pkg']
[0.391s] Level 1:colcon.colcon_core.package_identification:_identify(src/yolox_ros/yolox_ros_py/yolox_ros_py/module_tflite) by extension 'colcon_pkg'
[0.391s] Level 1:colcon.colcon_core.package_identification:_identify(src/yolox_ros/yolox_ros_py/yolox_ros_py/module_tflite) by extensions ['colcon_meta']
[0.391s] Level 1:colcon.colcon_core.package_identification:_identify(src/yolox_ros/yolox_ros_py/yolox_ros_py/module_tflite) by extension 'colcon_meta'
[0.391s] Level 1:colcon.colcon_core.package_identification:_identify(src/yolox_ros/yolox_ros_py/yolox_ros_py/module_tflite) by extensions ['ros']
[0.391s] Level 1:colcon.colcon_core.package_identification:_identify(src/yolox_ros/yolox_ros_py/yolox_ros_py/module_tflite) by extension 'ros'
[0.392s] Level 1:colcon.colcon_core.package_identification:_identify(src/yolox_ros/yolox_ros_py/yolox_ros_py/module_tflite) by extensions ['cmake', 'python']
[0.392s] Level 1:colcon.colcon_core.package_identification:_identify(src/yolox_ros/yolox_ros_py/yolox_ros_py/module_tflite) by extension 'cmake'
[0.392s] Level 1:colcon.colcon_core.package_identification:_identify(src/yolox_ros/yolox_ros_py/yolox_ros_py/module_tflite) by extension 'python'
[0.392s] Level 1:colcon.colcon_core.package_identification:_identify(src/yolox_ros/yolox_ros_py/yolox_ros_py/module_tflite) by extensions ['python_setup_py']
[0.392s] Level 1:colcon.colcon_core.package_identification:_identify(src/yolox_ros/yolox_ros_py/yolox_ros_py/module_tflite) by extension 'python_setup_py'
[0.392s] Level 1:colcon.colcon_core.package_identification:_identify(src/yolox_ros/yolox_ros_py/yolox_ros_py/yolox_ros_py_utils) by extensions ['ignore', 'ignore_ament_install']
[0.392s] Level 1:colcon.colcon_core.package_identification:_identify(src/yolox_ros/yolox_ros_py/yolox_ros_py/yolox_ros_py_utils) by extension 'ignore'
[0.392s] Level 1:colcon.colcon_core.package_identification:_identify(src/yolox_ros/yolox_ros_py/yolox_ros_py/yolox_ros_py_utils) by extension 'ignore_ament_install'
[0.392s] Level 1:colcon.colcon_core.package_identification:_identify(src/yolox_ros/yolox_ros_py/yolox_ros_py/yolox_ros_py_utils) by extensions ['colcon_pkg']
[0.392s] Level 1:colcon.colcon_core.package_identification:_identify(src/yolox_ros/yolox_ros_py/yolox_ros_py/yolox_ros_py_utils) by extension 'colcon_pkg'
[0.392s] Level 1:colcon.colcon_core.package_identification:_identify(src/yolox_ros/yolox_ros_py/yolox_ros_py/yolox_ros_py_utils) by extensions ['colcon_meta']
[0.392s] Level 1:colcon.colcon_core.package_identification:_identify(src/yolox_ros/yolox_ros_py/yolox_ros_py/yolox_ros_py_utils) by extension 'colcon_meta'
[0.392s] Level 1:colcon.colcon_core.package_identification:_identify(src/yolox_ros/yolox_ros_py/yolox_ros_py/yolox_ros_py_utils) by extensions ['ros']
[0.392s] Level 1:colcon.colcon_core.package_identification:_identify(src/yolox_ros/yolox_ros_py/yolox_ros_py/yolox_ros_py_utils) by extension 'ros'
[0.392s] Level 1:colcon.colcon_core.package_identification:_identify(src/yolox_ros/yolox_ros_py/yolox_ros_py/yolox_ros_py_utils) by extensions ['cmake', 'python']
[0.393s] Level 1:colcon.colcon_core.package_identification:_identify(src/yolox_ros/yolox_ros_py/yolox_ros_py/yolox_ros_py_utils) by extension 'cmake'
[0.393s] Level 1:colcon.colcon_core.package_identification:_identify(src/yolox_ros/yolox_ros_py/yolox_ros_py/yolox_ros_py_utils) by extension 'python'
[0.393s] Level 1:colcon.colcon_core.package_identification:_identify(src/yolox_ros/yolox_ros_py/yolox_ros_py/yolox_ros_py_utils) by extensions ['python_setup_py']
[0.393s] Level 1:colcon.colcon_core.package_identification:_identify(src/yolox_ros/yolox_ros_py/yolox_ros_py/yolox_ros_py_utils) by extension 'python_setup_py'
[0.393s] Level 1:colcon.colcon_core.package_discovery:discover_packages(recursive) using defaults
[0.393s] Level 1:colcon.colcon_core.package_discovery:discover_packages(ignore) discover
[0.393s] Level 1:colcon.colcon_core.package_discovery:discover_packages(ignore) using defaults
[0.393s] Level 1:colcon.colcon_core.package_discovery:discover_packages(path) discover
[0.393s] Level 1:colcon.colcon_core.package_discovery:discover_packages(path) using defaults
[0.418s] Level 1:colcon.colcon_core.package_discovery:discover_packages(prefix_path) check parameters
[0.418s] Level 1:colcon.colcon_core.package_discovery:discover_packages(prefix_path) discover
[0.420s] DEBUG:colcon.colcon_installed_package_information.package_discovery:Found 4 installed packages in /home/kiro04/robot_ws/ros2_ws/install
[0.422s] DEBUG:colcon.colcon_installed_package_information.package_discovery:Found 360 installed packages in /opt/ros/humble
[0.424s] Level 1:colcon.colcon_core.package_discovery:discover_packages(prefix_path) using defaults
[0.486s] Level 5:colcon.colcon_core.verb:set package 'arduino_tutorial' build argument 'cmake_args' from command line to 'None'
[0.486s] Level 5:colcon.colcon_core.verb:set package 'arduino_tutorial' build argument 'cmake_target' from command line to 'None'
[0.486s] Level 5:colcon.colcon_core.verb:set package 'arduino_tutorial' build argument 'cmake_target_skip_unavailable' from command line to 'False'
[0.486s] Level 5:colcon.colcon_core.verb:set package 'arduino_tutorial' build argument 'cmake_clean_cache' from command line to 'False'
[0.486s] Level 5:colcon.colcon_core.verb:set package 'arduino_tutorial' build argument 'cmake_clean_first' from command line to 'False'
[0.486s] Level 5:colcon.colcon_core.verb:set package 'arduino_tutorial' build argument 'cmake_force_configure' from command line to 'False'
[0.486s] Level 5:colcon.colcon_core.verb:set package 'arduino_tutorial' build argument 'ament_cmake_args' from command line to 'None'
[0.486s] Level 5:colcon.colcon_core.verb:set package 'arduino_tutorial' build argument 'catkin_cmake_args' from command line to 'None'
[0.486s] Level 5:colcon.colcon_core.verb:set package 'arduino_tutorial' build argument 'catkin_skip_building_tests' from command line to 'False'
[0.486s] DEBUG:colcon.colcon_core.verb:Building package 'arduino_tutorial' with the following arguments: {'ament_cmake_args': None, 'build_base': '/home/kiro04/robot_ws/ros2_ws/build/arduino_tutorial', 'catkin_cmake_args': None, 'catkin_skip_building_tests': False, 'cmake_args': None, 'cmake_clean_cache': False, 'cmake_clean_first': False, 'cmake_force_configure': False, 'cmake_target': None, 'cmake_target_skip_unavailable': False, 'install_base': '/home/kiro04/robot_ws/ros2_ws/install/arduino_tutorial', 'merge_install': False, 'path': '/home/kiro04/robot_ws/ros2_ws/src/arduino_tutorial', 'symlink_install': True, 'test_result_base': None}
[0.487s] Level 5:colcon.colcon_core.verb:set package 'bboxes_ex_msgs' build argument 'cmake_args' from command line to 'None'
[0.487s] Level 5:colcon.colcon_core.verb:set package 'bboxes_ex_msgs' build argument 'cmake_target' from command line to 'None'
[0.487s] Level 5:colcon.colcon_core.verb:set package 'bboxes_ex_msgs' build argument 'cmake_target_skip_unavailable' from command line to 'False'
[0.487s] Level 5:colcon.colcon_core.verb:set package 'bboxes_ex_msgs' build argument 'cmake_clean_cache' from command line to 'False'
[0.487s] Level 5:colcon.colcon_core.verb:set package 'bboxes_ex_msgs' build argument 'cmake_clean_first' from command line to 'False'
[0.487s] Level 5:colcon.colcon_core.verb:set package 'bboxes_ex_msgs' build argument 'cmake_force_configure' from command line to 'False'
[0.487s] Level 5:colcon.colcon_core.verb:set package 'bboxes_ex_msgs' build argument 'ament_cmake_args' from command line to 'None'
[0.487s] Level 5:colcon.colcon_core.verb:set package 'bboxes_ex_msgs' build argument 'catkin_cmake_args' from command line to 'None'
[0.487s] Level 5:colcon.colcon_core.verb:set package 'bboxes_ex_msgs' build argument 'catkin_skip_building_tests' from command line to 'False'
[0.487s] DEBUG:colcon.colcon_core.verb:Building package 'bboxes_ex_msgs' with the following arguments: {'ament_cmake_args': None, 'build_base': '/home/kiro04/robot_ws/ros2_ws/build/bboxes_ex_msgs', 'catkin_cmake_args': None, 'catkin_skip_building_tests': False, 'cmake_args': None, 'cmake_clean_cache': False, 'cmake_clean_first': False, 'cmake_force_configure': False, 'cmake_target': None, 'cmake_target_skip_unavailable': False, 'install_base': '/home/kiro04/robot_ws/ros2_ws/install/bboxes_ex_msgs', 'merge_install': False, 'path': '/home/kiro04/robot_ws/ros2_ws/src/yolox_ros/bbox_ex_msgs', 'symlink_install': True, 'test_result_base': None}
[0.488s] Level 5:colcon.colcon_core.verb:set package 'my_first_package' build argument 'cmake_args' from command line to 'None'
[0.488s] Level 5:colcon.colcon_core.verb:set package 'my_first_package' build argument 'cmake_target' from command line to 'None'
[0.488s] Level 5:colcon.colcon_core.verb:set package 'my_first_package' build argument 'cmake_target_skip_unavailable' from command line to 'False'
[0.488s] Level 5:colcon.colcon_core.verb:set package 'my_first_package' build argument 'cmake_clean_cache' from command line to 'False'
[0.488s] Level 5:colcon.colcon_core.verb:set package 'my_first_package' build argument 'cmake_clean_first' from command line to 'False'
[0.488s] Level 5:colcon.colcon_core.verb:set package 'my_first_package' build argument 'cmake_force_configure' from command line to 'False'
[0.488s] Level 5:colcon.colcon_core.verb:set package 'my_first_package' build argument 'ament_cmake_args' from command line to 'None'
[0.489s] Level 5:colcon.colcon_core.verb:set package 'my_first_package' build argument 'catkin_cmake_args' from command line to 'None'
[0.489s] Level 5:colcon.colcon_core.verb:set package 'my_first_package' build argument 'catkin_skip_building_tests' from command line to 'False'
[0.489s] DEBUG:colcon.colcon_core.verb:Building package 'my_first_package' with the following arguments: {'ament_cmake_args': None, 'build_base': '/home/kiro04/robot_ws/ros2_ws/build/my_first_package', 'catkin_cmake_args': None, 'catkin_skip_building_tests': False, 'cmake_args': None, 'cmake_clean_cache': False, 'cmake_clean_first': False, 'cmake_force_configure': False, 'cmake_target': None, 'cmake_target_skip_unavailable': False, 'install_base': '/home/kiro04/robot_ws/ros2_ws/install/my_first_package', 'merge_install': False, 'path': '/home/kiro04/robot_ws/ros2_ws/src/my_first_package', 'symlink_install': True, 'test_result_base': None}
[0.489s] Level 5:colcon.colcon_core.verb:set package 'my_first_package_msgs' build argument 'cmake_args' from command line to 'None'
[0.490s] Level 5:colcon.colcon_core.verb:set package 'my_first_package_msgs' build argument 'cmake_target' from command line to 'None'
[0.490s] Level 5:colcon.colcon_core.verb:set package 'my_first_package_msgs' build argument 'cmake_target_skip_unavailable' from command line to 'False'
[0.490s] Level 5:colcon.colcon_core.verb:set package 'my_first_package_msgs' build argument 'cmake_clean_cache' from command line to 'False'
[0.490s] Level 5:colcon.colcon_core.verb:set package 'my_first_package_msgs' build argument 'cmake_clean_first' from command line to 'False'
[0.490s] Level 5:colcon.colcon_core.verb:set package 'my_first_package_msgs' build argument 'cmake_force_configure' from command line to 'False'
[0.490s] Level 5:colcon.colcon_core.verb:set package 'my_first_package_msgs' build argument 'ament_cmake_args' from command line to 'None'
[0.490s] Level 5:colcon.colcon_core.verb:set package 'my_first_package_msgs' build argument 'catkin_cmake_args' from command line to 'None'
[0.490s] Level 5:colcon.colcon_core.verb:set package 'my_first_package_msgs' build argument 'catkin_skip_building_tests' from command line to 'False'
[0.490s] DEBUG:colcon.colcon_core.verb:Building package 'my_first_package_msgs' with the following arguments: {'ament_cmake_args': None, 'build_base': '/home/kiro04/robot_ws/ros2_ws/build/my_first_package_msgs', 'catkin_cmake_args': None, 'catkin_skip_building_tests': False, 'cmake_args': None, 'cmake_clean_cache': False, 'cmake_clean_first': False, 'cmake_force_configure': False, 'cmake_target': None, 'cmake_target_skip_unavailable': False, 'install_base': '/home/kiro04/robot_ws/ros2_ws/install/my_first_package_msgs', 'merge_install': False, 'path': '/home/kiro04/robot_ws/ros2_ws/src/my_first_package_msgs', 'symlink_install': True, 'test_result_base': None}
[0.491s] Level 5:colcon.colcon_core.verb:set package 'yolox_cpp' build argument 'cmake_args' from command line to 'None'
[0.491s] Level 5:colcon.colcon_core.verb:set package 'yolox_cpp' build argument 'cmake_target' from command line to 'None'
[0.491s] Level 5:colcon.colcon_core.verb:set package 'yolox_cpp' build argument 'cmake_target_skip_unavailable' from command line to 'False'
[0.491s] Level 5:colcon.colcon_core.verb:set package 'yolox_cpp' build argument 'cmake_clean_cache' from command line to 'False'
[0.491s] Level 5:colcon.colcon_core.verb:set package 'yolox_cpp' build argument 'cmake_clean_first' from command line to 'False'
[0.491s] Level 5:colcon.colcon_core.verb:set package 'yolox_cpp' build argument 'cmake_force_configure' from command line to 'False'
[0.491s] Level 5:colcon.colcon_core.verb:set package 'yolox_cpp' build argument 'ament_cmake_args' from command line to 'None'
[0.491s] Level 5:colcon.colcon_core.verb:set package 'yolox_cpp' build argument 'catkin_cmake_args' from command line to 'None'
[0.491s] Level 5:colcon.colcon_core.verb:set package 'yolox_cpp' build argument 'catkin_skip_building_tests' from command line to 'False'
[0.491s] DEBUG:colcon.colcon_core.verb:Building package 'yolox_cpp' with the following arguments: {'ament_cmake_args': None, 'build_base': '/home/kiro04/robot_ws/ros2_ws/build/yolox_cpp', 'catkin_cmake_args': None, 'catkin_skip_building_tests': False, 'cmake_args': None, 'cmake_clean_cache': False, 'cmake_clean_first': False, 'cmake_force_configure': False, 'cmake_target': None, 'cmake_target_skip_unavailable': False, 'install_base': '/home/kiro04/robot_ws/ros2_ws/install/yolox_cpp', 'merge_install': False, 'path': '/home/kiro04/robot_ws/ros2_ws/src/yolox_ros/yolox_ros_cpp/yolox_cpp', 'symlink_install': True, 'test_result_base': None}
[0.492s] Level 5:colcon.colcon_core.verb:set package 'yolox_param' build argument 'cmake_args' from command line to 'None'
[0.492s] Level 5:colcon.colcon_core.verb:set package 'yolox_param' build argument 'cmake_target' from command line to 'None'
[0.492s] Level 5:colcon.colcon_core.verb:set package 'yolox_param' build argument 'cmake_target_skip_unavailable' from command line to 'False'
[0.492s] Level 5:colcon.colcon_core.verb:set package 'yolox_param' build argument 'cmake_clean_cache' from command line to 'False'
[0.492s] Level 5:colcon.colcon_core.verb:set package 'yolox_param' build argument 'cmake_clean_first' from command line to 'False'
[0.492s] Level 5:colcon.colcon_core.verb:set package 'yolox_param' build argument 'cmake_force_configure' from command line to 'False'
[0.492s] Level 5:colcon.colcon_core.verb:set package 'yolox_param' build argument 'ament_cmake_args' from command line to 'None'
[0.492s] Level 5:colcon.colcon_core.verb:set package 'yolox_param' build argument 'catkin_cmake_args' from command line to 'None'
[0.492s] Level 5:colcon.colcon_core.verb:set package 'yolox_param' build argument 'catkin_skip_building_tests' from command line to 'False'
[0.492s] DEBUG:colcon.colcon_core.verb:Building package 'yolox_param' with the following arguments: {'ament_cmake_args': None, 'build_base': '/home/kiro04/robot_ws/ros2_ws/build/yolox_param', 'catkin_cmake_args': None, 'catkin_skip_building_tests': False, 'cmake_args': None, 'cmake_clean_cache': False, 'cmake_clean_first': False, 'cmake_force_configure': False, 'cmake_target': None, 'cmake_target_skip_unavailable': False, 'install_base': '/home/kiro04/robot_ws/ros2_ws/install/yolox_param', 'merge_install': False, 'path': '/home/kiro04/robot_ws/ros2_ws/src/yolox_ros/yolox_ros_cpp/yolox_param', 'symlink_install': True, 'test_result_base': None}
[0.493s] Level 5:colcon.colcon_core.verb:set package 'yolox_ros_cpp' build argument 'cmake_args' from command line to 'None'
[0.493s] Level 5:colcon.colcon_core.verb:set package 'yolox_ros_cpp' build argument 'cmake_target' from command line to 'None'
[0.493s] Level 5:colcon.colcon_core.verb:set package 'yolox_ros_cpp' build argument 'cmake_target_skip_unavailable' from command line to 'False'
[0.493s] Level 5:colcon.colcon_core.verb:set package 'yolox_ros_cpp' build argument 'cmake_clean_cache' from command line to 'False'
[0.493s] Level 5:colcon.colcon_core.verb:set package 'yolox_ros_cpp' build argument 'cmake_clean_first' from command line to 'False'
[0.493s] Level 5:colcon.colcon_core.verb:set package 'yolox_ros_cpp' build argument 'cmake_force_configure' from command line to 'False'
[0.493s] Level 5:colcon.colcon_core.verb:set package 'yolox_ros_cpp' build argument 'ament_cmake_args' from command line to 'None'
[0.493s] Level 5:colcon.colcon_core.verb:set package 'yolox_ros_cpp' build argument 'catkin_cmake_args' from command line to 'None'
[0.493s] Level 5:colcon.colcon_core.verb:set package 'yolox_ros_cpp' build argument 'catkin_skip_building_tests' from command line to 'False'
[0.493s] DEBUG:colcon.colcon_core.verb:Building package 'yolox_ros_cpp' with the following arguments: {'ament_cmake_args': None, 'build_base': '/home/kiro04/robot_ws/ros2_ws/build/yolox_ros_cpp', 'catkin_cmake_args': None, 'catkin_skip_building_tests': False, 'cmake_args': None, 'cmake_clean_cache': False, 'cmake_clean_first': False, 'cmake_force_configure': False, 'cmake_target': None, 'cmake_target_skip_unavailable': False, 'install_base': '/home/kiro04/robot_ws/ros2_ws/install/yolox_ros_cpp', 'merge_install': False, 'path': '/home/kiro04/robot_ws/ros2_ws/src/yolox_ros/yolox_ros_cpp/yolox_ros_cpp', 'symlink_install': True, 'test_result_base': None}
[0.494s] INFO:colcon.colcon_core.executor:Executing jobs using 'parallel' executor
[0.498s] DEBUG:colcon.colcon_parallel_executor.executor.parallel:run_until_complete
[0.498s] INFO:colcon.colcon_ros.task.ament_cmake.build:Building ROS package in '/home/kiro04/robot_ws/ros2_ws/src/yolox_ros/bbox_ex_msgs' with build type 'ament_cmake'
[0.498s] INFO:colcon.colcon_cmake.task.cmake.build:Building CMake package in '/home/kiro04/robot_ws/ros2_ws/src/yolox_ros/bbox_ex_msgs'
[0.502s] INFO:colcon.colcon_core.plugin_system:Skipping extension 'colcon_core.shell.bat': Not used on non-Windows systems
[0.503s] INFO:colcon.colcon_core.shell:Skip shell extension 'powershell' for command environment: Not usable outside of PowerShell
[0.503s] DEBUG:colcon.colcon_core.shell:Skip shell extension 'dsv' for command environment
[0.507s] INFO:colcon.colcon_ros.task.ament_cmake.build:Building ROS package in '/home/kiro04/robot_ws/ros2_ws/src/yolox_ros/yolox_ros_cpp/yolox_cpp' with build type 'ament_cmake'
[0.507s] INFO:colcon.colcon_cmake.task.cmake.build:Building CMake package in '/home/kiro04/robot_ws/ros2_ws/src/yolox_ros/yolox_ros_cpp/yolox_cpp'
[0.509s] INFO:colcon.colcon_core.shell:Skip shell extension 'powershell' for command environment: Not usable outside of PowerShell
[0.510s] DEBUG:colcon.colcon_core.shell:Skip shell extension 'dsv' for command environment
[0.516s] INFO:colcon.colcon_ros.task.ament_cmake.build:Building ROS package in '/home/kiro04/robot_ws/ros2_ws/src/yolox_ros/yolox_ros_cpp/yolox_param' with build type 'ament_cmake'
[0.516s] INFO:colcon.colcon_cmake.task.cmake.build:Building CMake package in '/home/kiro04/robot_ws/ros2_ws/src/yolox_ros/yolox_ros_cpp/yolox_param'
[0.518s] INFO:colcon.colcon_core.shell:Skip shell extension 'powershell' for command environment: Not usable outside of PowerShell
[0.518s] DEBUG:colcon.colcon_core.shell:Skip shell extension 'dsv' for command environment
[0.523s] INFO:colcon.colcon_ros.task.ament_python.build:Building ROS package in '/home/kiro04/robot_ws/ros2_ws/src/arduino_tutorial' with build type 'ament_python'
[0.524s] Level 1:colcon.colcon_core.shell:create_environment_hook('arduino_tutorial', 'ament_prefix_path')
[0.526s] INFO:colcon.colcon_core.shell:Creating environment hook '/home/kiro04/robot_ws/ros2_ws/install/arduino_tutorial/share/arduino_tutorial/hook/ament_prefix_path.ps1'
[0.528s] INFO:colcon.colcon_core.shell:Creating environment descriptor '/home/kiro04/robot_ws/ros2_ws/install/arduino_tutorial/share/arduino_tutorial/hook/ament_prefix_path.dsv'
[0.528s] INFO:colcon.colcon_core.shell:Creating environment hook '/home/kiro04/robot_ws/ros2_ws/install/arduino_tutorial/share/arduino_tutorial/hook/ament_prefix_path.sh'
[0.530s] INFO:colcon.colcon_core.shell:Skip shell extension 'powershell' for command environment: Not usable outside of PowerShell
[0.530s] DEBUG:colcon.colcon_core.shell:Skip shell extension 'dsv' for command environment
[0.534s] INFO:colcon.colcon_ros.task.ament_python.build:Building ROS package in '/home/kiro04/robot_ws/ros2_ws/src/my_first_package' with build type 'ament_python'
[0.534s] Level 1:colcon.colcon_core.shell:create_environment_hook('my_first_package', 'ament_prefix_path')
[0.536s] INFO:colcon.colcon_core.shell:Creating environment hook '/home/kiro04/robot_ws/ros2_ws/install/my_first_package/share/my_first_package/hook/ament_prefix_path.ps1'
[0.537s] INFO:colcon.colcon_core.shell:Creating environment descriptor '/home/kiro04/robot_ws/ros2_ws/install/my_first_package/share/my_first_package/hook/ament_prefix_path.dsv'
[0.538s] INFO:colcon.colcon_core.shell:Creating environment hook '/home/kiro04/robot_ws/ros2_ws/install/my_first_package/share/my_first_package/hook/ament_prefix_path.sh'
[0.539s] INFO:colcon.colcon_core.shell:Skip shell extension 'powershell' for command environment: Not usable outside of PowerShell
[0.540s] DEBUG:colcon.colcon_core.shell:Skip shell extension 'dsv' for command environment
[0.544s] INFO:colcon.colcon_ros.task.ament_cmake.build:Building ROS package in '/home/kiro04/robot_ws/ros2_ws/src/my_first_package_msgs' with build type 'ament_cmake'
[0.544s] INFO:colcon.colcon_cmake.task.cmake.build:Building CMake package in '/home/kiro04/robot_ws/ros2_ws/src/my_first_package_msgs'
[0.547s] INFO:colcon.colcon_core.shell:Skip shell extension 'powershell' for command environment: Not usable outside of PowerShell
[0.547s] DEBUG:colcon.colcon_core.shell:Skip shell extension 'dsv' for command environment
[0.562s] DEBUG:colcon.colcon_core.event_handler.log_command:Invoking command in '/home/kiro04/robot_ws/ros2_ws/build/bboxes_ex_msgs': CMAKE_PREFIX_PATH=/opt/ros/humble /home/kiro04/.local/bin/cmake /home/kiro04/robot_ws/ros2_ws/src/yolox_ros/bbox_ex_msgs -DAMENT_CMAKE_SYMLINK_INSTALL=1 -DCMAKE_INSTALL_PREFIX=/home/kiro04/robot_ws/ros2_ws/install/bboxes_ex_msgs
[0.567s] DEBUG:colcon.colcon_core.event_handler.log_command:Invoking command in '/home/kiro04/robot_ws/ros2_ws/build/yolox_cpp': CMAKE_PREFIX_PATH=/opt/ros/humble /home/kiro04/.local/bin/cmake /home/kiro04/robot_ws/ros2_ws/src/yolox_ros/yolox_ros_cpp/yolox_cpp -DAMENT_CMAKE_SYMLINK_INSTALL=1 -DCMAKE_INSTALL_PREFIX=/home/kiro04/robot_ws/ros2_ws/install/yolox_cpp
[0.573s] DEBUG:colcon.colcon_core.event_handler.log_command:Invoking command in '/home/kiro04/robot_ws/ros2_ws/build/yolox_param': CMAKE_PREFIX_PATH=/opt/ros/humble /home/kiro04/.local/bin/cmake /home/kiro04/robot_ws/ros2_ws/src/yolox_ros/yolox_ros_cpp/yolox_param -DAMENT_CMAKE_SYMLINK_INSTALL=1 -DCMAKE_INSTALL_PREFIX=/home/kiro04/robot_ws/ros2_ws/install/yolox_param
[1.156s] INFO:colcon.colcon_core.task.python.build:Building Python package in '/home/kiro04/robot_ws/ros2_ws/src/arduino_tutorial'
[1.159s] INFO:colcon.colcon_core.shell:Skip shell extension 'powershell' for command environment: Not usable outside of PowerShell
[1.159s] DEBUG:colcon.colcon_core.shell:Skip shell extension 'dsv' for command environment
[1.645s] INFO:colcon.colcon_core.task.python.build:Building Python package in '/home/kiro04/robot_ws/ros2_ws/src/my_first_package'
[1.647s] INFO:colcon.colcon_core.shell:Skip shell extension 'powershell' for command environment: Not usable outside of PowerShell
[1.647s] DEBUG:colcon.colcon_core.shell:Skip shell extension 'dsv' for command environment
[1.670s] DEBUG:colcon.colcon_core.event_handler.log_command:Invoking command in '/home/kiro04/robot_ws/ros2_ws/build/my_first_package_msgs': CMAKE_PREFIX_PATH=/opt/ros/humble /home/kiro04/.local/bin/cmake /home/kiro04/robot_ws/ros2_ws/src/my_first_package_msgs -DAMENT_CMAKE_SYMLINK_INSTALL=1 -DCMAKE_INSTALL_PREFIX=/home/kiro04/robot_ws/ros2_ws/install/my_first_package_msgs
[1.672s] DEBUG:colcon.colcon_core.event_handler.log_command:Invoked command in '/home/kiro04/robot_ws/ros2_ws/build/yolox_cpp' returned '1': CMAKE_PREFIX_PATH=/opt/ros/humble /home/kiro04/.local/bin/cmake /home/kiro04/robot_ws/ros2_ws/src/yolox_ros/yolox_ros_cpp/yolox_cpp -DAMENT_CMAKE_SYMLINK_INSTALL=1 -DCMAKE_INSTALL_PREFIX=/home/kiro04/robot_ws/ros2_ws/install/yolox_cpp
[1.818s] Level 1:colcon.colcon_core.environment:create_environment_scripts_only(yolox_cpp)
[1.829s] Level 1:colcon.colcon_core.environment:checking '/home/kiro04/robot_ws/ros2_ws/install/yolox_cpp' for CMake module files
[1.830s] Level 1:colcon.colcon_core.environment:checking '/home/kiro04/robot_ws/ros2_ws/install/yolox_cpp' for CMake config files
[1.831s] Level 1:colcon.colcon_core.environment:checking '/home/kiro04/robot_ws/ros2_ws/install/yolox_cpp/bin'
[1.832s] Level 1:colcon.colcon_core.environment:checking '/home/kiro04/robot_ws/ros2_ws/install/yolox_cpp/lib/pkgconfig/yolox_cpp.pc'
[1.832s] Level 1:colcon.colcon_core.environment:checking '/home/kiro04/robot_ws/ros2_ws/install/yolox_cpp/lib/python3.10/site-packages'
[1.833s] Level 1:colcon.colcon_core.environment:checking '/home/kiro04/robot_ws/ros2_ws/install/yolox_cpp/bin'
[1.837s] INFO:colcon.colcon_core.shell:Creating package script '/home/kiro04/robot_ws/ros2_ws/install/yolox_cpp/share/yolox_cpp/package.ps1'
[1.839s] INFO:colcon.colcon_core.shell:Creating package descriptor '/home/kiro04/robot_ws/ros2_ws/install/yolox_cpp/share/yolox_cpp/package.dsv'
[1.840s] INFO:colcon.colcon_core.shell:Creating package script '/home/kiro04/robot_ws/ros2_ws/install/yolox_cpp/share/yolox_cpp/package.sh'
[1.842s] INFO:colcon.colcon_core.shell:Creating package script '/home/kiro04/robot_ws/ros2_ws/install/yolox_cpp/share/yolox_cpp/package.bash'
[1.844s] INFO:colcon.colcon_core.shell:Creating package script '/home/kiro04/robot_ws/ros2_ws/install/yolox_cpp/share/yolox_cpp/package.zsh'
[1.845s] Level 1:colcon.colcon_core.environment:create_file_with_runtime_dependencies(/home/kiro04/robot_ws/ros2_ws/install/yolox_cpp/share/colcon-core/packages/yolox_cpp)
[4.503s] DEBUG:colcon.colcon_parallel_executor.executor.parallel:closing loop
[4.503s] DEBUG:colcon.colcon_parallel_executor.executor.parallel:loop closed
[4.503s] DEBUG:colcon.colcon_parallel_executor.executor.parallel:run_until_complete finished with '1'
[4.504s] DEBUG:colcon.colcon_core.event_reactor:joining thread
[4.512s] INFO:colcon.colcon_core.plugin_system:Skipping extension 'colcon_notification.desktop_notification.terminal_notifier': Not used on non-Darwin systems
[4.512s] INFO:colcon.colcon_core.plugin_system:Skipping extension 'colcon_notification.desktop_notification.win32': Not used on non-Windows systems
[4.512s] INFO:colcon.colcon_notification.desktop_notification:Sending desktop notification using 'notify2'
[4.525s] DEBUG:colcon.colcon_core.event_reactor:joined thread
[4.527s] INFO:colcon.colcon_core.shell:Creating prefix script '/home/kiro04/robot_ws/ros2_ws/install/local_setup.ps1'
[4.528s] INFO:colcon.colcon_core.shell:Creating prefix util module '/home/kiro04/robot_ws/ros2_ws/install/_local_setup_util_ps1.py'
[4.530s] INFO:colcon.colcon_core.shell:Creating prefix chain script '/home/kiro04/robot_ws/ros2_ws/install/setup.ps1'
[4.531s] INFO:colcon.colcon_core.shell:Creating prefix script '/home/kiro04/robot_ws/ros2_ws/install/local_setup.sh'
[4.532s] INFO:colcon.colcon_core.shell:Creating prefix util module '/home/kiro04/robot_ws/ros2_ws/install/_local_setup_util_sh.py'
[4.532s] INFO:colcon.colcon_core.shell:Creating prefix chain script '/home/kiro04/robot_ws/ros2_ws/install/setup.sh'
[4.534s] INFO:colcon.colcon_core.shell:Creating prefix script '/home/kiro04/robot_ws/ros2_ws/install/local_setup.bash'
[4.535s] INFO:colcon.colcon_core.shell:Creating prefix chain script '/home/kiro04/robot_ws/ros2_ws/install/setup.bash'
[4.537s] INFO:colcon.colcon_core.shell:Creating prefix script '/home/kiro04/robot_ws/ros2_ws/install/local_setup.zsh'
[4.538s] INFO:colcon.colcon_core.shell:Creating prefix chain script '/home/kiro04/robot_ws/ros2_ws/install/setup.zsh'
