[1.342s] Invoking command in '/home/kiro04/Documents/robot_ws/ros2_ws/src/my_first_package': PYTHONPATH=/home/kiro04/Documents/robot_ws/ros2_ws/build/my_first_package/prefix_override:/home/kiro04/Documents/robot_ws/ros2_ws/install/my_first_package/lib/python3.10/site-packages:${PYTHONPATH} /usr/bin/python3 setup.py egg_info --egg-base ../../build/my_first_package build --build-base /home/kiro04/Documents/robot_ws/ros2_ws/build/my_first_package/build install --record /home/kiro04/Documents/robot_ws/ros2_ws/build/my_first_package/install.log --single-version-externally-managed
[1.823s] running egg_info
[1.825s] writing ../../build/my_first_package/my_first_package.egg-info/PKG-INFO
[1.825s] writing dependency_links to ../../build/my_first_package/my_first_package.egg-info/dependency_links.txt
[1.825s] writing entry points to ../../build/my_first_package/my_first_package.egg-info/entry_points.txt
[1.826s] writing requirements to ../../build/my_first_package/my_first_package.egg-info/requires.txt
[1.826s] writing top-level names to ../../build/my_first_package/my_first_package.egg-info/top_level.txt
[1.831s] reading manifest file '../../build/my_first_package/my_first_package.egg-info/SOURCES.txt'
[1.833s] writing manifest file '../../build/my_first_package/my_first_package.egg-info/SOURCES.txt'
[1.833s] running build
[1.833s] running build_py
[1.834s] copying my_first_package/dist_turtle_action_server.py -> /home/kiro04/Documents/robot_ws/ros2_ws/build/my_first_package/build/lib/my_first_package
[1.834s] running install
[1.835s] /usr/lib/python3/dist-packages/setuptools/command/install.py:34: SetuptoolsDeprecationWarning: setup.py install is deprecated. Use build and pip and other standards-based tools.
[1.835s]   warnings.warn(
[1.835s] running install_lib
[1.836s] copying /home/kiro04/Documents/robot_ws/ros2_ws/build/my_first_package/build/lib/my_first_package/dist_turtle_action_server.py -> /home/kiro04/Documents/robot_ws/ros2_ws/install/my_first_package/lib/python3.10/site-packages/my_first_package
[1.838s] byte-compiling /home/kiro04/Documents/robot_ws/ros2_ws/install/my_first_package/lib/python3.10/site-packages/my_first_package/dist_turtle_action_server.py to dist_turtle_action_server.cpython-310.pyc
[1.839s] running install_data
[1.840s] running install_egg_info
[1.843s] removing '/home/kiro04/Documents/robot_ws/ros2_ws/install/my_first_package/lib/python3.10/site-packages/my_first_package-0.0.0-py3.10.egg-info' (and everything under it)
[1.844s] Copying ../../build/my_first_package/my_first_package.egg-info to /home/kiro04/Documents/robot_ws/ros2_ws/install/my_first_package/lib/python3.10/site-packages/my_first_package-0.0.0-py3.10.egg-info
[1.845s] running install_scripts
[1.880s] Installing dist_turtle_action_server script to /home/kiro04/Documents/robot_ws/ros2_ws/install/my_first_package/lib/my_first_package
[1.880s] Installing my_first_node script to /home/kiro04/Documents/robot_ws/ros2_ws/install/my_first_package/lib/my_first_package
[1.881s] Installing my_multi_thread script to /home/kiro04/Documents/robot_ws/ros2_ws/install/my_first_package/lib/my_first_package
[1.881s] Installing my_publisher script to /home/kiro04/Documents/robot_ws/ros2_ws/install/my_first_package/lib/my_first_package
[1.881s] Installing my_service_server script to /home/kiro04/Documents/robot_ws/ros2_ws/install/my_first_package/lib/my_first_package
[1.881s] Installing my_subscriber script to /home/kiro04/Documents/robot_ws/ros2_ws/install/my_first_package/lib/my_first_package
[1.881s] Installing turtle_cmd_and_pose script to /home/kiro04/Documents/robot_ws/ros2_ws/install/my_first_package/lib/my_first_package
[1.882s] writing list of installed files to '/home/kiro04/Documents/robot_ws/ros2_ws/build/my_first_package/install.log'
[1.922s] Invoked command in '/home/kiro04/Documents/robot_ws/ros2_ws/src/my_first_package' returned '0': PYTHONPATH=/home/kiro04/Documents/robot_ws/ros2_ws/build/my_first_package/prefix_override:/home/kiro04/Documents/robot_ws/ros2_ws/install/my_first_package/lib/python3.10/site-packages:${PYTHONPATH} /usr/bin/python3 setup.py egg_info --egg-base ../../build/my_first_package build --build-base /home/kiro04/Documents/robot_ws/ros2_ws/build/my_first_package/build install --record /home/kiro04/Documents/robot_ws/ros2_ws/build/my_first_package/install.log --single-version-externally-managed
