-- Found ament_cmake: 1.3.4 (/opt/ros/humble/share/ament_cmake/cmake)
-- Found rosidl_default_generators: 1.2.0 (/opt/ros/humble/share/rosidl_default_generators/cmake)
-- Using all available rosidl_typesupport_c: rosidl_typesupport_fastrtps_c;rosidl_typesupport_introspection_c
-- Found rosidl_adapter: 3.1.4 (/opt/ros/humble/share/rosidl_adapter/cmake)
-- Using all available rosidl_typesupport_cpp: rosidl_typesupport_fastrtps_cpp;rosidl_typesupport_introspection_cpp
-- Found ament_cmake_ros: 0.10.0 (/opt/ros/humble/share/ament_cmake_ros/cmake)
-- Using all available rosidl_typesupport_c: rosidl_typesupport_fastrtps_c;rosidl_typesupport_introspection_c
-- Using all available rosidl_typesupport_cpp: rosidl_typesupport_fastrtps_cpp;rosidl_typesupport_introspection_cpp
-- Found PythonInterp: /usr/bin/python3 (found suitable version "3.10.6", minimum required is "3.6") 
-- Found python_cmake_module: 0.10.0 (/opt/ros/humble/share/python_cmake_module/cmake)
-- Found PythonLibs: /usr/lib/x86_64-linux-gnu/libpython3.10.so (found suitable version "3.10.6", minimum required is "3.5") 
-- Using PYTHON_EXECUTABLE: /usr/bin/python3
-- Using PYTHON_INCLUDE_DIRS: /usr/include/python3.10
-- Using PYTHON_LIBRARIES: /usr/lib/x86_64-linux-gnu/libpython3.10.so
-- Found PythonExtra: .so  
-- Found ament_lint_auto: 0.12.6 (/opt/ros/humble/share/ament_lint_auto/cmake)
-- Added test 'lint_cmake' to check CMake code style
-- Added test 'xmllint' to check XML markup files
-- Configuring done
-- Generating done
-- Build files have been written to: /home/kiro04/Documents/robot_ws/ros2_ws/build/my_first_package_mags
[  3%] [34m[1mGenerating C code for ROS interfaces[0m
[  6%] [34m[1mGenerating C++ code for ROS interfaces[0m
[  6%] Built target ament_cmake_python_copy_my_first_package_mags
[  6%] Built target my_first_package_mags__cpp
[  9%] [34m[1mGenerating C++ type support dispatch for ROS interfaces[0m
[ 12%] [34m[1mGenerating C++ type support for eProsima Fast-RTPS[0m
[ 16%] [34m[1mGenerating C++ introspection for ROS interfaces[0m
[ 19%] [32mBuilding C object CMakeFiles/my_first_package_mags__rosidl_generator_c.dir/rosidl_generator_c/my_first_package_mags/msg/detail/cmd_and_pose_vel__functions.c.o[0m
running egg_info
creating my_first_package_mags.egg-info
writing my_first_package_mags.egg-info/PKG-INFO
writing dependency_links to my_first_package_mags.egg-info/dependency_links.txt
writing top-level names to my_first_package_mags.egg-info/top_level.txt
writing manifest file 'my_first_package_mags.egg-info/SOURCES.txt'
reading manifest file 'my_first_package_mags.egg-info/SOURCES.txt'
writing manifest file 'my_first_package_mags.egg-info/SOURCES.txt'
[ 19%] Built target ament_cmake_python_build_my_first_package_mags_egg
[ 22%] [32m[1mLinking C shared library libmy_first_package_mags__rosidl_generator_c.so[0m
[ 22%] Built target my_first_package_mags__rosidl_generator_c
[ 25%] [34m[1mGenerating C type support for eProsima Fast-RTPS[0m
[ 29%] [34m[1mGenerating C introspection for ROS interfaces[0m
[ 32%] [34m[1mGenerating C type support dispatch for ROS interfaces[0m
[ 35%] [32mBuilding CXX object CMakeFiles/my_first_package_mags__rosidl_typesupport_cpp.dir/rosidl_typesupport_cpp/my_first_package_mags/msg/cmd_and_pose_vel__type_support.cpp.o[0m
[ 38%] [32mBuilding CXX object CMakeFiles/my_first_package_mags__rosidl_typesupport_fastrtps_cpp.dir/rosidl_typesupport_fastrtps_cpp/my_first_package_mags/msg/detail/dds_fastrtps/cmd_and_pose_vel__type_support.cpp.o[0m
[ 41%] [32mBuilding CXX object CMakeFiles/my_first_package_mags__rosidl_typesupport_introspection_cpp.dir/rosidl_typesupport_introspection_cpp/my_first_package_mags/msg/detail/cmd_and_pose_vel__type_support.cpp.o[0m
[ 45%] [32mBuilding CXX object CMakeFiles/my_first_package_mags__rosidl_typesupport_c.dir/rosidl_typesupport_c/my_first_package_mags/msg/cmd_and_pose_vel__type_support.cpp.o[0m
[ 48%] [32m[1mLinking CXX shared library libmy_first_package_mags__rosidl_typesupport_c.so[0m
[ 48%] Built target my_first_package_mags__rosidl_typesupport_c
[ 51%] [32mBuilding C object CMakeFiles/my_first_package_mags__rosidl_typesupport_introspection_c.dir/rosidl_typesupport_introspection_c/my_first_package_mags/msg/detail/cmd_and_pose_vel__type_support.c.o[0m
[ 54%] [32mBuilding CXX object CMakeFiles/my_first_package_mags__rosidl_typesupport_fastrtps_c.dir/rosidl_typesupport_fastrtps_c/my_first_package_mags/msg/detail/cmd_and_pose_vel__type_support_c.cpp.o[0m
[ 58%] [32m[1mLinking C shared library libmy_first_package_mags__rosidl_typesupport_introspection_c.so[0m
[ 58%] Built target my_first_package_mags__rosidl_typesupport_introspection_c
[ 61%] [32m[1mLinking CXX shared library libmy_first_package_mags__rosidl_typesupport_cpp.so[0m
[ 61%] Built target my_first_package_mags__rosidl_typesupport_cpp
[ 64%] [32m[1mLinking CXX shared library libmy_first_package_mags__rosidl_typesupport_introspection_cpp.so[0m
[ 67%] [32m[1mLinking CXX shared library libmy_first_package_mags__rosidl_typesupport_fastrtps_cpp.so[0m
[ 67%] Built target my_first_package_mags__rosidl_typesupport_introspection_cpp
[ 67%] Built target my_first_package_mags__rosidl_typesupport_fastrtps_cpp
[ 70%] [32m[1mLinking CXX shared library libmy_first_package_mags__rosidl_typesupport_fastrtps_c.so[0m
[ 70%] Built target my_first_package_mags__rosidl_typesupport_fastrtps_c
[ 70%] Built target my_first_package_mags
[ 74%] [34m[1mGenerating Python code for ROS interfaces[0m
[ 74%] Built target my_first_package_mags__py
[ 77%] [32mBuilding C object CMakeFiles/my_first_package_mags__rosidl_generator_py.dir/rosidl_generator_py/my_first_package_mags/msg/_cmd_and_pose_vel_s.c.o[0m
[ 80%] [32m[1mLinking C shared library rosidl_generator_py/my_first_package_mags/libmy_first_package_mags__rosidl_generator_py.so[0m
[ 80%] Built target my_first_package_mags__rosidl_generator_py
[ 90%] [32mBuilding C object CMakeFiles/my_first_package_mags__rosidl_typesupport_c__pyext.dir/rosidl_generator_py/my_first_package_mags/_my_first_package_mags_s.ep.rosidl_typesupport_c.c.o[0m
[ 90%] [32mBuilding C object CMakeFiles/my_first_package_mags__rosidl_typesupport_fastrtps_c__pyext.dir/rosidl_generator_py/my_first_package_mags/_my_first_package_mags_s.ep.rosidl_typesupport_fastrtps_c.c.o[0m
[ 90%] [32mBuilding C object CMakeFiles/my_first_package_mags__rosidl_typesupport_introspection_c__pyext.dir/rosidl_generator_py/my_first_package_mags/_my_first_package_mags_s.ep.rosidl_typesupport_introspection_c.c.o[0m
[ 93%] [32m[1mLinking C shared library rosidl_generator_py/my_first_package_mags/my_first_package_mags_s__rosidl_typesupport_c.cpython-310-x86_64-linux-gnu.so[0m
[ 96%] [32m[1mLinking C shared library rosidl_generator_py/my_first_package_mags/my_first_package_mags_s__rosidl_typesupport_introspection_c.cpython-310-x86_64-linux-gnu.so[0m
[100%] [32m[1mLinking C shared library rosidl_generator_py/my_first_package_mags/my_first_package_mags_s__rosidl_typesupport_fastrtps_c.cpython-310-x86_64-linux-gnu.so[0m
[100%] Built target my_first_package_mags__rosidl_typesupport_c__pyext
[100%] Built target my_first_package_mags__rosidl_typesupport_introspection_c__pyext
[100%] Built target my_first_package_mags__rosidl_typesupport_fastrtps_c__pyext
-- Install configuration: ""
-- Installing: /home/kiro04/Documents/robot_ws/ros2_ws/install/my_first_package_mags/share/ament_index/resource_index/rosidl_interfaces/my_first_package_mags
-- Installing: /home/kiro04/Documents/robot_ws/ros2_ws/install/my_first_package_mags/include/my_first_package_mags/my_first_package_mags
-- Installing: /home/kiro04/Documents/robot_ws/ros2_ws/install/my_first_package_mags/include/my_first_package_mags/my_first_package_mags/msg
-- Installing: /home/kiro04/Documents/robot_ws/ros2_ws/install/my_first_package_mags/include/my_first_package_mags/my_first_package_mags/msg/cmd_and_pose_vel.h
-- Installing: /home/kiro04/Documents/robot_ws/ros2_ws/install/my_first_package_mags/include/my_first_package_mags/my_first_package_mags/msg/detail
-- Installing: /home/kiro04/Documents/robot_ws/ros2_ws/install/my_first_package_mags/include/my_first_package_mags/my_first_package_mags/msg/detail/cmd_and_pose_vel__functions.c
-- Installing: /home/kiro04/Documents/robot_ws/ros2_ws/install/my_first_package_mags/include/my_first_package_mags/my_first_package_mags/msg/detail/cmd_and_pose_vel__functions.h
-- Installing: /home/kiro04/Documents/robot_ws/ros2_ws/install/my_first_package_mags/include/my_first_package_mags/my_first_package_mags/msg/detail/cmd_and_pose_vel__type_support.h
-- Installing: /home/kiro04/Documents/robot_ws/ros2_ws/install/my_first_package_mags/include/my_first_package_mags/my_first_package_mags/msg/detail/cmd_and_pose_vel__struct.h
-- Installing: /home/kiro04/Documents/robot_ws/ros2_ws/install/my_first_package_mags/include/my_first_package_mags/my_first_package_mags/msg/rosidl_generator_c__visibility_control.h
-- Installing: /home/kiro04/Documents/robot_ws/ros2_ws/install/my_first_package_mags/share/my_first_package_mags/environment/library_path.sh
-- Installing: /home/kiro04/Documents/robot_ws/ros2_ws/install/my_first_package_mags/share/my_first_package_mags/environment/library_path.dsv
-- Installing: /home/kiro04/Documents/robot_ws/ros2_ws/install/my_first_package_mags/lib/libmy_first_package_mags__rosidl_generator_c.so
-- Set runtime path of "/home/kiro04/Documents/robot_ws/ros2_ws/install/my_first_package_mags/lib/libmy_first_package_mags__rosidl_generator_c.so" to ""
-- Up-to-date: /home/kiro04/Documents/robot_ws/ros2_ws/install/my_first_package_mags/include/my_first_package_mags/my_first_package_mags
-- Up-to-date: /home/kiro04/Documents/robot_ws/ros2_ws/install/my_first_package_mags/include/my_first_package_mags/my_first_package_mags/msg
-- Installing: /home/kiro04/Documents/robot_ws/ros2_ws/install/my_first_package_mags/include/my_first_package_mags/my_first_package_mags/msg/rosidl_typesupport_fastrtps_c__visibility_control.h
-- Up-to-date: /home/kiro04/Documents/robot_ws/ros2_ws/install/my_first_package_mags/include/my_first_package_mags/my_first_package_mags/msg/detail
-- Installing: /home/kiro04/Documents/robot_ws/ros2_ws/install/my_first_package_mags/include/my_first_package_mags/my_first_package_mags/msg/detail/cmd_and_pose_vel__rosidl_typesupport_fastrtps_c.h
-- Installing: /home/kiro04/Documents/robot_ws/ros2_ws/install/my_first_package_mags/lib/libmy_first_package_mags__rosidl_typesupport_fastrtps_c.so
-- Set runtime path of "/home/kiro04/Documents/robot_ws/ros2_ws/install/my_first_package_mags/lib/libmy_first_package_mags__rosidl_typesupport_fastrtps_c.so" to ""
-- Up-to-date: /home/kiro04/Documents/robot_ws/ros2_ws/install/my_first_package_mags/include/my_first_package_mags/my_first_package_mags
-- Up-to-date: /home/kiro04/Documents/robot_ws/ros2_ws/install/my_first_package_mags/include/my_first_package_mags/my_first_package_mags/msg
-- Up-to-date: /home/kiro04/Documents/robot_ws/ros2_ws/install/my_first_package_mags/include/my_first_package_mags/my_first_package_mags/msg/detail
-- Installing: /home/kiro04/Documents/robot_ws/ros2_ws/install/my_first_package_mags/include/my_first_package_mags/my_first_package_mags/msg/detail/cmd_and_pose_vel__type_support.c
-- Installing: /home/kiro04/Documents/robot_ws/ros2_ws/install/my_first_package_mags/include/my_first_package_mags/my_first_package_mags/msg/detail/cmd_and_pose_vel__rosidl_typesupport_introspection_c.h
-- Installing: /home/kiro04/Documents/robot_ws/ros2_ws/install/my_first_package_mags/include/my_first_package_mags/my_first_package_mags/msg/rosidl_typesupport_introspection_c__visibility_control.h
-- Installing: /home/kiro04/Documents/robot_ws/ros2_ws/install/my_first_package_mags/lib/libmy_first_package_mags__rosidl_typesupport_introspection_c.so
-- Set runtime path of "/home/kiro04/Documents/robot_ws/ros2_ws/install/my_first_package_mags/lib/libmy_first_package_mags__rosidl_typesupport_introspection_c.so" to ""
-- Installing: /home/kiro04/Documents/robot_ws/ros2_ws/install/my_first_package_mags/lib/libmy_first_package_mags__rosidl_typesupport_c.so
-- Set runtime path of "/home/kiro04/Documents/robot_ws/ros2_ws/install/my_first_package_mags/lib/libmy_first_package_mags__rosidl_typesupport_c.so" to ""
-- Up-to-date: /home/kiro04/Documents/robot_ws/ros2_ws/install/my_first_package_mags/include/my_first_package_mags/my_first_package_mags
-- Up-to-date: /home/kiro04/Documents/robot_ws/ros2_ws/install/my_first_package_mags/include/my_first_package_mags/my_first_package_mags/msg
-- Up-to-date: /home/kiro04/Documents/robot_ws/ros2_ws/install/my_first_package_mags/include/my_first_package_mags/my_first_package_mags/msg/detail
-- Installing: /home/kiro04/Documents/robot_ws/ros2_ws/install/my_first_package_mags/include/my_first_package_mags/my_first_package_mags/msg/detail/cmd_and_pose_vel__traits.hpp
-- Installing: /home/kiro04/Documents/robot_ws/ros2_ws/install/my_first_package_mags/include/my_first_package_mags/my_first_package_mags/msg/detail/cmd_and_pose_vel__struct.hpp
-- Installing: /home/kiro04/Documents/robot_ws/ros2_ws/install/my_first_package_mags/include/my_first_package_mags/my_first_package_mags/msg/detail/cmd_and_pose_vel__builder.hpp
-- Installing: /home/kiro04/Documents/robot_ws/ros2_ws/install/my_first_package_mags/include/my_first_package_mags/my_first_package_mags/msg/cmd_and_pose_vel.hpp
-- Up-to-date: /home/kiro04/Documents/robot_ws/ros2_ws/install/my_first_package_mags/include/my_first_package_mags/my_first_package_mags
-- Up-to-date: /home/kiro04/Documents/robot_ws/ros2_ws/install/my_first_package_mags/include/my_first_package_mags/my_first_package_mags/msg
-- Up-to-date: /home/kiro04/Documents/robot_ws/ros2_ws/install/my_first_package_mags/include/my_first_package_mags/my_first_package_mags/msg/detail
-- Installing: /home/kiro04/Documents/robot_ws/ros2_ws/install/my_first_package_mags/include/my_first_package_mags/my_first_package_mags/msg/detail/dds_fastrtps
-- Installing: /home/kiro04/Documents/robot_ws/ros2_ws/install/my_first_package_mags/include/my_first_package_mags/my_first_package_mags/msg/detail/cmd_and_pose_vel__rosidl_typesupport_fastrtps_cpp.hpp
-- Installing: /home/kiro04/Documents/robot_ws/ros2_ws/install/my_first_package_mags/include/my_first_package_mags/my_first_package_mags/msg/rosidl_typesupport_fastrtps_cpp__visibility_control.h
-- Installing: /home/kiro04/Documents/robot_ws/ros2_ws/install/my_first_package_mags/lib/libmy_first_package_mags__rosidl_typesupport_fastrtps_cpp.so
-- Set runtime path of "/home/kiro04/Documents/robot_ws/ros2_ws/install/my_first_package_mags/lib/libmy_first_package_mags__rosidl_typesupport_fastrtps_cpp.so" to ""
-- Up-to-date: /home/kiro04/Documents/robot_ws/ros2_ws/install/my_first_package_mags/include/my_first_package_mags/my_first_package_mags
-- Up-to-date: /home/kiro04/Documents/robot_ws/ros2_ws/install/my_first_package_mags/include/my_first_package_mags/my_first_package_mags/msg
-- Up-to-date: /home/kiro04/Documents/robot_ws/ros2_ws/install/my_first_package_mags/include/my_first_package_mags/my_first_package_mags/msg/detail
-- Installing: /home/kiro04/Documents/robot_ws/ros2_ws/install/my_first_package_mags/include/my_first_package_mags/my_first_package_mags/msg/detail/cmd_and_pose_vel__rosidl_typesupport_introspection_cpp.hpp
-- Installing: /home/kiro04/Documents/robot_ws/ros2_ws/install/my_first_package_mags/include/my_first_package_mags/my_first_package_mags/msg/detail/cmd_and_pose_vel__type_support.cpp
-- Installing: /home/kiro04/Documents/robot_ws/ros2_ws/install/my_first_package_mags/lib/libmy_first_package_mags__rosidl_typesupport_introspection_cpp.so
-- Set runtime path of "/home/kiro04/Documents/robot_ws/ros2_ws/install/my_first_package_mags/lib/libmy_first_package_mags__rosidl_typesupport_introspection_cpp.so" to ""
-- Installing: /home/kiro04/Documents/robot_ws/ros2_ws/install/my_first_package_mags/lib/libmy_first_package_mags__rosidl_typesupport_cpp.so
-- Set runtime path of "/home/kiro04/Documents/robot_ws/ros2_ws/install/my_first_package_mags/lib/libmy_first_package_mags__rosidl_typesupport_cpp.so" to ""
-- Installing: /home/kiro04/Documents/robot_ws/ros2_ws/install/my_first_package_mags/share/my_first_package_mags/environment/pythonpath.sh
-- Installing: /home/kiro04/Documents/robot_ws/ros2_ws/install/my_first_package_mags/share/my_first_package_mags/environment/pythonpath.dsv
-- Installing: /home/kiro04/Documents/robot_ws/ros2_ws/install/my_first_package_mags/local/lib/python3.10/dist-packages/my_first_package_mags-0.0.0-py3.10.egg-info
-- Installing: /home/kiro04/Documents/robot_ws/ros2_ws/install/my_first_package_mags/local/lib/python3.10/dist-packages/my_first_package_mags-0.0.0-py3.10.egg-info/top_level.txt
-- Installing: /home/kiro04/Documents/robot_ws/ros2_ws/install/my_first_package_mags/local/lib/python3.10/dist-packages/my_first_package_mags-0.0.0-py3.10.egg-info/SOURCES.txt
-- Installing: /home/kiro04/Documents/robot_ws/ros2_ws/install/my_first_package_mags/local/lib/python3.10/dist-packages/my_first_package_mags-0.0.0-py3.10.egg-info/dependency_links.txt
-- Installing: /home/kiro04/Documents/robot_ws/ros2_ws/install/my_first_package_mags/local/lib/python3.10/dist-packages/my_first_package_mags-0.0.0-py3.10.egg-info/PKG-INFO
-- Installing: /home/kiro04/Documents/robot_ws/ros2_ws/install/my_first_package_mags/local/lib/python3.10/dist-packages/my_first_package_mags
-- Installing: /home/kiro04/Documents/robot_ws/ros2_ws/install/my_first_package_mags/local/lib/python3.10/dist-packages/my_first_package_mags/__init__.py
-- Installing: /home/kiro04/Documents/robot_ws/ros2_ws/install/my_first_package_mags/local/lib/python3.10/dist-packages/my_first_package_mags/msg
-- Installing: /home/kiro04/Documents/robot_ws/ros2_ws/install/my_first_package_mags/local/lib/python3.10/dist-packages/my_first_package_mags/msg/__init__.py
-- Installing: /home/kiro04/Documents/robot_ws/ros2_ws/install/my_first_package_mags/local/lib/python3.10/dist-packages/my_first_package_mags/msg/_cmd_and_pose_vel_s.c
-- Installing: /home/kiro04/Documents/robot_ws/ros2_ws/install/my_first_package_mags/local/lib/python3.10/dist-packages/my_first_package_mags/msg/_cmd_and_pose_vel.py
-- Installing: /home/kiro04/Documents/robot_ws/ros2_ws/install/my_first_package_mags/local/lib/python3.10/dist-packages/my_first_package_mags/libmy_first_package_mags__rosidl_generator_py.so
-- Installing: /home/kiro04/Documents/robot_ws/ros2_ws/install/my_first_package_mags/local/lib/python3.10/dist-packages/my_first_package_mags/_my_first_package_mags_s.ep.rosidl_typesupport_c.c
-- Installing: /home/kiro04/Documents/robot_ws/ros2_ws/install/my_first_package_mags/local/lib/python3.10/dist-packages/my_first_package_mags/my_first_package_mags_s__rosidl_typesupport_introspection_c.cpython-310-x86_64-linux-gnu.so
-- Installing: /home/kiro04/Documents/robot_ws/ros2_ws/install/my_first_package_mags/local/lib/python3.10/dist-packages/my_first_package_mags/_my_first_package_mags_s.ep.rosidl_typesupport_introspection_c.c
-- Installing: /home/kiro04/Documents/robot_ws/ros2_ws/install/my_first_package_mags/local/lib/python3.10/dist-packages/my_first_package_mags/_my_first_package_mags_s.ep.rosidl_typesupport_fastrtps_c.c
-- Installing: /home/kiro04/Documents/robot_ws/ros2_ws/install/my_first_package_mags/local/lib/python3.10/dist-packages/my_first_package_mags/my_first_package_mags_s__rosidl_typesupport_c.cpython-310-x86_64-linux-gnu.so
-- Installing: /home/kiro04/Documents/robot_ws/ros2_ws/install/my_first_package_mags/local/lib/python3.10/dist-packages/my_first_package_mags/my_first_package_mags_s__rosidl_typesupport_fastrtps_c.cpython-310-x86_64-linux-gnu.so
Listing '/home/kiro04/Documents/robot_ws/ros2_ws/install/my_first_package_mags/local/lib/python3.10/dist-packages/my_first_package_mags'...
Compiling '/home/kiro04/Documents/robot_ws/ros2_ws/install/my_first_package_mags/local/lib/python3.10/dist-packages/my_first_package_mags/__init__.py'...
Listing '/home/kiro04/Documents/robot_ws/ros2_ws/install/my_first_package_mags/local/lib/python3.10/dist-packages/my_first_package_mags/msg'...
Compiling '/home/kiro04/Documents/robot_ws/ros2_ws/install/my_first_package_mags/local/lib/python3.10/dist-packages/my_first_package_mags/msg/__init__.py'...
Compiling '/home/kiro04/Documents/robot_ws/ros2_ws/install/my_first_package_mags/local/lib/python3.10/dist-packages/my_first_package_mags/msg/_cmd_and_pose_vel.py'...
-- Installing: /home/kiro04/Documents/robot_ws/ros2_ws/install/my_first_package_mags/local/lib/python3.10/dist-packages/my_first_package_mags/my_first_package_mags_s__rosidl_typesupport_fastrtps_c.cpython-310-x86_64-linux-gnu.so
-- Set runtime path of "/home/kiro04/Documents/robot_ws/ros2_ws/install/my_first_package_mags/local/lib/python3.10/dist-packages/my_first_package_mags/my_first_package_mags_s__rosidl_typesupport_fastrtps_c.cpython-310-x86_64-linux-gnu.so" to ""
-- Installing: /home/kiro04/Documents/robot_ws/ros2_ws/install/my_first_package_mags/local/lib/python3.10/dist-packages/my_first_package_mags/my_first_package_mags_s__rosidl_typesupport_introspection_c.cpython-310-x86_64-linux-gnu.so
-- Set runtime path of "/home/kiro04/Documents/robot_ws/ros2_ws/install/my_first_package_mags/local/lib/python3.10/dist-packages/my_first_package_mags/my_first_package_mags_s__rosidl_typesupport_introspection_c.cpython-310-x86_64-linux-gnu.so" to ""
-- Installing: /home/kiro04/Documents/robot_ws/ros2_ws/install/my_first_package_mags/local/lib/python3.10/dist-packages/my_first_package_mags/my_first_package_mags_s__rosidl_typesupport_c.cpython-310-x86_64-linux-gnu.so
-- Set runtime path of "/home/kiro04/Documents/robot_ws/ros2_ws/install/my_first_package_mags/local/lib/python3.10/dist-packages/my_first_package_mags/my_first_package_mags_s__rosidl_typesupport_c.cpython-310-x86_64-linux-gnu.so" to ""
-- Installing: /home/kiro04/Documents/robot_ws/ros2_ws/install/my_first_package_mags/lib/libmy_first_package_mags__rosidl_generator_py.so
-- Set runtime path of "/home/kiro04/Documents/robot_ws/ros2_ws/install/my_first_package_mags/lib/libmy_first_package_mags__rosidl_generator_py.so" to ""
-- Installing: /home/kiro04/Documents/robot_ws/ros2_ws/install/my_first_package_mags/share/my_first_package_mags/msg/CmdAndPoseVel.idl
-- Installing: /home/kiro04/Documents/robot_ws/ros2_ws/install/my_first_package_mags/share/my_first_package_mags/msg/CmdAndPoseVel.msg
-- Installing: /home/kiro04/Documents/robot_ws/ros2_ws/install/my_first_package_mags/share/ament_index/resource_index/package_run_dependencies/my_first_package_mags
-- Installing: /home/kiro04/Documents/robot_ws/ros2_ws/install/my_first_package_mags/share/ament_index/resource_index/parent_prefix_path/my_first_package_mags
-- Installing: /home/kiro04/Documents/robot_ws/ros2_ws/install/my_first_package_mags/share/my_first_package_mags/environment/ament_prefix_path.sh
-- Installing: /home/kiro04/Documents/robot_ws/ros2_ws/install/my_first_package_mags/share/my_first_package_mags/environment/ament_prefix_path.dsv
-- Installing: /home/kiro04/Documents/robot_ws/ros2_ws/install/my_first_package_mags/share/my_first_package_mags/environment/path.sh
-- Installing: /home/kiro04/Documents/robot_ws/ros2_ws/install/my_first_package_mags/share/my_first_package_mags/environment/path.dsv
-- Installing: /home/kiro04/Documents/robot_ws/ros2_ws/install/my_first_package_mags/share/my_first_package_mags/local_setup.bash
-- Installing: /home/kiro04/Documents/robot_ws/ros2_ws/install/my_first_package_mags/share/my_first_package_mags/local_setup.sh
-- Installing: /home/kiro04/Documents/robot_ws/ros2_ws/install/my_first_package_mags/share/my_first_package_mags/local_setup.zsh
-- Installing: /home/kiro04/Documents/robot_ws/ros2_ws/install/my_first_package_mags/share/my_first_package_mags/local_setup.dsv
-- Installing: /home/kiro04/Documents/robot_ws/ros2_ws/install/my_first_package_mags/share/my_first_package_mags/package.dsv
-- Installing: /home/kiro04/Documents/robot_ws/ros2_ws/install/my_first_package_mags/share/ament_index/resource_index/packages/my_first_package_mags
-- Installing: /home/kiro04/Documents/robot_ws/ros2_ws/install/my_first_package_mags/share/my_first_package_mags/cmake/export_my_first_package_mags__rosidl_generator_cExport.cmake
-- Installing: /home/kiro04/Documents/robot_ws/ros2_ws/install/my_first_package_mags/share/my_first_package_mags/cmake/export_my_first_package_mags__rosidl_generator_cExport-noconfig.cmake
-- Installing: /home/kiro04/Documents/robot_ws/ros2_ws/install/my_first_package_mags/share/my_first_package_mags/cmake/export_my_first_package_mags__rosidl_typesupport_fastrtps_cExport.cmake
-- Installing: /home/kiro04/Documents/robot_ws/ros2_ws/install/my_first_package_mags/share/my_first_package_mags/cmake/export_my_first_package_mags__rosidl_typesupport_fastrtps_cExport-noconfig.cmake
-- Installing: /home/kiro04/Documents/robot_ws/ros2_ws/install/my_first_package_mags/share/my_first_package_mags/cmake/my_first_package_mags__rosidl_typesupport_introspection_cExport.cmake
-- Installing: /home/kiro04/Documents/robot_ws/ros2_ws/install/my_first_package_mags/share/my_first_package_mags/cmake/my_first_package_mags__rosidl_typesupport_introspection_cExport-noconfig.cmake
-- Installing: /home/kiro04/Documents/robot_ws/ros2_ws/install/my_first_package_mags/share/my_first_package_mags/cmake/my_first_package_mags__rosidl_typesupport_cExport.cmake
-- Installing: /home/kiro04/Documents/robot_ws/ros2_ws/install/my_first_package_mags/share/my_first_package_mags/cmake/my_first_package_mags__rosidl_typesupport_cExport-noconfig.cmake
-- Installing: /home/kiro04/Documents/robot_ws/ros2_ws/install/my_first_package_mags/share/my_first_package_mags/cmake/export_my_first_package_mags__rosidl_generator_cppExport.cmake
-- Installing: /home/kiro04/Documents/robot_ws/ros2_ws/install/my_first_package_mags/share/my_first_package_mags/cmake/export_my_first_package_mags__rosidl_typesupport_fastrtps_cppExport.cmake
-- Installing: /home/kiro04/Documents/robot_ws/ros2_ws/install/my_first_package_mags/share/my_first_package_mags/cmake/export_my_first_package_mags__rosidl_typesupport_fastrtps_cppExport-noconfig.cmake
-- Installing: /home/kiro04/Documents/robot_ws/ros2_ws/install/my_first_package_mags/share/my_first_package_mags/cmake/my_first_package_mags__rosidl_typesupport_introspection_cppExport.cmake
-- Installing: /home/kiro04/Documents/robot_ws/ros2_ws/install/my_first_package_mags/share/my_first_package_mags/cmake/my_first_package_mags__rosidl_typesupport_introspection_cppExport-noconfig.cmake
-- Installing: /home/kiro04/Documents/robot_ws/ros2_ws/install/my_first_package_mags/share/my_first_package_mags/cmake/my_first_package_mags__rosidl_typesupport_cppExport.cmake
-- Installing: /home/kiro04/Documents/robot_ws/ros2_ws/install/my_first_package_mags/share/my_first_package_mags/cmake/my_first_package_mags__rosidl_typesupport_cppExport-noconfig.cmake
-- Installing: /home/kiro04/Documents/robot_ws/ros2_ws/install/my_first_package_mags/share/my_first_package_mags/cmake/export_my_first_package_mags__rosidl_generator_pyExport.cmake
-- Installing: /home/kiro04/Documents/robot_ws/ros2_ws/install/my_first_package_mags/share/my_first_package_mags/cmake/export_my_first_package_mags__rosidl_generator_pyExport-noconfig.cmake
-- Installing: /home/kiro04/Documents/robot_ws/ros2_ws/install/my_first_package_mags/share/my_first_package_mags/cmake/rosidl_cmake-extras.cmake
-- Installing: /home/kiro04/Documents/robot_ws/ros2_ws/install/my_first_package_mags/share/my_first_package_mags/cmake/ament_cmake_export_include_directories-extras.cmake
-- Installing: /home/kiro04/Documents/robot_ws/ros2_ws/install/my_first_package_mags/share/my_first_package_mags/cmake/ament_cmake_export_libraries-extras.cmake
-- Installing: /home/kiro04/Documents/robot_ws/ros2_ws/install/my_first_package_mags/share/my_first_package_mags/cmake/ament_cmake_export_targets-extras.cmake
-- Installing: /home/kiro04/Documents/robot_ws/ros2_ws/install/my_first_package_mags/share/my_first_package_mags/cmake/rosidl_cmake_export_typesupport_targets-extras.cmake
-- Installing: /home/kiro04/Documents/robot_ws/ros2_ws/install/my_first_package_mags/share/my_first_package_mags/cmake/ament_cmake_export_dependencies-extras.cmake
-- Installing: /home/kiro04/Documents/robot_ws/ros2_ws/install/my_first_package_mags/share/my_first_package_mags/cmake/rosidl_cmake_export_typesupport_libraries-extras.cmake
-- Installing: /home/kiro04/Documents/robot_ws/ros2_ws/install/my_first_package_mags/share/my_first_package_mags/cmake/my_first_package_magsConfig.cmake
-- Installing: /home/kiro04/Documents/robot_ws/ros2_ws/install/my_first_package_mags/share/my_first_package_mags/cmake/my_first_package_magsConfig-version.cmake
-- Installing: /home/kiro04/Documents/robot_ws/ros2_ws/install/my_first_package_mags/share/my_first_package_mags/package.xml
