[0.338s] DEBUG:colcon:Command line arguments: ['/usr/bin/colcon', 'build']
[0.339s] DEBUG:colcon:Parsed command line arguments: Namespace(log_base=None, log_level=None, verb_name='build', build_base='build', install_base='install', merge_install=False, symlink_install=False, test_result_base=None, continue_on_error=False, executor='parallel', parallel_workers=8, event_handlers=None, ignore_user_meta=False, metas=['./colcon.meta'], base_paths=['.'], packages_ignore=None, packages_ignore_regex=None, paths=None, packages_up_to=None, packages_up_to_regex=None, packages_above=None, packages_above_and_dependencies=None, packages_above_depth=None, packages_select_by_dep=None, packages_skip_by_dep=None, packages_skip_up_to=None, packages_select_build_failed=False, packages_skip_build_finished=False, packages_select_test_failures=False, packages_skip_test_passed=False, packages_select=None, packages_skip=None, packages_select_regex=None, packages_skip_regex=None, packages_start=None, packages_end=None, allow_overriding=[], cmake_args=None, cmake_target=None, cmake_target_skip_unavailable=False, cmake_clean_cache=False, cmake_clean_first=False, cmake_force_configure=False, ament_cmake_args=None, catkin_cmake_args=None, catkin_skip_building_tests=False, verb_parser=<colcon_defaults.argument_parser.defaults.DefaultArgumentsDecorator object at 0x7fb208bdd060>, verb_extension=<colcon_core.verb.build.BuildVerb object at 0x7fb208d65030>, main=<bound method BuildVerb.main of <colcon_core.verb.build.BuildVerb object at 0x7fb208d65030>>)
[0.371s] Level 1:colcon.colcon_core.package_discovery:discover_packages(colcon_meta) check parameters
[0.371s] Level 1:colcon.colcon_core.package_discovery:discover_packages(recursive) check parameters
[0.371s] Level 1:colcon.colcon_core.package_discovery:discover_packages(ignore) check parameters
[0.371s] Level 1:colcon.colcon_core.package_discovery:discover_packages(path) check parameters
[0.371s] Level 1:colcon.colcon_core.package_discovery:discover_packages(colcon_meta) discover
[0.371s] Level 1:colcon.colcon_core.package_discovery:discover_packages(recursive) discover
[0.371s] INFO:colcon.colcon_core.package_discovery:Crawling recursively for packages in '/home/kiro04/Documents/robot_ws/ros2_ws'
[0.371s] Level 1:colcon.colcon_core.package_identification:_identify(.) by extensions ['ignore', 'ignore_ament_install']
[0.371s] Level 1:colcon.colcon_core.package_identification:_identify(.) by extension 'ignore'
[0.371s] Level 1:colcon.colcon_core.package_identification:_identify(.) by extension 'ignore_ament_install'
[0.371s] Level 1:colcon.colcon_core.package_identification:_identify(.) by extensions ['colcon_pkg']
[0.372s] Level 1:colcon.colcon_core.package_identification:_identify(.) by extension 'colcon_pkg'
[0.372s] Level 1:colcon.colcon_core.package_identification:_identify(.) by extensions ['colcon_meta']
[0.372s] Level 1:colcon.colcon_core.package_identification:_identify(.) by extension 'colcon_meta'
[0.372s] Level 1:colcon.colcon_core.package_identification:_identify(.) by extensions ['ros']
[0.372s] Level 1:colcon.colcon_core.package_identification:_identify(.) by extension 'ros'
[0.386s] Level 1:colcon.colcon_core.package_identification:_identify(.) by extensions ['cmake', 'python']
[0.386s] Level 1:colcon.colcon_core.package_identification:_identify(.) by extension 'cmake'
[0.386s] Level 1:colcon.colcon_core.package_identification:_identify(.) by extension 'python'
[0.386s] Level 1:colcon.colcon_core.package_identification:_identify(.) by extensions ['python_setup_py']
[0.386s] Level 1:colcon.colcon_core.package_identification:_identify(.) by extension 'python_setup_py'
[0.386s] Level 1:colcon.colcon_core.package_identification:_identify(build) by extensions ['ignore', 'ignore_ament_install']
[0.386s] Level 1:colcon.colcon_core.package_identification:_identify(build) by extension 'ignore'
[0.386s] Level 1:colcon.colcon_core.package_identification:_identify(build) ignored
[0.386s] Level 1:colcon.colcon_core.package_identification:_identify(install) by extensions ['ignore', 'ignore_ament_install']
[0.387s] Level 1:colcon.colcon_core.package_identification:_identify(install) by extension 'ignore'
[0.387s] Level 1:colcon.colcon_core.package_identification:_identify(install) ignored
[0.387s] Level 1:colcon.colcon_core.package_identification:_identify(log) by extensions ['ignore', 'ignore_ament_install']
[0.387s] Level 1:colcon.colcon_core.package_identification:_identify(log) by extension 'ignore'
[0.387s] Level 1:colcon.colcon_core.package_identification:_identify(log) ignored
[0.387s] Level 1:colcon.colcon_core.package_identification:_identify(src) by extensions ['ignore', 'ignore_ament_install']
[0.387s] Level 1:colcon.colcon_core.package_identification:_identify(src) by extension 'ignore'
[0.387s] Level 1:colcon.colcon_core.package_identification:_identify(src) by extension 'ignore_ament_install'
[0.387s] Level 1:colcon.colcon_core.package_identification:_identify(src) by extensions ['colcon_pkg']
[0.387s] Level 1:colcon.colcon_core.package_identification:_identify(src) by extension 'colcon_pkg'
[0.387s] Level 1:colcon.colcon_core.package_identification:_identify(src) by extensions ['colcon_meta']
[0.387s] Level 1:colcon.colcon_core.package_identification:_identify(src) by extension 'colcon_meta'
[0.387s] Level 1:colcon.colcon_core.package_identification:_identify(src) by extensions ['ros']
[0.388s] Level 1:colcon.colcon_core.package_identification:_identify(src) by extension 'ros'
[0.388s] Level 1:colcon.colcon_core.package_identification:_identify(src) by extensions ['cmake', 'python']
[0.388s] Level 1:colcon.colcon_core.package_identification:_identify(src) by extension 'cmake'
[0.388s] Level 1:colcon.colcon_core.package_identification:_identify(src) by extension 'python'
[0.388s] Level 1:colcon.colcon_core.package_identification:_identify(src) by extensions ['python_setup_py']
[0.388s] Level 1:colcon.colcon_core.package_identification:_identify(src) by extension 'python_setup_py'
[0.388s] Level 1:colcon.colcon_core.package_identification:_identify(src/arduino_tutorial) by extensions ['ignore', 'ignore_ament_install']
[0.388s] Level 1:colcon.colcon_core.package_identification:_identify(src/arduino_tutorial) by extension 'ignore'
[0.388s] Level 1:colcon.colcon_core.package_identification:_identify(src/arduino_tutorial) by extension 'ignore_ament_install'
[0.388s] Level 1:colcon.colcon_core.package_identification:_identify(src/arduino_tutorial) by extensions ['colcon_pkg']
[0.388s] Level 1:colcon.colcon_core.package_identification:_identify(src/arduino_tutorial) by extension 'colcon_pkg'
[0.389s] Level 1:colcon.colcon_core.package_identification:_identify(src/arduino_tutorial) by extensions ['colcon_meta']
[0.389s] Level 1:colcon.colcon_core.package_identification:_identify(src/arduino_tutorial) by extension 'colcon_meta'
[0.389s] Level 1:colcon.colcon_core.package_identification:_identify(src/arduino_tutorial) by extensions ['ros']
[0.389s] Level 1:colcon.colcon_core.package_identification:_identify(src/arduino_tutorial) by extension 'ros'
[0.392s] DEBUG:colcon.colcon_core.package_identification:Package 'src/arduino_tutorial' with type 'ros.ament_python' and name 'arduino_tutorial'
[0.392s] Level 1:colcon.colcon_core.package_identification:_identify(src/my_first_package) by extensions ['ignore', 'ignore_ament_install']
[0.392s] Level 1:colcon.colcon_core.package_identification:_identify(src/my_first_package) by extension 'ignore'
[0.392s] Level 1:colcon.colcon_core.package_identification:_identify(src/my_first_package) by extension 'ignore_ament_install'
[0.392s] Level 1:colcon.colcon_core.package_identification:_identify(src/my_first_package) by extensions ['colcon_pkg']
[0.392s] Level 1:colcon.colcon_core.package_identification:_identify(src/my_first_package) by extension 'colcon_pkg'
[0.392s] Level 1:colcon.colcon_core.package_identification:_identify(src/my_first_package) by extensions ['colcon_meta']
[0.392s] Level 1:colcon.colcon_core.package_identification:_identify(src/my_first_package) by extension 'colcon_meta'
[0.392s] Level 1:colcon.colcon_core.package_identification:_identify(src/my_first_package) by extensions ['ros']
[0.393s] Level 1:colcon.colcon_core.package_identification:_identify(src/my_first_package) by extension 'ros'
[0.393s] DEBUG:colcon.colcon_core.package_identification:Package 'src/my_first_package' with type 'ros.ament_python' and name 'my_first_package'
[0.393s] Level 1:colcon.colcon_core.package_identification:_identify(src/my_first_package_msgs) by extensions ['ignore', 'ignore_ament_install']
[0.393s] Level 1:colcon.colcon_core.package_identification:_identify(src/my_first_package_msgs) by extension 'ignore'
[0.393s] Level 1:colcon.colcon_core.package_identification:_identify(src/my_first_package_msgs) by extension 'ignore_ament_install'
[0.393s] Level 1:colcon.colcon_core.package_identification:_identify(src/my_first_package_msgs) by extensions ['colcon_pkg']
[0.393s] Level 1:colcon.colcon_core.package_identification:_identify(src/my_first_package_msgs) by extension 'colcon_pkg'
[0.393s] Level 1:colcon.colcon_core.package_identification:_identify(src/my_first_package_msgs) by extensions ['colcon_meta']
[0.394s] Level 1:colcon.colcon_core.package_identification:_identify(src/my_first_package_msgs) by extension 'colcon_meta'
[0.394s] Level 1:colcon.colcon_core.package_identification:_identify(src/my_first_package_msgs) by extensions ['ros']
[0.394s] Level 1:colcon.colcon_core.package_identification:_identify(src/my_first_package_msgs) by extension 'ros'
[0.394s] DEBUG:colcon.colcon_core.package_identification:Package 'src/my_first_package_msgs' with type 'ros.ament_cmake' and name 'my_first_package_msgs'
[0.394s] Level 1:colcon.colcon_core.package_discovery:discover_packages(recursive) using defaults
[0.394s] Level 1:colcon.colcon_core.package_discovery:discover_packages(ignore) discover
[0.394s] Level 1:colcon.colcon_core.package_discovery:discover_packages(ignore) using defaults
[0.394s] Level 1:colcon.colcon_core.package_discovery:discover_packages(path) discover
[0.394s] Level 1:colcon.colcon_core.package_discovery:discover_packages(path) using defaults
[0.422s] Level 1:colcon.colcon_core.package_discovery:discover_packages(prefix_path) check parameters
[0.422s] Level 1:colcon.colcon_core.package_discovery:discover_packages(prefix_path) discover
[0.426s] DEBUG:colcon.colcon_installed_package_information.package_discovery:Found 4 installed packages in /home/kiro04/Documents/robot_ws/ros2_ws/install
[0.429s] DEBUG:colcon.colcon_installed_package_information.package_discovery:Found 270 installed packages in /opt/ros/humble
[0.431s] Level 1:colcon.colcon_core.package_discovery:discover_packages(prefix_path) using defaults
[0.488s] Level 5:colcon.colcon_core.verb:set package 'arduino_tutorial' build argument 'cmake_args' from command line to 'None'
[0.488s] Level 5:colcon.colcon_core.verb:set package 'arduino_tutorial' build argument 'cmake_target' from command line to 'None'
[0.489s] Level 5:colcon.colcon_core.verb:set package 'arduino_tutorial' build argument 'cmake_target_skip_unavailable' from command line to 'False'
[0.489s] Level 5:colcon.colcon_core.verb:set package 'arduino_tutorial' build argument 'cmake_clean_cache' from command line to 'False'
[0.489s] Level 5:colcon.colcon_core.verb:set package 'arduino_tutorial' build argument 'cmake_clean_first' from command line to 'False'
[0.489s] Level 5:colcon.colcon_core.verb:set package 'arduino_tutorial' build argument 'cmake_force_configure' from command line to 'False'
[0.489s] Level 5:colcon.colcon_core.verb:set package 'arduino_tutorial' build argument 'ament_cmake_args' from command line to 'None'
[0.489s] Level 5:colcon.colcon_core.verb:set package 'arduino_tutorial' build argument 'catkin_cmake_args' from command line to 'None'
[0.489s] Level 5:colcon.colcon_core.verb:set package 'arduino_tutorial' build argument 'catkin_skip_building_tests' from command line to 'False'
[0.489s] DEBUG:colcon.colcon_core.verb:Building package 'arduino_tutorial' with the following arguments: {'ament_cmake_args': None, 'build_base': '/home/kiro04/Documents/robot_ws/ros2_ws/build/arduino_tutorial', 'catkin_cmake_args': None, 'catkin_skip_building_tests': False, 'cmake_args': None, 'cmake_clean_cache': False, 'cmake_clean_first': False, 'cmake_force_configure': False, 'cmake_target': None, 'cmake_target_skip_unavailable': False, 'install_base': '/home/kiro04/Documents/robot_ws/ros2_ws/install/arduino_tutorial', 'merge_install': False, 'path': '/home/kiro04/Documents/robot_ws/ros2_ws/src/arduino_tutorial', 'symlink_install': False, 'test_result_base': None}
[0.490s] Level 5:colcon.colcon_core.verb:set package 'my_first_package' build argument 'cmake_args' from command line to 'None'
[0.490s] Level 5:colcon.colcon_core.verb:set package 'my_first_package' build argument 'cmake_target' from command line to 'None'
[0.490s] Level 5:colcon.colcon_core.verb:set package 'my_first_package' build argument 'cmake_target_skip_unavailable' from command line to 'False'
[0.490s] Level 5:colcon.colcon_core.verb:set package 'my_first_package' build argument 'cmake_clean_cache' from command line to 'False'
[0.490s] Level 5:colcon.colcon_core.verb:set package 'my_first_package' build argument 'cmake_clean_first' from command line to 'False'
[0.490s] Level 5:colcon.colcon_core.verb:set package 'my_first_package' build argument 'cmake_force_configure' from command line to 'False'
[0.490s] Level 5:colcon.colcon_core.verb:set package 'my_first_package' build argument 'ament_cmake_args' from command line to 'None'
[0.490s] Level 5:colcon.colcon_core.verb:set package 'my_first_package' build argument 'catkin_cmake_args' from command line to 'None'
[0.490s] Level 5:colcon.colcon_core.verb:set package 'my_first_package' build argument 'catkin_skip_building_tests' from command line to 'False'
[0.490s] DEBUG:colcon.colcon_core.verb:Building package 'my_first_package' with the following arguments: {'ament_cmake_args': None, 'build_base': '/home/kiro04/Documents/robot_ws/ros2_ws/build/my_first_package', 'catkin_cmake_args': None, 'catkin_skip_building_tests': False, 'cmake_args': None, 'cmake_clean_cache': False, 'cmake_clean_first': False, 'cmake_force_configure': False, 'cmake_target': None, 'cmake_target_skip_unavailable': False, 'install_base': '/home/kiro04/Documents/robot_ws/ros2_ws/install/my_first_package', 'merge_install': False, 'path': '/home/kiro04/Documents/robot_ws/ros2_ws/src/my_first_package', 'symlink_install': False, 'test_result_base': None}
[0.491s] Level 5:colcon.colcon_core.verb:set package 'my_first_package_msgs' build argument 'cmake_args' from command line to 'None'
[0.491s] Level 5:colcon.colcon_core.verb:set package 'my_first_package_msgs' build argument 'cmake_target' from command line to 'None'
[0.491s] Level 5:colcon.colcon_core.verb:set package 'my_first_package_msgs' build argument 'cmake_target_skip_unavailable' from command line to 'False'
[0.491s] Level 5:colcon.colcon_core.verb:set package 'my_first_package_msgs' build argument 'cmake_clean_cache' from command line to 'False'
[0.491s] Level 5:colcon.colcon_core.verb:set package 'my_first_package_msgs' build argument 'cmake_clean_first' from command line to 'False'
[0.491s] Level 5:colcon.colcon_core.verb:set package 'my_first_package_msgs' build argument 'cmake_force_configure' from command line to 'False'
[0.491s] Level 5:colcon.colcon_core.verb:set package 'my_first_package_msgs' build argument 'ament_cmake_args' from command line to 'None'
[0.491s] Level 5:colcon.colcon_core.verb:set package 'my_first_package_msgs' build argument 'catkin_cmake_args' from command line to 'None'
[0.491s] Level 5:colcon.colcon_core.verb:set package 'my_first_package_msgs' build argument 'catkin_skip_building_tests' from command line to 'False'
[0.491s] DEBUG:colcon.colcon_core.verb:Building package 'my_first_package_msgs' with the following arguments: {'ament_cmake_args': None, 'build_base': '/home/kiro04/Documents/robot_ws/ros2_ws/build/my_first_package_msgs', 'catkin_cmake_args': None, 'catkin_skip_building_tests': False, 'cmake_args': None, 'cmake_clean_cache': False, 'cmake_clean_first': False, 'cmake_force_configure': False, 'cmake_target': None, 'cmake_target_skip_unavailable': False, 'install_base': '/home/kiro04/Documents/robot_ws/ros2_ws/install/my_first_package_msgs', 'merge_install': False, 'path': '/home/kiro04/Documents/robot_ws/ros2_ws/src/my_first_package_msgs', 'symlink_install': False, 'test_result_base': None}
[0.492s] INFO:colcon.colcon_core.executor:Executing jobs using 'parallel' executor
[0.495s] DEBUG:colcon.colcon_parallel_executor.executor.parallel:run_until_complete
[0.495s] INFO:colcon.colcon_ros.task.ament_python.build:Building ROS package in '/home/kiro04/Documents/robot_ws/ros2_ws/src/arduino_tutorial' with build type 'ament_python'
[0.495s] Level 1:colcon.colcon_core.shell:create_environment_hook('arduino_tutorial', 'ament_prefix_path')
[0.500s] INFO:colcon.colcon_core.plugin_system:Skipping extension 'colcon_core.shell.bat': Not used on non-Windows systems
[0.500s] INFO:colcon.colcon_core.shell:Creating environment hook '/home/kiro04/Documents/robot_ws/ros2_ws/install/arduino_tutorial/share/arduino_tutorial/hook/ament_prefix_path.ps1'
[0.501s] INFO:colcon.colcon_core.shell:Creating environment descriptor '/home/kiro04/Documents/robot_ws/ros2_ws/install/arduino_tutorial/share/arduino_tutorial/hook/ament_prefix_path.dsv'
[0.501s] INFO:colcon.colcon_core.shell:Creating environment hook '/home/kiro04/Documents/robot_ws/ros2_ws/install/arduino_tutorial/share/arduino_tutorial/hook/ament_prefix_path.sh'
[0.503s] INFO:colcon.colcon_core.shell:Skip shell extension 'powershell' for command environment: Not usable outside of PowerShell
[0.503s] DEBUG:colcon.colcon_core.shell:Skip shell extension 'dsv' for command environment
[0.507s] INFO:colcon.colcon_ros.task.ament_python.build:Building ROS package in '/home/kiro04/Documents/robot_ws/ros2_ws/src/my_first_package' with build type 'ament_python'
[0.507s] Level 1:colcon.colcon_core.shell:create_environment_hook('my_first_package', 'ament_prefix_path')
[0.509s] INFO:colcon.colcon_core.shell:Creating environment hook '/home/kiro04/Documents/robot_ws/ros2_ws/install/my_first_package/share/my_first_package/hook/ament_prefix_path.ps1'
[0.511s] INFO:colcon.colcon_core.shell:Creating environment descriptor '/home/kiro04/Documents/robot_ws/ros2_ws/install/my_first_package/share/my_first_package/hook/ament_prefix_path.dsv'
[0.511s] INFO:colcon.colcon_core.shell:Creating environment hook '/home/kiro04/Documents/robot_ws/ros2_ws/install/my_first_package/share/my_first_package/hook/ament_prefix_path.sh'
[0.513s] INFO:colcon.colcon_core.shell:Skip shell extension 'powershell' for command environment: Not usable outside of PowerShell
[0.513s] DEBUG:colcon.colcon_core.shell:Skip shell extension 'dsv' for command environment
[0.518s] INFO:colcon.colcon_ros.task.ament_cmake.build:Building ROS package in '/home/kiro04/Documents/robot_ws/ros2_ws/src/my_first_package_msgs' with build type 'ament_cmake'
[0.518s] INFO:colcon.colcon_cmake.task.cmake.build:Building CMake package in '/home/kiro04/Documents/robot_ws/ros2_ws/src/my_first_package_msgs'
[0.519s] INFO:colcon.colcon_core.shell:Skip shell extension 'powershell' for command environment: Not usable outside of PowerShell
[0.519s] DEBUG:colcon.colcon_core.shell:Skip shell extension 'dsv' for command environment
[0.839s] INFO:colcon.colcon_core.task.python.build:Building Python package in '/home/kiro04/Documents/robot_ws/ros2_ws/src/arduino_tutorial'
[0.840s] INFO:colcon.colcon_core.shell:Skip shell extension 'powershell' for command environment: Not usable outside of PowerShell
[0.840s] DEBUG:colcon.colcon_core.shell:Skip shell extension 'dsv' for command environment
[1.133s] INFO:colcon.colcon_core.task.python.build:Building Python package in '/home/kiro04/Documents/robot_ws/ros2_ws/src/my_first_package'
[1.135s] INFO:colcon.colcon_core.shell:Skip shell extension 'powershell' for command environment: Not usable outside of PowerShell
[1.135s] DEBUG:colcon.colcon_core.shell:Skip shell extension 'dsv' for command environment
[1.144s] DEBUG:colcon.colcon_core.event_handler.log_command:Invoking command in '/home/kiro04/Documents/robot_ws/ros2_ws/build/my_first_package_msgs': CMAKE_PREFIX_PATH=${CMAKE_PREFIX_PATH}:/home/kiro04/Documents/robot_ws/ros2_ws/install/my_first_package:/home/kiro04/Documents/robot_ws/ros2_ws/install/arduino_tutorial:/opt/ros/humble /usr/bin/cmake --build /home/kiro04/Documents/robot_ws/ros2_ws/build/my_first_package_msgs -- -j8 -l8
[1.764s] DEBUG:colcon.colcon_core.event_handler.log_command:Invoked command in '/home/kiro04/Documents/robot_ws/ros2_ws/build/my_first_package_msgs' returned '0': CMAKE_PREFIX_PATH=${CMAKE_PREFIX_PATH}:/home/kiro04/Documents/robot_ws/ros2_ws/install/my_first_package:/home/kiro04/Documents/robot_ws/ros2_ws/install/arduino_tutorial:/opt/ros/humble /usr/bin/cmake --build /home/kiro04/Documents/robot_ws/ros2_ws/build/my_first_package_msgs -- -j8 -l8
[1.777s] DEBUG:colcon.colcon_core.event_handler.log_command:Invoking command in '/home/kiro04/Documents/robot_ws/ros2_ws/src/my_first_package': PYTHONPATH=/home/kiro04/Documents/robot_ws/ros2_ws/build/my_first_package/prefix_override:/home/kiro04/Documents/robot_ws/ros2_ws/install/my_first_package/lib/python3.10/site-packages:${PYTHONPATH} /usr/bin/python3 setup.py egg_info --egg-base ../../build/my_first_package build --build-base /home/kiro04/Documents/robot_ws/ros2_ws/build/my_first_package/build install --record /home/kiro04/Documents/robot_ws/ros2_ws/build/my_first_package/install.log --single-version-externally-managed
[1.796s] DEBUG:colcon.colcon_core.event_handler.log_command:Invoking command in '/home/kiro04/Documents/robot_ws/ros2_ws/src/arduino_tutorial': PYTHONPATH=/home/kiro04/Documents/robot_ws/ros2_ws/build/arduino_tutorial/prefix_override:/home/kiro04/Documents/robot_ws/ros2_ws/install/arduino_tutorial/lib/python3.10/site-packages:${PYTHONPATH} /usr/bin/python3 setup.py egg_info --egg-base ../../build/arduino_tutorial build --build-base /home/kiro04/Documents/robot_ws/ros2_ws/build/arduino_tutorial/build install --record /home/kiro04/Documents/robot_ws/ros2_ws/build/arduino_tutorial/install.log --single-version-externally-managed
[1.875s] DEBUG:colcon.colcon_core.event_handler.log_command:Invoking command in '/home/kiro04/Documents/robot_ws/ros2_ws/build/my_first_package_msgs': CMAKE_PREFIX_PATH=${CMAKE_PREFIX_PATH}:/home/kiro04/Documents/robot_ws/ros2_ws/install/my_first_package:/home/kiro04/Documents/robot_ws/ros2_ws/install/arduino_tutorial:/opt/ros/humble /usr/bin/cmake --install /home/kiro04/Documents/robot_ws/ros2_ws/build/my_first_package_msgs
[1.956s] Level 1:colcon.colcon_core.environment:create_environment_scripts_only(my_first_package_msgs)
[1.961s] DEBUG:colcon.colcon_core.event_handler.log_command:Invoked command in '/home/kiro04/Documents/robot_ws/ros2_ws/build/my_first_package_msgs' returned '0': CMAKE_PREFIX_PATH=${CMAKE_PREFIX_PATH}:/home/kiro04/Documents/robot_ws/ros2_ws/install/my_first_package:/home/kiro04/Documents/robot_ws/ros2_ws/install/arduino_tutorial:/opt/ros/humble /usr/bin/cmake --install /home/kiro04/Documents/robot_ws/ros2_ws/build/my_first_package_msgs
[1.965s] Level 1:colcon.colcon_core.environment:checking '/home/kiro04/Documents/robot_ws/ros2_ws/install/my_first_package_msgs' for CMake module files
[1.966s] Level 1:colcon.colcon_core.environment:checking '/home/kiro04/Documents/robot_ws/ros2_ws/install/my_first_package_msgs' for CMake config files
[1.967s] Level 1:colcon.colcon_core.shell:create_environment_hook('my_first_package_msgs', 'cmake_prefix_path')
[1.969s] INFO:colcon.colcon_core.shell:Creating environment hook '/home/kiro04/Documents/robot_ws/ros2_ws/install/my_first_package_msgs/share/my_first_package_msgs/hook/cmake_prefix_path.ps1'
[1.969s] INFO:colcon.colcon_core.shell:Creating environment descriptor '/home/kiro04/Documents/robot_ws/ros2_ws/install/my_first_package_msgs/share/my_first_package_msgs/hook/cmake_prefix_path.dsv'
[1.970s] INFO:colcon.colcon_core.shell:Creating environment hook '/home/kiro04/Documents/robot_ws/ros2_ws/install/my_first_package_msgs/share/my_first_package_msgs/hook/cmake_prefix_path.sh'
[1.971s] Level 1:colcon.colcon_core.environment:checking '/home/kiro04/Documents/robot_ws/ros2_ws/install/my_first_package_msgs/lib'
[1.971s] Level 1:colcon.colcon_core.shell:create_environment_hook('my_first_package_msgs', 'ld_library_path_lib')
[1.973s] INFO:colcon.colcon_core.shell:Creating environment hook '/home/kiro04/Documents/robot_ws/ros2_ws/install/my_first_package_msgs/share/my_first_package_msgs/hook/ld_library_path_lib.ps1'
[1.973s] INFO:colcon.colcon_core.shell:Creating environment descriptor '/home/kiro04/Documents/robot_ws/ros2_ws/install/my_first_package_msgs/share/my_first_package_msgs/hook/ld_library_path_lib.dsv'
[1.974s] INFO:colcon.colcon_core.shell:Creating environment hook '/home/kiro04/Documents/robot_ws/ros2_ws/install/my_first_package_msgs/share/my_first_package_msgs/hook/ld_library_path_lib.sh'
[1.974s] Level 1:colcon.colcon_core.environment:checking '/home/kiro04/Documents/robot_ws/ros2_ws/install/my_first_package_msgs/bin'
[1.974s] Level 1:colcon.colcon_core.environment:checking '/home/kiro04/Documents/robot_ws/ros2_ws/install/my_first_package_msgs/lib/pkgconfig/my_first_package_msgs.pc'
[1.975s] Level 1:colcon.colcon_core.environment:checking '/home/kiro04/Documents/robot_ws/ros2_ws/install/my_first_package_msgs/lib/python3.10/site-packages'
[1.975s] Level 1:colcon.colcon_core.environment:checking '/home/kiro04/Documents/robot_ws/ros2_ws/install/my_first_package_msgs/bin'
[1.977s] INFO:colcon.colcon_core.shell:Creating package script '/home/kiro04/Documents/robot_ws/ros2_ws/install/my_first_package_msgs/share/my_first_package_msgs/package.ps1'
[1.978s] INFO:colcon.colcon_core.shell:Creating package descriptor '/home/kiro04/Documents/robot_ws/ros2_ws/install/my_first_package_msgs/share/my_first_package_msgs/package.dsv'
[1.979s] INFO:colcon.colcon_core.shell:Creating package script '/home/kiro04/Documents/robot_ws/ros2_ws/install/my_first_package_msgs/share/my_first_package_msgs/package.sh'
[1.980s] INFO:colcon.colcon_core.shell:Creating package script '/home/kiro04/Documents/robot_ws/ros2_ws/install/my_first_package_msgs/share/my_first_package_msgs/package.bash'
[1.981s] INFO:colcon.colcon_core.shell:Creating package script '/home/kiro04/Documents/robot_ws/ros2_ws/install/my_first_package_msgs/share/my_first_package_msgs/package.zsh'
[1.982s] Level 1:colcon.colcon_core.environment:create_file_with_runtime_dependencies(/home/kiro04/Documents/robot_ws/ros2_ws/install/my_first_package_msgs/share/colcon-core/packages/my_first_package_msgs)
[2.078s] Level 1:colcon.colcon_core.environment:create_environment_scripts_only(my_first_package_msgs)
[2.083s] Level 1:colcon.colcon_core.environment:checking '/home/kiro04/Documents/robot_ws/ros2_ws/install/my_first_package_msgs' for CMake module files
[2.084s] Level 1:colcon.colcon_core.environment:checking '/home/kiro04/Documents/robot_ws/ros2_ws/install/my_first_package_msgs' for CMake config files
[2.086s] Level 1:colcon.colcon_core.shell:create_environment_hook('my_first_package_msgs', 'cmake_prefix_path')
[2.088s] INFO:colcon.colcon_core.shell:Creating environment hook '/home/kiro04/Documents/robot_ws/ros2_ws/install/my_first_package_msgs/share/my_first_package_msgs/hook/cmake_prefix_path.ps1'
[2.089s] INFO:colcon.colcon_core.shell:Creating environment descriptor '/home/kiro04/Documents/robot_ws/ros2_ws/install/my_first_package_msgs/share/my_first_package_msgs/hook/cmake_prefix_path.dsv'
[2.090s] INFO:colcon.colcon_core.shell:Creating environment hook '/home/kiro04/Documents/robot_ws/ros2_ws/install/my_first_package_msgs/share/my_first_package_msgs/hook/cmake_prefix_path.sh'
[2.091s] Level 1:colcon.colcon_core.environment:checking '/home/kiro04/Documents/robot_ws/ros2_ws/install/my_first_package_msgs/lib'
[2.091s] Level 1:colcon.colcon_core.shell:create_environment_hook('my_first_package_msgs', 'ld_library_path_lib')
[2.094s] INFO:colcon.colcon_core.shell:Creating environment hook '/home/kiro04/Documents/robot_ws/ros2_ws/install/my_first_package_msgs/share/my_first_package_msgs/hook/ld_library_path_lib.ps1'
[2.095s] INFO:colcon.colcon_core.shell:Creating environment descriptor '/home/kiro04/Documents/robot_ws/ros2_ws/install/my_first_package_msgs/share/my_first_package_msgs/hook/ld_library_path_lib.dsv'
[2.095s] INFO:colcon.colcon_core.shell:Creating environment hook '/home/kiro04/Documents/robot_ws/ros2_ws/install/my_first_package_msgs/share/my_first_package_msgs/hook/ld_library_path_lib.sh'
[2.096s] Level 1:colcon.colcon_core.environment:checking '/home/kiro04/Documents/robot_ws/ros2_ws/install/my_first_package_msgs/bin'
[2.096s] Level 1:colcon.colcon_core.environment:checking '/home/kiro04/Documents/robot_ws/ros2_ws/install/my_first_package_msgs/lib/pkgconfig/my_first_package_msgs.pc'
[2.096s] Level 1:colcon.colcon_core.environment:checking '/home/kiro04/Documents/robot_ws/ros2_ws/install/my_first_package_msgs/lib/python3.10/site-packages'
[2.097s] Level 1:colcon.colcon_core.environment:checking '/home/kiro04/Documents/robot_ws/ros2_ws/install/my_first_package_msgs/bin'
[2.100s] INFO:colcon.colcon_core.shell:Creating package script '/home/kiro04/Documents/robot_ws/ros2_ws/install/my_first_package_msgs/share/my_first_package_msgs/package.ps1'
[2.102s] INFO:colcon.colcon_core.shell:Creating package descriptor '/home/kiro04/Documents/robot_ws/ros2_ws/install/my_first_package_msgs/share/my_first_package_msgs/package.dsv'
[2.102s] INFO:colcon.colcon_core.shell:Creating package script '/home/kiro04/Documents/robot_ws/ros2_ws/install/my_first_package_msgs/share/my_first_package_msgs/package.sh'
[2.103s] INFO:colcon.colcon_core.shell:Creating package script '/home/kiro04/Documents/robot_ws/ros2_ws/install/my_first_package_msgs/share/my_first_package_msgs/package.bash'
[2.104s] INFO:colcon.colcon_core.shell:Creating package script '/home/kiro04/Documents/robot_ws/ros2_ws/install/my_first_package_msgs/share/my_first_package_msgs/package.zsh'
[2.104s] Level 1:colcon.colcon_core.environment:create_file_with_runtime_dependencies(/home/kiro04/Documents/robot_ws/ros2_ws/install/my_first_package_msgs/share/colcon-core/packages/my_first_package_msgs)
[2.358s] Level 1:colcon.colcon_core.environment:checking '/home/kiro04/Documents/robot_ws/ros2_ws/install/arduino_tutorial' for CMake module files
[2.362s] DEBUG:colcon.colcon_core.event_handler.log_command:Invoked command in '/home/kiro04/Documents/robot_ws/ros2_ws/src/arduino_tutorial' returned '0': PYTHONPATH=/home/kiro04/Documents/robot_ws/ros2_ws/build/arduino_tutorial/prefix_override:/home/kiro04/Documents/robot_ws/ros2_ws/install/arduino_tutorial/lib/python3.10/site-packages:${PYTHONPATH} /usr/bin/python3 setup.py egg_info --egg-base ../../build/arduino_tutorial build --build-base /home/kiro04/Documents/robot_ws/ros2_ws/build/arduino_tutorial/build install --record /home/kiro04/Documents/robot_ws/ros2_ws/build/arduino_tutorial/install.log --single-version-externally-managed
[2.362s] Level 1:colcon.colcon_core.environment:checking '/home/kiro04/Documents/robot_ws/ros2_ws/install/arduino_tutorial' for CMake config files
[2.363s] Level 1:colcon.colcon_core.environment:checking '/home/kiro04/Documents/robot_ws/ros2_ws/install/arduino_tutorial/lib'
[2.363s] Level 1:colcon.colcon_core.environment:checking '/home/kiro04/Documents/robot_ws/ros2_ws/install/arduino_tutorial/bin'
[2.363s] Level 1:colcon.colcon_core.environment:checking '/home/kiro04/Documents/robot_ws/ros2_ws/install/arduino_tutorial/lib/pkgconfig/arduino_tutorial.pc'
[2.363s] Level 1:colcon.colcon_core.environment:checking '/home/kiro04/Documents/robot_ws/ros2_ws/install/arduino_tutorial/lib/python3.10/site-packages'
[2.363s] Level 1:colcon.colcon_core.shell:create_environment_hook('arduino_tutorial', 'pythonpath')
[2.365s] INFO:colcon.colcon_core.shell:Creating environment hook '/home/kiro04/Documents/robot_ws/ros2_ws/install/arduino_tutorial/share/arduino_tutorial/hook/pythonpath.ps1'
[2.366s] INFO:colcon.colcon_core.shell:Creating environment descriptor '/home/kiro04/Documents/robot_ws/ros2_ws/install/arduino_tutorial/share/arduino_tutorial/hook/pythonpath.dsv'
[2.366s] INFO:colcon.colcon_core.shell:Creating environment hook '/home/kiro04/Documents/robot_ws/ros2_ws/install/arduino_tutorial/share/arduino_tutorial/hook/pythonpath.sh'
[2.367s] Level 1:colcon.colcon_core.environment:checking '/home/kiro04/Documents/robot_ws/ros2_ws/install/arduino_tutorial/bin'
[2.367s] Level 1:colcon.colcon_core.environment:create_environment_scripts_only(arduino_tutorial)
[2.369s] INFO:colcon.colcon_core.shell:Creating package script '/home/kiro04/Documents/robot_ws/ros2_ws/install/arduino_tutorial/share/arduino_tutorial/package.ps1'
[2.369s] INFO:colcon.colcon_core.shell:Creating package descriptor '/home/kiro04/Documents/robot_ws/ros2_ws/install/arduino_tutorial/share/arduino_tutorial/package.dsv'
[2.370s] INFO:colcon.colcon_core.shell:Creating package script '/home/kiro04/Documents/robot_ws/ros2_ws/install/arduino_tutorial/share/arduino_tutorial/package.sh'
[2.371s] INFO:colcon.colcon_core.shell:Creating package script '/home/kiro04/Documents/robot_ws/ros2_ws/install/arduino_tutorial/share/arduino_tutorial/package.bash'
[2.371s] INFO:colcon.colcon_core.shell:Creating package script '/home/kiro04/Documents/robot_ws/ros2_ws/install/arduino_tutorial/share/arduino_tutorial/package.zsh'
[2.371s] Level 1:colcon.colcon_core.environment:create_file_with_runtime_dependencies(/home/kiro04/Documents/robot_ws/ros2_ws/install/arduino_tutorial/share/colcon-core/packages/arduino_tutorial)
[2.375s] Level 1:colcon.colcon_core.environment:checking '/home/kiro04/Documents/robot_ws/ros2_ws/install/my_first_package' for CMake module files
[2.376s] DEBUG:colcon.colcon_core.event_handler.log_command:Invoked command in '/home/kiro04/Documents/robot_ws/ros2_ws/src/my_first_package' returned '0': PYTHONPATH=/home/kiro04/Documents/robot_ws/ros2_ws/build/my_first_package/prefix_override:/home/kiro04/Documents/robot_ws/ros2_ws/install/my_first_package/lib/python3.10/site-packages:${PYTHONPATH} /usr/bin/python3 setup.py egg_info --egg-base ../../build/my_first_package build --build-base /home/kiro04/Documents/robot_ws/ros2_ws/build/my_first_package/build install --record /home/kiro04/Documents/robot_ws/ros2_ws/build/my_first_package/install.log --single-version-externally-managed
[2.377s] Level 1:colcon.colcon_core.environment:checking '/home/kiro04/Documents/robot_ws/ros2_ws/install/my_first_package' for CMake config files
[2.378s] Level 1:colcon.colcon_core.environment:checking '/home/kiro04/Documents/robot_ws/ros2_ws/install/my_first_package/lib'
[2.378s] Level 1:colcon.colcon_core.environment:checking '/home/kiro04/Documents/robot_ws/ros2_ws/install/my_first_package/bin'
[2.378s] Level 1:colcon.colcon_core.environment:checking '/home/kiro04/Documents/robot_ws/ros2_ws/install/my_first_package/lib/pkgconfig/my_first_package.pc'
[2.378s] Level 1:colcon.colcon_core.environment:checking '/home/kiro04/Documents/robot_ws/ros2_ws/install/my_first_package/lib/python3.10/site-packages'
[2.378s] Level 1:colcon.colcon_core.shell:create_environment_hook('my_first_package', 'pythonpath')
[2.381s] INFO:colcon.colcon_core.shell:Creating environment hook '/home/kiro04/Documents/robot_ws/ros2_ws/install/my_first_package/share/my_first_package/hook/pythonpath.ps1'
[2.381s] INFO:colcon.colcon_core.shell:Creating environment descriptor '/home/kiro04/Documents/robot_ws/ros2_ws/install/my_first_package/share/my_first_package/hook/pythonpath.dsv'
[2.382s] INFO:colcon.colcon_core.shell:Creating environment hook '/home/kiro04/Documents/robot_ws/ros2_ws/install/my_first_package/share/my_first_package/hook/pythonpath.sh'
[2.383s] Level 1:colcon.colcon_core.environment:checking '/home/kiro04/Documents/robot_ws/ros2_ws/install/my_first_package/bin'
[2.383s] Level 1:colcon.colcon_core.environment:create_environment_scripts_only(my_first_package)
[2.385s] INFO:colcon.colcon_core.shell:Creating package script '/home/kiro04/Documents/robot_ws/ros2_ws/install/my_first_package/share/my_first_package/package.ps1'
[2.386s] INFO:colcon.colcon_core.shell:Creating package descriptor '/home/kiro04/Documents/robot_ws/ros2_ws/install/my_first_package/share/my_first_package/package.dsv'
[2.386s] INFO:colcon.colcon_core.shell:Creating package script '/home/kiro04/Documents/robot_ws/ros2_ws/install/my_first_package/share/my_first_package/package.sh'
[2.387s] INFO:colcon.colcon_core.shell:Creating package script '/home/kiro04/Documents/robot_ws/ros2_ws/install/my_first_package/share/my_first_package/package.bash'
[2.387s] INFO:colcon.colcon_core.shell:Creating package script '/home/kiro04/Documents/robot_ws/ros2_ws/install/my_first_package/share/my_first_package/package.zsh'
[2.388s] Level 1:colcon.colcon_core.environment:create_file_with_runtime_dependencies(/home/kiro04/Documents/robot_ws/ros2_ws/install/my_first_package/share/colcon-core/packages/my_first_package)
[2.388s] DEBUG:colcon.colcon_parallel_executor.executor.parallel:closing loop
[2.390s] DEBUG:colcon.colcon_parallel_executor.executor.parallel:loop closed
[2.390s] DEBUG:colcon.colcon_parallel_executor.executor.parallel:run_until_complete finished with '0'
[2.390s] DEBUG:colcon.colcon_core.event_reactor:joining thread
[2.398s] INFO:colcon.colcon_core.plugin_system:Skipping extension 'colcon_notification.desktop_notification.terminal_notifier': Not used on non-Darwin systems
[2.398s] INFO:colcon.colcon_core.plugin_system:Skipping extension 'colcon_notification.desktop_notification.win32': Not used on non-Windows systems
[2.398s] INFO:colcon.colcon_notification.desktop_notification:Sending desktop notification using 'notify2'
[2.412s] DEBUG:colcon.colcon_core.event_reactor:joined thread
[2.414s] INFO:colcon.colcon_core.shell:Creating prefix script '/home/kiro04/Documents/robot_ws/ros2_ws/install/local_setup.ps1'
[2.416s] INFO:colcon.colcon_core.shell:Creating prefix util module '/home/kiro04/Documents/robot_ws/ros2_ws/install/_local_setup_util_ps1.py'
[2.418s] INFO:colcon.colcon_core.shell:Creating prefix chain script '/home/kiro04/Documents/robot_ws/ros2_ws/install/setup.ps1'
[2.420s] INFO:colcon.colcon_core.shell:Creating prefix script '/home/kiro04/Documents/robot_ws/ros2_ws/install/local_setup.sh'
[2.421s] INFO:colcon.colcon_core.shell:Creating prefix util module '/home/kiro04/Documents/robot_ws/ros2_ws/install/_local_setup_util_sh.py'
[2.421s] INFO:colcon.colcon_core.shell:Creating prefix chain script '/home/kiro04/Documents/robot_ws/ros2_ws/install/setup.sh'
[2.423s] INFO:colcon.colcon_core.shell:Creating prefix script '/home/kiro04/Documents/robot_ws/ros2_ws/install/local_setup.bash'
[2.424s] INFO:colcon.colcon_core.shell:Creating prefix chain script '/home/kiro04/Documents/robot_ws/ros2_ws/install/setup.bash'
[2.426s] INFO:colcon.colcon_core.shell:Creating prefix script '/home/kiro04/Documents/robot_ws/ros2_ws/install/local_setup.zsh'
[2.427s] INFO:colcon.colcon_core.shell:Creating prefix chain script '/home/kiro04/Documents/robot_ws/ros2_ws/install/setup.zsh'
