[0.056s] Invoking command in '/home/kiro04/robot_ws/ros2_ws/build/yolox_cpp': CMAKE_PREFIX_PATH=${CMAKE_PREFIX_PATH}:/home/kiro04/robot_ws/ros2_ws/install/my_first_package:/home/kiro04/robot_ws/ros2_ws/install/arduino_tutorial:/opt/ros/humble /home/kiro04/.local/bin/cmake /home/kiro04/robot_ws/ros2_ws/yolox_ros/yolox_ros_cpp/yolox_cpp -DCMAKE_INSTALL_PREFIX=/home/kiro04/robot_ws/ros2_ws/install/yolox_cpp
[1.277s] -- The C compiler identification is GNU 11.3.0
[1.277s] -- The CXX compiler identification is GNU 11.3.0
[1.277s] -- Detecting C compiler ABI info
[1.277s] -- Detecting C compiler ABI info - done
[1.277s] -- Check for working C compiler: /usr/bin/cc - skipped
[1.277s] -- Detecting C compile features
[1.277s] -- Detecting C compile features - done
[1.278s] -- Detecting CXX compiler ABI info
[1.278s] -- Detecting CXX compiler ABI info - done
[1.278s] -- Check for working CXX compiler: /usr/bin/c++ - skipped
[1.278s] -- Detecting CXX compile features
[1.278s] -- Detecting CXX compile features - done
[1.278s] -- Found ament_cmake_auto: 1.3.4 (/opt/ros/humble/share/ament_cmake_auto/cmake)
[1.436s] -- Found Python3: /usr/bin/python3.10 (found version "3.10.6") found components: Interpreter 
[1.693s] Traceback (most recent call last):
[1.694s]   File "/home/kiro04/.local/bin/cmake", line 33, in <module>
[1.696s]     sys.exit(load_entry_point('cmake', 'console_scripts', 'cmake')())
[1.696s]   File "/home/kiro04/.local/lib/python3.10/site-packages/cmake/__init__.py", line 43, in cmake
[1.696s]     raise SystemExit(_program('cmake', sys.argv[1:]))
[1.696s]   File "/home/kiro04/.local/lib/python3.10/site-packages/cmake/__init__.py", line 39, in _program
[1.696s]     return subprocess.call([os.path.join(CMAKE_BIN_DIR, name)] + args, close_fds=False)
[1.697s]   File "/usr/lib/python3.10/subprocess.py", line 347, in call
[1.697s]     return p.wait(timeout=timeout)
[1.697s]   File "/usr/lib/python3.10/subprocess.py", line 1207, in wait
[1.697s]     return self._wait(timeout=timeout)
[1.697s]   File "/usr/lib/python3.10/subprocess.py", line 1941, in _wait
[1.699s]     (pid, sts) = self._try_wait(0)
[1.699s]   File "/usr/lib/python3.10/subprocess.py", line 1899, in _try_wait
[1.700s]     (pid, sts) = os.waitpid(self.pid, wait_flags)
[1.700s] KeyboardInterrupt
