[0.388s] DEBUG:colcon:Command line arguments: ['/usr/bin/colcon', 'build']
[0.388s] DEBUG:colcon:Parsed command line arguments: Namespace(log_base=None, log_level=None, verb_name='build', build_base='build', install_base='install', merge_install=False, symlink_install=False, test_result_base=None, continue_on_error=False, executor='parallel', parallel_workers=8, event_handlers=None, ignore_user_meta=False, metas=['./colcon.meta'], base_paths=['.'], packages_ignore=None, packages_ignore_regex=None, paths=None, packages_up_to=None, packages_up_to_regex=None, packages_above=None, packages_above_and_dependencies=None, packages_above_depth=None, packages_select_by_dep=None, packages_skip_by_dep=None, packages_skip_up_to=None, packages_select_build_failed=False, packages_skip_build_finished=False, packages_select_test_failures=False, packages_skip_test_passed=False, packages_select=None, packages_skip=None, packages_select_regex=None, packages_skip_regex=None, packages_start=None, packages_end=None, allow_overriding=[], cmake_args=None, cmake_target=None, cmake_target_skip_unavailable=False, cmake_clean_cache=False, cmake_clean_first=False, cmake_force_configure=False, ament_cmake_args=None, catkin_cmake_args=None, catkin_skip_building_tests=False, verb_parser=<colcon_defaults.argument_parser.defaults.DefaultArgumentsDecorator object at 0x7fda2831d210>, verb_extension=<colcon_core.verb.build.BuildVerb object at 0x7fda28461000>, main=<bound method BuildVerb.main of <colcon_core.verb.build.BuildVerb object at 0x7fda28461000>>)
[0.418s] Level 1:colcon.colcon_core.package_discovery:discover_packages(colcon_meta) check parameters
[0.418s] Level 1:colcon.colcon_core.package_discovery:discover_packages(recursive) check parameters
[0.418s] Level 1:colcon.colcon_core.package_discovery:discover_packages(ignore) check parameters
[0.419s] Level 1:colcon.colcon_core.package_discovery:discover_packages(path) check parameters
[0.419s] Level 1:colcon.colcon_core.package_discovery:discover_packages(colcon_meta) discover
[0.419s] Level 1:colcon.colcon_core.package_discovery:discover_packages(recursive) discover
[0.419s] INFO:colcon.colcon_core.package_discovery:Crawling recursively for packages in '/home/kiro04/Documents/robot_ws/ros2_ws'
[0.419s] Level 1:colcon.colcon_core.package_identification:_identify(.) by extensions ['ignore', 'ignore_ament_install']
[0.419s] Level 1:colcon.colcon_core.package_identification:_identify(.) by extension 'ignore'
[0.419s] Level 1:colcon.colcon_core.package_identification:_identify(.) by extension 'ignore_ament_install'
[0.419s] Level 1:colcon.colcon_core.package_identification:_identify(.) by extensions ['colcon_pkg']
[0.419s] Level 1:colcon.colcon_core.package_identification:_identify(.) by extension 'colcon_pkg'
[0.420s] Level 1:colcon.colcon_core.package_identification:_identify(.) by extensions ['colcon_meta']
[0.420s] Level 1:colcon.colcon_core.package_identification:_identify(.) by extension 'colcon_meta'
[0.420s] Level 1:colcon.colcon_core.package_identification:_identify(.) by extensions ['ros']
[0.420s] Level 1:colcon.colcon_core.package_identification:_identify(.) by extension 'ros'
[0.433s] Level 1:colcon.colcon_core.package_identification:_identify(.) by extensions ['cmake', 'python']
[0.433s] Level 1:colcon.colcon_core.package_identification:_identify(.) by extension 'cmake'
[0.433s] Level 1:colcon.colcon_core.package_identification:_identify(.) by extension 'python'
[0.433s] Level 1:colcon.colcon_core.package_identification:_identify(.) by extensions ['python_setup_py']
[0.433s] Level 1:colcon.colcon_core.package_identification:_identify(.) by extension 'python_setup_py'
[0.433s] Level 1:colcon.colcon_core.package_identification:_identify(build) by extensions ['ignore', 'ignore_ament_install']
[0.434s] Level 1:colcon.colcon_core.package_identification:_identify(build) by extension 'ignore'
[0.434s] Level 1:colcon.colcon_core.package_identification:_identify(build) ignored
[0.434s] Level 1:colcon.colcon_core.package_identification:_identify(install) by extensions ['ignore', 'ignore_ament_install']
[0.434s] Level 1:colcon.colcon_core.package_identification:_identify(install) by extension 'ignore'
[0.434s] Level 1:colcon.colcon_core.package_identification:_identify(install) ignored
[0.434s] Level 1:colcon.colcon_core.package_identification:_identify(log) by extensions ['ignore', 'ignore_ament_install']
[0.434s] Level 1:colcon.colcon_core.package_identification:_identify(log) by extension 'ignore'
[0.434s] Level 1:colcon.colcon_core.package_identification:_identify(log) ignored
[0.434s] Level 1:colcon.colcon_core.package_identification:_identify(src) by extensions ['ignore', 'ignore_ament_install']
[0.434s] Level 1:colcon.colcon_core.package_identification:_identify(src) by extension 'ignore'
[0.435s] Level 1:colcon.colcon_core.package_identification:_identify(src) by extension 'ignore_ament_install'
[0.435s] Level 1:colcon.colcon_core.package_identification:_identify(src) by extensions ['colcon_pkg']
[0.435s] Level 1:colcon.colcon_core.package_identification:_identify(src) by extension 'colcon_pkg'
[0.435s] Level 1:colcon.colcon_core.package_identification:_identify(src) by extensions ['colcon_meta']
[0.435s] Level 1:colcon.colcon_core.package_identification:_identify(src) by extension 'colcon_meta'
[0.435s] Level 1:colcon.colcon_core.package_identification:_identify(src) by extensions ['ros']
[0.435s] Level 1:colcon.colcon_core.package_identification:_identify(src) by extension 'ros'
[0.435s] Level 1:colcon.colcon_core.package_identification:_identify(src) by extensions ['cmake', 'python']
[0.435s] Level 1:colcon.colcon_core.package_identification:_identify(src) by extension 'cmake'
[0.435s] Level 1:colcon.colcon_core.package_identification:_identify(src) by extension 'python'
[0.435s] Level 1:colcon.colcon_core.package_identification:_identify(src) by extensions ['python_setup_py']
[0.435s] Level 1:colcon.colcon_core.package_identification:_identify(src) by extension 'python_setup_py'
[0.435s] Level 1:colcon.colcon_core.package_identification:_identify(src/arduino_tutorial) by extensions ['ignore', 'ignore_ament_install']
[0.435s] Level 1:colcon.colcon_core.package_identification:_identify(src/arduino_tutorial) by extension 'ignore'
[0.435s] Level 1:colcon.colcon_core.package_identification:_identify(src/arduino_tutorial) by extension 'ignore_ament_install'
[0.435s] Level 1:colcon.colcon_core.package_identification:_identify(src/arduino_tutorial) by extensions ['colcon_pkg']
[0.435s] Level 1:colcon.colcon_core.package_identification:_identify(src/arduino_tutorial) by extension 'colcon_pkg'
[0.435s] Level 1:colcon.colcon_core.package_identification:_identify(src/arduino_tutorial) by extensions ['colcon_meta']
[0.435s] Level 1:colcon.colcon_core.package_identification:_identify(src/arduino_tutorial) by extension 'colcon_meta'
[0.436s] Level 1:colcon.colcon_core.package_identification:_identify(src/arduino_tutorial) by extensions ['ros']
[0.436s] Level 1:colcon.colcon_core.package_identification:_identify(src/arduino_tutorial) by extension 'ros'
[0.438s] DEBUG:colcon.colcon_core.package_identification:Package 'src/arduino_tutorial' with type 'ros.ament_python' and name 'arduino_tutorial'
[0.438s] Level 1:colcon.colcon_core.package_identification:_identify(src/my_first_package) by extensions ['ignore', 'ignore_ament_install']
[0.438s] Level 1:colcon.colcon_core.package_identification:_identify(src/my_first_package) by extension 'ignore'
[0.438s] Level 1:colcon.colcon_core.package_identification:_identify(src/my_first_package) by extension 'ignore_ament_install'
[0.438s] Level 1:colcon.colcon_core.package_identification:_identify(src/my_first_package) by extensions ['colcon_pkg']
[0.439s] Level 1:colcon.colcon_core.package_identification:_identify(src/my_first_package) by extension 'colcon_pkg'
[0.439s] Level 1:colcon.colcon_core.package_identification:_identify(src/my_first_package) by extensions ['colcon_meta']
[0.439s] Level 1:colcon.colcon_core.package_identification:_identify(src/my_first_package) by extension 'colcon_meta'
[0.439s] Level 1:colcon.colcon_core.package_identification:_identify(src/my_first_package) by extensions ['ros']
[0.439s] Level 1:colcon.colcon_core.package_identification:_identify(src/my_first_package) by extension 'ros'
[0.439s] DEBUG:colcon.colcon_core.package_identification:Package 'src/my_first_package' with type 'ros.ament_python' and name 'my_first_package'
[0.439s] Level 1:colcon.colcon_core.package_identification:_identify(src/my_first_package_msgs) by extensions ['ignore', 'ignore_ament_install']
[0.439s] Level 1:colcon.colcon_core.package_identification:_identify(src/my_first_package_msgs) by extension 'ignore'
[0.439s] Level 1:colcon.colcon_core.package_identification:_identify(src/my_first_package_msgs) by extension 'ignore_ament_install'
[0.439s] Level 1:colcon.colcon_core.package_identification:_identify(src/my_first_package_msgs) by extensions ['colcon_pkg']
[0.439s] Level 1:colcon.colcon_core.package_identification:_identify(src/my_first_package_msgs) by extension 'colcon_pkg'
[0.440s] Level 1:colcon.colcon_core.package_identification:_identify(src/my_first_package_msgs) by extensions ['colcon_meta']
[0.440s] Level 1:colcon.colcon_core.package_identification:_identify(src/my_first_package_msgs) by extension 'colcon_meta'
[0.440s] Level 1:colcon.colcon_core.package_identification:_identify(src/my_first_package_msgs) by extensions ['ros']
[0.440s] Level 1:colcon.colcon_core.package_identification:_identify(src/my_first_package_msgs) by extension 'ros'
[0.440s] DEBUG:colcon.colcon_core.package_identification:Package 'src/my_first_package_msgs' with type 'ros.ament_cmake' and name 'my_first_package_msgs'
[0.440s] Level 1:colcon.colcon_core.package_discovery:discover_packages(recursive) using defaults
[0.440s] Level 1:colcon.colcon_core.package_discovery:discover_packages(ignore) discover
[0.440s] Level 1:colcon.colcon_core.package_discovery:discover_packages(ignore) using defaults
[0.440s] Level 1:colcon.colcon_core.package_discovery:discover_packages(path) discover
[0.440s] Level 1:colcon.colcon_core.package_discovery:discover_packages(path) using defaults
[0.472s] Level 1:colcon.colcon_core.package_discovery:discover_packages(prefix_path) check parameters
[0.472s] Level 1:colcon.colcon_core.package_discovery:discover_packages(prefix_path) discover
[0.475s] DEBUG:colcon.colcon_installed_package_information.package_discovery:Found 4 installed packages in /home/kiro04/Documents/robot_ws/ros2_ws/install
[0.476s] DEBUG:colcon.colcon_installed_package_information.package_discovery:Found 270 installed packages in /opt/ros/humble
[0.478s] Level 1:colcon.colcon_core.package_discovery:discover_packages(prefix_path) using defaults
[0.541s] Level 5:colcon.colcon_core.verb:set package 'arduino_tutorial' build argument 'cmake_args' from command line to 'None'
[0.541s] Level 5:colcon.colcon_core.verb:set package 'arduino_tutorial' build argument 'cmake_target' from command line to 'None'
[0.541s] Level 5:colcon.colcon_core.verb:set package 'arduino_tutorial' build argument 'cmake_target_skip_unavailable' from command line to 'False'
[0.541s] Level 5:colcon.colcon_core.verb:set package 'arduino_tutorial' build argument 'cmake_clean_cache' from command line to 'False'
[0.541s] Level 5:colcon.colcon_core.verb:set package 'arduino_tutorial' build argument 'cmake_clean_first' from command line to 'False'
[0.541s] Level 5:colcon.colcon_core.verb:set package 'arduino_tutorial' build argument 'cmake_force_configure' from command line to 'False'
[0.541s] Level 5:colcon.colcon_core.verb:set package 'arduino_tutorial' build argument 'ament_cmake_args' from command line to 'None'
[0.541s] Level 5:colcon.colcon_core.verb:set package 'arduino_tutorial' build argument 'catkin_cmake_args' from command line to 'None'
[0.541s] Level 5:colcon.colcon_core.verb:set package 'arduino_tutorial' build argument 'catkin_skip_building_tests' from command line to 'False'
[0.541s] DEBUG:colcon.colcon_core.verb:Building package 'arduino_tutorial' with the following arguments: {'ament_cmake_args': None, 'build_base': '/home/kiro04/Documents/robot_ws/ros2_ws/build/arduino_tutorial', 'catkin_cmake_args': None, 'catkin_skip_building_tests': False, 'cmake_args': None, 'cmake_clean_cache': False, 'cmake_clean_first': False, 'cmake_force_configure': False, 'cmake_target': None, 'cmake_target_skip_unavailable': False, 'install_base': '/home/kiro04/Documents/robot_ws/ros2_ws/install/arduino_tutorial', 'merge_install': False, 'path': '/home/kiro04/Documents/robot_ws/ros2_ws/src/arduino_tutorial', 'symlink_install': False, 'test_result_base': None}
[0.542s] Level 5:colcon.colcon_core.verb:set package 'my_first_package' build argument 'cmake_args' from command line to 'None'
[0.542s] Level 5:colcon.colcon_core.verb:set package 'my_first_package' build argument 'cmake_target' from command line to 'None'
[0.542s] Level 5:colcon.colcon_core.verb:set package 'my_first_package' build argument 'cmake_target_skip_unavailable' from command line to 'False'
[0.542s] Level 5:colcon.colcon_core.verb:set package 'my_first_package' build argument 'cmake_clean_cache' from command line to 'False'
[0.542s] Level 5:colcon.colcon_core.verb:set package 'my_first_package' build argument 'cmake_clean_first' from command line to 'False'
[0.542s] Level 5:colcon.colcon_core.verb:set package 'my_first_package' build argument 'cmake_force_configure' from command line to 'False'
[0.542s] Level 5:colcon.colcon_core.verb:set package 'my_first_package' build argument 'ament_cmake_args' from command line to 'None'
[0.542s] Level 5:colcon.colcon_core.verb:set package 'my_first_package' build argument 'catkin_cmake_args' from command line to 'None'
[0.542s] Level 5:colcon.colcon_core.verb:set package 'my_first_package' build argument 'catkin_skip_building_tests' from command line to 'False'
[0.542s] DEBUG:colcon.colcon_core.verb:Building package 'my_first_package' with the following arguments: {'ament_cmake_args': None, 'build_base': '/home/kiro04/Documents/robot_ws/ros2_ws/build/my_first_package', 'catkin_cmake_args': None, 'catkin_skip_building_tests': False, 'cmake_args': None, 'cmake_clean_cache': False, 'cmake_clean_first': False, 'cmake_force_configure': False, 'cmake_target': None, 'cmake_target_skip_unavailable': False, 'install_base': '/home/kiro04/Documents/robot_ws/ros2_ws/install/my_first_package', 'merge_install': False, 'path': '/home/kiro04/Documents/robot_ws/ros2_ws/src/my_first_package', 'symlink_install': False, 'test_result_base': None}
[0.543s] Level 5:colcon.colcon_core.verb:set package 'my_first_package_msgs' build argument 'cmake_args' from command line to 'None'
[0.543s] Level 5:colcon.colcon_core.verb:set package 'my_first_package_msgs' build argument 'cmake_target' from command line to 'None'
[0.543s] Level 5:colcon.colcon_core.verb:set package 'my_first_package_msgs' build argument 'cmake_target_skip_unavailable' from command line to 'False'
[0.543s] Level 5:colcon.colcon_core.verb:set package 'my_first_package_msgs' build argument 'cmake_clean_cache' from command line to 'False'
[0.543s] Level 5:colcon.colcon_core.verb:set package 'my_first_package_msgs' build argument 'cmake_clean_first' from command line to 'False'
[0.543s] Level 5:colcon.colcon_core.verb:set package 'my_first_package_msgs' build argument 'cmake_force_configure' from command line to 'False'
[0.543s] Level 5:colcon.colcon_core.verb:set package 'my_first_package_msgs' build argument 'ament_cmake_args' from command line to 'None'
[0.543s] Level 5:colcon.colcon_core.verb:set package 'my_first_package_msgs' build argument 'catkin_cmake_args' from command line to 'None'
[0.543s] Level 5:colcon.colcon_core.verb:set package 'my_first_package_msgs' build argument 'catkin_skip_building_tests' from command line to 'False'
[0.543s] DEBUG:colcon.colcon_core.verb:Building package 'my_first_package_msgs' with the following arguments: {'ament_cmake_args': None, 'build_base': '/home/kiro04/Documents/robot_ws/ros2_ws/build/my_first_package_msgs', 'catkin_cmake_args': None, 'catkin_skip_building_tests': False, 'cmake_args': None, 'cmake_clean_cache': False, 'cmake_clean_first': False, 'cmake_force_configure': False, 'cmake_target': None, 'cmake_target_skip_unavailable': False, 'install_base': '/home/kiro04/Documents/robot_ws/ros2_ws/install/my_first_package_msgs', 'merge_install': False, 'path': '/home/kiro04/Documents/robot_ws/ros2_ws/src/my_first_package_msgs', 'symlink_install': False, 'test_result_base': None}
[0.544s] INFO:colcon.colcon_core.executor:Executing jobs using 'parallel' executor
[0.549s] DEBUG:colcon.colcon_parallel_executor.executor.parallel:run_until_complete
[0.549s] INFO:colcon.colcon_ros.task.ament_python.build:Building ROS package in '/home/kiro04/Documents/robot_ws/ros2_ws/src/arduino_tutorial' with build type 'ament_python'
[0.550s] Level 1:colcon.colcon_core.shell:create_environment_hook('arduino_tutorial', 'ament_prefix_path')
[0.554s] INFO:colcon.colcon_core.plugin_system:Skipping extension 'colcon_core.shell.bat': Not used on non-Windows systems
[0.555s] INFO:colcon.colcon_core.shell:Creating environment hook '/home/kiro04/Documents/robot_ws/ros2_ws/install/arduino_tutorial/share/arduino_tutorial/hook/ament_prefix_path.ps1'
[0.555s] INFO:colcon.colcon_core.shell:Creating environment descriptor '/home/kiro04/Documents/robot_ws/ros2_ws/install/arduino_tutorial/share/arduino_tutorial/hook/ament_prefix_path.dsv'
[0.556s] INFO:colcon.colcon_core.shell:Creating environment hook '/home/kiro04/Documents/robot_ws/ros2_ws/install/arduino_tutorial/share/arduino_tutorial/hook/ament_prefix_path.sh'
[0.557s] INFO:colcon.colcon_core.shell:Skip shell extension 'powershell' for command environment: Not usable outside of PowerShell
[0.557s] DEBUG:colcon.colcon_core.shell:Skip shell extension 'dsv' for command environment
[0.563s] INFO:colcon.colcon_ros.task.ament_python.build:Building ROS package in '/home/kiro04/Documents/robot_ws/ros2_ws/src/my_first_package' with build type 'ament_python'
[0.563s] Level 1:colcon.colcon_core.shell:create_environment_hook('my_first_package', 'ament_prefix_path')
[0.565s] INFO:colcon.colcon_core.shell:Creating environment hook '/home/kiro04/Documents/robot_ws/ros2_ws/install/my_first_package/share/my_first_package/hook/ament_prefix_path.ps1'
[0.566s] INFO:colcon.colcon_core.shell:Creating environment descriptor '/home/kiro04/Documents/robot_ws/ros2_ws/install/my_first_package/share/my_first_package/hook/ament_prefix_path.dsv'
[0.566s] INFO:colcon.colcon_core.shell:Creating environment hook '/home/kiro04/Documents/robot_ws/ros2_ws/install/my_first_package/share/my_first_package/hook/ament_prefix_path.sh'
[0.568s] INFO:colcon.colcon_core.shell:Skip shell extension 'powershell' for command environment: Not usable outside of PowerShell
[0.568s] DEBUG:colcon.colcon_core.shell:Skip shell extension 'dsv' for command environment
[0.574s] INFO:colcon.colcon_ros.task.ament_cmake.build:Building ROS package in '/home/kiro04/Documents/robot_ws/ros2_ws/src/my_first_package_msgs' with build type 'ament_cmake'
[0.574s] INFO:colcon.colcon_cmake.task.cmake.build:Building CMake package in '/home/kiro04/Documents/robot_ws/ros2_ws/src/my_first_package_msgs'
[0.575s] INFO:colcon.colcon_core.shell:Skip shell extension 'powershell' for command environment: Not usable outside of PowerShell
[0.575s] DEBUG:colcon.colcon_core.shell:Skip shell extension 'dsv' for command environment
[0.964s] INFO:colcon.colcon_core.task.python.build:Building Python package in '/home/kiro04/Documents/robot_ws/ros2_ws/src/arduino_tutorial'
[0.966s] INFO:colcon.colcon_core.shell:Skip shell extension 'powershell' for command environment: Not usable outside of PowerShell
[0.966s] DEBUG:colcon.colcon_core.shell:Skip shell extension 'dsv' for command environment
[1.293s] INFO:colcon.colcon_core.task.python.build:Building Python package in '/home/kiro04/Documents/robot_ws/ros2_ws/src/my_first_package'
[1.295s] INFO:colcon.colcon_core.shell:Skip shell extension 'powershell' for command environment: Not usable outside of PowerShell
[1.295s] DEBUG:colcon.colcon_core.shell:Skip shell extension 'dsv' for command environment
[1.306s] DEBUG:colcon.colcon_core.event_handler.log_command:Invoking command in '/home/kiro04/Documents/robot_ws/ros2_ws/build/my_first_package_msgs': CMAKE_PREFIX_PATH=${CMAKE_PREFIX_PATH}:/home/kiro04/Documents/robot_ws/ros2_ws/install/my_first_package:/home/kiro04/Documents/robot_ws/ros2_ws/install/arduino_tutorial:/opt/ros/humble /usr/bin/cmake --build /home/kiro04/Documents/robot_ws/ros2_ws/build/my_first_package_msgs -- -j8 -l8
[1.936s] DEBUG:colcon.colcon_core.event_handler.log_command:Invoked command in '/home/kiro04/Documents/robot_ws/ros2_ws/build/my_first_package_msgs' returned '0': CMAKE_PREFIX_PATH=${CMAKE_PREFIX_PATH}:/home/kiro04/Documents/robot_ws/ros2_ws/install/my_first_package:/home/kiro04/Documents/robot_ws/ros2_ws/install/arduino_tutorial:/opt/ros/humble /usr/bin/cmake --build /home/kiro04/Documents/robot_ws/ros2_ws/build/my_first_package_msgs -- -j8 -l8
[1.956s] DEBUG:colcon.colcon_core.event_handler.log_command:Invoking command in '/home/kiro04/Documents/robot_ws/ros2_ws/src/arduino_tutorial': PYTHONPATH=/home/kiro04/Documents/robot_ws/ros2_ws/build/arduino_tutorial/prefix_override:/home/kiro04/Documents/robot_ws/ros2_ws/install/arduino_tutorial/lib/python3.10/site-packages:${PYTHONPATH} /usr/bin/python3 setup.py egg_info --egg-base ../../build/arduino_tutorial build --build-base /home/kiro04/Documents/robot_ws/ros2_ws/build/arduino_tutorial/build install --record /home/kiro04/Documents/robot_ws/ros2_ws/build/arduino_tutorial/install.log --single-version-externally-managed
[1.960s] DEBUG:colcon.colcon_core.event_handler.log_command:Invoking command in '/home/kiro04/Documents/robot_ws/ros2_ws/src/my_first_package': PYTHONPATH=/home/kiro04/Documents/robot_ws/ros2_ws/build/my_first_package/prefix_override:/home/kiro04/Documents/robot_ws/ros2_ws/install/my_first_package/lib/python3.10/site-packages:${PYTHONPATH} /usr/bin/python3 setup.py egg_info --egg-base ../../build/my_first_package build --build-base /home/kiro04/Documents/robot_ws/ros2_ws/build/my_first_package/build install --record /home/kiro04/Documents/robot_ws/ros2_ws/build/my_first_package/install.log --single-version-externally-managed
[2.065s] DEBUG:colcon.colcon_core.event_handler.log_command:Invoking command in '/home/kiro04/Documents/robot_ws/ros2_ws/build/my_first_package_msgs': CMAKE_PREFIX_PATH=${CMAKE_PREFIX_PATH}:/home/kiro04/Documents/robot_ws/ros2_ws/install/my_first_package:/home/kiro04/Documents/robot_ws/ros2_ws/install/arduino_tutorial:/opt/ros/humble /usr/bin/cmake --install /home/kiro04/Documents/robot_ws/ros2_ws/build/my_first_package_msgs
[2.167s] Level 1:colcon.colcon_core.environment:create_environment_scripts_only(my_first_package_msgs)
[2.167s] DEBUG:colcon.colcon_core.event_handler.log_command:Invoked command in '/home/kiro04/Documents/robot_ws/ros2_ws/build/my_first_package_msgs' returned '0': CMAKE_PREFIX_PATH=${CMAKE_PREFIX_PATH}:/home/kiro04/Documents/robot_ws/ros2_ws/install/my_first_package:/home/kiro04/Documents/robot_ws/ros2_ws/install/arduino_tutorial:/opt/ros/humble /usr/bin/cmake --install /home/kiro04/Documents/robot_ws/ros2_ws/build/my_first_package_msgs
[2.174s] Level 1:colcon.colcon_core.environment:checking '/home/kiro04/Documents/robot_ws/ros2_ws/install/my_first_package_msgs' for CMake module files
[2.175s] Level 1:colcon.colcon_core.environment:checking '/home/kiro04/Documents/robot_ws/ros2_ws/install/my_first_package_msgs' for CMake config files
[2.176s] Level 1:colcon.colcon_core.shell:create_environment_hook('my_first_package_msgs', 'cmake_prefix_path')
[2.178s] INFO:colcon.colcon_core.shell:Creating environment hook '/home/kiro04/Documents/robot_ws/ros2_ws/install/my_first_package_msgs/share/my_first_package_msgs/hook/cmake_prefix_path.ps1'
[2.179s] INFO:colcon.colcon_core.shell:Creating environment descriptor '/home/kiro04/Documents/robot_ws/ros2_ws/install/my_first_package_msgs/share/my_first_package_msgs/hook/cmake_prefix_path.dsv'
[2.179s] INFO:colcon.colcon_core.shell:Creating environment hook '/home/kiro04/Documents/robot_ws/ros2_ws/install/my_first_package_msgs/share/my_first_package_msgs/hook/cmake_prefix_path.sh'
[2.181s] Level 1:colcon.colcon_core.environment:checking '/home/kiro04/Documents/robot_ws/ros2_ws/install/my_first_package_msgs/lib'
[2.181s] Level 1:colcon.colcon_core.shell:create_environment_hook('my_first_package_msgs', 'ld_library_path_lib')
[2.184s] INFO:colcon.colcon_core.shell:Creating environment hook '/home/kiro04/Documents/robot_ws/ros2_ws/install/my_first_package_msgs/share/my_first_package_msgs/hook/ld_library_path_lib.ps1'
[2.185s] INFO:colcon.colcon_core.shell:Creating environment descriptor '/home/kiro04/Documents/robot_ws/ros2_ws/install/my_first_package_msgs/share/my_first_package_msgs/hook/ld_library_path_lib.dsv'
[2.186s] INFO:colcon.colcon_core.shell:Creating environment hook '/home/kiro04/Documents/robot_ws/ros2_ws/install/my_first_package_msgs/share/my_first_package_msgs/hook/ld_library_path_lib.sh'
[2.187s] Level 1:colcon.colcon_core.environment:checking '/home/kiro04/Documents/robot_ws/ros2_ws/install/my_first_package_msgs/bin'
[2.187s] Level 1:colcon.colcon_core.environment:checking '/home/kiro04/Documents/robot_ws/ros2_ws/install/my_first_package_msgs/lib/pkgconfig/my_first_package_msgs.pc'
[2.188s] Level 1:colcon.colcon_core.environment:checking '/home/kiro04/Documents/robot_ws/ros2_ws/install/my_first_package_msgs/lib/python3.10/site-packages'
[2.188s] Level 1:colcon.colcon_core.environment:checking '/home/kiro04/Documents/robot_ws/ros2_ws/install/my_first_package_msgs/bin'
[2.191s] INFO:colcon.colcon_core.shell:Creating package script '/home/kiro04/Documents/robot_ws/ros2_ws/install/my_first_package_msgs/share/my_first_package_msgs/package.ps1'
[2.192s] INFO:colcon.colcon_core.shell:Creating package descriptor '/home/kiro04/Documents/robot_ws/ros2_ws/install/my_first_package_msgs/share/my_first_package_msgs/package.dsv'
[2.193s] INFO:colcon.colcon_core.shell:Creating package script '/home/kiro04/Documents/robot_ws/ros2_ws/install/my_first_package_msgs/share/my_first_package_msgs/package.sh'
[2.194s] INFO:colcon.colcon_core.shell:Creating package script '/home/kiro04/Documents/robot_ws/ros2_ws/install/my_first_package_msgs/share/my_first_package_msgs/package.bash'
[2.195s] INFO:colcon.colcon_core.shell:Creating package script '/home/kiro04/Documents/robot_ws/ros2_ws/install/my_first_package_msgs/share/my_first_package_msgs/package.zsh'
[2.196s] Level 1:colcon.colcon_core.environment:create_file_with_runtime_dependencies(/home/kiro04/Documents/robot_ws/ros2_ws/install/my_first_package_msgs/share/colcon-core/packages/my_first_package_msgs)
[2.301s] Level 1:colcon.colcon_core.environment:create_environment_scripts_only(my_first_package_msgs)
[2.304s] Level 1:colcon.colcon_core.environment:checking '/home/kiro04/Documents/robot_ws/ros2_ws/install/my_first_package_msgs' for CMake module files
[2.306s] Level 1:colcon.colcon_core.environment:checking '/home/kiro04/Documents/robot_ws/ros2_ws/install/my_first_package_msgs' for CMake config files
[2.307s] Level 1:colcon.colcon_core.shell:create_environment_hook('my_first_package_msgs', 'cmake_prefix_path')
[2.309s] INFO:colcon.colcon_core.shell:Creating environment hook '/home/kiro04/Documents/robot_ws/ros2_ws/install/my_first_package_msgs/share/my_first_package_msgs/hook/cmake_prefix_path.ps1'
[2.309s] INFO:colcon.colcon_core.shell:Creating environment descriptor '/home/kiro04/Documents/robot_ws/ros2_ws/install/my_first_package_msgs/share/my_first_package_msgs/hook/cmake_prefix_path.dsv'
[2.310s] INFO:colcon.colcon_core.shell:Creating environment hook '/home/kiro04/Documents/robot_ws/ros2_ws/install/my_first_package_msgs/share/my_first_package_msgs/hook/cmake_prefix_path.sh'
[2.311s] Level 1:colcon.colcon_core.environment:checking '/home/kiro04/Documents/robot_ws/ros2_ws/install/my_first_package_msgs/lib'
[2.311s] Level 1:colcon.colcon_core.shell:create_environment_hook('my_first_package_msgs', 'ld_library_path_lib')
[2.313s] INFO:colcon.colcon_core.shell:Creating environment hook '/home/kiro04/Documents/robot_ws/ros2_ws/install/my_first_package_msgs/share/my_first_package_msgs/hook/ld_library_path_lib.ps1'
[2.314s] INFO:colcon.colcon_core.shell:Creating environment descriptor '/home/kiro04/Documents/robot_ws/ros2_ws/install/my_first_package_msgs/share/my_first_package_msgs/hook/ld_library_path_lib.dsv'
[2.314s] INFO:colcon.colcon_core.shell:Creating environment hook '/home/kiro04/Documents/robot_ws/ros2_ws/install/my_first_package_msgs/share/my_first_package_msgs/hook/ld_library_path_lib.sh'
[2.315s] Level 1:colcon.colcon_core.environment:checking '/home/kiro04/Documents/robot_ws/ros2_ws/install/my_first_package_msgs/bin'
[2.316s] Level 1:colcon.colcon_core.environment:checking '/home/kiro04/Documents/robot_ws/ros2_ws/install/my_first_package_msgs/lib/pkgconfig/my_first_package_msgs.pc'
[2.316s] Level 1:colcon.colcon_core.environment:checking '/home/kiro04/Documents/robot_ws/ros2_ws/install/my_first_package_msgs/lib/python3.10/site-packages'
[2.316s] Level 1:colcon.colcon_core.environment:checking '/home/kiro04/Documents/robot_ws/ros2_ws/install/my_first_package_msgs/bin'
[2.319s] INFO:colcon.colcon_core.shell:Creating package script '/home/kiro04/Documents/robot_ws/ros2_ws/install/my_first_package_msgs/share/my_first_package_msgs/package.ps1'
[2.320s] INFO:colcon.colcon_core.shell:Creating package descriptor '/home/kiro04/Documents/robot_ws/ros2_ws/install/my_first_package_msgs/share/my_first_package_msgs/package.dsv'
[2.321s] INFO:colcon.colcon_core.shell:Creating package script '/home/kiro04/Documents/robot_ws/ros2_ws/install/my_first_package_msgs/share/my_first_package_msgs/package.sh'
[2.322s] INFO:colcon.colcon_core.shell:Creating package script '/home/kiro04/Documents/robot_ws/ros2_ws/install/my_first_package_msgs/share/my_first_package_msgs/package.bash'
[2.323s] INFO:colcon.colcon_core.shell:Creating package script '/home/kiro04/Documents/robot_ws/ros2_ws/install/my_first_package_msgs/share/my_first_package_msgs/package.zsh'
[2.323s] Level 1:colcon.colcon_core.environment:create_file_with_runtime_dependencies(/home/kiro04/Documents/robot_ws/ros2_ws/install/my_first_package_msgs/share/colcon-core/packages/my_first_package_msgs)
[2.505s] Level 1:colcon.colcon_core.environment:checking '/home/kiro04/Documents/robot_ws/ros2_ws/install/arduino_tutorial' for CMake module files
[2.507s] Level 1:colcon.colcon_core.environment:checking '/home/kiro04/Documents/robot_ws/ros2_ws/install/arduino_tutorial' for CMake config files
[2.509s] DEBUG:colcon.colcon_core.event_handler.log_command:Invoked command in '/home/kiro04/Documents/robot_ws/ros2_ws/src/arduino_tutorial' returned '0': PYTHONPATH=/home/kiro04/Documents/robot_ws/ros2_ws/build/arduino_tutorial/prefix_override:/home/kiro04/Documents/robot_ws/ros2_ws/install/arduino_tutorial/lib/python3.10/site-packages:${PYTHONPATH} /usr/bin/python3 setup.py egg_info --egg-base ../../build/arduino_tutorial build --build-base /home/kiro04/Documents/robot_ws/ros2_ws/build/arduino_tutorial/build install --record /home/kiro04/Documents/robot_ws/ros2_ws/build/arduino_tutorial/install.log --single-version-externally-managed
[2.510s] Level 1:colcon.colcon_core.environment:checking '/home/kiro04/Documents/robot_ws/ros2_ws/install/arduino_tutorial/lib'
[2.510s] Level 1:colcon.colcon_core.environment:checking '/home/kiro04/Documents/robot_ws/ros2_ws/install/arduino_tutorial/bin'
[2.510s] Level 1:colcon.colcon_core.environment:checking '/home/kiro04/Documents/robot_ws/ros2_ws/install/arduino_tutorial/lib/pkgconfig/arduino_tutorial.pc'
[2.510s] Level 1:colcon.colcon_core.environment:checking '/home/kiro04/Documents/robot_ws/ros2_ws/install/arduino_tutorial/lib/python3.10/site-packages'
[2.510s] Level 1:colcon.colcon_core.shell:create_environment_hook('arduino_tutorial', 'pythonpath')
[2.513s] INFO:colcon.colcon_core.shell:Creating environment hook '/home/kiro04/Documents/robot_ws/ros2_ws/install/arduino_tutorial/share/arduino_tutorial/hook/pythonpath.ps1'
[2.514s] INFO:colcon.colcon_core.shell:Creating environment descriptor '/home/kiro04/Documents/robot_ws/ros2_ws/install/arduino_tutorial/share/arduino_tutorial/hook/pythonpath.dsv'
[2.514s] INFO:colcon.colcon_core.shell:Creating environment hook '/home/kiro04/Documents/robot_ws/ros2_ws/install/arduino_tutorial/share/arduino_tutorial/hook/pythonpath.sh'
[2.515s] Level 1:colcon.colcon_core.environment:checking '/home/kiro04/Documents/robot_ws/ros2_ws/install/arduino_tutorial/bin'
[2.515s] Level 1:colcon.colcon_core.environment:create_environment_scripts_only(arduino_tutorial)
[2.517s] INFO:colcon.colcon_core.shell:Creating package script '/home/kiro04/Documents/robot_ws/ros2_ws/install/arduino_tutorial/share/arduino_tutorial/package.ps1'
[2.518s] INFO:colcon.colcon_core.shell:Creating package descriptor '/home/kiro04/Documents/robot_ws/ros2_ws/install/arduino_tutorial/share/arduino_tutorial/package.dsv'
[2.519s] INFO:colcon.colcon_core.shell:Creating package script '/home/kiro04/Documents/robot_ws/ros2_ws/install/arduino_tutorial/share/arduino_tutorial/package.sh'
[2.519s] INFO:colcon.colcon_core.shell:Creating package script '/home/kiro04/Documents/robot_ws/ros2_ws/install/arduino_tutorial/share/arduino_tutorial/package.bash'
[2.519s] INFO:colcon.colcon_core.shell:Creating package script '/home/kiro04/Documents/robot_ws/ros2_ws/install/arduino_tutorial/share/arduino_tutorial/package.zsh'
[2.520s] Level 1:colcon.colcon_core.environment:create_file_with_runtime_dependencies(/home/kiro04/Documents/robot_ws/ros2_ws/install/arduino_tutorial/share/colcon-core/packages/arduino_tutorial)
[2.523s] Level 1:colcon.colcon_core.environment:checking '/home/kiro04/Documents/robot_ws/ros2_ws/install/my_first_package' for CMake module files
[2.524s] Level 1:colcon.colcon_core.environment:checking '/home/kiro04/Documents/robot_ws/ros2_ws/install/my_first_package' for CMake config files
[2.524s] DEBUG:colcon.colcon_core.event_handler.log_command:Invoked command in '/home/kiro04/Documents/robot_ws/ros2_ws/src/my_first_package' returned '0': PYTHONPATH=/home/kiro04/Documents/robot_ws/ros2_ws/build/my_first_package/prefix_override:/home/kiro04/Documents/robot_ws/ros2_ws/install/my_first_package/lib/python3.10/site-packages:${PYTHONPATH} /usr/bin/python3 setup.py egg_info --egg-base ../../build/my_first_package build --build-base /home/kiro04/Documents/robot_ws/ros2_ws/build/my_first_package/build install --record /home/kiro04/Documents/robot_ws/ros2_ws/build/my_first_package/install.log --single-version-externally-managed
[2.525s] Level 1:colcon.colcon_core.environment:checking '/home/kiro04/Documents/robot_ws/ros2_ws/install/my_first_package/lib'
[2.525s] Level 1:colcon.colcon_core.environment:checking '/home/kiro04/Documents/robot_ws/ros2_ws/install/my_first_package/bin'
[2.525s] Level 1:colcon.colcon_core.environment:checking '/home/kiro04/Documents/robot_ws/ros2_ws/install/my_first_package/lib/pkgconfig/my_first_package.pc'
[2.526s] Level 1:colcon.colcon_core.environment:checking '/home/kiro04/Documents/robot_ws/ros2_ws/install/my_first_package/lib/python3.10/site-packages'
[2.526s] Level 1:colcon.colcon_core.shell:create_environment_hook('my_first_package', 'pythonpath')
[2.529s] INFO:colcon.colcon_core.shell:Creating environment hook '/home/kiro04/Documents/robot_ws/ros2_ws/install/my_first_package/share/my_first_package/hook/pythonpath.ps1'
[2.530s] INFO:colcon.colcon_core.shell:Creating environment descriptor '/home/kiro04/Documents/robot_ws/ros2_ws/install/my_first_package/share/my_first_package/hook/pythonpath.dsv'
[2.531s] INFO:colcon.colcon_core.shell:Creating environment hook '/home/kiro04/Documents/robot_ws/ros2_ws/install/my_first_package/share/my_first_package/hook/pythonpath.sh'
[2.532s] Level 1:colcon.colcon_core.environment:checking '/home/kiro04/Documents/robot_ws/ros2_ws/install/my_first_package/bin'
[2.532s] Level 1:colcon.colcon_core.environment:create_environment_scripts_only(my_first_package)
[2.535s] INFO:colcon.colcon_core.shell:Creating package script '/home/kiro04/Documents/robot_ws/ros2_ws/install/my_first_package/share/my_first_package/package.ps1'
[2.536s] INFO:colcon.colcon_core.shell:Creating package descriptor '/home/kiro04/Documents/robot_ws/ros2_ws/install/my_first_package/share/my_first_package/package.dsv'
[2.536s] INFO:colcon.colcon_core.shell:Creating package script '/home/kiro04/Documents/robot_ws/ros2_ws/install/my_first_package/share/my_first_package/package.sh'
[2.537s] INFO:colcon.colcon_core.shell:Creating package script '/home/kiro04/Documents/robot_ws/ros2_ws/install/my_first_package/share/my_first_package/package.bash'
[2.538s] INFO:colcon.colcon_core.shell:Creating package script '/home/kiro04/Documents/robot_ws/ros2_ws/install/my_first_package/share/my_first_package/package.zsh'
[2.539s] Level 1:colcon.colcon_core.environment:create_file_with_runtime_dependencies(/home/kiro04/Documents/robot_ws/ros2_ws/install/my_first_package/share/colcon-core/packages/my_first_package)
[2.539s] DEBUG:colcon.colcon_parallel_executor.executor.parallel:closing loop
[2.539s] DEBUG:colcon.colcon_parallel_executor.executor.parallel:loop closed
[2.540s] DEBUG:colcon.colcon_parallel_executor.executor.parallel:run_until_complete finished with '0'
[2.540s] DEBUG:colcon.colcon_core.event_reactor:joining thread
[2.551s] INFO:colcon.colcon_core.plugin_system:Skipping extension 'colcon_notification.desktop_notification.terminal_notifier': Not used on non-Darwin systems
[2.551s] INFO:colcon.colcon_core.plugin_system:Skipping extension 'colcon_notification.desktop_notification.win32': Not used on non-Windows systems
[2.551s] INFO:colcon.colcon_notification.desktop_notification:Sending desktop notification using 'notify2'
[2.567s] DEBUG:colcon.colcon_core.event_reactor:joined thread
[2.571s] INFO:colcon.colcon_core.shell:Creating prefix script '/home/kiro04/Documents/robot_ws/ros2_ws/install/local_setup.ps1'
[2.575s] INFO:colcon.colcon_core.shell:Creating prefix util module '/home/kiro04/Documents/robot_ws/ros2_ws/install/_local_setup_util_ps1.py'
[2.578s] INFO:colcon.colcon_core.shell:Creating prefix chain script '/home/kiro04/Documents/robot_ws/ros2_ws/install/setup.ps1'
[2.585s] INFO:colcon.colcon_core.shell:Creating prefix script '/home/kiro04/Documents/robot_ws/ros2_ws/install/local_setup.sh'
[2.586s] INFO:colcon.colcon_core.shell:Creating prefix util module '/home/kiro04/Documents/robot_ws/ros2_ws/install/_local_setup_util_sh.py'
[2.587s] INFO:colcon.colcon_core.shell:Creating prefix chain script '/home/kiro04/Documents/robot_ws/ros2_ws/install/setup.sh'
[2.589s] INFO:colcon.colcon_core.shell:Creating prefix script '/home/kiro04/Documents/robot_ws/ros2_ws/install/local_setup.bash'
[2.590s] INFO:colcon.colcon_core.shell:Creating prefix chain script '/home/kiro04/Documents/robot_ws/ros2_ws/install/setup.bash'
[2.592s] INFO:colcon.colcon_core.shell:Creating prefix script '/home/kiro04/Documents/robot_ws/ros2_ws/install/local_setup.zsh'
[2.592s] INFO:colcon.colcon_core.shell:Creating prefix chain script '/home/kiro04/Documents/robot_ws/ros2_ws/install/setup.zsh'
