[0.359s] DEBUG:colcon:Command line arguments: ['/usr/bin/colcon', 'build']
[0.359s] DEBUG:colcon:Parsed command line arguments: Namespace(log_base=None, log_level=None, verb_name='build', build_base='build', install_base='install', merge_install=False, symlink_install=False, test_result_base=None, continue_on_error=False, executor='parallel', parallel_workers=8, event_handlers=None, ignore_user_meta=False, metas=['./colcon.meta'], base_paths=['.'], packages_ignore=None, packages_ignore_regex=None, paths=None, packages_up_to=None, packages_up_to_regex=None, packages_above=None, packages_above_and_dependencies=None, packages_above_depth=None, packages_select_by_dep=None, packages_skip_by_dep=None, packages_skip_up_to=None, packages_select_build_failed=False, packages_skip_build_finished=False, packages_select_test_failures=False, packages_skip_test_passed=False, packages_select=None, packages_skip=None, packages_select_regex=None, packages_skip_regex=None, packages_start=None, packages_end=None, allow_overriding=[], cmake_args=None, cmake_target=None, cmake_target_skip_unavailable=False, cmake_clean_cache=False, cmake_clean_first=False, cmake_force_configure=False, ament_cmake_args=None, catkin_cmake_args=None, catkin_skip_building_tests=False, verb_parser=<colcon_defaults.argument_parser.defaults.DefaultArgumentsDecorator object at 0x7f3f59122b90>, verb_extension=<colcon_core.verb.build.BuildVerb object at 0x7f3f59b67a00>, main=<bound method BuildVerb.main of <colcon_core.verb.build.BuildVerb object at 0x7f3f59b67a00>>)
[0.382s] Level 1:colcon.colcon_core.package_discovery:discover_packages(colcon_meta) check parameters
[0.382s] Level 1:colcon.colcon_core.package_discovery:discover_packages(recursive) check parameters
[0.382s] Level 1:colcon.colcon_core.package_discovery:discover_packages(ignore) check parameters
[0.382s] Level 1:colcon.colcon_core.package_discovery:discover_packages(path) check parameters
[0.382s] Level 1:colcon.colcon_core.package_discovery:discover_packages(colcon_meta) discover
[0.382s] Level 1:colcon.colcon_core.package_discovery:discover_packages(recursive) discover
[0.382s] INFO:colcon.colcon_core.package_discovery:Crawling recursively for packages in '/home/kiro04/robot_ws/ros2_ws'
[0.383s] Level 1:colcon.colcon_core.package_identification:_identify(.) by extensions ['ignore', 'ignore_ament_install']
[0.383s] Level 1:colcon.colcon_core.package_identification:_identify(.) by extension 'ignore'
[0.383s] Level 1:colcon.colcon_core.package_identification:_identify(.) by extension 'ignore_ament_install'
[0.383s] Level 1:colcon.colcon_core.package_identification:_identify(.) by extensions ['colcon_pkg']
[0.383s] Level 1:colcon.colcon_core.package_identification:_identify(.) by extension 'colcon_pkg'
[0.383s] Level 1:colcon.colcon_core.package_identification:_identify(.) by extensions ['colcon_meta']
[0.383s] Level 1:colcon.colcon_core.package_identification:_identify(.) by extension 'colcon_meta'
[0.383s] Level 1:colcon.colcon_core.package_identification:_identify(.) by extensions ['ros']
[0.383s] Level 1:colcon.colcon_core.package_identification:_identify(.) by extension 'ros'
[0.393s] Level 1:colcon.colcon_core.package_identification:_identify(.) by extensions ['cmake', 'python']
[0.394s] Level 1:colcon.colcon_core.package_identification:_identify(.) by extension 'cmake'
[0.394s] Level 1:colcon.colcon_core.package_identification:_identify(.) by extension 'python'
[0.394s] Level 1:colcon.colcon_core.package_identification:_identify(.) by extensions ['python_setup_py']
[0.394s] Level 1:colcon.colcon_core.package_identification:_identify(.) by extension 'python_setup_py'
[0.394s] Level 1:colcon.colcon_core.package_identification:_identify(build) by extensions ['ignore', 'ignore_ament_install']
[0.394s] Level 1:colcon.colcon_core.package_identification:_identify(build) by extension 'ignore'
[0.394s] Level 1:colcon.colcon_core.package_identification:_identify(build) ignored
[0.394s] Level 1:colcon.colcon_core.package_identification:_identify(install) by extensions ['ignore', 'ignore_ament_install']
[0.395s] Level 1:colcon.colcon_core.package_identification:_identify(install) by extension 'ignore'
[0.395s] Level 1:colcon.colcon_core.package_identification:_identify(install) ignored
[0.395s] Level 1:colcon.colcon_core.package_identification:_identify(log) by extensions ['ignore', 'ignore_ament_install']
[0.395s] Level 1:colcon.colcon_core.package_identification:_identify(log) by extension 'ignore'
[0.395s] Level 1:colcon.colcon_core.package_identification:_identify(log) ignored
[0.395s] Level 1:colcon.colcon_core.package_identification:_identify(src) by extensions ['ignore', 'ignore_ament_install']
[0.395s] Level 1:colcon.colcon_core.package_identification:_identify(src) by extension 'ignore'
[0.395s] Level 1:colcon.colcon_core.package_identification:_identify(src) by extension 'ignore_ament_install'
[0.396s] Level 1:colcon.colcon_core.package_identification:_identify(src) by extensions ['colcon_pkg']
[0.396s] Level 1:colcon.colcon_core.package_identification:_identify(src) by extension 'colcon_pkg'
[0.396s] Level 1:colcon.colcon_core.package_identification:_identify(src) by extensions ['colcon_meta']
[0.396s] Level 1:colcon.colcon_core.package_identification:_identify(src) by extension 'colcon_meta'
[0.396s] Level 1:colcon.colcon_core.package_identification:_identify(src) by extensions ['ros']
[0.396s] Level 1:colcon.colcon_core.package_identification:_identify(src) by extension 'ros'
[0.396s] Level 1:colcon.colcon_core.package_identification:_identify(src) by extensions ['cmake', 'python']
[0.396s] Level 1:colcon.colcon_core.package_identification:_identify(src) by extension 'cmake'
[0.396s] Level 1:colcon.colcon_core.package_identification:_identify(src) by extension 'python'
[0.396s] Level 1:colcon.colcon_core.package_identification:_identify(src) by extensions ['python_setup_py']
[0.396s] Level 1:colcon.colcon_core.package_identification:_identify(src) by extension 'python_setup_py'
[0.396s] Level 1:colcon.colcon_core.package_identification:_identify(src/arduino_tutorial) by extensions ['ignore', 'ignore_ament_install']
[0.396s] Level 1:colcon.colcon_core.package_identification:_identify(src/arduino_tutorial) by extension 'ignore'
[0.397s] Level 1:colcon.colcon_core.package_identification:_identify(src/arduino_tutorial) by extension 'ignore_ament_install'
[0.397s] Level 1:colcon.colcon_core.package_identification:_identify(src/arduino_tutorial) by extensions ['colcon_pkg']
[0.397s] Level 1:colcon.colcon_core.package_identification:_identify(src/arduino_tutorial) by extension 'colcon_pkg'
[0.397s] Level 1:colcon.colcon_core.package_identification:_identify(src/arduino_tutorial) by extensions ['colcon_meta']
[0.397s] Level 1:colcon.colcon_core.package_identification:_identify(src/arduino_tutorial) by extension 'colcon_meta'
[0.397s] Level 1:colcon.colcon_core.package_identification:_identify(src/arduino_tutorial) by extensions ['ros']
[0.397s] Level 1:colcon.colcon_core.package_identification:_identify(src/arduino_tutorial) by extension 'ros'
[0.399s] DEBUG:colcon.colcon_core.package_identification:Package 'src/arduino_tutorial' with type 'ros.ament_python' and name 'arduino_tutorial'
[0.399s] Level 1:colcon.colcon_core.package_identification:_identify(src/my_first_package) by extensions ['ignore', 'ignore_ament_install']
[0.400s] Level 1:colcon.colcon_core.package_identification:_identify(src/my_first_package) by extension 'ignore'
[0.400s] Level 1:colcon.colcon_core.package_identification:_identify(src/my_first_package) by extension 'ignore_ament_install'
[0.400s] Level 1:colcon.colcon_core.package_identification:_identify(src/my_first_package) by extensions ['colcon_pkg']
[0.400s] Level 1:colcon.colcon_core.package_identification:_identify(src/my_first_package) by extension 'colcon_pkg'
[0.400s] Level 1:colcon.colcon_core.package_identification:_identify(src/my_first_package) by extensions ['colcon_meta']
[0.400s] Level 1:colcon.colcon_core.package_identification:_identify(src/my_first_package) by extension 'colcon_meta'
[0.400s] Level 1:colcon.colcon_core.package_identification:_identify(src/my_first_package) by extensions ['ros']
[0.400s] Level 1:colcon.colcon_core.package_identification:_identify(src/my_first_package) by extension 'ros'
[0.401s] DEBUG:colcon.colcon_core.package_identification:Package 'src/my_first_package' with type 'ros.ament_python' and name 'my_first_package'
[0.401s] Level 1:colcon.colcon_core.package_identification:_identify(src/my_first_package_msgs) by extensions ['ignore', 'ignore_ament_install']
[0.401s] Level 1:colcon.colcon_core.package_identification:_identify(src/my_first_package_msgs) by extension 'ignore'
[0.401s] Level 1:colcon.colcon_core.package_identification:_identify(src/my_first_package_msgs) by extension 'ignore_ament_install'
[0.401s] Level 1:colcon.colcon_core.package_identification:_identify(src/my_first_package_msgs) by extensions ['colcon_pkg']
[0.401s] Level 1:colcon.colcon_core.package_identification:_identify(src/my_first_package_msgs) by extension 'colcon_pkg'
[0.401s] Level 1:colcon.colcon_core.package_identification:_identify(src/my_first_package_msgs) by extensions ['colcon_meta']
[0.401s] Level 1:colcon.colcon_core.package_identification:_identify(src/my_first_package_msgs) by extension 'colcon_meta'
[0.401s] Level 1:colcon.colcon_core.package_identification:_identify(src/my_first_package_msgs) by extensions ['ros']
[0.401s] Level 1:colcon.colcon_core.package_identification:_identify(src/my_first_package_msgs) by extension 'ros'
[0.402s] DEBUG:colcon.colcon_core.package_identification:Package 'src/my_first_package_msgs' with type 'ros.ament_cmake' and name 'my_first_package_msgs'
[0.402s] Level 1:colcon.colcon_core.package_identification:_identify(yolox_ros) by extensions ['ignore', 'ignore_ament_install']
[0.402s] Level 1:colcon.colcon_core.package_identification:_identify(yolox_ros) by extension 'ignore'
[0.402s] Level 1:colcon.colcon_core.package_identification:_identify(yolox_ros) by extension 'ignore_ament_install'
[0.403s] Level 1:colcon.colcon_core.package_identification:_identify(yolox_ros) by extensions ['colcon_pkg']
[0.403s] Level 1:colcon.colcon_core.package_identification:_identify(yolox_ros) by extension 'colcon_pkg'
[0.403s] Level 1:colcon.colcon_core.package_identification:_identify(yolox_ros) by extensions ['colcon_meta']
[0.403s] Level 1:colcon.colcon_core.package_identification:_identify(yolox_ros) by extension 'colcon_meta'
[0.403s] Level 1:colcon.colcon_core.package_identification:_identify(yolox_ros) by extensions ['ros']
[0.403s] Level 1:colcon.colcon_core.package_identification:_identify(yolox_ros) by extension 'ros'
[0.403s] Level 1:colcon.colcon_core.package_identification:_identify(yolox_ros) by extensions ['cmake', 'python']
[0.403s] Level 1:colcon.colcon_core.package_identification:_identify(yolox_ros) by extension 'cmake'
[0.403s] Level 1:colcon.colcon_core.package_identification:_identify(yolox_ros) by extension 'python'
[0.403s] Level 1:colcon.colcon_core.package_identification:_identify(yolox_ros) by extensions ['python_setup_py']
[0.403s] Level 1:colcon.colcon_core.package_identification:_identify(yolox_ros) by extension 'python_setup_py'
[0.403s] Level 1:colcon.colcon_core.package_identification:_identify(yolox_ros/bbox_ex_msgs) by extensions ['ignore', 'ignore_ament_install']
[0.403s] Level 1:colcon.colcon_core.package_identification:_identify(yolox_ros/bbox_ex_msgs) by extension 'ignore'
[0.404s] Level 1:colcon.colcon_core.package_identification:_identify(yolox_ros/bbox_ex_msgs) by extension 'ignore_ament_install'
[0.404s] Level 1:colcon.colcon_core.package_identification:_identify(yolox_ros/bbox_ex_msgs) by extensions ['colcon_pkg']
[0.404s] Level 1:colcon.colcon_core.package_identification:_identify(yolox_ros/bbox_ex_msgs) by extension 'colcon_pkg'
[0.404s] Level 1:colcon.colcon_core.package_identification:_identify(yolox_ros/bbox_ex_msgs) by extensions ['colcon_meta']
[0.404s] Level 1:colcon.colcon_core.package_identification:_identify(yolox_ros/bbox_ex_msgs) by extension 'colcon_meta'
[0.404s] Level 1:colcon.colcon_core.package_identification:_identify(yolox_ros/bbox_ex_msgs) by extensions ['ros']
[0.404s] Level 1:colcon.colcon_core.package_identification:_identify(yolox_ros/bbox_ex_msgs) by extension 'ros'
[0.404s] DEBUG:colcon.colcon_core.package_identification:Package 'yolox_ros/bbox_ex_msgs' with type 'ros.ament_cmake' and name 'bboxes_ex_msgs'
[0.405s] Level 1:colcon.colcon_core.package_identification:_identify(yolox_ros/images_for_readme) by extensions ['ignore', 'ignore_ament_install']
[0.405s] Level 1:colcon.colcon_core.package_identification:_identify(yolox_ros/images_for_readme) by extension 'ignore'
[0.405s] Level 1:colcon.colcon_core.package_identification:_identify(yolox_ros/images_for_readme) by extension 'ignore_ament_install'
[0.405s] Level 1:colcon.colcon_core.package_identification:_identify(yolox_ros/images_for_readme) by extensions ['colcon_pkg']
[0.405s] Level 1:colcon.colcon_core.package_identification:_identify(yolox_ros/images_for_readme) by extension 'colcon_pkg'
[0.405s] Level 1:colcon.colcon_core.package_identification:_identify(yolox_ros/images_for_readme) by extensions ['colcon_meta']
[0.405s] Level 1:colcon.colcon_core.package_identification:_identify(yolox_ros/images_for_readme) by extension 'colcon_meta'
[0.405s] Level 1:colcon.colcon_core.package_identification:_identify(yolox_ros/images_for_readme) by extensions ['ros']
[0.405s] Level 1:colcon.colcon_core.package_identification:_identify(yolox_ros/images_for_readme) by extension 'ros'
[0.405s] Level 1:colcon.colcon_core.package_identification:_identify(yolox_ros/images_for_readme) by extensions ['cmake', 'python']
[0.405s] Level 1:colcon.colcon_core.package_identification:_identify(yolox_ros/images_for_readme) by extension 'cmake'
[0.405s] Level 1:colcon.colcon_core.package_identification:_identify(yolox_ros/images_for_readme) by extension 'python'
[0.405s] Level 1:colcon.colcon_core.package_identification:_identify(yolox_ros/images_for_readme) by extensions ['python_setup_py']
[0.406s] Level 1:colcon.colcon_core.package_identification:_identify(yolox_ros/images_for_readme) by extension 'python_setup_py'
[0.406s] Level 1:colcon.colcon_core.package_identification:_identify(yolox_ros/weights) by extensions ['ignore', 'ignore_ament_install']
[0.406s] Level 1:colcon.colcon_core.package_identification:_identify(yolox_ros/weights) by extension 'ignore'
[0.406s] Level 1:colcon.colcon_core.package_identification:_identify(yolox_ros/weights) by extension 'ignore_ament_install'
[0.406s] Level 1:colcon.colcon_core.package_identification:_identify(yolox_ros/weights) by extensions ['colcon_pkg']
[0.406s] Level 1:colcon.colcon_core.package_identification:_identify(yolox_ros/weights) by extension 'colcon_pkg'
[0.406s] Level 1:colcon.colcon_core.package_identification:_identify(yolox_ros/weights) by extensions ['colcon_meta']
[0.406s] Level 1:colcon.colcon_core.package_identification:_identify(yolox_ros/weights) by extension 'colcon_meta'
[0.406s] Level 1:colcon.colcon_core.package_identification:_identify(yolox_ros/weights) by extensions ['ros']
[0.406s] Level 1:colcon.colcon_core.package_identification:_identify(yolox_ros/weights) by extension 'ros'
[0.406s] Level 1:colcon.colcon_core.package_identification:_identify(yolox_ros/weights) by extensions ['cmake', 'python']
[0.407s] Level 1:colcon.colcon_core.package_identification:_identify(yolox_ros/weights) by extension 'cmake'
[0.407s] Level 1:colcon.colcon_core.package_identification:_identify(yolox_ros/weights) by extension 'python'
[0.407s] Level 1:colcon.colcon_core.package_identification:_identify(yolox_ros/weights) by extensions ['python_setup_py']
[0.407s] Level 1:colcon.colcon_core.package_identification:_identify(yolox_ros/weights) by extension 'python_setup_py'
[0.407s] Level 1:colcon.colcon_core.package_identification:_identify(yolox_ros/weights/onnx) by extensions ['ignore', 'ignore_ament_install']
[0.407s] Level 1:colcon.colcon_core.package_identification:_identify(yolox_ros/weights/onnx) by extension 'ignore'
[0.407s] Level 1:colcon.colcon_core.package_identification:_identify(yolox_ros/weights/onnx) by extension 'ignore_ament_install'
[0.407s] Level 1:colcon.colcon_core.package_identification:_identify(yolox_ros/weights/onnx) by extensions ['colcon_pkg']
[0.407s] Level 1:colcon.colcon_core.package_identification:_identify(yolox_ros/weights/onnx) by extension 'colcon_pkg'
[0.407s] Level 1:colcon.colcon_core.package_identification:_identify(yolox_ros/weights/onnx) by extensions ['colcon_meta']
[0.407s] Level 1:colcon.colcon_core.package_identification:_identify(yolox_ros/weights/onnx) by extension 'colcon_meta'
[0.407s] Level 1:colcon.colcon_core.package_identification:_identify(yolox_ros/weights/onnx) by extensions ['ros']
[0.407s] Level 1:colcon.colcon_core.package_identification:_identify(yolox_ros/weights/onnx) by extension 'ros'
[0.408s] Level 1:colcon.colcon_core.package_identification:_identify(yolox_ros/weights/onnx) by extensions ['cmake', 'python']
[0.408s] Level 1:colcon.colcon_core.package_identification:_identify(yolox_ros/weights/onnx) by extension 'cmake'
[0.408s] Level 1:colcon.colcon_core.package_identification:_identify(yolox_ros/weights/onnx) by extension 'python'
[0.408s] Level 1:colcon.colcon_core.package_identification:_identify(yolox_ros/weights/onnx) by extensions ['python_setup_py']
[0.408s] Level 1:colcon.colcon_core.package_identification:_identify(yolox_ros/weights/onnx) by extension 'python_setup_py'
[0.408s] Level 1:colcon.colcon_core.package_identification:_identify(yolox_ros/weights/openvino) by extensions ['ignore', 'ignore_ament_install']
[0.408s] Level 1:colcon.colcon_core.package_identification:_identify(yolox_ros/weights/openvino) by extension 'ignore'
[0.408s] Level 1:colcon.colcon_core.package_identification:_identify(yolox_ros/weights/openvino) by extension 'ignore_ament_install'
[0.408s] Level 1:colcon.colcon_core.package_identification:_identify(yolox_ros/weights/openvino) by extensions ['colcon_pkg']
[0.408s] Level 1:colcon.colcon_core.package_identification:_identify(yolox_ros/weights/openvino) by extension 'colcon_pkg'
[0.408s] Level 1:colcon.colcon_core.package_identification:_identify(yolox_ros/weights/openvino) by extensions ['colcon_meta']
[0.408s] Level 1:colcon.colcon_core.package_identification:_identify(yolox_ros/weights/openvino) by extension 'colcon_meta'
[0.409s] Level 1:colcon.colcon_core.package_identification:_identify(yolox_ros/weights/openvino) by extensions ['ros']
[0.409s] Level 1:colcon.colcon_core.package_identification:_identify(yolox_ros/weights/openvino) by extension 'ros'
[0.409s] Level 1:colcon.colcon_core.package_identification:_identify(yolox_ros/weights/openvino) by extensions ['cmake', 'python']
[0.409s] Level 1:colcon.colcon_core.package_identification:_identify(yolox_ros/weights/openvino) by extension 'cmake'
[0.409s] Level 1:colcon.colcon_core.package_identification:_identify(yolox_ros/weights/openvino) by extension 'python'
[0.409s] Level 1:colcon.colcon_core.package_identification:_identify(yolox_ros/weights/openvino) by extensions ['python_setup_py']
[0.409s] Level 1:colcon.colcon_core.package_identification:_identify(yolox_ros/weights/openvino) by extension 'python_setup_py'
[0.409s] Level 1:colcon.colcon_core.package_identification:_identify(yolox_ros/weights/tensorrt) by extensions ['ignore', 'ignore_ament_install']
[0.409s] Level 1:colcon.colcon_core.package_identification:_identify(yolox_ros/weights/tensorrt) by extension 'ignore'
[0.409s] Level 1:colcon.colcon_core.package_identification:_identify(yolox_ros/weights/tensorrt) by extension 'ignore_ament_install'
[0.409s] Level 1:colcon.colcon_core.package_identification:_identify(yolox_ros/weights/tensorrt) by extensions ['colcon_pkg']
[0.409s] Level 1:colcon.colcon_core.package_identification:_identify(yolox_ros/weights/tensorrt) by extension 'colcon_pkg'
[0.410s] Level 1:colcon.colcon_core.package_identification:_identify(yolox_ros/weights/tensorrt) by extensions ['colcon_meta']
[0.410s] Level 1:colcon.colcon_core.package_identification:_identify(yolox_ros/weights/tensorrt) by extension 'colcon_meta'
[0.410s] Level 1:colcon.colcon_core.package_identification:_identify(yolox_ros/weights/tensorrt) by extensions ['ros']
[0.410s] Level 1:colcon.colcon_core.package_identification:_identify(yolox_ros/weights/tensorrt) by extension 'ros'
[0.410s] Level 1:colcon.colcon_core.package_identification:_identify(yolox_ros/weights/tensorrt) by extensions ['cmake', 'python']
[0.410s] Level 1:colcon.colcon_core.package_identification:_identify(yolox_ros/weights/tensorrt) by extension 'cmake'
[0.410s] Level 1:colcon.colcon_core.package_identification:_identify(yolox_ros/weights/tensorrt) by extension 'python'
[0.410s] Level 1:colcon.colcon_core.package_identification:_identify(yolox_ros/weights/tensorrt) by extensions ['python_setup_py']
[0.410s] Level 1:colcon.colcon_core.package_identification:_identify(yolox_ros/weights/tensorrt) by extension 'python_setup_py'
[0.410s] Level 1:colcon.colcon_core.package_identification:_identify(yolox_ros/weights/tflite) by extensions ['ignore', 'ignore_ament_install']
[0.410s] Level 1:colcon.colcon_core.package_identification:_identify(yolox_ros/weights/tflite) by extension 'ignore'
[0.410s] Level 1:colcon.colcon_core.package_identification:_identify(yolox_ros/weights/tflite) by extension 'ignore_ament_install'
[0.411s] Level 1:colcon.colcon_core.package_identification:_identify(yolox_ros/weights/tflite) by extensions ['colcon_pkg']
[0.411s] Level 1:colcon.colcon_core.package_identification:_identify(yolox_ros/weights/tflite) by extension 'colcon_pkg'
[0.411s] Level 1:colcon.colcon_core.package_identification:_identify(yolox_ros/weights/tflite) by extensions ['colcon_meta']
[0.411s] Level 1:colcon.colcon_core.package_identification:_identify(yolox_ros/weights/tflite) by extension 'colcon_meta'
[0.411s] Level 1:colcon.colcon_core.package_identification:_identify(yolox_ros/weights/tflite) by extensions ['ros']
[0.411s] Level 1:colcon.colcon_core.package_identification:_identify(yolox_ros/weights/tflite) by extension 'ros'
[0.411s] Level 1:colcon.colcon_core.package_identification:_identify(yolox_ros/weights/tflite) by extensions ['cmake', 'python']
[0.411s] Level 1:colcon.colcon_core.package_identification:_identify(yolox_ros/weights/tflite) by extension 'cmake'
[0.411s] Level 1:colcon.colcon_core.package_identification:_identify(yolox_ros/weights/tflite) by extension 'python'
[0.411s] Level 1:colcon.colcon_core.package_identification:_identify(yolox_ros/weights/tflite) by extensions ['python_setup_py']
[0.411s] Level 1:colcon.colcon_core.package_identification:_identify(yolox_ros/weights/tflite) by extension 'python_setup_py'
[0.411s] Level 1:colcon.colcon_core.package_identification:_identify(yolox_ros/yolox_ros_cpp) by extensions ['ignore', 'ignore_ament_install']
[0.411s] Level 1:colcon.colcon_core.package_identification:_identify(yolox_ros/yolox_ros_cpp) by extension 'ignore'
[0.412s] Level 1:colcon.colcon_core.package_identification:_identify(yolox_ros/yolox_ros_cpp) by extension 'ignore_ament_install'
[0.412s] Level 1:colcon.colcon_core.package_identification:_identify(yolox_ros/yolox_ros_cpp) by extensions ['colcon_pkg']
[0.412s] Level 1:colcon.colcon_core.package_identification:_identify(yolox_ros/yolox_ros_cpp) by extension 'colcon_pkg'
[0.412s] Level 1:colcon.colcon_core.package_identification:_identify(yolox_ros/yolox_ros_cpp) by extensions ['colcon_meta']
[0.412s] Level 1:colcon.colcon_core.package_identification:_identify(yolox_ros/yolox_ros_cpp) by extension 'colcon_meta'
[0.412s] Level 1:colcon.colcon_core.package_identification:_identify(yolox_ros/yolox_ros_cpp) by extensions ['ros']
[0.412s] Level 1:colcon.colcon_core.package_identification:_identify(yolox_ros/yolox_ros_cpp) by extension 'ros'
[0.412s] Level 1:colcon.colcon_core.package_identification:_identify(yolox_ros/yolox_ros_cpp) by extensions ['cmake', 'python']
[0.412s] Level 1:colcon.colcon_core.package_identification:_identify(yolox_ros/yolox_ros_cpp) by extension 'cmake'
[0.412s] Level 1:colcon.colcon_core.package_identification:_identify(yolox_ros/yolox_ros_cpp) by extension 'python'
[0.412s] Level 1:colcon.colcon_core.package_identification:_identify(yolox_ros/yolox_ros_cpp) by extensions ['python_setup_py']
[0.412s] Level 1:colcon.colcon_core.package_identification:_identify(yolox_ros/yolox_ros_cpp) by extension 'python_setup_py'
[0.412s] Level 1:colcon.colcon_core.package_identification:_identify(yolox_ros/yolox_ros_cpp/docker) by extensions ['ignore', 'ignore_ament_install']
[0.413s] Level 1:colcon.colcon_core.package_identification:_identify(yolox_ros/yolox_ros_cpp/docker) by extension 'ignore'
[0.413s] Level 1:colcon.colcon_core.package_identification:_identify(yolox_ros/yolox_ros_cpp/docker) by extension 'ignore_ament_install'
[0.413s] Level 1:colcon.colcon_core.package_identification:_identify(yolox_ros/yolox_ros_cpp/docker) by extensions ['colcon_pkg']
[0.413s] Level 1:colcon.colcon_core.package_identification:_identify(yolox_ros/yolox_ros_cpp/docker) by extension 'colcon_pkg'
[0.413s] Level 1:colcon.colcon_core.package_identification:_identify(yolox_ros/yolox_ros_cpp/docker) by extensions ['colcon_meta']
[0.413s] Level 1:colcon.colcon_core.package_identification:_identify(yolox_ros/yolox_ros_cpp/docker) by extension 'colcon_meta'
[0.413s] Level 1:colcon.colcon_core.package_identification:_identify(yolox_ros/yolox_ros_cpp/docker) by extensions ['ros']
[0.413s] Level 1:colcon.colcon_core.package_identification:_identify(yolox_ros/yolox_ros_cpp/docker) by extension 'ros'
[0.413s] Level 1:colcon.colcon_core.package_identification:_identify(yolox_ros/yolox_ros_cpp/docker) by extensions ['cmake', 'python']
[0.413s] Level 1:colcon.colcon_core.package_identification:_identify(yolox_ros/yolox_ros_cpp/docker) by extension 'cmake'
[0.413s] Level 1:colcon.colcon_core.package_identification:_identify(yolox_ros/yolox_ros_cpp/docker) by extension 'python'
[0.413s] Level 1:colcon.colcon_core.package_identification:_identify(yolox_ros/yolox_ros_cpp/docker) by extensions ['python_setup_py']
[0.413s] Level 1:colcon.colcon_core.package_identification:_identify(yolox_ros/yolox_ros_cpp/docker) by extension 'python_setup_py'
[0.413s] Level 1:colcon.colcon_core.package_identification:_identify(yolox_ros/yolox_ros_cpp/docker/jetson) by extensions ['ignore', 'ignore_ament_install']
[0.414s] Level 1:colcon.colcon_core.package_identification:_identify(yolox_ros/yolox_ros_cpp/docker/jetson) by extension 'ignore'
[0.414s] Level 1:colcon.colcon_core.package_identification:_identify(yolox_ros/yolox_ros_cpp/docker/jetson) by extension 'ignore_ament_install'
[0.414s] Level 1:colcon.colcon_core.package_identification:_identify(yolox_ros/yolox_ros_cpp/docker/jetson) by extensions ['colcon_pkg']
[0.414s] Level 1:colcon.colcon_core.package_identification:_identify(yolox_ros/yolox_ros_cpp/docker/jetson) by extension 'colcon_pkg'
[0.414s] Level 1:colcon.colcon_core.package_identification:_identify(yolox_ros/yolox_ros_cpp/docker/jetson) by extensions ['colcon_meta']
[0.414s] Level 1:colcon.colcon_core.package_identification:_identify(yolox_ros/yolox_ros_cpp/docker/jetson) by extension 'colcon_meta'
[0.414s] Level 1:colcon.colcon_core.package_identification:_identify(yolox_ros/yolox_ros_cpp/docker/jetson) by extensions ['ros']
[0.414s] Level 1:colcon.colcon_core.package_identification:_identify(yolox_ros/yolox_ros_cpp/docker/jetson) by extension 'ros'
[0.414s] Level 1:colcon.colcon_core.package_identification:_identify(yolox_ros/yolox_ros_cpp/docker/jetson) by extensions ['cmake', 'python']
[0.414s] Level 1:colcon.colcon_core.package_identification:_identify(yolox_ros/yolox_ros_cpp/docker/jetson) by extension 'cmake'
[0.414s] Level 1:colcon.colcon_core.package_identification:_identify(yolox_ros/yolox_ros_cpp/docker/jetson) by extension 'python'
[0.414s] Level 1:colcon.colcon_core.package_identification:_identify(yolox_ros/yolox_ros_cpp/docker/jetson) by extensions ['python_setup_py']
[0.414s] Level 1:colcon.colcon_core.package_identification:_identify(yolox_ros/yolox_ros_cpp/docker/jetson) by extension 'python_setup_py'
[0.415s] Level 1:colcon.colcon_core.package_identification:_identify(yolox_ros/yolox_ros_cpp/docker/onnxruntime) by extensions ['ignore', 'ignore_ament_install']
[0.415s] Level 1:colcon.colcon_core.package_identification:_identify(yolox_ros/yolox_ros_cpp/docker/onnxruntime) by extension 'ignore'
[0.415s] Level 1:colcon.colcon_core.package_identification:_identify(yolox_ros/yolox_ros_cpp/docker/onnxruntime) by extension 'ignore_ament_install'
[0.415s] Level 1:colcon.colcon_core.package_identification:_identify(yolox_ros/yolox_ros_cpp/docker/onnxruntime) by extensions ['colcon_pkg']
[0.415s] Level 1:colcon.colcon_core.package_identification:_identify(yolox_ros/yolox_ros_cpp/docker/onnxruntime) by extension 'colcon_pkg'
[0.415s] Level 1:colcon.colcon_core.package_identification:_identify(yolox_ros/yolox_ros_cpp/docker/onnxruntime) by extensions ['colcon_meta']
[0.415s] Level 1:colcon.colcon_core.package_identification:_identify(yolox_ros/yolox_ros_cpp/docker/onnxruntime) by extension 'colcon_meta'
[0.415s] Level 1:colcon.colcon_core.package_identification:_identify(yolox_ros/yolox_ros_cpp/docker/onnxruntime) by extensions ['ros']
[0.415s] Level 1:colcon.colcon_core.package_identification:_identify(yolox_ros/yolox_ros_cpp/docker/onnxruntime) by extension 'ros'
[0.415s] Level 1:colcon.colcon_core.package_identification:_identify(yolox_ros/yolox_ros_cpp/docker/onnxruntime) by extensions ['cmake', 'python']
[0.415s] Level 1:colcon.colcon_core.package_identification:_identify(yolox_ros/yolox_ros_cpp/docker/onnxruntime) by extension 'cmake'
[0.416s] Level 1:colcon.colcon_core.package_identification:_identify(yolox_ros/yolox_ros_cpp/docker/onnxruntime) by extension 'python'
[0.416s] Level 1:colcon.colcon_core.package_identification:_identify(yolox_ros/yolox_ros_cpp/docker/onnxruntime) by extensions ['python_setup_py']
[0.416s] Level 1:colcon.colcon_core.package_identification:_identify(yolox_ros/yolox_ros_cpp/docker/onnxruntime) by extension 'python_setup_py'
[0.416s] Level 1:colcon.colcon_core.package_identification:_identify(yolox_ros/yolox_ros_cpp/docker/openvino) by extensions ['ignore', 'ignore_ament_install']
[0.416s] Level 1:colcon.colcon_core.package_identification:_identify(yolox_ros/yolox_ros_cpp/docker/openvino) by extension 'ignore'
[0.416s] Level 1:colcon.colcon_core.package_identification:_identify(yolox_ros/yolox_ros_cpp/docker/openvino) by extension 'ignore_ament_install'
[0.416s] Level 1:colcon.colcon_core.package_identification:_identify(yolox_ros/yolox_ros_cpp/docker/openvino) by extensions ['colcon_pkg']
[0.416s] Level 1:colcon.colcon_core.package_identification:_identify(yolox_ros/yolox_ros_cpp/docker/openvino) by extension 'colcon_pkg'
[0.416s] Level 1:colcon.colcon_core.package_identification:_identify(yolox_ros/yolox_ros_cpp/docker/openvino) by extensions ['colcon_meta']
[0.416s] Level 1:colcon.colcon_core.package_identification:_identify(yolox_ros/yolox_ros_cpp/docker/openvino) by extension 'colcon_meta'
[0.416s] Level 1:colcon.colcon_core.package_identification:_identify(yolox_ros/yolox_ros_cpp/docker/openvino) by extensions ['ros']
[0.416s] Level 1:colcon.colcon_core.package_identification:_identify(yolox_ros/yolox_ros_cpp/docker/openvino) by extension 'ros'
[0.416s] Level 1:colcon.colcon_core.package_identification:_identify(yolox_ros/yolox_ros_cpp/docker/openvino) by extensions ['cmake', 'python']
[0.417s] Level 1:colcon.colcon_core.package_identification:_identify(yolox_ros/yolox_ros_cpp/docker/openvino) by extension 'cmake'
[0.417s] Level 1:colcon.colcon_core.package_identification:_identify(yolox_ros/yolox_ros_cpp/docker/openvino) by extension 'python'
[0.417s] Level 1:colcon.colcon_core.package_identification:_identify(yolox_ros/yolox_ros_cpp/docker/openvino) by extensions ['python_setup_py']
[0.417s] Level 1:colcon.colcon_core.package_identification:_identify(yolox_ros/yolox_ros_cpp/docker/openvino) by extension 'python_setup_py'
[0.417s] Level 1:colcon.colcon_core.package_identification:_identify(yolox_ros/yolox_ros_cpp/docker/tensorrt) by extensions ['ignore', 'ignore_ament_install']
[0.417s] Level 1:colcon.colcon_core.package_identification:_identify(yolox_ros/yolox_ros_cpp/docker/tensorrt) by extension 'ignore'
[0.417s] Level 1:colcon.colcon_core.package_identification:_identify(yolox_ros/yolox_ros_cpp/docker/tensorrt) by extension 'ignore_ament_install'
[0.417s] Level 1:colcon.colcon_core.package_identification:_identify(yolox_ros/yolox_ros_cpp/docker/tensorrt) by extensions ['colcon_pkg']
[0.417s] Level 1:colcon.colcon_core.package_identification:_identify(yolox_ros/yolox_ros_cpp/docker/tensorrt) by extension 'colcon_pkg'
[0.417s] Level 1:colcon.colcon_core.package_identification:_identify(yolox_ros/yolox_ros_cpp/docker/tensorrt) by extensions ['colcon_meta']
[0.417s] Level 1:colcon.colcon_core.package_identification:_identify(yolox_ros/yolox_ros_cpp/docker/tensorrt) by extension 'colcon_meta'
[0.417s] Level 1:colcon.colcon_core.package_identification:_identify(yolox_ros/yolox_ros_cpp/docker/tensorrt) by extensions ['ros']
[0.417s] Level 1:colcon.colcon_core.package_identification:_identify(yolox_ros/yolox_ros_cpp/docker/tensorrt) by extension 'ros'
[0.418s] Level 1:colcon.colcon_core.package_identification:_identify(yolox_ros/yolox_ros_cpp/docker/tensorrt) by extensions ['cmake', 'python']
[0.418s] Level 1:colcon.colcon_core.package_identification:_identify(yolox_ros/yolox_ros_cpp/docker/tensorrt) by extension 'cmake'
[0.418s] Level 1:colcon.colcon_core.package_identification:_identify(yolox_ros/yolox_ros_cpp/docker/tensorrt) by extension 'python'
[0.418s] Level 1:colcon.colcon_core.package_identification:_identify(yolox_ros/yolox_ros_cpp/docker/tensorrt) by extensions ['python_setup_py']
[0.418s] Level 1:colcon.colcon_core.package_identification:_identify(yolox_ros/yolox_ros_cpp/docker/tensorrt) by extension 'python_setup_py'
[0.418s] Level 1:colcon.colcon_core.package_identification:_identify(yolox_ros/yolox_ros_cpp/yolox_cpp) by extensions ['ignore', 'ignore_ament_install']
[0.418s] Level 1:colcon.colcon_core.package_identification:_identify(yolox_ros/yolox_ros_cpp/yolox_cpp) by extension 'ignore'
[0.418s] Level 1:colcon.colcon_core.package_identification:_identify(yolox_ros/yolox_ros_cpp/yolox_cpp) by extension 'ignore_ament_install'
[0.418s] Level 1:colcon.colcon_core.package_identification:_identify(yolox_ros/yolox_ros_cpp/yolox_cpp) by extensions ['colcon_pkg']
[0.418s] Level 1:colcon.colcon_core.package_identification:_identify(yolox_ros/yolox_ros_cpp/yolox_cpp) by extension 'colcon_pkg'
[0.418s] Level 1:colcon.colcon_core.package_identification:_identify(yolox_ros/yolox_ros_cpp/yolox_cpp) by extensions ['colcon_meta']
[0.418s] Level 1:colcon.colcon_core.package_identification:_identify(yolox_ros/yolox_ros_cpp/yolox_cpp) by extension 'colcon_meta'
[0.419s] Level 1:colcon.colcon_core.package_identification:_identify(yolox_ros/yolox_ros_cpp/yolox_cpp) by extensions ['ros']
[0.419s] Level 1:colcon.colcon_core.package_identification:_identify(yolox_ros/yolox_ros_cpp/yolox_cpp) by extension 'ros'
[0.419s] DEBUG:colcon.colcon_core.package_identification:Package 'yolox_ros/yolox_ros_cpp/yolox_cpp' with type 'ros.ament_cmake' and name 'yolox_cpp'
[0.419s] Level 1:colcon.colcon_core.package_identification:_identify(yolox_ros/yolox_ros_cpp/yolox_param) by extensions ['ignore', 'ignore_ament_install']
[0.419s] Level 1:colcon.colcon_core.package_identification:_identify(yolox_ros/yolox_ros_cpp/yolox_param) by extension 'ignore'
[0.420s] Level 1:colcon.colcon_core.package_identification:_identify(yolox_ros/yolox_ros_cpp/yolox_param) by extension 'ignore_ament_install'
[0.420s] Level 1:colcon.colcon_core.package_identification:_identify(yolox_ros/yolox_ros_cpp/yolox_param) by extensions ['colcon_pkg']
[0.420s] Level 1:colcon.colcon_core.package_identification:_identify(yolox_ros/yolox_ros_cpp/yolox_param) by extension 'colcon_pkg'
[0.420s] Level 1:colcon.colcon_core.package_identification:_identify(yolox_ros/yolox_ros_cpp/yolox_param) by extensions ['colcon_meta']
[0.420s] Level 1:colcon.colcon_core.package_identification:_identify(yolox_ros/yolox_ros_cpp/yolox_param) by extension 'colcon_meta'
[0.420s] Level 1:colcon.colcon_core.package_identification:_identify(yolox_ros/yolox_ros_cpp/yolox_param) by extensions ['ros']
[0.420s] Level 1:colcon.colcon_core.package_identification:_identify(yolox_ros/yolox_ros_cpp/yolox_param) by extension 'ros'
[0.421s] DEBUG:colcon.colcon_core.package_identification:Package 'yolox_ros/yolox_ros_cpp/yolox_param' with type 'ros.ament_cmake' and name 'yolox_param'
[0.421s] Level 1:colcon.colcon_core.package_identification:_identify(yolox_ros/yolox_ros_cpp/yolox_ros_cpp) by extensions ['ignore', 'ignore_ament_install']
[0.421s] Level 1:colcon.colcon_core.package_identification:_identify(yolox_ros/yolox_ros_cpp/yolox_ros_cpp) by extension 'ignore'
[0.421s] Level 1:colcon.colcon_core.package_identification:_identify(yolox_ros/yolox_ros_cpp/yolox_ros_cpp) by extension 'ignore_ament_install'
[0.421s] Level 1:colcon.colcon_core.package_identification:_identify(yolox_ros/yolox_ros_cpp/yolox_ros_cpp) by extensions ['colcon_pkg']
[0.421s] Level 1:colcon.colcon_core.package_identification:_identify(yolox_ros/yolox_ros_cpp/yolox_ros_cpp) by extension 'colcon_pkg'
[0.421s] Level 1:colcon.colcon_core.package_identification:_identify(yolox_ros/yolox_ros_cpp/yolox_ros_cpp) by extensions ['colcon_meta']
[0.421s] Level 1:colcon.colcon_core.package_identification:_identify(yolox_ros/yolox_ros_cpp/yolox_ros_cpp) by extension 'colcon_meta'
[0.421s] Level 1:colcon.colcon_core.package_identification:_identify(yolox_ros/yolox_ros_cpp/yolox_ros_cpp) by extensions ['ros']
[0.421s] Level 1:colcon.colcon_core.package_identification:_identify(yolox_ros/yolox_ros_cpp/yolox_ros_cpp) by extension 'ros'
[0.422s] DEBUG:colcon.colcon_core.package_identification:Package 'yolox_ros/yolox_ros_cpp/yolox_ros_cpp' with type 'ros.ament_cmake' and name 'yolox_ros_cpp'
[0.423s] Level 1:colcon.colcon_core.package_identification:_identify(yolox_ros/yolox_ros_py) by extensions ['ignore', 'ignore_ament_install']
[0.423s] Level 1:colcon.colcon_core.package_identification:_identify(yolox_ros/yolox_ros_py) by extension 'ignore'
[0.423s] Level 1:colcon.colcon_core.package_identification:_identify(yolox_ros/yolox_ros_py) by extension 'ignore_ament_install'
[0.423s] Level 1:colcon.colcon_core.package_identification:_identify(yolox_ros/yolox_ros_py) by extensions ['colcon_pkg']
[0.423s] Level 1:colcon.colcon_core.package_identification:_identify(yolox_ros/yolox_ros_py) by extension 'colcon_pkg'
[0.423s] Level 1:colcon.colcon_core.package_identification:_identify(yolox_ros/yolox_ros_py) by extensions ['colcon_meta']
[0.423s] Level 1:colcon.colcon_core.package_identification:_identify(yolox_ros/yolox_ros_py) by extension 'colcon_meta'
[0.423s] Level 1:colcon.colcon_core.package_identification:_identify(yolox_ros/yolox_ros_py) by extensions ['ros']
[0.423s] Level 1:colcon.colcon_core.package_identification:_identify(yolox_ros/yolox_ros_py) by extension 'ros'
[0.423s] Level 1:colcon.colcon_core.package_identification:_identify(yolox_ros/yolox_ros_py) by extensions ['cmake', 'python']
[0.423s] Level 1:colcon.colcon_core.package_identification:_identify(yolox_ros/yolox_ros_py) by extension 'cmake'
[0.423s] Level 1:colcon.colcon_core.package_identification:_identify(yolox_ros/yolox_ros_py) by extension 'python'
[0.424s] Level 1:colcon.colcon_core.package_identification:_identify(yolox_ros/yolox_ros_py) by extensions ['python_setup_py']
[0.424s] Level 1:colcon.colcon_core.package_identification:_identify(yolox_ros/yolox_ros_py) by extension 'python_setup_py'
[0.424s] Level 1:colcon.colcon_core.package_identification:_identify(yolox_ros/yolox_ros_py/exps) by extensions ['ignore', 'ignore_ament_install']
[0.424s] Level 1:colcon.colcon_core.package_identification:_identify(yolox_ros/yolox_ros_py/exps) by extension 'ignore'
[0.424s] Level 1:colcon.colcon_core.package_identification:_identify(yolox_ros/yolox_ros_py/exps) by extension 'ignore_ament_install'
[0.424s] Level 1:colcon.colcon_core.package_identification:_identify(yolox_ros/yolox_ros_py/exps) by extensions ['colcon_pkg']
[0.424s] Level 1:colcon.colcon_core.package_identification:_identify(yolox_ros/yolox_ros_py/exps) by extension 'colcon_pkg'
[0.424s] Level 1:colcon.colcon_core.package_identification:_identify(yolox_ros/yolox_ros_py/exps) by extensions ['colcon_meta']
[0.424s] Level 1:colcon.colcon_core.package_identification:_identify(yolox_ros/yolox_ros_py/exps) by extension 'colcon_meta'
[0.424s] Level 1:colcon.colcon_core.package_identification:_identify(yolox_ros/yolox_ros_py/exps) by extensions ['ros']
[0.424s] Level 1:colcon.colcon_core.package_identification:_identify(yolox_ros/yolox_ros_py/exps) by extension 'ros'
[0.424s] Level 1:colcon.colcon_core.package_identification:_identify(yolox_ros/yolox_ros_py/exps) by extensions ['cmake', 'python']
[0.424s] Level 1:colcon.colcon_core.package_identification:_identify(yolox_ros/yolox_ros_py/exps) by extension 'cmake'
[0.425s] Level 1:colcon.colcon_core.package_identification:_identify(yolox_ros/yolox_ros_py/exps) by extension 'python'
[0.425s] Level 1:colcon.colcon_core.package_identification:_identify(yolox_ros/yolox_ros_py/exps) by extensions ['python_setup_py']
[0.425s] Level 1:colcon.colcon_core.package_identification:_identify(yolox_ros/yolox_ros_py/exps) by extension 'python_setup_py'
[0.425s] Level 1:colcon.colcon_core.package_identification:_identify(yolox_ros/yolox_ros_py/launch) by extensions ['ignore', 'ignore_ament_install']
[0.425s] Level 1:colcon.colcon_core.package_identification:_identify(yolox_ros/yolox_ros_py/launch) by extension 'ignore'
[0.425s] Level 1:colcon.colcon_core.package_identification:_identify(yolox_ros/yolox_ros_py/launch) by extension 'ignore_ament_install'
[0.425s] Level 1:colcon.colcon_core.package_identification:_identify(yolox_ros/yolox_ros_py/launch) by extensions ['colcon_pkg']
[0.425s] Level 1:colcon.colcon_core.package_identification:_identify(yolox_ros/yolox_ros_py/launch) by extension 'colcon_pkg'
[0.425s] Level 1:colcon.colcon_core.package_identification:_identify(yolox_ros/yolox_ros_py/launch) by extensions ['colcon_meta']
[0.425s] Level 1:colcon.colcon_core.package_identification:_identify(yolox_ros/yolox_ros_py/launch) by extension 'colcon_meta'
[0.425s] Level 1:colcon.colcon_core.package_identification:_identify(yolox_ros/yolox_ros_py/launch) by extensions ['ros']
[0.425s] Level 1:colcon.colcon_core.package_identification:_identify(yolox_ros/yolox_ros_py/launch) by extension 'ros'
[0.426s] Level 1:colcon.colcon_core.package_identification:_identify(yolox_ros/yolox_ros_py/launch) by extensions ['cmake', 'python']
[0.426s] Level 1:colcon.colcon_core.package_identification:_identify(yolox_ros/yolox_ros_py/launch) by extension 'cmake'
[0.426s] Level 1:colcon.colcon_core.package_identification:_identify(yolox_ros/yolox_ros_py/launch) by extension 'python'
[0.426s] Level 1:colcon.colcon_core.package_identification:_identify(yolox_ros/yolox_ros_py/launch) by extensions ['python_setup_py']
[0.426s] Level 1:colcon.colcon_core.package_identification:_identify(yolox_ros/yolox_ros_py/launch) by extension 'python_setup_py'
[0.426s] Level 1:colcon.colcon_core.package_identification:_identify(yolox_ros/yolox_ros_py/resource) by extensions ['ignore', 'ignore_ament_install']
[0.426s] Level 1:colcon.colcon_core.package_identification:_identify(yolox_ros/yolox_ros_py/resource) by extension 'ignore'
[0.426s] Level 1:colcon.colcon_core.package_identification:_identify(yolox_ros/yolox_ros_py/resource) by extension 'ignore_ament_install'
[0.426s] Level 1:colcon.colcon_core.package_identification:_identify(yolox_ros/yolox_ros_py/resource) by extensions ['colcon_pkg']
[0.426s] Level 1:colcon.colcon_core.package_identification:_identify(yolox_ros/yolox_ros_py/resource) by extension 'colcon_pkg'
[0.426s] Level 1:colcon.colcon_core.package_identification:_identify(yolox_ros/yolox_ros_py/resource) by extensions ['colcon_meta']
[0.426s] Level 1:colcon.colcon_core.package_identification:_identify(yolox_ros/yolox_ros_py/resource) by extension 'colcon_meta'
[0.426s] Level 1:colcon.colcon_core.package_identification:_identify(yolox_ros/yolox_ros_py/resource) by extensions ['ros']
[0.426s] Level 1:colcon.colcon_core.package_identification:_identify(yolox_ros/yolox_ros_py/resource) by extension 'ros'
[0.427s] Level 1:colcon.colcon_core.package_identification:_identify(yolox_ros/yolox_ros_py/resource) by extensions ['cmake', 'python']
[0.427s] Level 1:colcon.colcon_core.package_identification:_identify(yolox_ros/yolox_ros_py/resource) by extension 'cmake'
[0.427s] Level 1:colcon.colcon_core.package_identification:_identify(yolox_ros/yolox_ros_py/resource) by extension 'python'
[0.427s] Level 1:colcon.colcon_core.package_identification:_identify(yolox_ros/yolox_ros_py/resource) by extensions ['python_setup_py']
[0.427s] Level 1:colcon.colcon_core.package_identification:_identify(yolox_ros/yolox_ros_py/resource) by extension 'python_setup_py'
[0.427s] Level 1:colcon.colcon_core.package_identification:_identify(yolox_ros/yolox_ros_py/yolox_ros_py) by extensions ['ignore', 'ignore_ament_install']
[0.427s] Level 1:colcon.colcon_core.package_identification:_identify(yolox_ros/yolox_ros_py/yolox_ros_py) by extension 'ignore'
[0.427s] Level 1:colcon.colcon_core.package_identification:_identify(yolox_ros/yolox_ros_py/yolox_ros_py) by extension 'ignore_ament_install'
[0.427s] Level 1:colcon.colcon_core.package_identification:_identify(yolox_ros/yolox_ros_py/yolox_ros_py) by extensions ['colcon_pkg']
[0.427s] Level 1:colcon.colcon_core.package_identification:_identify(yolox_ros/yolox_ros_py/yolox_ros_py) by extension 'colcon_pkg'
[0.428s] Level 1:colcon.colcon_core.package_identification:_identify(yolox_ros/yolox_ros_py/yolox_ros_py) by extensions ['colcon_meta']
[0.428s] Level 1:colcon.colcon_core.package_identification:_identify(yolox_ros/yolox_ros_py/yolox_ros_py) by extension 'colcon_meta'
[0.428s] Level 1:colcon.colcon_core.package_identification:_identify(yolox_ros/yolox_ros_py/yolox_ros_py) by extensions ['ros']
[0.428s] Level 1:colcon.colcon_core.package_identification:_identify(yolox_ros/yolox_ros_py/yolox_ros_py) by extension 'ros'
[0.428s] Level 1:colcon.colcon_core.package_identification:_identify(yolox_ros/yolox_ros_py/yolox_ros_py) by extensions ['cmake', 'python']
[0.428s] Level 1:colcon.colcon_core.package_identification:_identify(yolox_ros/yolox_ros_py/yolox_ros_py) by extension 'cmake'
[0.428s] Level 1:colcon.colcon_core.package_identification:_identify(yolox_ros/yolox_ros_py/yolox_ros_py) by extension 'python'
[0.428s] Level 1:colcon.colcon_core.package_identification:_identify(yolox_ros/yolox_ros_py/yolox_ros_py) by extensions ['python_setup_py']
[0.428s] Level 1:colcon.colcon_core.package_identification:_identify(yolox_ros/yolox_ros_py/yolox_ros_py) by extension 'python_setup_py'
[0.428s] Level 1:colcon.colcon_core.package_identification:_identify(yolox_ros/yolox_ros_py/yolox_ros_py/module_tflite) by extensions ['ignore', 'ignore_ament_install']
[0.428s] Level 1:colcon.colcon_core.package_identification:_identify(yolox_ros/yolox_ros_py/yolox_ros_py/module_tflite) by extension 'ignore'
[0.428s] Level 1:colcon.colcon_core.package_identification:_identify(yolox_ros/yolox_ros_py/yolox_ros_py/module_tflite) by extension 'ignore_ament_install'
[0.428s] Level 1:colcon.colcon_core.package_identification:_identify(yolox_ros/yolox_ros_py/yolox_ros_py/module_tflite) by extensions ['colcon_pkg']
[0.429s] Level 1:colcon.colcon_core.package_identification:_identify(yolox_ros/yolox_ros_py/yolox_ros_py/module_tflite) by extension 'colcon_pkg'
[0.429s] Level 1:colcon.colcon_core.package_identification:_identify(yolox_ros/yolox_ros_py/yolox_ros_py/module_tflite) by extensions ['colcon_meta']
[0.429s] Level 1:colcon.colcon_core.package_identification:_identify(yolox_ros/yolox_ros_py/yolox_ros_py/module_tflite) by extension 'colcon_meta'
[0.429s] Level 1:colcon.colcon_core.package_identification:_identify(yolox_ros/yolox_ros_py/yolox_ros_py/module_tflite) by extensions ['ros']
[0.429s] Level 1:colcon.colcon_core.package_identification:_identify(yolox_ros/yolox_ros_py/yolox_ros_py/module_tflite) by extension 'ros'
[0.429s] Level 1:colcon.colcon_core.package_identification:_identify(yolox_ros/yolox_ros_py/yolox_ros_py/module_tflite) by extensions ['cmake', 'python']
[0.429s] Level 1:colcon.colcon_core.package_identification:_identify(yolox_ros/yolox_ros_py/yolox_ros_py/module_tflite) by extension 'cmake'
[0.429s] Level 1:colcon.colcon_core.package_identification:_identify(yolox_ros/yolox_ros_py/yolox_ros_py/module_tflite) by extension 'python'
[0.429s] Level 1:colcon.colcon_core.package_identification:_identify(yolox_ros/yolox_ros_py/yolox_ros_py/module_tflite) by extensions ['python_setup_py']
[0.429s] Level 1:colcon.colcon_core.package_identification:_identify(yolox_ros/yolox_ros_py/yolox_ros_py/module_tflite) by extension 'python_setup_py'
[0.429s] Level 1:colcon.colcon_core.package_identification:_identify(yolox_ros/yolox_ros_py/yolox_ros_py/yolox_ros_py_utils) by extensions ['ignore', 'ignore_ament_install']
[0.429s] Level 1:colcon.colcon_core.package_identification:_identify(yolox_ros/yolox_ros_py/yolox_ros_py/yolox_ros_py_utils) by extension 'ignore'
[0.429s] Level 1:colcon.colcon_core.package_identification:_identify(yolox_ros/yolox_ros_py/yolox_ros_py/yolox_ros_py_utils) by extension 'ignore_ament_install'
[0.430s] Level 1:colcon.colcon_core.package_identification:_identify(yolox_ros/yolox_ros_py/yolox_ros_py/yolox_ros_py_utils) by extensions ['colcon_pkg']
[0.430s] Level 1:colcon.colcon_core.package_identification:_identify(yolox_ros/yolox_ros_py/yolox_ros_py/yolox_ros_py_utils) by extension 'colcon_pkg'
[0.430s] Level 1:colcon.colcon_core.package_identification:_identify(yolox_ros/yolox_ros_py/yolox_ros_py/yolox_ros_py_utils) by extensions ['colcon_meta']
[0.430s] Level 1:colcon.colcon_core.package_identification:_identify(yolox_ros/yolox_ros_py/yolox_ros_py/yolox_ros_py_utils) by extension 'colcon_meta'
[0.430s] Level 1:colcon.colcon_core.package_identification:_identify(yolox_ros/yolox_ros_py/yolox_ros_py/yolox_ros_py_utils) by extensions ['ros']
[0.430s] Level 1:colcon.colcon_core.package_identification:_identify(yolox_ros/yolox_ros_py/yolox_ros_py/yolox_ros_py_utils) by extension 'ros'
[0.430s] Level 1:colcon.colcon_core.package_identification:_identify(yolox_ros/yolox_ros_py/yolox_ros_py/yolox_ros_py_utils) by extensions ['cmake', 'python']
[0.430s] Level 1:colcon.colcon_core.package_identification:_identify(yolox_ros/yolox_ros_py/yolox_ros_py/yolox_ros_py_utils) by extension 'cmake'
[0.430s] Level 1:colcon.colcon_core.package_identification:_identify(yolox_ros/yolox_ros_py/yolox_ros_py/yolox_ros_py_utils) by extension 'python'
[0.430s] Level 1:colcon.colcon_core.package_identification:_identify(yolox_ros/yolox_ros_py/yolox_ros_py/yolox_ros_py_utils) by extensions ['python_setup_py']
[0.430s] Level 1:colcon.colcon_core.package_identification:_identify(yolox_ros/yolox_ros_py/yolox_ros_py/yolox_ros_py_utils) by extension 'python_setup_py'
[0.430s] Level 1:colcon.colcon_core.package_discovery:discover_packages(recursive) using defaults
[0.430s] Level 1:colcon.colcon_core.package_discovery:discover_packages(ignore) discover
[0.430s] Level 1:colcon.colcon_core.package_discovery:discover_packages(ignore) using defaults
[0.430s] Level 1:colcon.colcon_core.package_discovery:discover_packages(path) discover
[0.430s] Level 1:colcon.colcon_core.package_discovery:discover_packages(path) using defaults
[0.461s] Level 1:colcon.colcon_core.package_discovery:discover_packages(prefix_path) check parameters
[0.462s] Level 1:colcon.colcon_core.package_discovery:discover_packages(prefix_path) discover
[0.466s] DEBUG:colcon.colcon_installed_package_information.package_discovery:Found 4 installed packages in /home/kiro04/robot_ws/ros2_ws/install
[0.468s] DEBUG:colcon.colcon_installed_package_information.package_discovery:Found 360 installed packages in /opt/ros/humble
[0.469s] Level 1:colcon.colcon_core.package_discovery:discover_packages(prefix_path) using defaults
[0.529s] Level 5:colcon.colcon_core.verb:set package 'arduino_tutorial' build argument 'cmake_args' from command line to 'None'
[0.529s] Level 5:colcon.colcon_core.verb:set package 'arduino_tutorial' build argument 'cmake_target' from command line to 'None'
[0.529s] Level 5:colcon.colcon_core.verb:set package 'arduino_tutorial' build argument 'cmake_target_skip_unavailable' from command line to 'False'
[0.529s] Level 5:colcon.colcon_core.verb:set package 'arduino_tutorial' build argument 'cmake_clean_cache' from command line to 'False'
[0.529s] Level 5:colcon.colcon_core.verb:set package 'arduino_tutorial' build argument 'cmake_clean_first' from command line to 'False'
[0.529s] Level 5:colcon.colcon_core.verb:set package 'arduino_tutorial' build argument 'cmake_force_configure' from command line to 'False'
[0.529s] Level 5:colcon.colcon_core.verb:set package 'arduino_tutorial' build argument 'ament_cmake_args' from command line to 'None'
[0.529s] Level 5:colcon.colcon_core.verb:set package 'arduino_tutorial' build argument 'catkin_cmake_args' from command line to 'None'
[0.529s] Level 5:colcon.colcon_core.verb:set package 'arduino_tutorial' build argument 'catkin_skip_building_tests' from command line to 'False'
[0.530s] DEBUG:colcon.colcon_core.verb:Building package 'arduino_tutorial' with the following arguments: {'ament_cmake_args': None, 'build_base': '/home/kiro04/robot_ws/ros2_ws/build/arduino_tutorial', 'catkin_cmake_args': None, 'catkin_skip_building_tests': False, 'cmake_args': None, 'cmake_clean_cache': False, 'cmake_clean_first': False, 'cmake_force_configure': False, 'cmake_target': None, 'cmake_target_skip_unavailable': False, 'install_base': '/home/kiro04/robot_ws/ros2_ws/install/arduino_tutorial', 'merge_install': False, 'path': '/home/kiro04/robot_ws/ros2_ws/src/arduino_tutorial', 'symlink_install': False, 'test_result_base': None}
[0.531s] Level 5:colcon.colcon_core.verb:set package 'bboxes_ex_msgs' build argument 'cmake_args' from command line to 'None'
[0.531s] Level 5:colcon.colcon_core.verb:set package 'bboxes_ex_msgs' build argument 'cmake_target' from command line to 'None'
[0.531s] Level 5:colcon.colcon_core.verb:set package 'bboxes_ex_msgs' build argument 'cmake_target_skip_unavailable' from command line to 'False'
[0.531s] Level 5:colcon.colcon_core.verb:set package 'bboxes_ex_msgs' build argument 'cmake_clean_cache' from command line to 'False'
[0.531s] Level 5:colcon.colcon_core.verb:set package 'bboxes_ex_msgs' build argument 'cmake_clean_first' from command line to 'False'
[0.531s] Level 5:colcon.colcon_core.verb:set package 'bboxes_ex_msgs' build argument 'cmake_force_configure' from command line to 'False'
[0.531s] Level 5:colcon.colcon_core.verb:set package 'bboxes_ex_msgs' build argument 'ament_cmake_args' from command line to 'None'
[0.531s] Level 5:colcon.colcon_core.verb:set package 'bboxes_ex_msgs' build argument 'catkin_cmake_args' from command line to 'None'
[0.531s] Level 5:colcon.colcon_core.verb:set package 'bboxes_ex_msgs' build argument 'catkin_skip_building_tests' from command line to 'False'
[0.531s] DEBUG:colcon.colcon_core.verb:Building package 'bboxes_ex_msgs' with the following arguments: {'ament_cmake_args': None, 'build_base': '/home/kiro04/robot_ws/ros2_ws/build/bboxes_ex_msgs', 'catkin_cmake_args': None, 'catkin_skip_building_tests': False, 'cmake_args': None, 'cmake_clean_cache': False, 'cmake_clean_first': False, 'cmake_force_configure': False, 'cmake_target': None, 'cmake_target_skip_unavailable': False, 'install_base': '/home/kiro04/robot_ws/ros2_ws/install/bboxes_ex_msgs', 'merge_install': False, 'path': '/home/kiro04/robot_ws/ros2_ws/yolox_ros/bbox_ex_msgs', 'symlink_install': False, 'test_result_base': None}
[0.532s] Level 5:colcon.colcon_core.verb:set package 'my_first_package' build argument 'cmake_args' from command line to 'None'
[0.532s] Level 5:colcon.colcon_core.verb:set package 'my_first_package' build argument 'cmake_target' from command line to 'None'
[0.532s] Level 5:colcon.colcon_core.verb:set package 'my_first_package' build argument 'cmake_target_skip_unavailable' from command line to 'False'
[0.532s] Level 5:colcon.colcon_core.verb:set package 'my_first_package' build argument 'cmake_clean_cache' from command line to 'False'
[0.532s] Level 5:colcon.colcon_core.verb:set package 'my_first_package' build argument 'cmake_clean_first' from command line to 'False'
[0.532s] Level 5:colcon.colcon_core.verb:set package 'my_first_package' build argument 'cmake_force_configure' from command line to 'False'
[0.532s] Level 5:colcon.colcon_core.verb:set package 'my_first_package' build argument 'ament_cmake_args' from command line to 'None'
[0.532s] Level 5:colcon.colcon_core.verb:set package 'my_first_package' build argument 'catkin_cmake_args' from command line to 'None'
[0.532s] Level 5:colcon.colcon_core.verb:set package 'my_first_package' build argument 'catkin_skip_building_tests' from command line to 'False'
[0.532s] DEBUG:colcon.colcon_core.verb:Building package 'my_first_package' with the following arguments: {'ament_cmake_args': None, 'build_base': '/home/kiro04/robot_ws/ros2_ws/build/my_first_package', 'catkin_cmake_args': None, 'catkin_skip_building_tests': False, 'cmake_args': None, 'cmake_clean_cache': False, 'cmake_clean_first': False, 'cmake_force_configure': False, 'cmake_target': None, 'cmake_target_skip_unavailable': False, 'install_base': '/home/kiro04/robot_ws/ros2_ws/install/my_first_package', 'merge_install': False, 'path': '/home/kiro04/robot_ws/ros2_ws/src/my_first_package', 'symlink_install': False, 'test_result_base': None}
[0.533s] Level 5:colcon.colcon_core.verb:set package 'my_first_package_msgs' build argument 'cmake_args' from command line to 'None'
[0.533s] Level 5:colcon.colcon_core.verb:set package 'my_first_package_msgs' build argument 'cmake_target' from command line to 'None'
[0.533s] Level 5:colcon.colcon_core.verb:set package 'my_first_package_msgs' build argument 'cmake_target_skip_unavailable' from command line to 'False'
[0.533s] Level 5:colcon.colcon_core.verb:set package 'my_first_package_msgs' build argument 'cmake_clean_cache' from command line to 'False'
[0.533s] Level 5:colcon.colcon_core.verb:set package 'my_first_package_msgs' build argument 'cmake_clean_first' from command line to 'False'
[0.533s] Level 5:colcon.colcon_core.verb:set package 'my_first_package_msgs' build argument 'cmake_force_configure' from command line to 'False'
[0.533s] Level 5:colcon.colcon_core.verb:set package 'my_first_package_msgs' build argument 'ament_cmake_args' from command line to 'None'
[0.533s] Level 5:colcon.colcon_core.verb:set package 'my_first_package_msgs' build argument 'catkin_cmake_args' from command line to 'None'
[0.534s] Level 5:colcon.colcon_core.verb:set package 'my_first_package_msgs' build argument 'catkin_skip_building_tests' from command line to 'False'
[0.534s] DEBUG:colcon.colcon_core.verb:Building package 'my_first_package_msgs' with the following arguments: {'ament_cmake_args': None, 'build_base': '/home/kiro04/robot_ws/ros2_ws/build/my_first_package_msgs', 'catkin_cmake_args': None, 'catkin_skip_building_tests': False, 'cmake_args': None, 'cmake_clean_cache': False, 'cmake_clean_first': False, 'cmake_force_configure': False, 'cmake_target': None, 'cmake_target_skip_unavailable': False, 'install_base': '/home/kiro04/robot_ws/ros2_ws/install/my_first_package_msgs', 'merge_install': False, 'path': '/home/kiro04/robot_ws/ros2_ws/src/my_first_package_msgs', 'symlink_install': False, 'test_result_base': None}
[0.535s] Level 5:colcon.colcon_core.verb:set package 'yolox_cpp' build argument 'cmake_args' from command line to 'None'
[0.535s] Level 5:colcon.colcon_core.verb:set package 'yolox_cpp' build argument 'cmake_target' from command line to 'None'
[0.535s] Level 5:colcon.colcon_core.verb:set package 'yolox_cpp' build argument 'cmake_target_skip_unavailable' from command line to 'False'
[0.535s] Level 5:colcon.colcon_core.verb:set package 'yolox_cpp' build argument 'cmake_clean_cache' from command line to 'False'
[0.535s] Level 5:colcon.colcon_core.verb:set package 'yolox_cpp' build argument 'cmake_clean_first' from command line to 'False'
[0.535s] Level 5:colcon.colcon_core.verb:set package 'yolox_cpp' build argument 'cmake_force_configure' from command line to 'False'
[0.535s] Level 5:colcon.colcon_core.verb:set package 'yolox_cpp' build argument 'ament_cmake_args' from command line to 'None'
[0.535s] Level 5:colcon.colcon_core.verb:set package 'yolox_cpp' build argument 'catkin_cmake_args' from command line to 'None'
[0.535s] Level 5:colcon.colcon_core.verb:set package 'yolox_cpp' build argument 'catkin_skip_building_tests' from command line to 'False'
[0.535s] DEBUG:colcon.colcon_core.verb:Building package 'yolox_cpp' with the following arguments: {'ament_cmake_args': None, 'build_base': '/home/kiro04/robot_ws/ros2_ws/build/yolox_cpp', 'catkin_cmake_args': None, 'catkin_skip_building_tests': False, 'cmake_args': None, 'cmake_clean_cache': False, 'cmake_clean_first': False, 'cmake_force_configure': False, 'cmake_target': None, 'cmake_target_skip_unavailable': False, 'install_base': '/home/kiro04/robot_ws/ros2_ws/install/yolox_cpp', 'merge_install': False, 'path': '/home/kiro04/robot_ws/ros2_ws/yolox_ros/yolox_ros_cpp/yolox_cpp', 'symlink_install': False, 'test_result_base': None}
[0.536s] Level 5:colcon.colcon_core.verb:set package 'yolox_param' build argument 'cmake_args' from command line to 'None'
[0.536s] Level 5:colcon.colcon_core.verb:set package 'yolox_param' build argument 'cmake_target' from command line to 'None'
[0.536s] Level 5:colcon.colcon_core.verb:set package 'yolox_param' build argument 'cmake_target_skip_unavailable' from command line to 'False'
[0.536s] Level 5:colcon.colcon_core.verb:set package 'yolox_param' build argument 'cmake_clean_cache' from command line to 'False'
[0.536s] Level 5:colcon.colcon_core.verb:set package 'yolox_param' build argument 'cmake_clean_first' from command line to 'False'
[0.536s] Level 5:colcon.colcon_core.verb:set package 'yolox_param' build argument 'cmake_force_configure' from command line to 'False'
[0.536s] Level 5:colcon.colcon_core.verb:set package 'yolox_param' build argument 'ament_cmake_args' from command line to 'None'
[0.536s] Level 5:colcon.colcon_core.verb:set package 'yolox_param' build argument 'catkin_cmake_args' from command line to 'None'
[0.536s] Level 5:colcon.colcon_core.verb:set package 'yolox_param' build argument 'catkin_skip_building_tests' from command line to 'False'
[0.536s] DEBUG:colcon.colcon_core.verb:Building package 'yolox_param' with the following arguments: {'ament_cmake_args': None, 'build_base': '/home/kiro04/robot_ws/ros2_ws/build/yolox_param', 'catkin_cmake_args': None, 'catkin_skip_building_tests': False, 'cmake_args': None, 'cmake_clean_cache': False, 'cmake_clean_first': False, 'cmake_force_configure': False, 'cmake_target': None, 'cmake_target_skip_unavailable': False, 'install_base': '/home/kiro04/robot_ws/ros2_ws/install/yolox_param', 'merge_install': False, 'path': '/home/kiro04/robot_ws/ros2_ws/yolox_ros/yolox_ros_cpp/yolox_param', 'symlink_install': False, 'test_result_base': None}
[0.537s] Level 5:colcon.colcon_core.verb:set package 'yolox_ros_cpp' build argument 'cmake_args' from command line to 'None'
[0.537s] Level 5:colcon.colcon_core.verb:set package 'yolox_ros_cpp' build argument 'cmake_target' from command line to 'None'
[0.537s] Level 5:colcon.colcon_core.verb:set package 'yolox_ros_cpp' build argument 'cmake_target_skip_unavailable' from command line to 'False'
[0.537s] Level 5:colcon.colcon_core.verb:set package 'yolox_ros_cpp' build argument 'cmake_clean_cache' from command line to 'False'
[0.537s] Level 5:colcon.colcon_core.verb:set package 'yolox_ros_cpp' build argument 'cmake_clean_first' from command line to 'False'
[0.537s] Level 5:colcon.colcon_core.verb:set package 'yolox_ros_cpp' build argument 'cmake_force_configure' from command line to 'False'
[0.537s] Level 5:colcon.colcon_core.verb:set package 'yolox_ros_cpp' build argument 'ament_cmake_args' from command line to 'None'
[0.537s] Level 5:colcon.colcon_core.verb:set package 'yolox_ros_cpp' build argument 'catkin_cmake_args' from command line to 'None'
[0.537s] Level 5:colcon.colcon_core.verb:set package 'yolox_ros_cpp' build argument 'catkin_skip_building_tests' from command line to 'False'
[0.538s] DEBUG:colcon.colcon_core.verb:Building package 'yolox_ros_cpp' with the following arguments: {'ament_cmake_args': None, 'build_base': '/home/kiro04/robot_ws/ros2_ws/build/yolox_ros_cpp', 'catkin_cmake_args': None, 'catkin_skip_building_tests': False, 'cmake_args': None, 'cmake_clean_cache': False, 'cmake_clean_first': False, 'cmake_force_configure': False, 'cmake_target': None, 'cmake_target_skip_unavailable': False, 'install_base': '/home/kiro04/robot_ws/ros2_ws/install/yolox_ros_cpp', 'merge_install': False, 'path': '/home/kiro04/robot_ws/ros2_ws/yolox_ros/yolox_ros_cpp/yolox_ros_cpp', 'symlink_install': False, 'test_result_base': None}
[0.538s] INFO:colcon.colcon_core.executor:Executing jobs using 'parallel' executor
[0.542s] DEBUG:colcon.colcon_parallel_executor.executor.parallel:run_until_complete
[0.542s] INFO:colcon.colcon_ros.task.ament_cmake.build:Building ROS package in '/home/kiro04/robot_ws/ros2_ws/yolox_ros/bbox_ex_msgs' with build type 'ament_cmake'
[0.543s] INFO:colcon.colcon_cmake.task.cmake.build:Building CMake package in '/home/kiro04/robot_ws/ros2_ws/yolox_ros/bbox_ex_msgs'
[0.549s] INFO:colcon.colcon_core.plugin_system:Skipping extension 'colcon_core.shell.bat': Not used on non-Windows systems
[0.549s] INFO:colcon.colcon_core.shell:Skip shell extension 'powershell' for command environment: Not usable outside of PowerShell
[0.549s] DEBUG:colcon.colcon_core.shell:Skip shell extension 'dsv' for command environment
[0.554s] INFO:colcon.colcon_ros.task.ament_cmake.build:Building ROS package in '/home/kiro04/robot_ws/ros2_ws/yolox_ros/yolox_ros_cpp/yolox_cpp' with build type 'ament_cmake'
[0.554s] INFO:colcon.colcon_cmake.task.cmake.build:Building CMake package in '/home/kiro04/robot_ws/ros2_ws/yolox_ros/yolox_ros_cpp/yolox_cpp'
[0.556s] INFO:colcon.colcon_core.shell:Skip shell extension 'powershell' for command environment: Not usable outside of PowerShell
[0.556s] DEBUG:colcon.colcon_core.shell:Skip shell extension 'dsv' for command environment
[0.561s] INFO:colcon.colcon_ros.task.ament_cmake.build:Building ROS package in '/home/kiro04/robot_ws/ros2_ws/yolox_ros/yolox_ros_cpp/yolox_param' with build type 'ament_cmake'
[0.561s] INFO:colcon.colcon_cmake.task.cmake.build:Building CMake package in '/home/kiro04/robot_ws/ros2_ws/yolox_ros/yolox_ros_cpp/yolox_param'
[0.564s] INFO:colcon.colcon_core.shell:Skip shell extension 'powershell' for command environment: Not usable outside of PowerShell
[0.564s] DEBUG:colcon.colcon_core.shell:Skip shell extension 'dsv' for command environment
[0.569s] INFO:colcon.colcon_ros.task.ament_python.build:Building ROS package in '/home/kiro04/robot_ws/ros2_ws/src/arduino_tutorial' with build type 'ament_python'
[0.569s] Level 1:colcon.colcon_core.shell:create_environment_hook('arduino_tutorial', 'ament_prefix_path')
[0.572s] INFO:colcon.colcon_core.shell:Creating environment hook '/home/kiro04/robot_ws/ros2_ws/install/arduino_tutorial/share/arduino_tutorial/hook/ament_prefix_path.ps1'
[0.574s] INFO:colcon.colcon_core.shell:Creating environment descriptor '/home/kiro04/robot_ws/ros2_ws/install/arduino_tutorial/share/arduino_tutorial/hook/ament_prefix_path.dsv'
[0.575s] INFO:colcon.colcon_core.shell:Creating environment hook '/home/kiro04/robot_ws/ros2_ws/install/arduino_tutorial/share/arduino_tutorial/hook/ament_prefix_path.sh'
[0.576s] INFO:colcon.colcon_core.shell:Skip shell extension 'powershell' for command environment: Not usable outside of PowerShell
[0.577s] DEBUG:colcon.colcon_core.shell:Skip shell extension 'dsv' for command environment
[0.582s] INFO:colcon.colcon_ros.task.ament_python.build:Building ROS package in '/home/kiro04/robot_ws/ros2_ws/src/my_first_package' with build type 'ament_python'
[0.582s] Level 1:colcon.colcon_core.shell:create_environment_hook('my_first_package', 'ament_prefix_path')
[0.584s] INFO:colcon.colcon_core.shell:Creating environment hook '/home/kiro04/robot_ws/ros2_ws/install/my_first_package/share/my_first_package/hook/ament_prefix_path.ps1'
[0.585s] INFO:colcon.colcon_core.shell:Creating environment descriptor '/home/kiro04/robot_ws/ros2_ws/install/my_first_package/share/my_first_package/hook/ament_prefix_path.dsv'
[0.586s] INFO:colcon.colcon_core.shell:Creating environment hook '/home/kiro04/robot_ws/ros2_ws/install/my_first_package/share/my_first_package/hook/ament_prefix_path.sh'
[0.587s] INFO:colcon.colcon_core.shell:Skip shell extension 'powershell' for command environment: Not usable outside of PowerShell
[0.587s] DEBUG:colcon.colcon_core.shell:Skip shell extension 'dsv' for command environment
[0.592s] INFO:colcon.colcon_ros.task.ament_cmake.build:Building ROS package in '/home/kiro04/robot_ws/ros2_ws/src/my_first_package_msgs' with build type 'ament_cmake'
[0.592s] INFO:colcon.colcon_cmake.task.cmake.build:Building CMake package in '/home/kiro04/robot_ws/ros2_ws/src/my_first_package_msgs'
[0.594s] INFO:colcon.colcon_core.shell:Skip shell extension 'powershell' for command environment: Not usable outside of PowerShell
[0.594s] DEBUG:colcon.colcon_core.shell:Skip shell extension 'dsv' for command environment
[0.607s] DEBUG:colcon.colcon_core.event_handler.log_command:Invoking command in '/home/kiro04/robot_ws/ros2_ws/build/bboxes_ex_msgs': CMAKE_PREFIX_PATH=${CMAKE_PREFIX_PATH}:/home/kiro04/robot_ws/ros2_ws/install/my_first_package:/home/kiro04/robot_ws/ros2_ws/install/arduino_tutorial:/opt/ros/humble /home/kiro04/.local/bin/cmake /home/kiro04/robot_ws/ros2_ws/yolox_ros/bbox_ex_msgs -DCMAKE_INSTALL_PREFIX=/home/kiro04/robot_ws/ros2_ws/install/bboxes_ex_msgs
[0.613s] DEBUG:colcon.colcon_core.event_handler.log_command:Invoking command in '/home/kiro04/robot_ws/ros2_ws/build/yolox_cpp': CMAKE_PREFIX_PATH=${CMAKE_PREFIX_PATH}:/home/kiro04/robot_ws/ros2_ws/install/my_first_package:/home/kiro04/robot_ws/ros2_ws/install/arduino_tutorial:/opt/ros/humble /home/kiro04/.local/bin/cmake /home/kiro04/robot_ws/ros2_ws/yolox_ros/yolox_ros_cpp/yolox_cpp -DCMAKE_INSTALL_PREFIX=/home/kiro04/robot_ws/ros2_ws/install/yolox_cpp
[0.618s] DEBUG:colcon.colcon_core.event_handler.log_command:Invoking command in '/home/kiro04/robot_ws/ros2_ws/build/yolox_param': CMAKE_PREFIX_PATH=${CMAKE_PREFIX_PATH}:/home/kiro04/robot_ws/ros2_ws/install/my_first_package:/home/kiro04/robot_ws/ros2_ws/install/arduino_tutorial:/opt/ros/humble /home/kiro04/.local/bin/cmake /home/kiro04/robot_ws/ros2_ws/yolox_ros/yolox_ros_cpp/yolox_param -DCMAKE_INSTALL_PREFIX=/home/kiro04/robot_ws/ros2_ws/install/yolox_param
[1.248s] INFO:colcon.colcon_core.task.python.build:Building Python package in '/home/kiro04/robot_ws/ros2_ws/src/arduino_tutorial'
[1.252s] INFO:colcon.colcon_core.shell:Skip shell extension 'powershell' for command environment: Not usable outside of PowerShell
[1.252s] DEBUG:colcon.colcon_core.shell:Skip shell extension 'dsv' for command environment
[1.814s] INFO:colcon.colcon_core.task.python.build:Building Python package in '/home/kiro04/robot_ws/ros2_ws/src/my_first_package'
[1.818s] INFO:colcon.colcon_core.shell:Skip shell extension 'powershell' for command environment: Not usable outside of PowerShell
[1.818s] DEBUG:colcon.colcon_core.shell:Skip shell extension 'dsv' for command environment
[1.844s] DEBUG:colcon.colcon_core.event_handler.log_command:Invoking command in '/home/kiro04/robot_ws/ros2_ws/build/my_first_package_msgs': CMAKE_PREFIX_PATH=${CMAKE_PREFIX_PATH}:/home/kiro04/robot_ws/ros2_ws/install/my_first_package:/home/kiro04/robot_ws/ros2_ws/install/arduino_tutorial:/opt/ros/humble /home/kiro04/.local/bin/cmake --build /home/kiro04/robot_ws/ros2_ws/build/my_first_package_msgs -- -j8 -l8
[2.008s] DEBUG:colcon.colcon_core.event_handler.log_command:Invoked command in '/home/kiro04/robot_ws/ros2_ws/build/my_first_package_msgs' returned '2': CMAKE_PREFIX_PATH=${CMAKE_PREFIX_PATH}:/home/kiro04/robot_ws/ros2_ws/install/my_first_package:/home/kiro04/robot_ws/ros2_ws/install/arduino_tutorial:/opt/ros/humble /home/kiro04/.local/bin/cmake --build /home/kiro04/robot_ws/ros2_ws/build/my_first_package_msgs -- -j8 -l8
[2.242s] DEBUG:colcon.colcon_parallel_executor.executor.parallel:run_until_complete was interrupted
[2.242s] DEBUG:colcon.colcon_parallel_executor.executor.parallel:run_until_complete again
[2.290s] DEBUG:colcon.colcon_core.event_handler.log_command:Invoked command in '/home/kiro04/robot_ws/ros2_ws/build/bboxes_ex_msgs' returned '-2': CMAKE_PREFIX_PATH=${CMAKE_PREFIX_PATH}:/home/kiro04/robot_ws/ros2_ws/install/my_first_package:/home/kiro04/robot_ws/ros2_ws/install/arduino_tutorial:/opt/ros/humble /home/kiro04/.local/bin/cmake /home/kiro04/robot_ws/ros2_ws/yolox_ros/bbox_ex_msgs -DCMAKE_INSTALL_PREFIX=/home/kiro04/robot_ws/ros2_ws/install/bboxes_ex_msgs
[2.320s] DEBUG:colcon.colcon_parallel_executor.executor.parallel:run_until_complete finished
[2.320s] DEBUG:colcon.colcon_parallel_executor.executor.parallel:closing loop
[2.320s] DEBUG:colcon.colcon_parallel_executor.executor.parallel:loop closed
[2.321s] DEBUG:colcon.colcon_core.event_reactor:joining thread
[2.327s] INFO:colcon.colcon_core.plugin_system:Skipping extension 'colcon_notification.desktop_notification.terminal_notifier': Not used on non-Darwin systems
[2.327s] INFO:colcon.colcon_core.plugin_system:Skipping extension 'colcon_notification.desktop_notification.win32': Not used on non-Windows systems
[2.327s] INFO:colcon.colcon_notification.desktop_notification:Sending desktop notification using 'notify2'
[2.341s] DEBUG:colcon.colcon_core.event_reactor:joined thread
[2.342s] INFO:colcon.colcon_core.shell:Creating prefix script '/home/kiro04/robot_ws/ros2_ws/install/local_setup.ps1'
[2.343s] INFO:colcon.colcon_core.shell:Creating prefix util module '/home/kiro04/robot_ws/ros2_ws/install/_local_setup_util_ps1.py'
[2.345s] INFO:colcon.colcon_core.shell:Creating prefix chain script '/home/kiro04/robot_ws/ros2_ws/install/setup.ps1'
[2.347s] INFO:colcon.colcon_core.shell:Creating prefix script '/home/kiro04/robot_ws/ros2_ws/install/local_setup.sh'
[2.348s] INFO:colcon.colcon_core.shell:Creating prefix util module '/home/kiro04/robot_ws/ros2_ws/install/_local_setup_util_sh.py'
[2.348s] INFO:colcon.colcon_core.shell:Creating prefix chain script '/home/kiro04/robot_ws/ros2_ws/install/setup.sh'
[2.351s] INFO:colcon.colcon_core.shell:Creating prefix script '/home/kiro04/robot_ws/ros2_ws/install/local_setup.bash'
[2.351s] INFO:colcon.colcon_core.shell:Creating prefix chain script '/home/kiro04/robot_ws/ros2_ws/install/setup.bash'
[2.353s] INFO:colcon.colcon_core.shell:Creating prefix script '/home/kiro04/robot_ws/ros2_ws/install/local_setup.zsh'
[2.354s] INFO:colcon.colcon_core.shell:Creating prefix chain script '/home/kiro04/robot_ws/ros2_ws/install/setup.zsh'
