[1.395s] Invoking command in '/home/kiro04/robot_ws/ros2_ws/src/arduino_tutorial': PYTHONPATH=/home/kiro04/robot_ws/ros2_ws/build/arduino_tutorial/prefix_override:/home/kiro04/robot_ws/ros2_ws/install/arduino_tutorial/lib/python3.10/site-packages:${PYTHONPATH} /usr/bin/python3 setup.py egg_info --egg-base ../../build/arduino_tutorial build --build-base /home/kiro04/robot_ws/ros2_ws/build/arduino_tutorial/build install --record /home/kiro04/robot_ws/ros2_ws/build/arduino_tutorial/install.log --single-version-externally-managed
[1.881s] running egg_info
[1.882s] creating ../../build/arduino_tutorial/arduino_tutorial.egg-info
[1.883s] writing ../../build/arduino_tutorial/arduino_tutorial.egg-info/PKG-INFO
[1.883s] writing dependency_links to ../../build/arduino_tutorial/arduino_tutorial.egg-info/dependency_links.txt
[1.883s] writing entry points to ../../build/arduino_tutorial/arduino_tutorial.egg-info/entry_points.txt
[1.884s] writing requirements to ../../build/arduino_tutorial/arduino_tutorial.egg-info/requires.txt
[1.884s] writing top-level names to ../../build/arduino_tutorial/arduino_tutorial.egg-info/top_level.txt
[1.884s] writing manifest file '../../build/arduino_tutorial/arduino_tutorial.egg-info/SOURCES.txt'
[1.887s] reading manifest file '../../build/arduino_tutorial/arduino_tutorial.egg-info/SOURCES.txt'
[1.889s] writing manifest file '../../build/arduino_tutorial/arduino_tutorial.egg-info/SOURCES.txt'
[1.889s] running build
[1.889s] running build_py
[1.889s] creating /home/kiro04/robot_ws/ros2_ws/build/arduino_tutorial/build
[1.890s] creating /home/kiro04/robot_ws/ros2_ws/build/arduino_tutorial/build/lib
[1.890s] creating /home/kiro04/robot_ws/ros2_ws/build/arduino_tutorial/build/lib/arduino_tutorial
[1.890s] copying arduino_tutorial/__init__.py -> /home/kiro04/robot_ws/ros2_ws/build/arduino_tutorial/build/lib/arduino_tutorial
[1.890s] copying arduino_tutorial/servo_publisher.py -> /home/kiro04/robot_ws/ros2_ws/build/arduino_tutorial/build/lib/arduino_tutorial
[1.891s] copying arduino_tutorial/dist_subscriber.py -> /home/kiro04/robot_ws/ros2_ws/build/arduino_tutorial/build/lib/arduino_tutorial
[1.891s] copying arduino_tutorial/dist_publisher.py -> /home/kiro04/robot_ws/ros2_ws/build/arduino_tutorial/build/lib/arduino_tutorial
[1.891s] copying arduino_tutorial/led_subscriber.py -> /home/kiro04/robot_ws/ros2_ws/build/arduino_tutorial/build/lib/arduino_tutorial
[1.892s] copying arduino_tutorial/servo_subscriber.py -> /home/kiro04/robot_ws/ros2_ws/build/arduino_tutorial/build/lib/arduino_tutorial
[1.892s] running install
[1.892s] /usr/lib/python3/dist-packages/setuptools/command/install.py:34: SetuptoolsDeprecationWarning: setup.py install is deprecated. Use build and pip and other standards-based tools.
[1.892s]   warnings.warn(
[1.892s] running install_lib
[1.894s] creating /home/kiro04/robot_ws/ros2_ws/install/arduino_tutorial/lib/python3.10/site-packages/arduino_tutorial
[1.894s] copying /home/kiro04/robot_ws/ros2_ws/build/arduino_tutorial/build/lib/arduino_tutorial/__init__.py -> /home/kiro04/robot_ws/ros2_ws/install/arduino_tutorial/lib/python3.10/site-packages/arduino_tutorial
[1.895s] copying /home/kiro04/robot_ws/ros2_ws/build/arduino_tutorial/build/lib/arduino_tutorial/servo_publisher.py -> /home/kiro04/robot_ws/ros2_ws/install/arduino_tutorial/lib/python3.10/site-packages/arduino_tutorial
[1.895s] copying /home/kiro04/robot_ws/ros2_ws/build/arduino_tutorial/build/lib/arduino_tutorial/dist_subscriber.py -> /home/kiro04/robot_ws/ros2_ws/install/arduino_tutorial/lib/python3.10/site-packages/arduino_tutorial
[1.896s] copying /home/kiro04/robot_ws/ros2_ws/build/arduino_tutorial/build/lib/arduino_tutorial/dist_publisher.py -> /home/kiro04/robot_ws/ros2_ws/install/arduino_tutorial/lib/python3.10/site-packages/arduino_tutorial
[1.896s] copying /home/kiro04/robot_ws/ros2_ws/build/arduino_tutorial/build/lib/arduino_tutorial/led_subscriber.py -> /home/kiro04/robot_ws/ros2_ws/install/arduino_tutorial/lib/python3.10/site-packages/arduino_tutorial
[1.896s] copying /home/kiro04/robot_ws/ros2_ws/build/arduino_tutorial/build/lib/arduino_tutorial/servo_subscriber.py -> /home/kiro04/robot_ws/ros2_ws/install/arduino_tutorial/lib/python3.10/site-packages/arduino_tutorial
[1.897s] byte-compiling /home/kiro04/robot_ws/ros2_ws/install/arduino_tutorial/lib/python3.10/site-packages/arduino_tutorial/__init__.py to __init__.cpython-310.pyc
[1.898s] byte-compiling /home/kiro04/robot_ws/ros2_ws/install/arduino_tutorial/lib/python3.10/site-packages/arduino_tutorial/servo_publisher.py to servo_publisher.cpython-310.pyc
[1.898s] byte-compiling /home/kiro04/robot_ws/ros2_ws/install/arduino_tutorial/lib/python3.10/site-packages/arduino_tutorial/dist_subscriber.py to dist_subscriber.cpython-310.pyc
[1.899s] byte-compiling /home/kiro04/robot_ws/ros2_ws/install/arduino_tutorial/lib/python3.10/site-packages/arduino_tutorial/dist_publisher.py to dist_publisher.cpython-310.pyc
[1.900s] byte-compiling /home/kiro04/robot_ws/ros2_ws/install/arduino_tutorial/lib/python3.10/site-packages/arduino_tutorial/led_subscriber.py to led_subscriber.cpython-310.pyc
[1.900s] byte-compiling /home/kiro04/robot_ws/ros2_ws/install/arduino_tutorial/lib/python3.10/site-packages/arduino_tutorial/servo_subscriber.py to servo_subscriber.cpython-310.pyc
[1.901s] running install_data
[1.904s] creating /home/kiro04/robot_ws/ros2_ws/install/arduino_tutorial/share/ament_index
[1.904s] creating /home/kiro04/robot_ws/ros2_ws/install/arduino_tutorial/share/ament_index/resource_index
[1.904s] creating /home/kiro04/robot_ws/ros2_ws/install/arduino_tutorial/share/ament_index/resource_index/packages
[1.905s] copying resource/arduino_tutorial -> /home/kiro04/robot_ws/ros2_ws/install/arduino_tutorial/share/ament_index/resource_index/packages
[1.905s] copying package.xml -> /home/kiro04/robot_ws/ros2_ws/install/arduino_tutorial/share/arduino_tutorial
[1.906s] creating /home/kiro04/robot_ws/ros2_ws/install/arduino_tutorial/share/arduino_tutorial/launch
[1.906s] creating /home/kiro04/robot_ws/ros2_ws/install/arduino_tutorial/share/arduino_tutorial/param
[1.907s] copying param/arduino_config.yaml -> /home/kiro04/robot_ws/ros2_ws/install/arduino_tutorial/share/arduino_tutorial/param
[1.907s] running install_egg_info
[1.910s] Copying ../../build/arduino_tutorial/arduino_tutorial.egg-info to /home/kiro04/robot_ws/ros2_ws/install/arduino_tutorial/lib/python3.10/site-packages/arduino_tutorial-0.0.0-py3.10.egg-info
[1.911s] running install_scripts
[1.947s] Installing dist_publisher script to /home/kiro04/robot_ws/ros2_ws/install/arduino_tutorial/lib/arduino_tutorial
[1.948s] Installing dist_subscriber script to /home/kiro04/robot_ws/ros2_ws/install/arduino_tutorial/lib/arduino_tutorial
[1.948s] Installing led_subscriber script to /home/kiro04/robot_ws/ros2_ws/install/arduino_tutorial/lib/arduino_tutorial
[1.948s] Installing servo_publisher script to /home/kiro04/robot_ws/ros2_ws/install/arduino_tutorial/lib/arduino_tutorial
[1.948s] Installing servo_subscriber script to /home/kiro04/robot_ws/ros2_ws/install/arduino_tutorial/lib/arduino_tutorial
[1.949s] writing list of installed files to '/home/kiro04/robot_ws/ros2_ws/build/arduino_tutorial/install.log'
[2.001s] Invoked command in '/home/kiro04/robot_ws/ros2_ws/src/arduino_tutorial' returned '0': PYTHONPATH=/home/kiro04/robot_ws/ros2_ws/build/arduino_tutorial/prefix_override:/home/kiro04/robot_ws/ros2_ws/install/arduino_tutorial/lib/python3.10/site-packages:${PYTHONPATH} /usr/bin/python3 setup.py egg_info --egg-base ../../build/arduino_tutorial build --build-base /home/kiro04/robot_ws/ros2_ws/build/arduino_tutorial/build install --record /home/kiro04/robot_ws/ros2_ws/build/arduino_tutorial/install.log --single-version-externally-managed
