[0.054s] Invoking command in '/home/kiro04/robot_ws/ros2_ws/build/yolox_param': CMAKE_PREFIX_PATH=/opt/ros/humble /home/kiro04/.local/bin/cmake /home/kiro04/robot_ws/ros2_ws/src/yolox_ros/yolox_ros_cpp/yolox_param -DCMAKE_INSTALL_PREFIX=/home/kiro04/robot_ws/ros2_ws/install/yolox_param
[1.104s] -- Found ament_cmake_auto: 1.3.4 (/opt/ros/humble/share/ament_cmake_auto/cmake)
[1.104s] -- Override CMake install command with custom implementation using symlinks instead of copying resources
[1.105s] -- Found parameter_traits: 0.3.3 (/opt/ros/humble/share/parameter_traits/cmake)
[1.105s] -- Found rosidl_generator_c: 3.1.4 (/opt/ros/humble/share/rosidl_generator_c/cmake)
[1.106s] -- Found rosidl_adapter: 3.1.4 (/opt/ros/humble/share/rosidl_adapter/cmake)
[1.107s] -- Found rosidl_generator_cpp: 3.1.4 (/opt/ros/humble/share/rosidl_generator_cpp/cmake)
[1.107s] -- Using all available rosidl_typesupport_c: rosidl_typesupport_fastrtps_c;rosidl_typesupport_introspection_c
[1.108s] -- Using all available rosidl_typesupport_cpp: rosidl_typesupport_fastrtps_cpp;rosidl_typesupport_introspection_cpp
[1.109s] -- Found rmw_implementation_cmake: 6.1.1 (/opt/ros/humble/share/rmw_implementation_cmake/cmake)
[1.112s] -- Found rmw_fastrtps_cpp: 6.2.2 (/opt/ros/humble/share/rmw_fastrtps_cpp/cmake)
[1.183s] -- Using RMW implementation 'rmw_fastrtps_cpp' as default
[1.837s] -- Found rclcpp_lifecycle: 16.0.4 (/opt/ros/humble/share/rclcpp_lifecycle/cmake)
[1.992s] -- Found ament_lint_auto: 0.12.6 (/opt/ros/humble/share/ament_lint_auto/cmake)
[2.018s] -- Added test 'copyright' to check source files copyright and LICENSE
[2.021s] -- Added test 'lint_cmake' to check CMake code style
[2.022s] -- Added test 'xmllint' to check XML markup files
[2.027s] -- Configuring done (1.9s)
[2.038s] -- Generating done (0.0s)
[2.041s] -- Build files have been written to: /home/kiro04/robot_ws/ros2_ws/build/yolox_param
